

================================================================
== Vitis HLS Report for 'dataflow_in_loop_VITIS_LOOP_1263_1'
================================================================
* Date:           Tue Nov 15 12:03:36 2022

* Version:        2022.2 (Build 3670227 on Oct 13 2022)
* Project:        maclogger
* Solution:       solution1 (Vivado IP Flow Target)
* Product family: zynquplus
* Target device:  xczu5ev-sfvc784-2-i


================================================================
== Performance Estimates
================================================================
+ Timing: 
    * Summary: 
    +--------+----------+----------+------------+
    |  Clock |  Target  | Estimated| Uncertainty|
    +--------+----------+----------+------------+
    |ap_clk  |  10.00 ns|  7.300 ns|     2.70 ns|
    +--------+----------+----------+------------+

+ Latency: 
    * Summary: 
    +---------+---------+----------+----------+-----+-----+----------+
    |  Latency (cycles) |  Latency (absolute) |  Interval | Pipeline |
    |   min   |   max   |    min   |    max   | min | max |   Type   |
    +---------+---------+----------+----------+-----+-----+----------+
    |        ?|        ?|         ?|         ?|    ?|    ?|  dataflow|
    +---------+---------+----------+----------+-----+-----+----------+

    + Detail: 
        * Instance: 
        N/A

        * Loop: 
        N/A

============================================================
+ Verbose Summary: Synthesis Manager
============================================================
InlineROM: 1
ExposeGlobal: 0
============================================================
+ Verbose Summary: CDFG Model
============================================================
IsTopModel: 0
ResetActiveHigh: 1
IsCombinational: 2
IsDatapathOnly: 0
HasWiredReturn: 1
HasMFsm: 0
HasVarLatency: 1
IsPipeline: 0
IsRtlPipelined: 0
IsInstanceOverlapped: 0
IsDontTouch: 0
HasImplIP: 0
IsGatedGlobalClock: 0


============================================================
+ Verbose Summary: Schedule
============================================================
* Number of FSM states : 4
* Pipeline : 0
* Dataflow Pipeline: 1
  DF-Pipeline-0: Size = 4, States = { 1 2 3 4 }

* FSM state transitions: 
1 --> 2 
2 --> 3 
3 --> 4 
4 --> 

* FSM state operations: 

State 1 <SV = 0> <Delay = 7.30>
ST_1 : Operation 5 [1/1] (0.00ns)   --->   "%timestamp_read = read i64 @_ssdm_op_Read.ap_auto.i64, i64 %timestamp"   --->   Operation 5 'read' 'timestamp_read' <Predicate = true> <Delay = 0.00>
ST_1 : Operation 6 [1/1] (0.00ns)   --->   "%fifo_axi_full_offset_read = read i64 @_ssdm_op_Read.ap_auto.i64, i64 %fifo_axi_full_offset"   --->   Operation 6 'read' 'fifo_axi_full_offset_read' <Predicate = true> <Delay = 0.00>
ST_1 : Operation 7 [1/1] (0.00ns)   --->   "%fifo_read = read i64 @_ssdm_op_Read.ap_auto.i64, i64 %fifo"   --->   Operation 7 'read' 'fifo_read' <Predicate = true> <Delay = 0.00>
ST_1 : Operation 8 [1/1] (0.00ns)   --->   "%driver_read = read i64 @_ssdm_op_Read.ap_auto.i64, i64 %driver"   --->   Operation 8 'read' 'driver_read' <Predicate = true> <Delay = 0.00>
ST_1 : Operation 9 [1/1] (0.00ns)   --->   "%ddr_read = read i64 @_ssdm_op_Read.ap_auto.i64, i64 %ddr"   --->   Operation 9 'read' 'ddr_read' <Predicate = true> <Delay = 0.00>
ST_1 : Operation 10 [1/1] (0.00ns)   --->   "%log_all_mask_c = alloca i64 1"   --->   Operation 10 'alloca' 'log_all_mask_c' <Predicate = true> <Delay = 0.00> <CoreInst = "FIFO_SRL">   --->   Core 81 'FIFO_SRL' <Latency = 0> <II = 1> <Delay = 1.83> <Storage> <Opcode : 'read' 'write' 'nbread' 'nbwrite'> <Ports = 0> <Width = 32> <Depth = 3> <FIFO>
ST_1 : Operation 11 [1/1] (0.00ns)   --->   "%unicast_vlan129_macaddr_msb_c = alloca i64 1"   --->   Operation 11 'alloca' 'unicast_vlan129_macaddr_msb_c' <Predicate = true> <Delay = 0.00> <CoreInst = "FIFO_SRL">   --->   Core 81 'FIFO_SRL' <Latency = 0> <II = 1> <Delay = 1.83> <Storage> <Opcode : 'read' 'write' 'nbread' 'nbwrite'> <Ports = 0> <Width = 16> <Depth = 3> <FIFO>
ST_1 : Operation 12 [1/1] (0.00ns)   --->   "%unicast_vlan129_macaddr_lsb_c = alloca i64 1"   --->   Operation 12 'alloca' 'unicast_vlan129_macaddr_lsb_c' <Predicate = true> <Delay = 0.00> <CoreInst = "FIFO_SRL">   --->   Core 81 'FIFO_SRL' <Latency = 0> <II = 1> <Delay = 1.83> <Storage> <Opcode : 'read' 'write' 'nbread' 'nbwrite'> <Ports = 0> <Width = 32> <Depth = 3> <FIFO>
ST_1 : Operation 13 [1/1] (0.00ns)   --->   "%unicast_vlan128_macaddr_msb_c = alloca i64 1"   --->   Operation 13 'alloca' 'unicast_vlan128_macaddr_msb_c' <Predicate = true> <Delay = 0.00> <CoreInst = "FIFO_SRL">   --->   Core 81 'FIFO_SRL' <Latency = 0> <II = 1> <Delay = 1.83> <Storage> <Opcode : 'read' 'write' 'nbread' 'nbwrite'> <Ports = 0> <Width = 16> <Depth = 3> <FIFO>
ST_1 : Operation 14 [1/1] (0.00ns)   --->   "%unicast_vlan128_macaddr_lsb_c = alloca i64 1"   --->   Operation 14 'alloca' 'unicast_vlan128_macaddr_lsb_c' <Predicate = true> <Delay = 0.00> <CoreInst = "FIFO_SRL">   --->   Core 81 'FIFO_SRL' <Latency = 0> <II = 1> <Delay = 1.83> <Storage> <Opcode : 'read' 'write' 'nbread' 'nbwrite'> <Ports = 0> <Width = 32> <Depth = 3> <FIFO>
ST_1 : Operation 15 [1/1] (0.00ns)   --->   "%unicast_vlan127_macaddr_msb_c = alloca i64 1"   --->   Operation 15 'alloca' 'unicast_vlan127_macaddr_msb_c' <Predicate = true> <Delay = 0.00> <CoreInst = "FIFO_SRL">   --->   Core 81 'FIFO_SRL' <Latency = 0> <II = 1> <Delay = 1.83> <Storage> <Opcode : 'read' 'write' 'nbread' 'nbwrite'> <Ports = 0> <Width = 16> <Depth = 3> <FIFO>
ST_1 : Operation 16 [1/1] (0.00ns)   --->   "%unicast_vlan127_macaddr_lsb_c = alloca i64 1"   --->   Operation 16 'alloca' 'unicast_vlan127_macaddr_lsb_c' <Predicate = true> <Delay = 0.00> <CoreInst = "FIFO_SRL">   --->   Core 81 'FIFO_SRL' <Latency = 0> <II = 1> <Delay = 1.83> <Storage> <Opcode : 'read' 'write' 'nbread' 'nbwrite'> <Ports = 0> <Width = 32> <Depth = 3> <FIFO>
ST_1 : Operation 17 [1/1] (0.00ns)   --->   "%unicast_vlan126_macaddr_msb_c = alloca i64 1"   --->   Operation 17 'alloca' 'unicast_vlan126_macaddr_msb_c' <Predicate = true> <Delay = 0.00> <CoreInst = "FIFO_SRL">   --->   Core 81 'FIFO_SRL' <Latency = 0> <II = 1> <Delay = 1.83> <Storage> <Opcode : 'read' 'write' 'nbread' 'nbwrite'> <Ports = 0> <Width = 16> <Depth = 3> <FIFO>
ST_1 : Operation 18 [1/1] (0.00ns)   --->   "%unicast_vlan126_macaddr_lsb_c = alloca i64 1"   --->   Operation 18 'alloca' 'unicast_vlan126_macaddr_lsb_c' <Predicate = true> <Delay = 0.00> <CoreInst = "FIFO_SRL">   --->   Core 81 'FIFO_SRL' <Latency = 0> <II = 1> <Delay = 1.83> <Storage> <Opcode : 'read' 'write' 'nbread' 'nbwrite'> <Ports = 0> <Width = 32> <Depth = 3> <FIFO>
ST_1 : Operation 19 [1/1] (0.00ns)   --->   "%unicast_vlan125_macaddr_msb_c = alloca i64 1"   --->   Operation 19 'alloca' 'unicast_vlan125_macaddr_msb_c' <Predicate = true> <Delay = 0.00> <CoreInst = "FIFO_SRL">   --->   Core 81 'FIFO_SRL' <Latency = 0> <II = 1> <Delay = 1.83> <Storage> <Opcode : 'read' 'write' 'nbread' 'nbwrite'> <Ports = 0> <Width = 16> <Depth = 3> <FIFO>
ST_1 : Operation 20 [1/1] (0.00ns)   --->   "%unicast_vlan125_macaddr_lsb_c = alloca i64 1"   --->   Operation 20 'alloca' 'unicast_vlan125_macaddr_lsb_c' <Predicate = true> <Delay = 0.00> <CoreInst = "FIFO_SRL">   --->   Core 81 'FIFO_SRL' <Latency = 0> <II = 1> <Delay = 1.83> <Storage> <Opcode : 'read' 'write' 'nbread' 'nbwrite'> <Ports = 0> <Width = 32> <Depth = 3> <FIFO>
ST_1 : Operation 21 [1/1] (0.00ns)   --->   "%unicast_vlan124_macaddr_msb_c = alloca i64 1"   --->   Operation 21 'alloca' 'unicast_vlan124_macaddr_msb_c' <Predicate = true> <Delay = 0.00> <CoreInst = "FIFO_SRL">   --->   Core 81 'FIFO_SRL' <Latency = 0> <II = 1> <Delay = 1.83> <Storage> <Opcode : 'read' 'write' 'nbread' 'nbwrite'> <Ports = 0> <Width = 16> <Depth = 3> <FIFO>
ST_1 : Operation 22 [1/1] (0.00ns)   --->   "%unicast_vlan124_macaddr_lsb_c = alloca i64 1"   --->   Operation 22 'alloca' 'unicast_vlan124_macaddr_lsb_c' <Predicate = true> <Delay = 0.00> <CoreInst = "FIFO_SRL">   --->   Core 81 'FIFO_SRL' <Latency = 0> <II = 1> <Delay = 1.83> <Storage> <Opcode : 'read' 'write' 'nbread' 'nbwrite'> <Ports = 0> <Width = 32> <Depth = 3> <FIFO>
ST_1 : Operation 23 [1/1] (0.00ns)   --->   "%unicast_vlan123_macaddr_msb_c = alloca i64 1"   --->   Operation 23 'alloca' 'unicast_vlan123_macaddr_msb_c' <Predicate = true> <Delay = 0.00> <CoreInst = "FIFO_SRL">   --->   Core 81 'FIFO_SRL' <Latency = 0> <II = 1> <Delay = 1.83> <Storage> <Opcode : 'read' 'write' 'nbread' 'nbwrite'> <Ports = 0> <Width = 16> <Depth = 3> <FIFO>
ST_1 : Operation 24 [1/1] (0.00ns)   --->   "%unicast_vlan123_macaddr_lsb_c = alloca i64 1"   --->   Operation 24 'alloca' 'unicast_vlan123_macaddr_lsb_c' <Predicate = true> <Delay = 0.00> <CoreInst = "FIFO_SRL">   --->   Core 81 'FIFO_SRL' <Latency = 0> <II = 1> <Delay = 1.83> <Storage> <Opcode : 'read' 'write' 'nbread' 'nbwrite'> <Ports = 0> <Width = 32> <Depth = 3> <FIFO>
ST_1 : Operation 25 [1/1] (0.00ns)   --->   "%unicast_vlan122_macaddr_msb_c = alloca i64 1"   --->   Operation 25 'alloca' 'unicast_vlan122_macaddr_msb_c' <Predicate = true> <Delay = 0.00> <CoreInst = "FIFO_SRL">   --->   Core 81 'FIFO_SRL' <Latency = 0> <II = 1> <Delay = 1.83> <Storage> <Opcode : 'read' 'write' 'nbread' 'nbwrite'> <Ports = 0> <Width = 16> <Depth = 3> <FIFO>
ST_1 : Operation 26 [1/1] (0.00ns)   --->   "%unicast_vlan122_macaddr_lsb_c = alloca i64 1"   --->   Operation 26 'alloca' 'unicast_vlan122_macaddr_lsb_c' <Predicate = true> <Delay = 0.00> <CoreInst = "FIFO_SRL">   --->   Core 81 'FIFO_SRL' <Latency = 0> <II = 1> <Delay = 1.83> <Storage> <Opcode : 'read' 'write' 'nbread' 'nbwrite'> <Ports = 0> <Width = 32> <Depth = 3> <FIFO>
ST_1 : Operation 27 [1/1] (0.00ns)   --->   "%unicast_vlan121_macaddr_msb_c = alloca i64 1"   --->   Operation 27 'alloca' 'unicast_vlan121_macaddr_msb_c' <Predicate = true> <Delay = 0.00> <CoreInst = "FIFO_SRL">   --->   Core 81 'FIFO_SRL' <Latency = 0> <II = 1> <Delay = 1.83> <Storage> <Opcode : 'read' 'write' 'nbread' 'nbwrite'> <Ports = 0> <Width = 16> <Depth = 3> <FIFO>
ST_1 : Operation 28 [1/1] (0.00ns)   --->   "%unicast_vlan121_macaddr_lsb_c = alloca i64 1"   --->   Operation 28 'alloca' 'unicast_vlan121_macaddr_lsb_c' <Predicate = true> <Delay = 0.00> <CoreInst = "FIFO_SRL">   --->   Core 81 'FIFO_SRL' <Latency = 0> <II = 1> <Delay = 1.83> <Storage> <Opcode : 'read' 'write' 'nbread' 'nbwrite'> <Ports = 0> <Width = 32> <Depth = 3> <FIFO>
ST_1 : Operation 29 [1/1] (0.00ns)   --->   "%unicast_vlan120_macaddr_msb_c = alloca i64 1"   --->   Operation 29 'alloca' 'unicast_vlan120_macaddr_msb_c' <Predicate = true> <Delay = 0.00> <CoreInst = "FIFO_SRL">   --->   Core 81 'FIFO_SRL' <Latency = 0> <II = 1> <Delay = 1.83> <Storage> <Opcode : 'read' 'write' 'nbread' 'nbwrite'> <Ports = 0> <Width = 16> <Depth = 3> <FIFO>
ST_1 : Operation 30 [1/1] (0.00ns)   --->   "%unicast_vlan120_macaddr_lsb_c = alloca i64 1"   --->   Operation 30 'alloca' 'unicast_vlan120_macaddr_lsb_c' <Predicate = true> <Delay = 0.00> <CoreInst = "FIFO_SRL">   --->   Core 81 'FIFO_SRL' <Latency = 0> <II = 1> <Delay = 1.83> <Storage> <Opcode : 'read' 'write' 'nbread' 'nbwrite'> <Ports = 0> <Width = 32> <Depth = 3> <FIFO>
ST_1 : Operation 31 [1/1] (0.00ns)   --->   "%unicast_vlan119_macaddr_msb_c = alloca i64 1"   --->   Operation 31 'alloca' 'unicast_vlan119_macaddr_msb_c' <Predicate = true> <Delay = 0.00> <CoreInst = "FIFO_SRL">   --->   Core 81 'FIFO_SRL' <Latency = 0> <II = 1> <Delay = 1.83> <Storage> <Opcode : 'read' 'write' 'nbread' 'nbwrite'> <Ports = 0> <Width = 16> <Depth = 3> <FIFO>
ST_1 : Operation 32 [1/1] (0.00ns)   --->   "%unicast_vlan119_macaddr_lsb_c = alloca i64 1"   --->   Operation 32 'alloca' 'unicast_vlan119_macaddr_lsb_c' <Predicate = true> <Delay = 0.00> <CoreInst = "FIFO_SRL">   --->   Core 81 'FIFO_SRL' <Latency = 0> <II = 1> <Delay = 1.83> <Storage> <Opcode : 'read' 'write' 'nbread' 'nbwrite'> <Ports = 0> <Width = 32> <Depth = 3> <FIFO>
ST_1 : Operation 33 [1/1] (0.00ns)   --->   "%unicast_vlan118_macaddr_msb_c = alloca i64 1"   --->   Operation 33 'alloca' 'unicast_vlan118_macaddr_msb_c' <Predicate = true> <Delay = 0.00> <CoreInst = "FIFO_SRL">   --->   Core 81 'FIFO_SRL' <Latency = 0> <II = 1> <Delay = 1.83> <Storage> <Opcode : 'read' 'write' 'nbread' 'nbwrite'> <Ports = 0> <Width = 16> <Depth = 3> <FIFO>
ST_1 : Operation 34 [1/1] (0.00ns)   --->   "%unicast_vlan118_macaddr_lsb_c = alloca i64 1"   --->   Operation 34 'alloca' 'unicast_vlan118_macaddr_lsb_c' <Predicate = true> <Delay = 0.00> <CoreInst = "FIFO_SRL">   --->   Core 81 'FIFO_SRL' <Latency = 0> <II = 1> <Delay = 1.83> <Storage> <Opcode : 'read' 'write' 'nbread' 'nbwrite'> <Ports = 0> <Width = 32> <Depth = 3> <FIFO>
ST_1 : Operation 35 [1/1] (0.00ns)   --->   "%unicast_vlan117_macaddr_msb_c = alloca i64 1"   --->   Operation 35 'alloca' 'unicast_vlan117_macaddr_msb_c' <Predicate = true> <Delay = 0.00> <CoreInst = "FIFO_SRL">   --->   Core 81 'FIFO_SRL' <Latency = 0> <II = 1> <Delay = 1.83> <Storage> <Opcode : 'read' 'write' 'nbread' 'nbwrite'> <Ports = 0> <Width = 16> <Depth = 3> <FIFO>
ST_1 : Operation 36 [1/1] (0.00ns)   --->   "%unicast_vlan117_macaddr_lsb_c = alloca i64 1"   --->   Operation 36 'alloca' 'unicast_vlan117_macaddr_lsb_c' <Predicate = true> <Delay = 0.00> <CoreInst = "FIFO_SRL">   --->   Core 81 'FIFO_SRL' <Latency = 0> <II = 1> <Delay = 1.83> <Storage> <Opcode : 'read' 'write' 'nbread' 'nbwrite'> <Ports = 0> <Width = 32> <Depth = 3> <FIFO>
ST_1 : Operation 37 [1/1] (0.00ns)   --->   "%unicast_vlan116_macaddr_msb_c = alloca i64 1"   --->   Operation 37 'alloca' 'unicast_vlan116_macaddr_msb_c' <Predicate = true> <Delay = 0.00> <CoreInst = "FIFO_SRL">   --->   Core 81 'FIFO_SRL' <Latency = 0> <II = 1> <Delay = 1.83> <Storage> <Opcode : 'read' 'write' 'nbread' 'nbwrite'> <Ports = 0> <Width = 16> <Depth = 3> <FIFO>
ST_1 : Operation 38 [1/1] (0.00ns)   --->   "%unicast_vlan116_macaddr_lsb_c = alloca i64 1"   --->   Operation 38 'alloca' 'unicast_vlan116_macaddr_lsb_c' <Predicate = true> <Delay = 0.00> <CoreInst = "FIFO_SRL">   --->   Core 81 'FIFO_SRL' <Latency = 0> <II = 1> <Delay = 1.83> <Storage> <Opcode : 'read' 'write' 'nbread' 'nbwrite'> <Ports = 0> <Width = 32> <Depth = 3> <FIFO>
ST_1 : Operation 39 [1/1] (0.00ns)   --->   "%unicast_vlan115_macaddr_msb_c = alloca i64 1"   --->   Operation 39 'alloca' 'unicast_vlan115_macaddr_msb_c' <Predicate = true> <Delay = 0.00> <CoreInst = "FIFO_SRL">   --->   Core 81 'FIFO_SRL' <Latency = 0> <II = 1> <Delay = 1.83> <Storage> <Opcode : 'read' 'write' 'nbread' 'nbwrite'> <Ports = 0> <Width = 16> <Depth = 3> <FIFO>
ST_1 : Operation 40 [1/1] (0.00ns)   --->   "%unicast_vlan115_macaddr_lsb_c = alloca i64 1"   --->   Operation 40 'alloca' 'unicast_vlan115_macaddr_lsb_c' <Predicate = true> <Delay = 0.00> <CoreInst = "FIFO_SRL">   --->   Core 81 'FIFO_SRL' <Latency = 0> <II = 1> <Delay = 1.83> <Storage> <Opcode : 'read' 'write' 'nbread' 'nbwrite'> <Ports = 0> <Width = 32> <Depth = 3> <FIFO>
ST_1 : Operation 41 [1/1] (0.00ns)   --->   "%unicast_vlan114_macaddr_msb_c = alloca i64 1"   --->   Operation 41 'alloca' 'unicast_vlan114_macaddr_msb_c' <Predicate = true> <Delay = 0.00> <CoreInst = "FIFO_SRL">   --->   Core 81 'FIFO_SRL' <Latency = 0> <II = 1> <Delay = 1.83> <Storage> <Opcode : 'read' 'write' 'nbread' 'nbwrite'> <Ports = 0> <Width = 16> <Depth = 3> <FIFO>
ST_1 : Operation 42 [1/1] (0.00ns)   --->   "%unicast_vlan114_macaddr_lsb_c = alloca i64 1"   --->   Operation 42 'alloca' 'unicast_vlan114_macaddr_lsb_c' <Predicate = true> <Delay = 0.00> <CoreInst = "FIFO_SRL">   --->   Core 81 'FIFO_SRL' <Latency = 0> <II = 1> <Delay = 1.83> <Storage> <Opcode : 'read' 'write' 'nbread' 'nbwrite'> <Ports = 0> <Width = 32> <Depth = 3> <FIFO>
ST_1 : Operation 43 [1/1] (0.00ns)   --->   "%unicast_vlan113_macaddr_msb_c = alloca i64 1"   --->   Operation 43 'alloca' 'unicast_vlan113_macaddr_msb_c' <Predicate = true> <Delay = 0.00> <CoreInst = "FIFO_SRL">   --->   Core 81 'FIFO_SRL' <Latency = 0> <II = 1> <Delay = 1.83> <Storage> <Opcode : 'read' 'write' 'nbread' 'nbwrite'> <Ports = 0> <Width = 16> <Depth = 3> <FIFO>
ST_1 : Operation 44 [1/1] (0.00ns)   --->   "%unicast_vlan113_macaddr_lsb_c = alloca i64 1"   --->   Operation 44 'alloca' 'unicast_vlan113_macaddr_lsb_c' <Predicate = true> <Delay = 0.00> <CoreInst = "FIFO_SRL">   --->   Core 81 'FIFO_SRL' <Latency = 0> <II = 1> <Delay = 1.83> <Storage> <Opcode : 'read' 'write' 'nbread' 'nbwrite'> <Ports = 0> <Width = 32> <Depth = 3> <FIFO>
ST_1 : Operation 45 [1/1] (0.00ns)   --->   "%unicast_vlan112_macaddr_msb_c = alloca i64 1"   --->   Operation 45 'alloca' 'unicast_vlan112_macaddr_msb_c' <Predicate = true> <Delay = 0.00> <CoreInst = "FIFO_SRL">   --->   Core 81 'FIFO_SRL' <Latency = 0> <II = 1> <Delay = 1.83> <Storage> <Opcode : 'read' 'write' 'nbread' 'nbwrite'> <Ports = 0> <Width = 16> <Depth = 3> <FIFO>
ST_1 : Operation 46 [1/1] (0.00ns)   --->   "%unicast_vlan112_macaddr_lsb_c = alloca i64 1"   --->   Operation 46 'alloca' 'unicast_vlan112_macaddr_lsb_c' <Predicate = true> <Delay = 0.00> <CoreInst = "FIFO_SRL">   --->   Core 81 'FIFO_SRL' <Latency = 0> <II = 1> <Delay = 1.83> <Storage> <Opcode : 'read' 'write' 'nbread' 'nbwrite'> <Ports = 0> <Width = 32> <Depth = 3> <FIFO>
ST_1 : Operation 47 [1/1] (0.00ns)   --->   "%unicast_vlan111_macaddr_msb_c = alloca i64 1"   --->   Operation 47 'alloca' 'unicast_vlan111_macaddr_msb_c' <Predicate = true> <Delay = 0.00> <CoreInst = "FIFO_SRL">   --->   Core 81 'FIFO_SRL' <Latency = 0> <II = 1> <Delay = 1.83> <Storage> <Opcode : 'read' 'write' 'nbread' 'nbwrite'> <Ports = 0> <Width = 16> <Depth = 3> <FIFO>
ST_1 : Operation 48 [1/1] (0.00ns)   --->   "%unicast_vlan111_macaddr_lsb_c = alloca i64 1"   --->   Operation 48 'alloca' 'unicast_vlan111_macaddr_lsb_c' <Predicate = true> <Delay = 0.00> <CoreInst = "FIFO_SRL">   --->   Core 81 'FIFO_SRL' <Latency = 0> <II = 1> <Delay = 1.83> <Storage> <Opcode : 'read' 'write' 'nbread' 'nbwrite'> <Ports = 0> <Width = 32> <Depth = 3> <FIFO>
ST_1 : Operation 49 [1/1] (0.00ns)   --->   "%unicast_vlan110_macaddr_msb_c = alloca i64 1"   --->   Operation 49 'alloca' 'unicast_vlan110_macaddr_msb_c' <Predicate = true> <Delay = 0.00> <CoreInst = "FIFO_SRL">   --->   Core 81 'FIFO_SRL' <Latency = 0> <II = 1> <Delay = 1.83> <Storage> <Opcode : 'read' 'write' 'nbread' 'nbwrite'> <Ports = 0> <Width = 16> <Depth = 3> <FIFO>
ST_1 : Operation 50 [1/1] (0.00ns)   --->   "%unicast_vlan110_macaddr_lsb_c = alloca i64 1"   --->   Operation 50 'alloca' 'unicast_vlan110_macaddr_lsb_c' <Predicate = true> <Delay = 0.00> <CoreInst = "FIFO_SRL">   --->   Core 81 'FIFO_SRL' <Latency = 0> <II = 1> <Delay = 1.83> <Storage> <Opcode : 'read' 'write' 'nbread' 'nbwrite'> <Ports = 0> <Width = 32> <Depth = 3> <FIFO>
ST_1 : Operation 51 [1/1] (0.00ns)   --->   "%unicast_vlan109_macaddr_msb_c = alloca i64 1"   --->   Operation 51 'alloca' 'unicast_vlan109_macaddr_msb_c' <Predicate = true> <Delay = 0.00> <CoreInst = "FIFO_SRL">   --->   Core 81 'FIFO_SRL' <Latency = 0> <II = 1> <Delay = 1.83> <Storage> <Opcode : 'read' 'write' 'nbread' 'nbwrite'> <Ports = 0> <Width = 16> <Depth = 3> <FIFO>
ST_1 : Operation 52 [1/1] (0.00ns)   --->   "%unicast_vlan109_macaddr_lsb_c = alloca i64 1"   --->   Operation 52 'alloca' 'unicast_vlan109_macaddr_lsb_c' <Predicate = true> <Delay = 0.00> <CoreInst = "FIFO_SRL">   --->   Core 81 'FIFO_SRL' <Latency = 0> <II = 1> <Delay = 1.83> <Storage> <Opcode : 'read' 'write' 'nbread' 'nbwrite'> <Ports = 0> <Width = 32> <Depth = 3> <FIFO>
ST_1 : Operation 53 [1/1] (0.00ns)   --->   "%unicast_vlan108_macaddr_msb_c = alloca i64 1"   --->   Operation 53 'alloca' 'unicast_vlan108_macaddr_msb_c' <Predicate = true> <Delay = 0.00> <CoreInst = "FIFO_SRL">   --->   Core 81 'FIFO_SRL' <Latency = 0> <II = 1> <Delay = 1.83> <Storage> <Opcode : 'read' 'write' 'nbread' 'nbwrite'> <Ports = 0> <Width = 16> <Depth = 3> <FIFO>
ST_1 : Operation 54 [1/1] (0.00ns)   --->   "%unicast_vlan108_macaddr_lsb_c = alloca i64 1"   --->   Operation 54 'alloca' 'unicast_vlan108_macaddr_lsb_c' <Predicate = true> <Delay = 0.00> <CoreInst = "FIFO_SRL">   --->   Core 81 'FIFO_SRL' <Latency = 0> <II = 1> <Delay = 1.83> <Storage> <Opcode : 'read' 'write' 'nbread' 'nbwrite'> <Ports = 0> <Width = 32> <Depth = 3> <FIFO>
ST_1 : Operation 55 [1/1] (0.00ns)   --->   "%unicast_vlan107_macaddr_msb_c = alloca i64 1"   --->   Operation 55 'alloca' 'unicast_vlan107_macaddr_msb_c' <Predicate = true> <Delay = 0.00> <CoreInst = "FIFO_SRL">   --->   Core 81 'FIFO_SRL' <Latency = 0> <II = 1> <Delay = 1.83> <Storage> <Opcode : 'read' 'write' 'nbread' 'nbwrite'> <Ports = 0> <Width = 16> <Depth = 3> <FIFO>
ST_1 : Operation 56 [1/1] (0.00ns)   --->   "%unicast_vlan107_macaddr_lsb_c = alloca i64 1"   --->   Operation 56 'alloca' 'unicast_vlan107_macaddr_lsb_c' <Predicate = true> <Delay = 0.00> <CoreInst = "FIFO_SRL">   --->   Core 81 'FIFO_SRL' <Latency = 0> <II = 1> <Delay = 1.83> <Storage> <Opcode : 'read' 'write' 'nbread' 'nbwrite'> <Ports = 0> <Width = 32> <Depth = 3> <FIFO>
ST_1 : Operation 57 [1/1] (0.00ns)   --->   "%unicast_vlan106_macaddr_msb_c = alloca i64 1"   --->   Operation 57 'alloca' 'unicast_vlan106_macaddr_msb_c' <Predicate = true> <Delay = 0.00> <CoreInst = "FIFO_SRL">   --->   Core 81 'FIFO_SRL' <Latency = 0> <II = 1> <Delay = 1.83> <Storage> <Opcode : 'read' 'write' 'nbread' 'nbwrite'> <Ports = 0> <Width = 16> <Depth = 3> <FIFO>
ST_1 : Operation 58 [1/1] (0.00ns)   --->   "%unicast_vlan106_macaddr_lsb_c = alloca i64 1"   --->   Operation 58 'alloca' 'unicast_vlan106_macaddr_lsb_c' <Predicate = true> <Delay = 0.00> <CoreInst = "FIFO_SRL">   --->   Core 81 'FIFO_SRL' <Latency = 0> <II = 1> <Delay = 1.83> <Storage> <Opcode : 'read' 'write' 'nbread' 'nbwrite'> <Ports = 0> <Width = 32> <Depth = 3> <FIFO>
ST_1 : Operation 59 [1/1] (0.00ns)   --->   "%unicast_vlan105_macaddr_msb_c = alloca i64 1"   --->   Operation 59 'alloca' 'unicast_vlan105_macaddr_msb_c' <Predicate = true> <Delay = 0.00> <CoreInst = "FIFO_SRL">   --->   Core 81 'FIFO_SRL' <Latency = 0> <II = 1> <Delay = 1.83> <Storage> <Opcode : 'read' 'write' 'nbread' 'nbwrite'> <Ports = 0> <Width = 16> <Depth = 3> <FIFO>
ST_1 : Operation 60 [1/1] (0.00ns)   --->   "%unicast_vlan105_macaddr_lsb_c = alloca i64 1"   --->   Operation 60 'alloca' 'unicast_vlan105_macaddr_lsb_c' <Predicate = true> <Delay = 0.00> <CoreInst = "FIFO_SRL">   --->   Core 81 'FIFO_SRL' <Latency = 0> <II = 1> <Delay = 1.83> <Storage> <Opcode : 'read' 'write' 'nbread' 'nbwrite'> <Ports = 0> <Width = 32> <Depth = 3> <FIFO>
ST_1 : Operation 61 [1/1] (0.00ns)   --->   "%unicast_vlan104_macaddr_msb_c = alloca i64 1"   --->   Operation 61 'alloca' 'unicast_vlan104_macaddr_msb_c' <Predicate = true> <Delay = 0.00> <CoreInst = "FIFO_SRL">   --->   Core 81 'FIFO_SRL' <Latency = 0> <II = 1> <Delay = 1.83> <Storage> <Opcode : 'read' 'write' 'nbread' 'nbwrite'> <Ports = 0> <Width = 16> <Depth = 3> <FIFO>
ST_1 : Operation 62 [1/1] (0.00ns)   --->   "%unicast_vlan104_macaddr_lsb_c = alloca i64 1"   --->   Operation 62 'alloca' 'unicast_vlan104_macaddr_lsb_c' <Predicate = true> <Delay = 0.00> <CoreInst = "FIFO_SRL">   --->   Core 81 'FIFO_SRL' <Latency = 0> <II = 1> <Delay = 1.83> <Storage> <Opcode : 'read' 'write' 'nbread' 'nbwrite'> <Ports = 0> <Width = 32> <Depth = 3> <FIFO>
ST_1 : Operation 63 [1/1] (0.00ns)   --->   "%unicast_vlan103_macaddr_msb_c = alloca i64 1"   --->   Operation 63 'alloca' 'unicast_vlan103_macaddr_msb_c' <Predicate = true> <Delay = 0.00> <CoreInst = "FIFO_SRL">   --->   Core 81 'FIFO_SRL' <Latency = 0> <II = 1> <Delay = 1.83> <Storage> <Opcode : 'read' 'write' 'nbread' 'nbwrite'> <Ports = 0> <Width = 16> <Depth = 3> <FIFO>
ST_1 : Operation 64 [1/1] (0.00ns)   --->   "%unicast_vlan103_macaddr_lsb_c = alloca i64 1"   --->   Operation 64 'alloca' 'unicast_vlan103_macaddr_lsb_c' <Predicate = true> <Delay = 0.00> <CoreInst = "FIFO_SRL">   --->   Core 81 'FIFO_SRL' <Latency = 0> <II = 1> <Delay = 1.83> <Storage> <Opcode : 'read' 'write' 'nbread' 'nbwrite'> <Ports = 0> <Width = 32> <Depth = 3> <FIFO>
ST_1 : Operation 65 [1/1] (0.00ns)   --->   "%unicast_vlan102_macaddr_msb_c = alloca i64 1"   --->   Operation 65 'alloca' 'unicast_vlan102_macaddr_msb_c' <Predicate = true> <Delay = 0.00> <CoreInst = "FIFO_SRL">   --->   Core 81 'FIFO_SRL' <Latency = 0> <II = 1> <Delay = 1.83> <Storage> <Opcode : 'read' 'write' 'nbread' 'nbwrite'> <Ports = 0> <Width = 16> <Depth = 3> <FIFO>
ST_1 : Operation 66 [1/1] (0.00ns)   --->   "%unicast_vlan102_macaddr_lsb_c = alloca i64 1"   --->   Operation 66 'alloca' 'unicast_vlan102_macaddr_lsb_c' <Predicate = true> <Delay = 0.00> <CoreInst = "FIFO_SRL">   --->   Core 81 'FIFO_SRL' <Latency = 0> <II = 1> <Delay = 1.83> <Storage> <Opcode : 'read' 'write' 'nbread' 'nbwrite'> <Ports = 0> <Width = 32> <Depth = 3> <FIFO>
ST_1 : Operation 67 [1/1] (0.00ns)   --->   "%unicast_vlan101_macaddr_msb_c = alloca i64 1"   --->   Operation 67 'alloca' 'unicast_vlan101_macaddr_msb_c' <Predicate = true> <Delay = 0.00> <CoreInst = "FIFO_SRL">   --->   Core 81 'FIFO_SRL' <Latency = 0> <II = 1> <Delay = 1.83> <Storage> <Opcode : 'read' 'write' 'nbread' 'nbwrite'> <Ports = 0> <Width = 16> <Depth = 3> <FIFO>
ST_1 : Operation 68 [1/1] (0.00ns)   --->   "%unicast_vlan101_macaddr_lsb_c = alloca i64 1"   --->   Operation 68 'alloca' 'unicast_vlan101_macaddr_lsb_c' <Predicate = true> <Delay = 0.00> <CoreInst = "FIFO_SRL">   --->   Core 81 'FIFO_SRL' <Latency = 0> <II = 1> <Delay = 1.83> <Storage> <Opcode : 'read' 'write' 'nbread' 'nbwrite'> <Ports = 0> <Width = 32> <Depth = 3> <FIFO>
ST_1 : Operation 69 [1/1] (0.00ns)   --->   "%unicast_vlan100_macaddr_msb_c = alloca i64 1"   --->   Operation 69 'alloca' 'unicast_vlan100_macaddr_msb_c' <Predicate = true> <Delay = 0.00> <CoreInst = "FIFO_SRL">   --->   Core 81 'FIFO_SRL' <Latency = 0> <II = 1> <Delay = 1.83> <Storage> <Opcode : 'read' 'write' 'nbread' 'nbwrite'> <Ports = 0> <Width = 16> <Depth = 3> <FIFO>
ST_1 : Operation 70 [1/1] (0.00ns)   --->   "%unicast_vlan100_macaddr_lsb_c = alloca i64 1"   --->   Operation 70 'alloca' 'unicast_vlan100_macaddr_lsb_c' <Predicate = true> <Delay = 0.00> <CoreInst = "FIFO_SRL">   --->   Core 81 'FIFO_SRL' <Latency = 0> <II = 1> <Delay = 1.83> <Storage> <Opcode : 'read' 'write' 'nbread' 'nbwrite'> <Ports = 0> <Width = 32> <Depth = 3> <FIFO>
ST_1 : Operation 71 [1/1] (0.00ns)   --->   "%unicast_filter_enable_c = alloca i64 1"   --->   Operation 71 'alloca' 'unicast_filter_enable_c' <Predicate = true> <Delay = 0.00> <CoreInst = "FIFO_SRL">   --->   Core 81 'FIFO_SRL' <Latency = 0> <II = 1> <Delay = 1.83> <Storage> <Opcode : 'read' 'write' 'nbread' 'nbwrite'> <Ports = 0> <Width = 32> <Depth = 3> <FIFO>
ST_1 : Operation 72 [1/1] (0.00ns)   --->   "%multicast_recv_enable_c = alloca i64 1"   --->   Operation 72 'alloca' 'multicast_recv_enable_c' <Predicate = true> <Delay = 0.00> <CoreInst = "FIFO_SRL">   --->   Core 81 'FIFO_SRL' <Latency = 0> <II = 1> <Delay = 1.83> <Storage> <Opcode : 'read' 'write' 'nbread' 'nbwrite'> <Ports = 0> <Width = 32> <Depth = 3> <FIFO>
ST_1 : Operation 73 [1/1] (0.00ns)   --->   "%logger_vlan_enable_mask_c = alloca i64 1"   --->   Operation 73 'alloca' 'logger_vlan_enable_mask_c' <Predicate = true> <Delay = 0.00> <CoreInst = "FIFO_SRL">   --->   Core 81 'FIFO_SRL' <Latency = 0> <II = 1> <Delay = 1.83> <Storage> <Opcode : 'read' 'write' 'nbread' 'nbwrite'> <Ports = 0> <Width = 32> <Depth = 3> <FIFO>
ST_1 : Operation 74 [1/1] (0.00ns)   --->   "%log_header = alloca i64 1" [mac_logger.cpp:1266]   --->   Operation 74 'alloca' 'log_header' <Predicate = true> <Delay = 0.00>
ST_1 : Operation 75 [1/1] (0.00ns)   --->   "%tap_header = alloca i64 1" [mac_logger.cpp:1267]   --->   Operation 75 'alloca' 'tap_header' <Predicate = true> <Delay = 0.00>
ST_1 : Operation 76 [1/1] (0.00ns)   --->   "%data_buf3 = alloca i64 1"   --->   Operation 76 'alloca' 'data_buf3' <Predicate = true> <Delay = 0.00>
ST_1 : Operation 77 [1/1] (1.83ns)   --->   "%call_ln0 = call void @entry_proc, i32 %logger_vlan_enable_mask, i32 %logger_vlan_enable_mask_c, i32 %multicast_recv_enable, i32 %multicast_recv_enable_c, i32 %unicast_filter_enable, i32 %unicast_filter_enable_c, i32 %unicast_vlan100_macaddr_lsb, i32 %unicast_vlan100_macaddr_lsb_c, i32 %unicast_vlan100_macaddr_msb, i16 %unicast_vlan100_macaddr_msb_c, i32 %unicast_vlan101_macaddr_lsb, i32 %unicast_vlan101_macaddr_lsb_c, i32 %unicast_vlan101_macaddr_msb, i16 %unicast_vlan101_macaddr_msb_c, i32 %unicast_vlan102_macaddr_lsb, i32 %unicast_vlan102_macaddr_lsb_c, i32 %unicast_vlan102_macaddr_msb, i16 %unicast_vlan102_macaddr_msb_c, i32 %unicast_vlan103_macaddr_lsb, i32 %unicast_vlan103_macaddr_lsb_c, i32 %unicast_vlan103_macaddr_msb, i16 %unicast_vlan103_macaddr_msb_c, i32 %unicast_vlan104_macaddr_lsb, i32 %unicast_vlan104_macaddr_lsb_c, i32 %unicast_vlan104_macaddr_msb, i16 %unicast_vlan104_macaddr_msb_c, i32 %unicast_vlan105_macaddr_lsb, i32 %unicast_vlan105_macaddr_lsb_c, i32 %unicast_vlan105_macaddr_msb, i16 %unicast_vlan105_macaddr_msb_c, i32 %unicast_vlan106_macaddr_lsb, i32 %unicast_vlan106_macaddr_lsb_c, i32 %unicast_vlan106_macaddr_msb, i16 %unicast_vlan106_macaddr_msb_c, i32 %unicast_vlan107_macaddr_lsb, i32 %unicast_vlan107_macaddr_lsb_c, i32 %unicast_vlan107_macaddr_msb, i16 %unicast_vlan107_macaddr_msb_c, i32 %unicast_vlan108_macaddr_lsb, i32 %unicast_vlan108_macaddr_lsb_c, i32 %unicast_vlan108_macaddr_msb, i16 %unicast_vlan108_macaddr_msb_c, i32 %unicast_vlan109_macaddr_lsb, i32 %unicast_vlan109_macaddr_lsb_c, i32 %unicast_vlan109_macaddr_msb, i16 %unicast_vlan109_macaddr_msb_c, i32 %unicast_vlan110_macaddr_lsb, i32 %unicast_vlan110_macaddr_lsb_c, i32 %unicast_vlan110_macaddr_msb, i16 %unicast_vlan110_macaddr_msb_c, i32 %unicast_vlan111_macaddr_lsb, i32 %unicast_vlan111_macaddr_lsb_c, i32 %unicast_vlan111_macaddr_msb, i16 %unicast_vlan111_macaddr_msb_c, i32 %unicast_vlan112_macaddr_lsb, i32 %unicast_vlan112_macaddr_lsb_c, i32 %unicast_vlan112_macaddr_msb, i16 %unicast_vlan112_macaddr_msb_c, i32 %unicast_vlan113_macaddr_lsb, i32 %unicast_vlan113_macaddr_lsb_c, i32 %unicast_vlan113_macaddr_msb, i16 %unicast_vlan113_macaddr_msb_c, i32 %unicast_vlan114_macaddr_lsb, i32 %unicast_vlan114_macaddr_lsb_c, i32 %unicast_vlan114_macaddr_msb, i16 %unicast_vlan114_macaddr_msb_c, i32 %unicast_vlan115_macaddr_lsb, i32 %unicast_vlan115_macaddr_lsb_c, i32 %unicast_vlan115_macaddr_msb, i16 %unicast_vlan115_macaddr_msb_c, i32 %unicast_vlan116_macaddr_lsb, i32 %unicast_vlan116_macaddr_lsb_c, i32 %unicast_vlan116_macaddr_msb, i16 %unicast_vlan116_macaddr_msb_c, i32 %unicast_vlan117_macaddr_lsb, i32 %unicast_vlan117_macaddr_lsb_c, i32 %unicast_vlan117_macaddr_msb, i16 %unicast_vlan117_macaddr_msb_c, i32 %unicast_vlan118_macaddr_lsb, i32 %unicast_vlan118_macaddr_lsb_c, i32 %unicast_vlan118_macaddr_msb, i16 %unicast_vlan118_macaddr_msb_c, i32 %unicast_vlan119_macaddr_lsb, i32 %unicast_vlan119_macaddr_lsb_c, i32 %unicast_vlan119_macaddr_msb, i16 %unicast_vlan119_macaddr_msb_c, i32 %unicast_vlan120_macaddr_lsb, i32 %unicast_vlan120_macaddr_lsb_c, i32 %unicast_vlan120_macaddr_msb, i16 %unicast_vlan120_macaddr_msb_c, i32 %unicast_vlan121_macaddr_lsb, i32 %unicast_vlan121_macaddr_lsb_c, i32 %unicast_vlan121_macaddr_msb, i16 %unicast_vlan121_macaddr_msb_c, i32 %unicast_vlan122_macaddr_lsb, i32 %unicast_vlan122_macaddr_lsb_c, i32 %unicast_vlan122_macaddr_msb, i16 %unicast_vlan122_macaddr_msb_c, i32 %unicast_vlan123_macaddr_lsb, i32 %unicast_vlan123_macaddr_lsb_c, i32 %unicast_vlan123_macaddr_msb, i16 %unicast_vlan123_macaddr_msb_c, i32 %unicast_vlan124_macaddr_lsb, i32 %unicast_vlan124_macaddr_lsb_c, i32 %unicast_vlan124_macaddr_msb, i16 %unicast_vlan124_macaddr_msb_c, i32 %unicast_vlan125_macaddr_lsb, i32 %unicast_vlan125_macaddr_lsb_c, i32 %unicast_vlan125_macaddr_msb, i16 %unicast_vlan125_macaddr_msb_c, i32 %unicast_vlan126_macaddr_lsb, i32 %unicast_vlan126_macaddr_lsb_c, i32 %unicast_vlan126_macaddr_msb, i16 %unicast_vlan126_macaddr_msb_c, i32 %unicast_vlan127_macaddr_lsb, i32 %unicast_vlan127_macaddr_lsb_c, i32 %unicast_vlan127_macaddr_msb, i16 %unicast_vlan127_macaddr_msb_c, i32 %unicast_vlan128_macaddr_lsb, i32 %unicast_vlan128_macaddr_lsb_c, i32 %unicast_vlan128_macaddr_msb, i16 %unicast_vlan128_macaddr_msb_c, i32 %unicast_vlan129_macaddr_lsb, i32 %unicast_vlan129_macaddr_lsb_c, i32 %unicast_vlan129_macaddr_msb, i16 %unicast_vlan129_macaddr_msb_c, i32 %log_all_mask, i32 %log_all_mask_c"   --->   Operation 77 'call' 'call_ln0' <Predicate = true> <Delay = 1.83> <CoreType = "Generic">   --->   Core 0 '' <Latency = 0> <II = 1> <Delay = 1.00> <Generic> <Opcode : >
ST_1 : Operation 78 [2/2] (7.30ns)   --->   "%call_ret = call i128 @rx_ringbuffer_header, i32 %ps, i64 %ddr_read, i64 %driver_read, i32 %log_header, i32 %tap_header" [mac_logger.cpp:1270]   --->   Operation 78 'call' 'call_ret' <Predicate = true> <Delay = 7.30> <CoreType = "Generic">   --->   Core 0 '' <Latency = 0> <II = 1> <Delay = 1.00> <Generic> <Opcode : >
ST_1 : Operation 79 [2/2] (1.23ns)   --->   "%call_ln1272 = call void @rx_fifo, i32 %mac_fifo, i64 %fifo_read, i32 %fifo_axi_full, i64 %fifo_axi_full_offset_read, i64 %timestamp_read, i32 %data_buf3" [mac_logger.cpp:1272]   --->   Operation 79 'call' 'call_ln1272' <Predicate = true> <Delay = 1.23> <CoreType = "Generic">   --->   Core 0 '' <Latency = 0> <II = 1> <Delay = 1.00> <Generic> <Opcode : >

State 2 <SV = 1> <Delay = 0.00>
ST_2 : Operation 80 [1/2] (0.00ns)   --->   "%call_ret = call i128 @rx_ringbuffer_header, i32 %ps, i64 %ddr_read, i64 %driver_read, i32 %log_header, i32 %tap_header" [mac_logger.cpp:1270]   --->   Operation 80 'call' 'call_ret' <Predicate = true> <Delay = 0.00> <CoreType = "Generic">   --->   Core 0 '' <Latency = 0> <II = 1> <Delay = 1.00> <Generic> <Opcode : >
ST_2 : Operation 81 [1/1] (0.00ns)   --->   "%ddr_c_channel = extractvalue i128 %call_ret" [mac_logger.cpp:1270]   --->   Operation 81 'extractvalue' 'ddr_c_channel' <Predicate = true> <Delay = 0.00> <CoreInst = "FIFO_SRL">   --->   Core 81 'FIFO_SRL' <Latency = 0> <II = 1> <Delay = 1.83> <Storage> <Opcode : 'read' 'write' 'nbread' 'nbwrite'> <Ports = 0> <Width = 64> <Depth = 2> <FIFO>
ST_2 : Operation 82 [1/1] (0.00ns)   --->   "%driver_c_channel = extractvalue i128 %call_ret" [mac_logger.cpp:1270]   --->   Operation 82 'extractvalue' 'driver_c_channel' <Predicate = true> <Delay = 0.00> <CoreInst = "FIFO_SRL">   --->   Core 81 'FIFO_SRL' <Latency = 0> <II = 1> <Delay = 1.83> <Storage> <Opcode : 'read' 'write' 'nbread' 'nbwrite'> <Ports = 0> <Width = 64> <Depth = 2> <FIFO>
ST_2 : Operation 83 [1/2] (0.00ns)   --->   "%call_ln1272 = call void @rx_fifo, i32 %mac_fifo, i64 %fifo_read, i32 %fifo_axi_full, i64 %fifo_axi_full_offset_read, i64 %timestamp_read, i32 %data_buf3" [mac_logger.cpp:1272]   --->   Operation 83 'call' 'call_ln1272' <Predicate = true> <Delay = 0.00> <CoreType = "Generic">   --->   Core 0 '' <Latency = 0> <II = 1> <Delay = 1.00> <Generic> <Opcode : >

State 3 <SV = 2> <Delay = 1.83>
ST_3 : Operation 84 [2/2] (1.83ns)   --->   "%call_ln1275 = call void @tx_ddr, i32 %data_buf3, i32 %log_header, i32 %tap_header, i32 %ps, i64 %ddr_c_channel, i64 %driver_c_channel, i32 %logger_vlan_enable_mask_c, i32 %multicast_recv_enable_c, i32 %unicast_filter_enable_c, i32 %unicast_vlan100_macaddr_lsb_c, i16 %unicast_vlan100_macaddr_msb_c, i32 %unicast_vlan101_macaddr_lsb_c, i16 %unicast_vlan101_macaddr_msb_c, i32 %unicast_vlan102_macaddr_lsb_c, i16 %unicast_vlan102_macaddr_msb_c, i32 %unicast_vlan103_macaddr_lsb_c, i16 %unicast_vlan103_macaddr_msb_c, i32 %unicast_vlan104_macaddr_lsb_c, i16 %unicast_vlan104_macaddr_msb_c, i32 %unicast_vlan105_macaddr_lsb_c, i16 %unicast_vlan105_macaddr_msb_c, i32 %unicast_vlan106_macaddr_lsb_c, i16 %unicast_vlan106_macaddr_msb_c, i32 %unicast_vlan107_macaddr_lsb_c, i16 %unicast_vlan107_macaddr_msb_c, i32 %unicast_vlan108_macaddr_lsb_c, i16 %unicast_vlan108_macaddr_msb_c, i32 %unicast_vlan109_macaddr_lsb_c, i16 %unicast_vlan109_macaddr_msb_c, i32 %unicast_vlan110_macaddr_lsb_c, i16 %unicast_vlan110_macaddr_msb_c, i32 %unicast_vlan111_macaddr_lsb_c, i16 %unicast_vlan111_macaddr_msb_c, i32 %unicast_vlan112_macaddr_lsb_c, i16 %unicast_vlan112_macaddr_msb_c, i32 %unicast_vlan113_macaddr_lsb_c, i16 %unicast_vlan113_macaddr_msb_c, i32 %unicast_vlan114_macaddr_lsb_c, i16 %unicast_vlan114_macaddr_msb_c, i32 %unicast_vlan115_macaddr_lsb_c, i16 %unicast_vlan115_macaddr_msb_c, i32 %unicast_vlan116_macaddr_lsb_c, i16 %unicast_vlan116_macaddr_msb_c, i32 %unicast_vlan117_macaddr_lsb_c, i16 %unicast_vlan117_macaddr_msb_c, i32 %unicast_vlan118_macaddr_lsb_c, i16 %unicast_vlan118_macaddr_msb_c, i32 %unicast_vlan119_macaddr_lsb_c, i16 %unicast_vlan119_macaddr_msb_c, i32 %unicast_vlan120_macaddr_lsb_c, i16 %unicast_vlan120_macaddr_msb_c, i32 %unicast_vlan121_macaddr_lsb_c, i16 %unicast_vlan121_macaddr_msb_c, i32 %unicast_vlan122_macaddr_lsb_c, i16 %unicast_vlan122_macaddr_msb_c, i32 %unicast_vlan123_macaddr_lsb_c, i16 %unicast_vlan123_macaddr_msb_c, i32 %unicast_vlan124_macaddr_lsb_c, i16 %unicast_vlan124_macaddr_msb_c, i32 %unicast_vlan125_macaddr_lsb_c, i16 %unicast_vlan125_macaddr_msb_c, i32 %unicast_vlan126_macaddr_lsb_c, i16 %unicast_vlan126_macaddr_msb_c, i32 %unicast_vlan127_macaddr_lsb_c, i16 %unicast_vlan127_macaddr_msb_c, i32 %unicast_vlan128_macaddr_lsb_c, i16 %unicast_vlan128_macaddr_msb_c, i32 %unicast_vlan129_macaddr_lsb_c, i16 %unicast_vlan129_macaddr_msb_c, i32 %log_all_mask_c, i32 %vlan100_received, i32 %vlan101_received, i32 %vlan102_received, i32 %vlan103_received, i32 %vlan104_received, i32 %vlan105_received, i32 %vlan106_received, i32 %vlan107_received, i32 %vlan108_received, i32 %vlan109_received, i32 %vlan110_received, i32 %vlan111_received, i32 %vlan112_received, i32 %vlan113_received, i32 %vlan114_received, i32 %vlan115_received, i32 %vlan116_received, i32 %vlan117_received, i32 %vlan118_received, i32 %vlan119_received, i32 %vlan120_received, i32 %vlan121_received, i32 %vlan122_received, i32 %vlan123_received, i32 %vlan124_received, i32 %vlan125_received, i32 %vlan126_received, i32 %vlan127_received, i32 %vlan128_received, i32 %vlan129_received, i32 %droped, i32 %counter_vlan100, i32 %counter_vlan101, i32 %counter_vlan102, i32 %counter_vlan103, i32 %counter_vlan104, i32 %counter_vlan105, i32 %counter_vlan106, i32 %counter_vlan107, i32 %counter_vlan108, i32 %counter_vlan109, i32 %counter_vlan110, i32 %counter_vlan111, i32 %counter_vlan112, i32 %counter_vlan113, i32 %counter_vlan114, i32 %counter_vlan115, i32 %counter_vlan116, i32 %counter_vlan117, i32 %counter_vlan118, i32 %counter_vlan119, i32 %counter_vlan120, i32 %counter_vlan121, i32 %counter_vlan122, i32 %counter_vlan123, i32 %counter_vlan124, i32 %counter_vlan125, i32 %counter_vlan126, i32 %counter_vlan127, i32 %counter_vlan128, i32 %counter_vlan129, i32 %counter_droped, i32 %last_log_tx_index, i32 %last_tap_tx_index" [mac_logger.cpp:1275]   --->   Operation 84 'call' 'call_ln1275' <Predicate = true> <Delay = 1.83> <CoreType = "Generic">   --->   Core 0 '' <Latency = 0> <II = 1> <Delay = 1.00> <Generic> <Opcode : >

State 4 <SV = 3> <Delay = 0.00>
ST_4 : Operation 85 [1/1] (0.00ns)   --->   "%empty = specchannel i32 @_ssdm_op_SpecChannel, void @log_all_mask_c_str, i32 1, void @p_str, void @p_str, i32 3, i32 0, i32 %log_all_mask_c, i32 %log_all_mask_c"   --->   Operation 85 'specchannel' 'empty' <Predicate = true> <Delay = 0.00>
ST_4 : Operation 86 [1/1] (0.00ns)   --->   "%specinterface_ln0 = specinterface void @_ssdm_op_SpecInterface, i32 %log_all_mask_c, void @ap_fifo_str, i32 0, i32 0, void @p_str, i32 0, i32 0, void @p_str, void @p_str, void @p_str, i32 2, i32 2, i32 16, i32 16, void @p_str, void @p_str, i32 4294967295, i32 0"   --->   Operation 86 'specinterface' 'specinterface_ln0' <Predicate = true> <Delay = 0.00>
ST_4 : Operation 87 [1/1] (0.00ns)   --->   "%empty_184 = specchannel i32 @_ssdm_op_SpecChannel, void @unicast_vlan129_macaddr_msb_c_str, i32 1, void @p_str, void @p_str, i32 3, i32 0, i16 %unicast_vlan129_macaddr_msb_c, i16 %unicast_vlan129_macaddr_msb_c"   --->   Operation 87 'specchannel' 'empty_184' <Predicate = true> <Delay = 0.00>
ST_4 : Operation 88 [1/1] (0.00ns)   --->   "%specinterface_ln0 = specinterface void @_ssdm_op_SpecInterface, i16 %unicast_vlan129_macaddr_msb_c, void @ap_fifo_str, i32 0, i32 0, void @p_str, i32 0, i32 0, void @p_str, void @p_str, void @p_str, i32 2, i32 2, i32 16, i32 16, void @p_str, void @p_str, i32 4294967295, i32 0"   --->   Operation 88 'specinterface' 'specinterface_ln0' <Predicate = true> <Delay = 0.00>
ST_4 : Operation 89 [1/1] (0.00ns)   --->   "%empty_185 = specchannel i32 @_ssdm_op_SpecChannel, void @unicast_vlan129_macaddr_lsb_c_str, i32 1, void @p_str, void @p_str, i32 3, i32 0, i32 %unicast_vlan129_macaddr_lsb_c, i32 %unicast_vlan129_macaddr_lsb_c"   --->   Operation 89 'specchannel' 'empty_185' <Predicate = true> <Delay = 0.00>
ST_4 : Operation 90 [1/1] (0.00ns)   --->   "%specinterface_ln0 = specinterface void @_ssdm_op_SpecInterface, i32 %unicast_vlan129_macaddr_lsb_c, void @ap_fifo_str, i32 0, i32 0, void @p_str, i32 0, i32 0, void @p_str, void @p_str, void @p_str, i32 2, i32 2, i32 16, i32 16, void @p_str, void @p_str, i32 4294967295, i32 0"   --->   Operation 90 'specinterface' 'specinterface_ln0' <Predicate = true> <Delay = 0.00>
ST_4 : Operation 91 [1/1] (0.00ns)   --->   "%empty_186 = specchannel i32 @_ssdm_op_SpecChannel, void @unicast_vlan128_macaddr_msb_c_str, i32 1, void @p_str, void @p_str, i32 3, i32 0, i16 %unicast_vlan128_macaddr_msb_c, i16 %unicast_vlan128_macaddr_msb_c"   --->   Operation 91 'specchannel' 'empty_186' <Predicate = true> <Delay = 0.00>
ST_4 : Operation 92 [1/1] (0.00ns)   --->   "%specinterface_ln0 = specinterface void @_ssdm_op_SpecInterface, i16 %unicast_vlan128_macaddr_msb_c, void @ap_fifo_str, i32 0, i32 0, void @p_str, i32 0, i32 0, void @p_str, void @p_str, void @p_str, i32 2, i32 2, i32 16, i32 16, void @p_str, void @p_str, i32 4294967295, i32 0"   --->   Operation 92 'specinterface' 'specinterface_ln0' <Predicate = true> <Delay = 0.00>
ST_4 : Operation 93 [1/1] (0.00ns)   --->   "%empty_187 = specchannel i32 @_ssdm_op_SpecChannel, void @unicast_vlan128_macaddr_lsb_c_str, i32 1, void @p_str, void @p_str, i32 3, i32 0, i32 %unicast_vlan128_macaddr_lsb_c, i32 %unicast_vlan128_macaddr_lsb_c"   --->   Operation 93 'specchannel' 'empty_187' <Predicate = true> <Delay = 0.00>
ST_4 : Operation 94 [1/1] (0.00ns)   --->   "%specinterface_ln0 = specinterface void @_ssdm_op_SpecInterface, i32 %unicast_vlan128_macaddr_lsb_c, void @ap_fifo_str, i32 0, i32 0, void @p_str, i32 0, i32 0, void @p_str, void @p_str, void @p_str, i32 2, i32 2, i32 16, i32 16, void @p_str, void @p_str, i32 4294967295, i32 0"   --->   Operation 94 'specinterface' 'specinterface_ln0' <Predicate = true> <Delay = 0.00>
ST_4 : Operation 95 [1/1] (0.00ns)   --->   "%empty_188 = specchannel i32 @_ssdm_op_SpecChannel, void @unicast_vlan127_macaddr_msb_c_str, i32 1, void @p_str, void @p_str, i32 3, i32 0, i16 %unicast_vlan127_macaddr_msb_c, i16 %unicast_vlan127_macaddr_msb_c"   --->   Operation 95 'specchannel' 'empty_188' <Predicate = true> <Delay = 0.00>
ST_4 : Operation 96 [1/1] (0.00ns)   --->   "%specinterface_ln0 = specinterface void @_ssdm_op_SpecInterface, i16 %unicast_vlan127_macaddr_msb_c, void @ap_fifo_str, i32 0, i32 0, void @p_str, i32 0, i32 0, void @p_str, void @p_str, void @p_str, i32 2, i32 2, i32 16, i32 16, void @p_str, void @p_str, i32 4294967295, i32 0"   --->   Operation 96 'specinterface' 'specinterface_ln0' <Predicate = true> <Delay = 0.00>
ST_4 : Operation 97 [1/1] (0.00ns)   --->   "%empty_189 = specchannel i32 @_ssdm_op_SpecChannel, void @unicast_vlan127_macaddr_lsb_c_str, i32 1, void @p_str, void @p_str, i32 3, i32 0, i32 %unicast_vlan127_macaddr_lsb_c, i32 %unicast_vlan127_macaddr_lsb_c"   --->   Operation 97 'specchannel' 'empty_189' <Predicate = true> <Delay = 0.00>
ST_4 : Operation 98 [1/1] (0.00ns)   --->   "%specinterface_ln0 = specinterface void @_ssdm_op_SpecInterface, i32 %unicast_vlan127_macaddr_lsb_c, void @ap_fifo_str, i32 0, i32 0, void @p_str, i32 0, i32 0, void @p_str, void @p_str, void @p_str, i32 2, i32 2, i32 16, i32 16, void @p_str, void @p_str, i32 4294967295, i32 0"   --->   Operation 98 'specinterface' 'specinterface_ln0' <Predicate = true> <Delay = 0.00>
ST_4 : Operation 99 [1/1] (0.00ns)   --->   "%empty_190 = specchannel i32 @_ssdm_op_SpecChannel, void @unicast_vlan126_macaddr_msb_c_str, i32 1, void @p_str, void @p_str, i32 3, i32 0, i16 %unicast_vlan126_macaddr_msb_c, i16 %unicast_vlan126_macaddr_msb_c"   --->   Operation 99 'specchannel' 'empty_190' <Predicate = true> <Delay = 0.00>
ST_4 : Operation 100 [1/1] (0.00ns)   --->   "%specinterface_ln0 = specinterface void @_ssdm_op_SpecInterface, i16 %unicast_vlan126_macaddr_msb_c, void @ap_fifo_str, i32 0, i32 0, void @p_str, i32 0, i32 0, void @p_str, void @p_str, void @p_str, i32 2, i32 2, i32 16, i32 16, void @p_str, void @p_str, i32 4294967295, i32 0"   --->   Operation 100 'specinterface' 'specinterface_ln0' <Predicate = true> <Delay = 0.00>
ST_4 : Operation 101 [1/1] (0.00ns)   --->   "%empty_191 = specchannel i32 @_ssdm_op_SpecChannel, void @unicast_vlan126_macaddr_lsb_c_str, i32 1, void @p_str, void @p_str, i32 3, i32 0, i32 %unicast_vlan126_macaddr_lsb_c, i32 %unicast_vlan126_macaddr_lsb_c"   --->   Operation 101 'specchannel' 'empty_191' <Predicate = true> <Delay = 0.00>
ST_4 : Operation 102 [1/1] (0.00ns)   --->   "%specinterface_ln0 = specinterface void @_ssdm_op_SpecInterface, i32 %unicast_vlan126_macaddr_lsb_c, void @ap_fifo_str, i32 0, i32 0, void @p_str, i32 0, i32 0, void @p_str, void @p_str, void @p_str, i32 2, i32 2, i32 16, i32 16, void @p_str, void @p_str, i32 4294967295, i32 0"   --->   Operation 102 'specinterface' 'specinterface_ln0' <Predicate = true> <Delay = 0.00>
ST_4 : Operation 103 [1/1] (0.00ns)   --->   "%empty_192 = specchannel i32 @_ssdm_op_SpecChannel, void @unicast_vlan125_macaddr_msb_c_str, i32 1, void @p_str, void @p_str, i32 3, i32 0, i16 %unicast_vlan125_macaddr_msb_c, i16 %unicast_vlan125_macaddr_msb_c"   --->   Operation 103 'specchannel' 'empty_192' <Predicate = true> <Delay = 0.00>
ST_4 : Operation 104 [1/1] (0.00ns)   --->   "%specinterface_ln0 = specinterface void @_ssdm_op_SpecInterface, i16 %unicast_vlan125_macaddr_msb_c, void @ap_fifo_str, i32 0, i32 0, void @p_str, i32 0, i32 0, void @p_str, void @p_str, void @p_str, i32 2, i32 2, i32 16, i32 16, void @p_str, void @p_str, i32 4294967295, i32 0"   --->   Operation 104 'specinterface' 'specinterface_ln0' <Predicate = true> <Delay = 0.00>
ST_4 : Operation 105 [1/1] (0.00ns)   --->   "%empty_193 = specchannel i32 @_ssdm_op_SpecChannel, void @unicast_vlan125_macaddr_lsb_c_str, i32 1, void @p_str, void @p_str, i32 3, i32 0, i32 %unicast_vlan125_macaddr_lsb_c, i32 %unicast_vlan125_macaddr_lsb_c"   --->   Operation 105 'specchannel' 'empty_193' <Predicate = true> <Delay = 0.00>
ST_4 : Operation 106 [1/1] (0.00ns)   --->   "%specinterface_ln0 = specinterface void @_ssdm_op_SpecInterface, i32 %unicast_vlan125_macaddr_lsb_c, void @ap_fifo_str, i32 0, i32 0, void @p_str, i32 0, i32 0, void @p_str, void @p_str, void @p_str, i32 2, i32 2, i32 16, i32 16, void @p_str, void @p_str, i32 4294967295, i32 0"   --->   Operation 106 'specinterface' 'specinterface_ln0' <Predicate = true> <Delay = 0.00>
ST_4 : Operation 107 [1/1] (0.00ns)   --->   "%empty_194 = specchannel i32 @_ssdm_op_SpecChannel, void @unicast_vlan124_macaddr_msb_c_str, i32 1, void @p_str, void @p_str, i32 3, i32 0, i16 %unicast_vlan124_macaddr_msb_c, i16 %unicast_vlan124_macaddr_msb_c"   --->   Operation 107 'specchannel' 'empty_194' <Predicate = true> <Delay = 0.00>
ST_4 : Operation 108 [1/1] (0.00ns)   --->   "%specinterface_ln0 = specinterface void @_ssdm_op_SpecInterface, i16 %unicast_vlan124_macaddr_msb_c, void @ap_fifo_str, i32 0, i32 0, void @p_str, i32 0, i32 0, void @p_str, void @p_str, void @p_str, i32 2, i32 2, i32 16, i32 16, void @p_str, void @p_str, i32 4294967295, i32 0"   --->   Operation 108 'specinterface' 'specinterface_ln0' <Predicate = true> <Delay = 0.00>
ST_4 : Operation 109 [1/1] (0.00ns)   --->   "%empty_195 = specchannel i32 @_ssdm_op_SpecChannel, void @unicast_vlan124_macaddr_lsb_c_str, i32 1, void @p_str, void @p_str, i32 3, i32 0, i32 %unicast_vlan124_macaddr_lsb_c, i32 %unicast_vlan124_macaddr_lsb_c"   --->   Operation 109 'specchannel' 'empty_195' <Predicate = true> <Delay = 0.00>
ST_4 : Operation 110 [1/1] (0.00ns)   --->   "%specinterface_ln0 = specinterface void @_ssdm_op_SpecInterface, i32 %unicast_vlan124_macaddr_lsb_c, void @ap_fifo_str, i32 0, i32 0, void @p_str, i32 0, i32 0, void @p_str, void @p_str, void @p_str, i32 2, i32 2, i32 16, i32 16, void @p_str, void @p_str, i32 4294967295, i32 0"   --->   Operation 110 'specinterface' 'specinterface_ln0' <Predicate = true> <Delay = 0.00>
ST_4 : Operation 111 [1/1] (0.00ns)   --->   "%empty_196 = specchannel i32 @_ssdm_op_SpecChannel, void @unicast_vlan123_macaddr_msb_c_str, i32 1, void @p_str, void @p_str, i32 3, i32 0, i16 %unicast_vlan123_macaddr_msb_c, i16 %unicast_vlan123_macaddr_msb_c"   --->   Operation 111 'specchannel' 'empty_196' <Predicate = true> <Delay = 0.00>
ST_4 : Operation 112 [1/1] (0.00ns)   --->   "%specinterface_ln0 = specinterface void @_ssdm_op_SpecInterface, i16 %unicast_vlan123_macaddr_msb_c, void @ap_fifo_str, i32 0, i32 0, void @p_str, i32 0, i32 0, void @p_str, void @p_str, void @p_str, i32 2, i32 2, i32 16, i32 16, void @p_str, void @p_str, i32 4294967295, i32 0"   --->   Operation 112 'specinterface' 'specinterface_ln0' <Predicate = true> <Delay = 0.00>
ST_4 : Operation 113 [1/1] (0.00ns)   --->   "%empty_197 = specchannel i32 @_ssdm_op_SpecChannel, void @unicast_vlan123_macaddr_lsb_c_str, i32 1, void @p_str, void @p_str, i32 3, i32 0, i32 %unicast_vlan123_macaddr_lsb_c, i32 %unicast_vlan123_macaddr_lsb_c"   --->   Operation 113 'specchannel' 'empty_197' <Predicate = true> <Delay = 0.00>
ST_4 : Operation 114 [1/1] (0.00ns)   --->   "%specinterface_ln0 = specinterface void @_ssdm_op_SpecInterface, i32 %unicast_vlan123_macaddr_lsb_c, void @ap_fifo_str, i32 0, i32 0, void @p_str, i32 0, i32 0, void @p_str, void @p_str, void @p_str, i32 2, i32 2, i32 16, i32 16, void @p_str, void @p_str, i32 4294967295, i32 0"   --->   Operation 114 'specinterface' 'specinterface_ln0' <Predicate = true> <Delay = 0.00>
ST_4 : Operation 115 [1/1] (0.00ns)   --->   "%empty_198 = specchannel i32 @_ssdm_op_SpecChannel, void @unicast_vlan122_macaddr_msb_c_str, i32 1, void @p_str, void @p_str, i32 3, i32 0, i16 %unicast_vlan122_macaddr_msb_c, i16 %unicast_vlan122_macaddr_msb_c"   --->   Operation 115 'specchannel' 'empty_198' <Predicate = true> <Delay = 0.00>
ST_4 : Operation 116 [1/1] (0.00ns)   --->   "%specinterface_ln0 = specinterface void @_ssdm_op_SpecInterface, i16 %unicast_vlan122_macaddr_msb_c, void @ap_fifo_str, i32 0, i32 0, void @p_str, i32 0, i32 0, void @p_str, void @p_str, void @p_str, i32 2, i32 2, i32 16, i32 16, void @p_str, void @p_str, i32 4294967295, i32 0"   --->   Operation 116 'specinterface' 'specinterface_ln0' <Predicate = true> <Delay = 0.00>
ST_4 : Operation 117 [1/1] (0.00ns)   --->   "%empty_199 = specchannel i32 @_ssdm_op_SpecChannel, void @unicast_vlan122_macaddr_lsb_c_str, i32 1, void @p_str, void @p_str, i32 3, i32 0, i32 %unicast_vlan122_macaddr_lsb_c, i32 %unicast_vlan122_macaddr_lsb_c"   --->   Operation 117 'specchannel' 'empty_199' <Predicate = true> <Delay = 0.00>
ST_4 : Operation 118 [1/1] (0.00ns)   --->   "%specinterface_ln0 = specinterface void @_ssdm_op_SpecInterface, i32 %unicast_vlan122_macaddr_lsb_c, void @ap_fifo_str, i32 0, i32 0, void @p_str, i32 0, i32 0, void @p_str, void @p_str, void @p_str, i32 2, i32 2, i32 16, i32 16, void @p_str, void @p_str, i32 4294967295, i32 0"   --->   Operation 118 'specinterface' 'specinterface_ln0' <Predicate = true> <Delay = 0.00>
ST_4 : Operation 119 [1/1] (0.00ns)   --->   "%empty_200 = specchannel i32 @_ssdm_op_SpecChannel, void @unicast_vlan121_macaddr_msb_c_str, i32 1, void @p_str, void @p_str, i32 3, i32 0, i16 %unicast_vlan121_macaddr_msb_c, i16 %unicast_vlan121_macaddr_msb_c"   --->   Operation 119 'specchannel' 'empty_200' <Predicate = true> <Delay = 0.00>
ST_4 : Operation 120 [1/1] (0.00ns)   --->   "%specinterface_ln0 = specinterface void @_ssdm_op_SpecInterface, i16 %unicast_vlan121_macaddr_msb_c, void @ap_fifo_str, i32 0, i32 0, void @p_str, i32 0, i32 0, void @p_str, void @p_str, void @p_str, i32 2, i32 2, i32 16, i32 16, void @p_str, void @p_str, i32 4294967295, i32 0"   --->   Operation 120 'specinterface' 'specinterface_ln0' <Predicate = true> <Delay = 0.00>
ST_4 : Operation 121 [1/1] (0.00ns)   --->   "%empty_201 = specchannel i32 @_ssdm_op_SpecChannel, void @unicast_vlan121_macaddr_lsb_c_str, i32 1, void @p_str, void @p_str, i32 3, i32 0, i32 %unicast_vlan121_macaddr_lsb_c, i32 %unicast_vlan121_macaddr_lsb_c"   --->   Operation 121 'specchannel' 'empty_201' <Predicate = true> <Delay = 0.00>
ST_4 : Operation 122 [1/1] (0.00ns)   --->   "%specinterface_ln0 = specinterface void @_ssdm_op_SpecInterface, i32 %unicast_vlan121_macaddr_lsb_c, void @ap_fifo_str, i32 0, i32 0, void @p_str, i32 0, i32 0, void @p_str, void @p_str, void @p_str, i32 2, i32 2, i32 16, i32 16, void @p_str, void @p_str, i32 4294967295, i32 0"   --->   Operation 122 'specinterface' 'specinterface_ln0' <Predicate = true> <Delay = 0.00>
ST_4 : Operation 123 [1/1] (0.00ns)   --->   "%empty_202 = specchannel i32 @_ssdm_op_SpecChannel, void @unicast_vlan120_macaddr_msb_c_str, i32 1, void @p_str, void @p_str, i32 3, i32 0, i16 %unicast_vlan120_macaddr_msb_c, i16 %unicast_vlan120_macaddr_msb_c"   --->   Operation 123 'specchannel' 'empty_202' <Predicate = true> <Delay = 0.00>
ST_4 : Operation 124 [1/1] (0.00ns)   --->   "%specinterface_ln0 = specinterface void @_ssdm_op_SpecInterface, i16 %unicast_vlan120_macaddr_msb_c, void @ap_fifo_str, i32 0, i32 0, void @p_str, i32 0, i32 0, void @p_str, void @p_str, void @p_str, i32 2, i32 2, i32 16, i32 16, void @p_str, void @p_str, i32 4294967295, i32 0"   --->   Operation 124 'specinterface' 'specinterface_ln0' <Predicate = true> <Delay = 0.00>
ST_4 : Operation 125 [1/1] (0.00ns)   --->   "%empty_203 = specchannel i32 @_ssdm_op_SpecChannel, void @unicast_vlan120_macaddr_lsb_c_str, i32 1, void @p_str, void @p_str, i32 3, i32 0, i32 %unicast_vlan120_macaddr_lsb_c, i32 %unicast_vlan120_macaddr_lsb_c"   --->   Operation 125 'specchannel' 'empty_203' <Predicate = true> <Delay = 0.00>
ST_4 : Operation 126 [1/1] (0.00ns)   --->   "%specinterface_ln0 = specinterface void @_ssdm_op_SpecInterface, i32 %unicast_vlan120_macaddr_lsb_c, void @ap_fifo_str, i32 0, i32 0, void @p_str, i32 0, i32 0, void @p_str, void @p_str, void @p_str, i32 2, i32 2, i32 16, i32 16, void @p_str, void @p_str, i32 4294967295, i32 0"   --->   Operation 126 'specinterface' 'specinterface_ln0' <Predicate = true> <Delay = 0.00>
ST_4 : Operation 127 [1/1] (0.00ns)   --->   "%empty_204 = specchannel i32 @_ssdm_op_SpecChannel, void @unicast_vlan119_macaddr_msb_c_str, i32 1, void @p_str, void @p_str, i32 3, i32 0, i16 %unicast_vlan119_macaddr_msb_c, i16 %unicast_vlan119_macaddr_msb_c"   --->   Operation 127 'specchannel' 'empty_204' <Predicate = true> <Delay = 0.00>
ST_4 : Operation 128 [1/1] (0.00ns)   --->   "%specinterface_ln0 = specinterface void @_ssdm_op_SpecInterface, i16 %unicast_vlan119_macaddr_msb_c, void @ap_fifo_str, i32 0, i32 0, void @p_str, i32 0, i32 0, void @p_str, void @p_str, void @p_str, i32 2, i32 2, i32 16, i32 16, void @p_str, void @p_str, i32 4294967295, i32 0"   --->   Operation 128 'specinterface' 'specinterface_ln0' <Predicate = true> <Delay = 0.00>
ST_4 : Operation 129 [1/1] (0.00ns)   --->   "%empty_205 = specchannel i32 @_ssdm_op_SpecChannel, void @unicast_vlan119_macaddr_lsb_c_str, i32 1, void @p_str, void @p_str, i32 3, i32 0, i32 %unicast_vlan119_macaddr_lsb_c, i32 %unicast_vlan119_macaddr_lsb_c"   --->   Operation 129 'specchannel' 'empty_205' <Predicate = true> <Delay = 0.00>
ST_4 : Operation 130 [1/1] (0.00ns)   --->   "%specinterface_ln0 = specinterface void @_ssdm_op_SpecInterface, i32 %unicast_vlan119_macaddr_lsb_c, void @ap_fifo_str, i32 0, i32 0, void @p_str, i32 0, i32 0, void @p_str, void @p_str, void @p_str, i32 2, i32 2, i32 16, i32 16, void @p_str, void @p_str, i32 4294967295, i32 0"   --->   Operation 130 'specinterface' 'specinterface_ln0' <Predicate = true> <Delay = 0.00>
ST_4 : Operation 131 [1/1] (0.00ns)   --->   "%empty_206 = specchannel i32 @_ssdm_op_SpecChannel, void @unicast_vlan118_macaddr_msb_c_str, i32 1, void @p_str, void @p_str, i32 3, i32 0, i16 %unicast_vlan118_macaddr_msb_c, i16 %unicast_vlan118_macaddr_msb_c"   --->   Operation 131 'specchannel' 'empty_206' <Predicate = true> <Delay = 0.00>
ST_4 : Operation 132 [1/1] (0.00ns)   --->   "%specinterface_ln0 = specinterface void @_ssdm_op_SpecInterface, i16 %unicast_vlan118_macaddr_msb_c, void @ap_fifo_str, i32 0, i32 0, void @p_str, i32 0, i32 0, void @p_str, void @p_str, void @p_str, i32 2, i32 2, i32 16, i32 16, void @p_str, void @p_str, i32 4294967295, i32 0"   --->   Operation 132 'specinterface' 'specinterface_ln0' <Predicate = true> <Delay = 0.00>
ST_4 : Operation 133 [1/1] (0.00ns)   --->   "%empty_207 = specchannel i32 @_ssdm_op_SpecChannel, void @unicast_vlan118_macaddr_lsb_c_str, i32 1, void @p_str, void @p_str, i32 3, i32 0, i32 %unicast_vlan118_macaddr_lsb_c, i32 %unicast_vlan118_macaddr_lsb_c"   --->   Operation 133 'specchannel' 'empty_207' <Predicate = true> <Delay = 0.00>
ST_4 : Operation 134 [1/1] (0.00ns)   --->   "%specinterface_ln0 = specinterface void @_ssdm_op_SpecInterface, i32 %unicast_vlan118_macaddr_lsb_c, void @ap_fifo_str, i32 0, i32 0, void @p_str, i32 0, i32 0, void @p_str, void @p_str, void @p_str, i32 2, i32 2, i32 16, i32 16, void @p_str, void @p_str, i32 4294967295, i32 0"   --->   Operation 134 'specinterface' 'specinterface_ln0' <Predicate = true> <Delay = 0.00>
ST_4 : Operation 135 [1/1] (0.00ns)   --->   "%empty_208 = specchannel i32 @_ssdm_op_SpecChannel, void @unicast_vlan117_macaddr_msb_c_str, i32 1, void @p_str, void @p_str, i32 3, i32 0, i16 %unicast_vlan117_macaddr_msb_c, i16 %unicast_vlan117_macaddr_msb_c"   --->   Operation 135 'specchannel' 'empty_208' <Predicate = true> <Delay = 0.00>
ST_4 : Operation 136 [1/1] (0.00ns)   --->   "%specinterface_ln0 = specinterface void @_ssdm_op_SpecInterface, i16 %unicast_vlan117_macaddr_msb_c, void @ap_fifo_str, i32 0, i32 0, void @p_str, i32 0, i32 0, void @p_str, void @p_str, void @p_str, i32 2, i32 2, i32 16, i32 16, void @p_str, void @p_str, i32 4294967295, i32 0"   --->   Operation 136 'specinterface' 'specinterface_ln0' <Predicate = true> <Delay = 0.00>
ST_4 : Operation 137 [1/1] (0.00ns)   --->   "%empty_209 = specchannel i32 @_ssdm_op_SpecChannel, void @unicast_vlan117_macaddr_lsb_c_str, i32 1, void @p_str, void @p_str, i32 3, i32 0, i32 %unicast_vlan117_macaddr_lsb_c, i32 %unicast_vlan117_macaddr_lsb_c"   --->   Operation 137 'specchannel' 'empty_209' <Predicate = true> <Delay = 0.00>
ST_4 : Operation 138 [1/1] (0.00ns)   --->   "%specinterface_ln0 = specinterface void @_ssdm_op_SpecInterface, i32 %unicast_vlan117_macaddr_lsb_c, void @ap_fifo_str, i32 0, i32 0, void @p_str, i32 0, i32 0, void @p_str, void @p_str, void @p_str, i32 2, i32 2, i32 16, i32 16, void @p_str, void @p_str, i32 4294967295, i32 0"   --->   Operation 138 'specinterface' 'specinterface_ln0' <Predicate = true> <Delay = 0.00>
ST_4 : Operation 139 [1/1] (0.00ns)   --->   "%empty_210 = specchannel i32 @_ssdm_op_SpecChannel, void @unicast_vlan116_macaddr_msb_c_str, i32 1, void @p_str, void @p_str, i32 3, i32 0, i16 %unicast_vlan116_macaddr_msb_c, i16 %unicast_vlan116_macaddr_msb_c"   --->   Operation 139 'specchannel' 'empty_210' <Predicate = true> <Delay = 0.00>
ST_4 : Operation 140 [1/1] (0.00ns)   --->   "%specinterface_ln0 = specinterface void @_ssdm_op_SpecInterface, i16 %unicast_vlan116_macaddr_msb_c, void @ap_fifo_str, i32 0, i32 0, void @p_str, i32 0, i32 0, void @p_str, void @p_str, void @p_str, i32 2, i32 2, i32 16, i32 16, void @p_str, void @p_str, i32 4294967295, i32 0"   --->   Operation 140 'specinterface' 'specinterface_ln0' <Predicate = true> <Delay = 0.00>
ST_4 : Operation 141 [1/1] (0.00ns)   --->   "%empty_211 = specchannel i32 @_ssdm_op_SpecChannel, void @unicast_vlan116_macaddr_lsb_c_str, i32 1, void @p_str, void @p_str, i32 3, i32 0, i32 %unicast_vlan116_macaddr_lsb_c, i32 %unicast_vlan116_macaddr_lsb_c"   --->   Operation 141 'specchannel' 'empty_211' <Predicate = true> <Delay = 0.00>
ST_4 : Operation 142 [1/1] (0.00ns)   --->   "%specinterface_ln0 = specinterface void @_ssdm_op_SpecInterface, i32 %unicast_vlan116_macaddr_lsb_c, void @ap_fifo_str, i32 0, i32 0, void @p_str, i32 0, i32 0, void @p_str, void @p_str, void @p_str, i32 2, i32 2, i32 16, i32 16, void @p_str, void @p_str, i32 4294967295, i32 0"   --->   Operation 142 'specinterface' 'specinterface_ln0' <Predicate = true> <Delay = 0.00>
ST_4 : Operation 143 [1/1] (0.00ns)   --->   "%empty_212 = specchannel i32 @_ssdm_op_SpecChannel, void @unicast_vlan115_macaddr_msb_c_str, i32 1, void @p_str, void @p_str, i32 3, i32 0, i16 %unicast_vlan115_macaddr_msb_c, i16 %unicast_vlan115_macaddr_msb_c"   --->   Operation 143 'specchannel' 'empty_212' <Predicate = true> <Delay = 0.00>
ST_4 : Operation 144 [1/1] (0.00ns)   --->   "%specinterface_ln0 = specinterface void @_ssdm_op_SpecInterface, i16 %unicast_vlan115_macaddr_msb_c, void @ap_fifo_str, i32 0, i32 0, void @p_str, i32 0, i32 0, void @p_str, void @p_str, void @p_str, i32 2, i32 2, i32 16, i32 16, void @p_str, void @p_str, i32 4294967295, i32 0"   --->   Operation 144 'specinterface' 'specinterface_ln0' <Predicate = true> <Delay = 0.00>
ST_4 : Operation 145 [1/1] (0.00ns)   --->   "%empty_213 = specchannel i32 @_ssdm_op_SpecChannel, void @unicast_vlan115_macaddr_lsb_c_str, i32 1, void @p_str, void @p_str, i32 3, i32 0, i32 %unicast_vlan115_macaddr_lsb_c, i32 %unicast_vlan115_macaddr_lsb_c"   --->   Operation 145 'specchannel' 'empty_213' <Predicate = true> <Delay = 0.00>
ST_4 : Operation 146 [1/1] (0.00ns)   --->   "%specinterface_ln0 = specinterface void @_ssdm_op_SpecInterface, i32 %unicast_vlan115_macaddr_lsb_c, void @ap_fifo_str, i32 0, i32 0, void @p_str, i32 0, i32 0, void @p_str, void @p_str, void @p_str, i32 2, i32 2, i32 16, i32 16, void @p_str, void @p_str, i32 4294967295, i32 0"   --->   Operation 146 'specinterface' 'specinterface_ln0' <Predicate = true> <Delay = 0.00>
ST_4 : Operation 147 [1/1] (0.00ns)   --->   "%empty_214 = specchannel i32 @_ssdm_op_SpecChannel, void @unicast_vlan114_macaddr_msb_c_str, i32 1, void @p_str, void @p_str, i32 3, i32 0, i16 %unicast_vlan114_macaddr_msb_c, i16 %unicast_vlan114_macaddr_msb_c"   --->   Operation 147 'specchannel' 'empty_214' <Predicate = true> <Delay = 0.00>
ST_4 : Operation 148 [1/1] (0.00ns)   --->   "%specinterface_ln0 = specinterface void @_ssdm_op_SpecInterface, i16 %unicast_vlan114_macaddr_msb_c, void @ap_fifo_str, i32 0, i32 0, void @p_str, i32 0, i32 0, void @p_str, void @p_str, void @p_str, i32 2, i32 2, i32 16, i32 16, void @p_str, void @p_str, i32 4294967295, i32 0"   --->   Operation 148 'specinterface' 'specinterface_ln0' <Predicate = true> <Delay = 0.00>
ST_4 : Operation 149 [1/1] (0.00ns)   --->   "%empty_215 = specchannel i32 @_ssdm_op_SpecChannel, void @unicast_vlan114_macaddr_lsb_c_str, i32 1, void @p_str, void @p_str, i32 3, i32 0, i32 %unicast_vlan114_macaddr_lsb_c, i32 %unicast_vlan114_macaddr_lsb_c"   --->   Operation 149 'specchannel' 'empty_215' <Predicate = true> <Delay = 0.00>
ST_4 : Operation 150 [1/1] (0.00ns)   --->   "%specinterface_ln0 = specinterface void @_ssdm_op_SpecInterface, i32 %unicast_vlan114_macaddr_lsb_c, void @ap_fifo_str, i32 0, i32 0, void @p_str, i32 0, i32 0, void @p_str, void @p_str, void @p_str, i32 2, i32 2, i32 16, i32 16, void @p_str, void @p_str, i32 4294967295, i32 0"   --->   Operation 150 'specinterface' 'specinterface_ln0' <Predicate = true> <Delay = 0.00>
ST_4 : Operation 151 [1/1] (0.00ns)   --->   "%empty_216 = specchannel i32 @_ssdm_op_SpecChannel, void @unicast_vlan113_macaddr_msb_c_str, i32 1, void @p_str, void @p_str, i32 3, i32 0, i16 %unicast_vlan113_macaddr_msb_c, i16 %unicast_vlan113_macaddr_msb_c"   --->   Operation 151 'specchannel' 'empty_216' <Predicate = true> <Delay = 0.00>
ST_4 : Operation 152 [1/1] (0.00ns)   --->   "%specinterface_ln0 = specinterface void @_ssdm_op_SpecInterface, i16 %unicast_vlan113_macaddr_msb_c, void @ap_fifo_str, i32 0, i32 0, void @p_str, i32 0, i32 0, void @p_str, void @p_str, void @p_str, i32 2, i32 2, i32 16, i32 16, void @p_str, void @p_str, i32 4294967295, i32 0"   --->   Operation 152 'specinterface' 'specinterface_ln0' <Predicate = true> <Delay = 0.00>
ST_4 : Operation 153 [1/1] (0.00ns)   --->   "%empty_217 = specchannel i32 @_ssdm_op_SpecChannel, void @unicast_vlan113_macaddr_lsb_c_str, i32 1, void @p_str, void @p_str, i32 3, i32 0, i32 %unicast_vlan113_macaddr_lsb_c, i32 %unicast_vlan113_macaddr_lsb_c"   --->   Operation 153 'specchannel' 'empty_217' <Predicate = true> <Delay = 0.00>
ST_4 : Operation 154 [1/1] (0.00ns)   --->   "%specinterface_ln0 = specinterface void @_ssdm_op_SpecInterface, i32 %unicast_vlan113_macaddr_lsb_c, void @ap_fifo_str, i32 0, i32 0, void @p_str, i32 0, i32 0, void @p_str, void @p_str, void @p_str, i32 2, i32 2, i32 16, i32 16, void @p_str, void @p_str, i32 4294967295, i32 0"   --->   Operation 154 'specinterface' 'specinterface_ln0' <Predicate = true> <Delay = 0.00>
ST_4 : Operation 155 [1/1] (0.00ns)   --->   "%empty_218 = specchannel i32 @_ssdm_op_SpecChannel, void @unicast_vlan112_macaddr_msb_c_str, i32 1, void @p_str, void @p_str, i32 3, i32 0, i16 %unicast_vlan112_macaddr_msb_c, i16 %unicast_vlan112_macaddr_msb_c"   --->   Operation 155 'specchannel' 'empty_218' <Predicate = true> <Delay = 0.00>
ST_4 : Operation 156 [1/1] (0.00ns)   --->   "%specinterface_ln0 = specinterface void @_ssdm_op_SpecInterface, i16 %unicast_vlan112_macaddr_msb_c, void @ap_fifo_str, i32 0, i32 0, void @p_str, i32 0, i32 0, void @p_str, void @p_str, void @p_str, i32 2, i32 2, i32 16, i32 16, void @p_str, void @p_str, i32 4294967295, i32 0"   --->   Operation 156 'specinterface' 'specinterface_ln0' <Predicate = true> <Delay = 0.00>
ST_4 : Operation 157 [1/1] (0.00ns)   --->   "%empty_219 = specchannel i32 @_ssdm_op_SpecChannel, void @unicast_vlan112_macaddr_lsb_c_str, i32 1, void @p_str, void @p_str, i32 3, i32 0, i32 %unicast_vlan112_macaddr_lsb_c, i32 %unicast_vlan112_macaddr_lsb_c"   --->   Operation 157 'specchannel' 'empty_219' <Predicate = true> <Delay = 0.00>
ST_4 : Operation 158 [1/1] (0.00ns)   --->   "%specinterface_ln0 = specinterface void @_ssdm_op_SpecInterface, i32 %unicast_vlan112_macaddr_lsb_c, void @ap_fifo_str, i32 0, i32 0, void @p_str, i32 0, i32 0, void @p_str, void @p_str, void @p_str, i32 2, i32 2, i32 16, i32 16, void @p_str, void @p_str, i32 4294967295, i32 0"   --->   Operation 158 'specinterface' 'specinterface_ln0' <Predicate = true> <Delay = 0.00>
ST_4 : Operation 159 [1/1] (0.00ns)   --->   "%empty_220 = specchannel i32 @_ssdm_op_SpecChannel, void @unicast_vlan111_macaddr_msb_c_str, i32 1, void @p_str, void @p_str, i32 3, i32 0, i16 %unicast_vlan111_macaddr_msb_c, i16 %unicast_vlan111_macaddr_msb_c"   --->   Operation 159 'specchannel' 'empty_220' <Predicate = true> <Delay = 0.00>
ST_4 : Operation 160 [1/1] (0.00ns)   --->   "%specinterface_ln0 = specinterface void @_ssdm_op_SpecInterface, i16 %unicast_vlan111_macaddr_msb_c, void @ap_fifo_str, i32 0, i32 0, void @p_str, i32 0, i32 0, void @p_str, void @p_str, void @p_str, i32 2, i32 2, i32 16, i32 16, void @p_str, void @p_str, i32 4294967295, i32 0"   --->   Operation 160 'specinterface' 'specinterface_ln0' <Predicate = true> <Delay = 0.00>
ST_4 : Operation 161 [1/1] (0.00ns)   --->   "%empty_221 = specchannel i32 @_ssdm_op_SpecChannel, void @unicast_vlan111_macaddr_lsb_c_str, i32 1, void @p_str, void @p_str, i32 3, i32 0, i32 %unicast_vlan111_macaddr_lsb_c, i32 %unicast_vlan111_macaddr_lsb_c"   --->   Operation 161 'specchannel' 'empty_221' <Predicate = true> <Delay = 0.00>
ST_4 : Operation 162 [1/1] (0.00ns)   --->   "%specinterface_ln0 = specinterface void @_ssdm_op_SpecInterface, i32 %unicast_vlan111_macaddr_lsb_c, void @ap_fifo_str, i32 0, i32 0, void @p_str, i32 0, i32 0, void @p_str, void @p_str, void @p_str, i32 2, i32 2, i32 16, i32 16, void @p_str, void @p_str, i32 4294967295, i32 0"   --->   Operation 162 'specinterface' 'specinterface_ln0' <Predicate = true> <Delay = 0.00>
ST_4 : Operation 163 [1/1] (0.00ns)   --->   "%empty_222 = specchannel i32 @_ssdm_op_SpecChannel, void @unicast_vlan110_macaddr_msb_c_str, i32 1, void @p_str, void @p_str, i32 3, i32 0, i16 %unicast_vlan110_macaddr_msb_c, i16 %unicast_vlan110_macaddr_msb_c"   --->   Operation 163 'specchannel' 'empty_222' <Predicate = true> <Delay = 0.00>
ST_4 : Operation 164 [1/1] (0.00ns)   --->   "%specinterface_ln0 = specinterface void @_ssdm_op_SpecInterface, i16 %unicast_vlan110_macaddr_msb_c, void @ap_fifo_str, i32 0, i32 0, void @p_str, i32 0, i32 0, void @p_str, void @p_str, void @p_str, i32 2, i32 2, i32 16, i32 16, void @p_str, void @p_str, i32 4294967295, i32 0"   --->   Operation 164 'specinterface' 'specinterface_ln0' <Predicate = true> <Delay = 0.00>
ST_4 : Operation 165 [1/1] (0.00ns)   --->   "%empty_223 = specchannel i32 @_ssdm_op_SpecChannel, void @unicast_vlan110_macaddr_lsb_c_str, i32 1, void @p_str, void @p_str, i32 3, i32 0, i32 %unicast_vlan110_macaddr_lsb_c, i32 %unicast_vlan110_macaddr_lsb_c"   --->   Operation 165 'specchannel' 'empty_223' <Predicate = true> <Delay = 0.00>
ST_4 : Operation 166 [1/1] (0.00ns)   --->   "%specinterface_ln0 = specinterface void @_ssdm_op_SpecInterface, i32 %unicast_vlan110_macaddr_lsb_c, void @ap_fifo_str, i32 0, i32 0, void @p_str, i32 0, i32 0, void @p_str, void @p_str, void @p_str, i32 2, i32 2, i32 16, i32 16, void @p_str, void @p_str, i32 4294967295, i32 0"   --->   Operation 166 'specinterface' 'specinterface_ln0' <Predicate = true> <Delay = 0.00>
ST_4 : Operation 167 [1/1] (0.00ns)   --->   "%empty_224 = specchannel i32 @_ssdm_op_SpecChannel, void @unicast_vlan109_macaddr_msb_c_str, i32 1, void @p_str, void @p_str, i32 3, i32 0, i16 %unicast_vlan109_macaddr_msb_c, i16 %unicast_vlan109_macaddr_msb_c"   --->   Operation 167 'specchannel' 'empty_224' <Predicate = true> <Delay = 0.00>
ST_4 : Operation 168 [1/1] (0.00ns)   --->   "%specinterface_ln0 = specinterface void @_ssdm_op_SpecInterface, i16 %unicast_vlan109_macaddr_msb_c, void @ap_fifo_str, i32 0, i32 0, void @p_str, i32 0, i32 0, void @p_str, void @p_str, void @p_str, i32 2, i32 2, i32 16, i32 16, void @p_str, void @p_str, i32 4294967295, i32 0"   --->   Operation 168 'specinterface' 'specinterface_ln0' <Predicate = true> <Delay = 0.00>
ST_4 : Operation 169 [1/1] (0.00ns)   --->   "%empty_225 = specchannel i32 @_ssdm_op_SpecChannel, void @unicast_vlan109_macaddr_lsb_c_str, i32 1, void @p_str, void @p_str, i32 3, i32 0, i32 %unicast_vlan109_macaddr_lsb_c, i32 %unicast_vlan109_macaddr_lsb_c"   --->   Operation 169 'specchannel' 'empty_225' <Predicate = true> <Delay = 0.00>
ST_4 : Operation 170 [1/1] (0.00ns)   --->   "%specinterface_ln0 = specinterface void @_ssdm_op_SpecInterface, i32 %unicast_vlan109_macaddr_lsb_c, void @ap_fifo_str, i32 0, i32 0, void @p_str, i32 0, i32 0, void @p_str, void @p_str, void @p_str, i32 2, i32 2, i32 16, i32 16, void @p_str, void @p_str, i32 4294967295, i32 0"   --->   Operation 170 'specinterface' 'specinterface_ln0' <Predicate = true> <Delay = 0.00>
ST_4 : Operation 171 [1/1] (0.00ns)   --->   "%empty_226 = specchannel i32 @_ssdm_op_SpecChannel, void @unicast_vlan108_macaddr_msb_c_str, i32 1, void @p_str, void @p_str, i32 3, i32 0, i16 %unicast_vlan108_macaddr_msb_c, i16 %unicast_vlan108_macaddr_msb_c"   --->   Operation 171 'specchannel' 'empty_226' <Predicate = true> <Delay = 0.00>
ST_4 : Operation 172 [1/1] (0.00ns)   --->   "%specinterface_ln0 = specinterface void @_ssdm_op_SpecInterface, i16 %unicast_vlan108_macaddr_msb_c, void @ap_fifo_str, i32 0, i32 0, void @p_str, i32 0, i32 0, void @p_str, void @p_str, void @p_str, i32 2, i32 2, i32 16, i32 16, void @p_str, void @p_str, i32 4294967295, i32 0"   --->   Operation 172 'specinterface' 'specinterface_ln0' <Predicate = true> <Delay = 0.00>
ST_4 : Operation 173 [1/1] (0.00ns)   --->   "%empty_227 = specchannel i32 @_ssdm_op_SpecChannel, void @unicast_vlan108_macaddr_lsb_c_str, i32 1, void @p_str, void @p_str, i32 3, i32 0, i32 %unicast_vlan108_macaddr_lsb_c, i32 %unicast_vlan108_macaddr_lsb_c"   --->   Operation 173 'specchannel' 'empty_227' <Predicate = true> <Delay = 0.00>
ST_4 : Operation 174 [1/1] (0.00ns)   --->   "%specinterface_ln0 = specinterface void @_ssdm_op_SpecInterface, i32 %unicast_vlan108_macaddr_lsb_c, void @ap_fifo_str, i32 0, i32 0, void @p_str, i32 0, i32 0, void @p_str, void @p_str, void @p_str, i32 2, i32 2, i32 16, i32 16, void @p_str, void @p_str, i32 4294967295, i32 0"   --->   Operation 174 'specinterface' 'specinterface_ln0' <Predicate = true> <Delay = 0.00>
ST_4 : Operation 175 [1/1] (0.00ns)   --->   "%empty_228 = specchannel i32 @_ssdm_op_SpecChannel, void @unicast_vlan107_macaddr_msb_c_str, i32 1, void @p_str, void @p_str, i32 3, i32 0, i16 %unicast_vlan107_macaddr_msb_c, i16 %unicast_vlan107_macaddr_msb_c"   --->   Operation 175 'specchannel' 'empty_228' <Predicate = true> <Delay = 0.00>
ST_4 : Operation 176 [1/1] (0.00ns)   --->   "%specinterface_ln0 = specinterface void @_ssdm_op_SpecInterface, i16 %unicast_vlan107_macaddr_msb_c, void @ap_fifo_str, i32 0, i32 0, void @p_str, i32 0, i32 0, void @p_str, void @p_str, void @p_str, i32 2, i32 2, i32 16, i32 16, void @p_str, void @p_str, i32 4294967295, i32 0"   --->   Operation 176 'specinterface' 'specinterface_ln0' <Predicate = true> <Delay = 0.00>
ST_4 : Operation 177 [1/1] (0.00ns)   --->   "%empty_229 = specchannel i32 @_ssdm_op_SpecChannel, void @unicast_vlan107_macaddr_lsb_c_str, i32 1, void @p_str, void @p_str, i32 3, i32 0, i32 %unicast_vlan107_macaddr_lsb_c, i32 %unicast_vlan107_macaddr_lsb_c"   --->   Operation 177 'specchannel' 'empty_229' <Predicate = true> <Delay = 0.00>
ST_4 : Operation 178 [1/1] (0.00ns)   --->   "%specinterface_ln0 = specinterface void @_ssdm_op_SpecInterface, i32 %unicast_vlan107_macaddr_lsb_c, void @ap_fifo_str, i32 0, i32 0, void @p_str, i32 0, i32 0, void @p_str, void @p_str, void @p_str, i32 2, i32 2, i32 16, i32 16, void @p_str, void @p_str, i32 4294967295, i32 0"   --->   Operation 178 'specinterface' 'specinterface_ln0' <Predicate = true> <Delay = 0.00>
ST_4 : Operation 179 [1/1] (0.00ns)   --->   "%empty_230 = specchannel i32 @_ssdm_op_SpecChannel, void @unicast_vlan106_macaddr_msb_c_str, i32 1, void @p_str, void @p_str, i32 3, i32 0, i16 %unicast_vlan106_macaddr_msb_c, i16 %unicast_vlan106_macaddr_msb_c"   --->   Operation 179 'specchannel' 'empty_230' <Predicate = true> <Delay = 0.00>
ST_4 : Operation 180 [1/1] (0.00ns)   --->   "%specinterface_ln0 = specinterface void @_ssdm_op_SpecInterface, i16 %unicast_vlan106_macaddr_msb_c, void @ap_fifo_str, i32 0, i32 0, void @p_str, i32 0, i32 0, void @p_str, void @p_str, void @p_str, i32 2, i32 2, i32 16, i32 16, void @p_str, void @p_str, i32 4294967295, i32 0"   --->   Operation 180 'specinterface' 'specinterface_ln0' <Predicate = true> <Delay = 0.00>
ST_4 : Operation 181 [1/1] (0.00ns)   --->   "%empty_231 = specchannel i32 @_ssdm_op_SpecChannel, void @unicast_vlan106_macaddr_lsb_c_str, i32 1, void @p_str, void @p_str, i32 3, i32 0, i32 %unicast_vlan106_macaddr_lsb_c, i32 %unicast_vlan106_macaddr_lsb_c"   --->   Operation 181 'specchannel' 'empty_231' <Predicate = true> <Delay = 0.00>
ST_4 : Operation 182 [1/1] (0.00ns)   --->   "%specinterface_ln0 = specinterface void @_ssdm_op_SpecInterface, i32 %unicast_vlan106_macaddr_lsb_c, void @ap_fifo_str, i32 0, i32 0, void @p_str, i32 0, i32 0, void @p_str, void @p_str, void @p_str, i32 2, i32 2, i32 16, i32 16, void @p_str, void @p_str, i32 4294967295, i32 0"   --->   Operation 182 'specinterface' 'specinterface_ln0' <Predicate = true> <Delay = 0.00>
ST_4 : Operation 183 [1/1] (0.00ns)   --->   "%empty_232 = specchannel i32 @_ssdm_op_SpecChannel, void @unicast_vlan105_macaddr_msb_c_str, i32 1, void @p_str, void @p_str, i32 3, i32 0, i16 %unicast_vlan105_macaddr_msb_c, i16 %unicast_vlan105_macaddr_msb_c"   --->   Operation 183 'specchannel' 'empty_232' <Predicate = true> <Delay = 0.00>
ST_4 : Operation 184 [1/1] (0.00ns)   --->   "%specinterface_ln0 = specinterface void @_ssdm_op_SpecInterface, i16 %unicast_vlan105_macaddr_msb_c, void @ap_fifo_str, i32 0, i32 0, void @p_str, i32 0, i32 0, void @p_str, void @p_str, void @p_str, i32 2, i32 2, i32 16, i32 16, void @p_str, void @p_str, i32 4294967295, i32 0"   --->   Operation 184 'specinterface' 'specinterface_ln0' <Predicate = true> <Delay = 0.00>
ST_4 : Operation 185 [1/1] (0.00ns)   --->   "%empty_233 = specchannel i32 @_ssdm_op_SpecChannel, void @unicast_vlan105_macaddr_lsb_c_str, i32 1, void @p_str, void @p_str, i32 3, i32 0, i32 %unicast_vlan105_macaddr_lsb_c, i32 %unicast_vlan105_macaddr_lsb_c"   --->   Operation 185 'specchannel' 'empty_233' <Predicate = true> <Delay = 0.00>
ST_4 : Operation 186 [1/1] (0.00ns)   --->   "%specinterface_ln0 = specinterface void @_ssdm_op_SpecInterface, i32 %unicast_vlan105_macaddr_lsb_c, void @ap_fifo_str, i32 0, i32 0, void @p_str, i32 0, i32 0, void @p_str, void @p_str, void @p_str, i32 2, i32 2, i32 16, i32 16, void @p_str, void @p_str, i32 4294967295, i32 0"   --->   Operation 186 'specinterface' 'specinterface_ln0' <Predicate = true> <Delay = 0.00>
ST_4 : Operation 187 [1/1] (0.00ns)   --->   "%empty_234 = specchannel i32 @_ssdm_op_SpecChannel, void @unicast_vlan104_macaddr_msb_c_str, i32 1, void @p_str, void @p_str, i32 3, i32 0, i16 %unicast_vlan104_macaddr_msb_c, i16 %unicast_vlan104_macaddr_msb_c"   --->   Operation 187 'specchannel' 'empty_234' <Predicate = true> <Delay = 0.00>
ST_4 : Operation 188 [1/1] (0.00ns)   --->   "%specinterface_ln0 = specinterface void @_ssdm_op_SpecInterface, i16 %unicast_vlan104_macaddr_msb_c, void @ap_fifo_str, i32 0, i32 0, void @p_str, i32 0, i32 0, void @p_str, void @p_str, void @p_str, i32 2, i32 2, i32 16, i32 16, void @p_str, void @p_str, i32 4294967295, i32 0"   --->   Operation 188 'specinterface' 'specinterface_ln0' <Predicate = true> <Delay = 0.00>
ST_4 : Operation 189 [1/1] (0.00ns)   --->   "%empty_235 = specchannel i32 @_ssdm_op_SpecChannel, void @unicast_vlan104_macaddr_lsb_c_str, i32 1, void @p_str, void @p_str, i32 3, i32 0, i32 %unicast_vlan104_macaddr_lsb_c, i32 %unicast_vlan104_macaddr_lsb_c"   --->   Operation 189 'specchannel' 'empty_235' <Predicate = true> <Delay = 0.00>
ST_4 : Operation 190 [1/1] (0.00ns)   --->   "%specinterface_ln0 = specinterface void @_ssdm_op_SpecInterface, i32 %unicast_vlan104_macaddr_lsb_c, void @ap_fifo_str, i32 0, i32 0, void @p_str, i32 0, i32 0, void @p_str, void @p_str, void @p_str, i32 2, i32 2, i32 16, i32 16, void @p_str, void @p_str, i32 4294967295, i32 0"   --->   Operation 190 'specinterface' 'specinterface_ln0' <Predicate = true> <Delay = 0.00>
ST_4 : Operation 191 [1/1] (0.00ns)   --->   "%empty_236 = specchannel i32 @_ssdm_op_SpecChannel, void @unicast_vlan103_macaddr_msb_c_str, i32 1, void @p_str, void @p_str, i32 3, i32 0, i16 %unicast_vlan103_macaddr_msb_c, i16 %unicast_vlan103_macaddr_msb_c"   --->   Operation 191 'specchannel' 'empty_236' <Predicate = true> <Delay = 0.00>
ST_4 : Operation 192 [1/1] (0.00ns)   --->   "%specinterface_ln0 = specinterface void @_ssdm_op_SpecInterface, i16 %unicast_vlan103_macaddr_msb_c, void @ap_fifo_str, i32 0, i32 0, void @p_str, i32 0, i32 0, void @p_str, void @p_str, void @p_str, i32 2, i32 2, i32 16, i32 16, void @p_str, void @p_str, i32 4294967295, i32 0"   --->   Operation 192 'specinterface' 'specinterface_ln0' <Predicate = true> <Delay = 0.00>
ST_4 : Operation 193 [1/1] (0.00ns)   --->   "%empty_237 = specchannel i32 @_ssdm_op_SpecChannel, void @unicast_vlan103_macaddr_lsb_c_str, i32 1, void @p_str, void @p_str, i32 3, i32 0, i32 %unicast_vlan103_macaddr_lsb_c, i32 %unicast_vlan103_macaddr_lsb_c"   --->   Operation 193 'specchannel' 'empty_237' <Predicate = true> <Delay = 0.00>
ST_4 : Operation 194 [1/1] (0.00ns)   --->   "%specinterface_ln0 = specinterface void @_ssdm_op_SpecInterface, i32 %unicast_vlan103_macaddr_lsb_c, void @ap_fifo_str, i32 0, i32 0, void @p_str, i32 0, i32 0, void @p_str, void @p_str, void @p_str, i32 2, i32 2, i32 16, i32 16, void @p_str, void @p_str, i32 4294967295, i32 0"   --->   Operation 194 'specinterface' 'specinterface_ln0' <Predicate = true> <Delay = 0.00>
ST_4 : Operation 195 [1/1] (0.00ns)   --->   "%empty_238 = specchannel i32 @_ssdm_op_SpecChannel, void @unicast_vlan102_macaddr_msb_c_str, i32 1, void @p_str, void @p_str, i32 3, i32 0, i16 %unicast_vlan102_macaddr_msb_c, i16 %unicast_vlan102_macaddr_msb_c"   --->   Operation 195 'specchannel' 'empty_238' <Predicate = true> <Delay = 0.00>
ST_4 : Operation 196 [1/1] (0.00ns)   --->   "%specinterface_ln0 = specinterface void @_ssdm_op_SpecInterface, i16 %unicast_vlan102_macaddr_msb_c, void @ap_fifo_str, i32 0, i32 0, void @p_str, i32 0, i32 0, void @p_str, void @p_str, void @p_str, i32 2, i32 2, i32 16, i32 16, void @p_str, void @p_str, i32 4294967295, i32 0"   --->   Operation 196 'specinterface' 'specinterface_ln0' <Predicate = true> <Delay = 0.00>
ST_4 : Operation 197 [1/1] (0.00ns)   --->   "%empty_239 = specchannel i32 @_ssdm_op_SpecChannel, void @unicast_vlan102_macaddr_lsb_c_str, i32 1, void @p_str, void @p_str, i32 3, i32 0, i32 %unicast_vlan102_macaddr_lsb_c, i32 %unicast_vlan102_macaddr_lsb_c"   --->   Operation 197 'specchannel' 'empty_239' <Predicate = true> <Delay = 0.00>
ST_4 : Operation 198 [1/1] (0.00ns)   --->   "%specinterface_ln0 = specinterface void @_ssdm_op_SpecInterface, i32 %unicast_vlan102_macaddr_lsb_c, void @ap_fifo_str, i32 0, i32 0, void @p_str, i32 0, i32 0, void @p_str, void @p_str, void @p_str, i32 2, i32 2, i32 16, i32 16, void @p_str, void @p_str, i32 4294967295, i32 0"   --->   Operation 198 'specinterface' 'specinterface_ln0' <Predicate = true> <Delay = 0.00>
ST_4 : Operation 199 [1/1] (0.00ns)   --->   "%empty_240 = specchannel i32 @_ssdm_op_SpecChannel, void @unicast_vlan101_macaddr_msb_c_str, i32 1, void @p_str, void @p_str, i32 3, i32 0, i16 %unicast_vlan101_macaddr_msb_c, i16 %unicast_vlan101_macaddr_msb_c"   --->   Operation 199 'specchannel' 'empty_240' <Predicate = true> <Delay = 0.00>
ST_4 : Operation 200 [1/1] (0.00ns)   --->   "%specinterface_ln0 = specinterface void @_ssdm_op_SpecInterface, i16 %unicast_vlan101_macaddr_msb_c, void @ap_fifo_str, i32 0, i32 0, void @p_str, i32 0, i32 0, void @p_str, void @p_str, void @p_str, i32 2, i32 2, i32 16, i32 16, void @p_str, void @p_str, i32 4294967295, i32 0"   --->   Operation 200 'specinterface' 'specinterface_ln0' <Predicate = true> <Delay = 0.00>
ST_4 : Operation 201 [1/1] (0.00ns)   --->   "%empty_241 = specchannel i32 @_ssdm_op_SpecChannel, void @unicast_vlan101_macaddr_lsb_c_str, i32 1, void @p_str, void @p_str, i32 3, i32 0, i32 %unicast_vlan101_macaddr_lsb_c, i32 %unicast_vlan101_macaddr_lsb_c"   --->   Operation 201 'specchannel' 'empty_241' <Predicate = true> <Delay = 0.00>
ST_4 : Operation 202 [1/1] (0.00ns)   --->   "%specinterface_ln0 = specinterface void @_ssdm_op_SpecInterface, i32 %unicast_vlan101_macaddr_lsb_c, void @ap_fifo_str, i32 0, i32 0, void @p_str, i32 0, i32 0, void @p_str, void @p_str, void @p_str, i32 2, i32 2, i32 16, i32 16, void @p_str, void @p_str, i32 4294967295, i32 0"   --->   Operation 202 'specinterface' 'specinterface_ln0' <Predicate = true> <Delay = 0.00>
ST_4 : Operation 203 [1/1] (0.00ns)   --->   "%empty_242 = specchannel i32 @_ssdm_op_SpecChannel, void @unicast_vlan100_macaddr_msb_c_str, i32 1, void @p_str, void @p_str, i32 3, i32 0, i16 %unicast_vlan100_macaddr_msb_c, i16 %unicast_vlan100_macaddr_msb_c"   --->   Operation 203 'specchannel' 'empty_242' <Predicate = true> <Delay = 0.00>
ST_4 : Operation 204 [1/1] (0.00ns)   --->   "%specinterface_ln0 = specinterface void @_ssdm_op_SpecInterface, i16 %unicast_vlan100_macaddr_msb_c, void @ap_fifo_str, i32 0, i32 0, void @p_str, i32 0, i32 0, void @p_str, void @p_str, void @p_str, i32 2, i32 2, i32 16, i32 16, void @p_str, void @p_str, i32 4294967295, i32 0"   --->   Operation 204 'specinterface' 'specinterface_ln0' <Predicate = true> <Delay = 0.00>
ST_4 : Operation 205 [1/1] (0.00ns)   --->   "%empty_243 = specchannel i32 @_ssdm_op_SpecChannel, void @unicast_vlan100_macaddr_lsb_c_str, i32 1, void @p_str, void @p_str, i32 3, i32 0, i32 %unicast_vlan100_macaddr_lsb_c, i32 %unicast_vlan100_macaddr_lsb_c"   --->   Operation 205 'specchannel' 'empty_243' <Predicate = true> <Delay = 0.00>
ST_4 : Operation 206 [1/1] (0.00ns)   --->   "%specinterface_ln0 = specinterface void @_ssdm_op_SpecInterface, i32 %unicast_vlan100_macaddr_lsb_c, void @ap_fifo_str, i32 0, i32 0, void @p_str, i32 0, i32 0, void @p_str, void @p_str, void @p_str, i32 2, i32 2, i32 16, i32 16, void @p_str, void @p_str, i32 4294967295, i32 0"   --->   Operation 206 'specinterface' 'specinterface_ln0' <Predicate = true> <Delay = 0.00>
ST_4 : Operation 207 [1/1] (0.00ns)   --->   "%empty_244 = specchannel i32 @_ssdm_op_SpecChannel, void @unicast_filter_enable_c_str, i32 1, void @p_str, void @p_str, i32 3, i32 0, i32 %unicast_filter_enable_c, i32 %unicast_filter_enable_c"   --->   Operation 207 'specchannel' 'empty_244' <Predicate = true> <Delay = 0.00>
ST_4 : Operation 208 [1/1] (0.00ns)   --->   "%specinterface_ln0 = specinterface void @_ssdm_op_SpecInterface, i32 %unicast_filter_enable_c, void @ap_fifo_str, i32 0, i32 0, void @p_str, i32 0, i32 0, void @p_str, void @p_str, void @p_str, i32 2, i32 2, i32 16, i32 16, void @p_str, void @p_str, i32 4294967295, i32 0"   --->   Operation 208 'specinterface' 'specinterface_ln0' <Predicate = true> <Delay = 0.00>
ST_4 : Operation 209 [1/1] (0.00ns)   --->   "%empty_245 = specchannel i32 @_ssdm_op_SpecChannel, void @multicast_recv_enable_c_str, i32 1, void @p_str, void @p_str, i32 3, i32 0, i32 %multicast_recv_enable_c, i32 %multicast_recv_enable_c"   --->   Operation 209 'specchannel' 'empty_245' <Predicate = true> <Delay = 0.00>
ST_4 : Operation 210 [1/1] (0.00ns)   --->   "%specinterface_ln0 = specinterface void @_ssdm_op_SpecInterface, i32 %multicast_recv_enable_c, void @ap_fifo_str, i32 0, i32 0, void @p_str, i32 0, i32 0, void @p_str, void @p_str, void @p_str, i32 2, i32 2, i32 16, i32 16, void @p_str, void @p_str, i32 4294967295, i32 0"   --->   Operation 210 'specinterface' 'specinterface_ln0' <Predicate = true> <Delay = 0.00>
ST_4 : Operation 211 [1/1] (0.00ns)   --->   "%empty_246 = specchannel i32 @_ssdm_op_SpecChannel, void @logger_vlan_enable_mask_c_str, i32 1, void @p_str, void @p_str, i32 3, i32 0, i32 %logger_vlan_enable_mask_c, i32 %logger_vlan_enable_mask_c"   --->   Operation 211 'specchannel' 'empty_246' <Predicate = true> <Delay = 0.00>
ST_4 : Operation 212 [1/1] (0.00ns)   --->   "%specinterface_ln0 = specinterface void @_ssdm_op_SpecInterface, i32 %logger_vlan_enable_mask_c, void @ap_fifo_str, i32 0, i32 0, void @p_str, i32 0, i32 0, void @p_str, void @p_str, void @p_str, i32 2, i32 2, i32 16, i32 16, void @p_str, void @p_str, i32 4294967295, i32 0"   --->   Operation 212 'specinterface' 'specinterface_ln0' <Predicate = true> <Delay = 0.00>
ST_4 : Operation 213 [1/1] (0.00ns)   --->   "%specinterface_ln0 = specinterface void @_ssdm_op_SpecInterface, i32 %fifo_axi_full, void @empty_49, i32 0, i32 0, void @empty_50, i32 0, i32 1028, void @empty_55, void @empty_57, void @empty_50, i32 16, i32 16, i32 16, i32 16, void @empty_50, void @empty_50, i32 4294967295, i32 0"   --->   Operation 213 'specinterface' 'specinterface_ln0' <Predicate = true> <Delay = 0.00>
ST_4 : Operation 214 [1/1] (0.00ns)   --->   "%specinterface_ln0 = specinterface void @_ssdm_op_SpecInterface, i32 %ps, void @empty_49, i32 0, i32 0, void @empty_50, i32 0, i32 102400, void @empty_54, void @empty_57, void @empty_50, i32 16, i32 16, i32 16, i32 64, void @empty_50, void @empty_50, i32 4294967295, i32 0"   --->   Operation 214 'specinterface' 'specinterface_ln0' <Predicate = true> <Delay = 0.00>
ST_4 : Operation 215 [1/1] (0.00ns)   --->   "%specinterface_ln0 = specinterface void @_ssdm_op_SpecInterface, i32 %mac_fifo, void @empty_49, i32 0, i32 0, void @empty_50, i32 0, i32 5120, void @empty_51, void @empty_57, void @empty_50, i32 16, i32 16, i32 16, i32 16, void @empty_50, void @empty_50, i32 4294967295, i32 0"   --->   Operation 215 'specinterface' 'specinterface_ln0' <Predicate = true> <Delay = 0.00>
ST_4 : Operation 216 [1/1] (0.00ns)   --->   "%specdataflowpipeline_ln1264 = specdataflowpipeline void @_ssdm_op_SpecDataflowPipeline, i32 4294967295, i32 0, void @empty_50" [mac_logger.cpp:1264]   --->   Operation 216 'specdataflowpipeline' 'specdataflowpipeline_ln1264' <Predicate = true> <Delay = 0.00>
ST_4 : Operation 217 [1/2] (0.00ns)   --->   "%call_ln1275 = call void @tx_ddr, i32 %data_buf3, i32 %log_header, i32 %tap_header, i32 %ps, i64 %ddr_c_channel, i64 %driver_c_channel, i32 %logger_vlan_enable_mask_c, i32 %multicast_recv_enable_c, i32 %unicast_filter_enable_c, i32 %unicast_vlan100_macaddr_lsb_c, i16 %unicast_vlan100_macaddr_msb_c, i32 %unicast_vlan101_macaddr_lsb_c, i16 %unicast_vlan101_macaddr_msb_c, i32 %unicast_vlan102_macaddr_lsb_c, i16 %unicast_vlan102_macaddr_msb_c, i32 %unicast_vlan103_macaddr_lsb_c, i16 %unicast_vlan103_macaddr_msb_c, i32 %unicast_vlan104_macaddr_lsb_c, i16 %unicast_vlan104_macaddr_msb_c, i32 %unicast_vlan105_macaddr_lsb_c, i16 %unicast_vlan105_macaddr_msb_c, i32 %unicast_vlan106_macaddr_lsb_c, i16 %unicast_vlan106_macaddr_msb_c, i32 %unicast_vlan107_macaddr_lsb_c, i16 %unicast_vlan107_macaddr_msb_c, i32 %unicast_vlan108_macaddr_lsb_c, i16 %unicast_vlan108_macaddr_msb_c, i32 %unicast_vlan109_macaddr_lsb_c, i16 %unicast_vlan109_macaddr_msb_c, i32 %unicast_vlan110_macaddr_lsb_c, i16 %unicast_vlan110_macaddr_msb_c, i32 %unicast_vlan111_macaddr_lsb_c, i16 %unicast_vlan111_macaddr_msb_c, i32 %unicast_vlan112_macaddr_lsb_c, i16 %unicast_vlan112_macaddr_msb_c, i32 %unicast_vlan113_macaddr_lsb_c, i16 %unicast_vlan113_macaddr_msb_c, i32 %unicast_vlan114_macaddr_lsb_c, i16 %unicast_vlan114_macaddr_msb_c, i32 %unicast_vlan115_macaddr_lsb_c, i16 %unicast_vlan115_macaddr_msb_c, i32 %unicast_vlan116_macaddr_lsb_c, i16 %unicast_vlan116_macaddr_msb_c, i32 %unicast_vlan117_macaddr_lsb_c, i16 %unicast_vlan117_macaddr_msb_c, i32 %unicast_vlan118_macaddr_lsb_c, i16 %unicast_vlan118_macaddr_msb_c, i32 %unicast_vlan119_macaddr_lsb_c, i16 %unicast_vlan119_macaddr_msb_c, i32 %unicast_vlan120_macaddr_lsb_c, i16 %unicast_vlan120_macaddr_msb_c, i32 %unicast_vlan121_macaddr_lsb_c, i16 %unicast_vlan121_macaddr_msb_c, i32 %unicast_vlan122_macaddr_lsb_c, i16 %unicast_vlan122_macaddr_msb_c, i32 %unicast_vlan123_macaddr_lsb_c, i16 %unicast_vlan123_macaddr_msb_c, i32 %unicast_vlan124_macaddr_lsb_c, i16 %unicast_vlan124_macaddr_msb_c, i32 %unicast_vlan125_macaddr_lsb_c, i16 %unicast_vlan125_macaddr_msb_c, i32 %unicast_vlan126_macaddr_lsb_c, i16 %unicast_vlan126_macaddr_msb_c, i32 %unicast_vlan127_macaddr_lsb_c, i16 %unicast_vlan127_macaddr_msb_c, i32 %unicast_vlan128_macaddr_lsb_c, i16 %unicast_vlan128_macaddr_msb_c, i32 %unicast_vlan129_macaddr_lsb_c, i16 %unicast_vlan129_macaddr_msb_c, i32 %log_all_mask_c, i32 %vlan100_received, i32 %vlan101_received, i32 %vlan102_received, i32 %vlan103_received, i32 %vlan104_received, i32 %vlan105_received, i32 %vlan106_received, i32 %vlan107_received, i32 %vlan108_received, i32 %vlan109_received, i32 %vlan110_received, i32 %vlan111_received, i32 %vlan112_received, i32 %vlan113_received, i32 %vlan114_received, i32 %vlan115_received, i32 %vlan116_received, i32 %vlan117_received, i32 %vlan118_received, i32 %vlan119_received, i32 %vlan120_received, i32 %vlan121_received, i32 %vlan122_received, i32 %vlan123_received, i32 %vlan124_received, i32 %vlan125_received, i32 %vlan126_received, i32 %vlan127_received, i32 %vlan128_received, i32 %vlan129_received, i32 %droped, i32 %counter_vlan100, i32 %counter_vlan101, i32 %counter_vlan102, i32 %counter_vlan103, i32 %counter_vlan104, i32 %counter_vlan105, i32 %counter_vlan106, i32 %counter_vlan107, i32 %counter_vlan108, i32 %counter_vlan109, i32 %counter_vlan110, i32 %counter_vlan111, i32 %counter_vlan112, i32 %counter_vlan113, i32 %counter_vlan114, i32 %counter_vlan115, i32 %counter_vlan116, i32 %counter_vlan117, i32 %counter_vlan118, i32 %counter_vlan119, i32 %counter_vlan120, i32 %counter_vlan121, i32 %counter_vlan122, i32 %counter_vlan123, i32 %counter_vlan124, i32 %counter_vlan125, i32 %counter_vlan126, i32 %counter_vlan127, i32 %counter_vlan128, i32 %counter_vlan129, i32 %counter_droped, i32 %last_log_tx_index, i32 %last_tap_tx_index" [mac_logger.cpp:1275]   --->   Operation 217 'call' 'call_ln1275' <Predicate = true> <Delay = 0.00> <CoreType = "Generic">   --->   Core 0 '' <Latency = 0> <II = 1> <Delay = 1.00> <Generic> <Opcode : >
ST_4 : Operation 218 [1/1] (0.00ns)   --->   "%ret_ln1275 = ret" [mac_logger.cpp:1275]   --->   Operation 218 'ret' 'ret_ln1275' <Predicate = true> <Delay = 0.00>


============================================================
+ Verbose Summary: Timing violations
============================================================
Target clock period: 10ns, clock uncertainty: 2.7ns.

 <State 1>: 7.3ns
The critical path consists of the following:
	wire read operation ('driver_read') on port 'driver' [140]  (0 ns)
	'call' operation ('call_ret', mac_logger.cpp:1270) to 'rx_ringbuffer_header' [342]  (7.3 ns)

 <State 2>: 0ns
The critical path consists of the following:

 <State 3>: 1.84ns
The critical path consists of the following:
	'call' operation ('call_ln1275', mac_logger.cpp:1275) to 'tx_ddr' [346]  (1.84 ns)

 <State 4>: 0ns
The critical path consists of the following:


============================================================
+ Verbose Summary: Binding
============================================================
N/A
* FSMD analyzer results:
  - Output states:
 - Input state : 
  - Chain level:
	State 1
	State 2
	State 3
	State 4


============================================================
+ Verbose Summary: Datapath Resource usage 
============================================================
N/A
