

================================================================
== Vitis HLS Report for 'tx_ddr_Pipeline_VITIS_LOOP_915_1'
================================================================
* Date:           Tue Nov 15 12:03:42 2022

* Version:        2022.2 (Build 3670227 on Oct 13 2022)
* Project:        maclogger
* Solution:       solution1 (Vivado IP Flow Target)
* Product family: zynquplus
* Target device:  xczu5ev-sfvc784-2-i


================================================================
== Performance Estimates
================================================================
+ Timing: 
    * Summary: 
    +--------+----------+----------+------------+
    |  Clock |  Target  | Estimated| Uncertainty|
    +--------+----------+----------+------------+
    |ap_clk  |  10.00 ns|  1.354 ns|     2.70 ns|
    +--------+----------+----------+------------+

+ Latency: 
    * Summary: 
    +---------+---------+-----------+-----------+-----+-----+---------+
    |  Latency (cycles) |   Latency (absolute)  |  Interval | Pipeline|
    |   min   |   max   |    min    |    max    | min | max |   Type  |
    +---------+---------+-----------+-----------+-----+-----+---------+
    |        9|        9|  90.000 ns|  90.000 ns|    9|    9|       no|
    +---------+---------+-----------+-----------+-----+-----+---------+

    + Detail: 
        * Instance: 
        N/A

        * Loop: 
        +--------------------+---------+---------+----------+-----------+-----------+------+----------+
        |                    |  Latency (cycles) | Iteration|  Initiation Interval  | Trip |          |
        |      Loop Name     |   min   |   max   |  Latency |  achieved |   target  | Count| Pipelined|
        +--------------------+---------+---------+----------+-----------+-----------+------+----------+
        |- VITIS_LOOP_915_1  |        7|        7|         2|          1|          1|     7|       yes|
        +--------------------+---------+---------+----------+-----------+-----------+------+----------+



================================================================
== Utilization Estimates
================================================================
* Summary: 
+-----------------+---------+------+--------+--------+-----+
|       Name      | BRAM_18K|  DSP |   FF   |   LUT  | URAM|
+-----------------+---------+------+--------+--------+-----+
|DSP              |        -|     -|       -|       -|    -|
|Expression       |        -|     -|       0|      20|    -|
|FIFO             |        -|     -|       -|       -|    -|
|Instance         |        -|     -|       -|       -|    -|
|Memory           |        -|     -|       -|       -|    -|
|Multiplexer      |        -|     -|       -|      36|    -|
|Register         |        -|     -|       9|       -|    -|
+-----------------+---------+------+--------+--------+-----+
|Total            |        0|     0|       9|      56|    0|
+-----------------+---------+------+--------+--------+-----+
|Available        |      288|  1248|  234240|  117120|   64|
+-----------------+---------+------+--------+--------+-----+
|Utilization (%)  |        0|     0|      ~0|      ~0|    0|
+-----------------+---------+------+--------+--------+-----+

+ Detail: 
    * Instance: 
    N/A

    * DSP: 
    N/A

    * Memory: 
    N/A

    * FIFO: 
    N/A

    * Expression: 
    +---------------------+----------+----+---+----+------------+------------+
    |    Variable Name    | Operation| DSP| FF| LUT| Bitwidth P0| Bitwidth P1|
    +---------------------+----------+----+---+----+------------+------------+
    |add_ln915_fu_75_p2   |         +|   0|  0|  10|           3|           1|
    |icmp_ln915_fu_69_p2  |      icmp|   0|  0|   8|           3|           2|
    |ap_enable_pp0        |       xor|   0|  0|   2|           1|           2|
    +---------------------+----------+----+---+----+------------+------------+
    |Total                |          |   0|  0|  20|           7|           5|
    +---------------------+----------+----+---+----+------------+------------+

    * Multiplexer: 
    +-------------------------+----+-----------+-----+-----------+
    |           Name          | LUT| Input Size| Bits| Total Bits|
    +-------------------------+----+-----------+-----+-----------+
    |ap_done_int              |   9|          2|    1|          2|
    |ap_enable_reg_pp0_iter1  |   9|          2|    1|          2|
    |ap_sig_allocacmp_i_3     |   9|          2|    3|          6|
    |i_fu_30                  |   9|          2|    3|          6|
    +-------------------------+----+-----------+-----+-----------+
    |Total                    |  36|          8|    8|         16|
    +-------------------------+----+-----------+-----+-----------+

    * Register: 
    +-------------------------+---+----+-----+-----------+
    |           Name          | FF| LUT| Bits| Const Bits|
    +-------------------------+---+----+-----+-----------+
    |ap_CS_fsm                |  1|   0|    1|          0|
    |ap_done_reg              |  1|   0|    1|          0|
    |ap_enable_reg_pp0_iter1  |  1|   0|    1|          0|
    |i_fu_30                  |  3|   0|    3|          0|
    |zext_ln915_reg_101       |  3|   0|   64|         61|
    +-------------------------+---+----+-----+-----------+
    |Total                    |  9|   0|   70|         61|
    +-------------------------+---+----+-----+-----------+



================================================================
== Interface
================================================================
* Summary: 
+----------------------+-----+-----+------------+----------------------------------+--------------+
|       RTL Ports      | Dir | Bits|  Protocol  |           Source Object          |    C Type    |
+----------------------+-----+-----+------------+----------------------------------+--------------+
|ap_clk                |   in|    1|  ap_ctrl_hs|  tx_ddr_Pipeline_VITIS_LOOP_915_1|  return value|
|ap_rst                |   in|    1|  ap_ctrl_hs|  tx_ddr_Pipeline_VITIS_LOOP_915_1|  return value|
|ap_start              |   in|    1|  ap_ctrl_hs|  tx_ddr_Pipeline_VITIS_LOOP_915_1|  return value|
|ap_done               |  out|    1|  ap_ctrl_hs|  tx_ddr_Pipeline_VITIS_LOOP_915_1|  return value|
|ap_idle               |  out|    1|  ap_ctrl_hs|  tx_ddr_Pipeline_VITIS_LOOP_915_1|  return value|
|ap_ready              |  out|    1|  ap_ctrl_hs|  tx_ddr_Pipeline_VITIS_LOOP_915_1|  return value|
|log_header1_address0  |  out|    3|   ap_memory|                       log_header1|         array|
|log_header1_ce0       |  out|    1|   ap_memory|                       log_header1|         array|
|log_header1_q0        |   in|   32|   ap_memory|                       log_header1|         array|
|log_header_address0   |  out|    3|   ap_memory|                        log_header|         array|
|log_header_ce0        |  out|    1|   ap_memory|                        log_header|         array|
|log_header_we0        |  out|    1|   ap_memory|                        log_header|         array|
|log_header_d0         |  out|   32|   ap_memory|                        log_header|         array|
+----------------------+-----+-----+------------+----------------------------------+--------------+

