clu/can.c:103:34: warning: passing 'volatile unsigned char *' to parameter of type 'const void *' discards qualifiers [-Wincompatible-pointer-types-discards-qualifiers]
 memcpy(ringbuffer_header_bytes, ddr_header, 28);
                                 ^~~~~~~~~~
D:/Vitis_HLS/2022.2/tps/mingw/8.3.0/win64.o/nt\x86_64-w64-mingw32\include\string.h:50:95: note: passing argument to parameter '_Src' here
  void * __attribute__((__cdecl__)) memcpy(void * __restrict__ _Dst,const void * __restrict__ _Src,size_t _Size) ;
                                                                                              ^
clu/can.c:126:10: warning: passing 'volatile unsigned char *' to parameter of type 'void *' discards qualifiers [-Wincompatible-pointer-types-discards-qualifiers]
  memcpy(ddr_header + 28 + writeCanIndex * (12 + 80),
         ^~~~~~~~~~~~~~~~~~~~~~~~~~~~~~~~~~~~~~~~~~~
D:/Vitis_HLS/2022.2/tps/mingw/8.3.0/win64.o/nt\x86_64-w64-mingw32\include\string.h:50:64: note: passing argument to parameter '_Dst' here
  void * __attribute__((__cdecl__)) memcpy(void * __restrict__ _Dst,const void * __restrict__ _Src,size_t _Size) ;
                                                               ^
clu/can.c:207:9: warning: HLS pragma dump _XLX_SEP_ PragmaIsValid=1_XLX_SEP_ PragmaType=pipeline_XLX_SEP_ PragmaContext=_XLX_SEP_ PragmaFunction=recvFrame_logic_XLX_SEP_ PragmaOptions=II=3_XLX_SEP_ [-Wdump-hls-pragmas]
#pragma HLS PIPELINE II=3
        ^
clu/can.c:222:9: warning: HLS pragma dump _XLX_SEP_ PragmaIsValid=1_XLX_SEP_ PragmaType=pipeline_XLX_SEP_ PragmaContext=_XLX_SEP_ PragmaFunction=recvFrame_logic_XLX_SEP_ PragmaOptions=II=3_XLX_SEP_ [-Wdump-hls-pragmas]
#pragma HLS PIPELINE II=3
        ^
clu/can.c:235:18: warning: passing 'unsigned char *' to parameter of type 'char *' converts between pointers to integer types with different sign [-Wpointer-sign]
  write_ddr(ddr, &can_frame[0]);
                 ^~~~~~~~~~~~~
clu/can.c:97:58: note: passing argument to parameter 'data' here
void write_ddr(volatile unsigned char *ddr_header, char *data) {
                                                         ^
clu/can.c:141:7: warning: unused parameter 'FifoNo' [-Wunused-parameter]
  int FifoNo, int readIndex,
      ^
6 warnings generated.
