clu/dlin.c:82:9: warning: HLS pragma dump _XLX_SEP_ PragmaIsValid=1_XLX_SEP_ PragmaType=pipeline_XLX_SEP_ PragmaContext=_XLX_SEP_ PragmaFunction=read_lin_reg_XLX_SEP_ PragmaOptions=II=2_XLX_SEP_ [-Wdump-hls-pragmas]
#pragma HLS PIPELINE II=2
        ^
clu/dlin.c:100:34: warning: passing 'volatile unsigned char *' to parameter of type 'const void *' discards qualifiers [-Wincompatible-pointer-types-discards-qualifiers]
 memcpy(ringbuffer_header_bytes, ddr_header, 28);
                                 ^~~~~~~~~~
D:/Vitis_HLS/2022.2/tps/mingw/8.3.0/win64.o/nt\x86_64-w64-mingw32\include\string.h:50:95: note: passing argument to parameter '_Src' here
  void * __attribute__((__cdecl__)) memcpy(void * __restrict__ _Dst,const void * __restrict__ _Src,size_t _Size) ;
                                                                                              ^
clu/dlin.c:122:11: warning: passing 'volatile unsigned char *' to parameter of type 'void *' discards qualifiers [-Wincompatible-pointer-types-discards-qualifiers]
  memcpy( ddr_header + 28 + writeLinIndex * (12 + 16),
          ^~~~~~~~~~~~~~~~~~~~~~~~~~~~~~~~~~~~~~~~~~~
D:/Vitis_HLS/2022.2/tps/mingw/8.3.0/win64.o/nt\x86_64-w64-mingw32\include\string.h:50:64: note: passing argument to parameter '_Dst' here
  void * __attribute__((__cdecl__)) memcpy(void * __restrict__ _Dst,const void * __restrict__ _Src,size_t _Size) ;
                                                               ^
clu/dlin.c:123:5: warning: passing 'volatile unsigned char *' to parameter of type 'const void *' discards qualifiers [-Wincompatible-pointer-types-discards-qualifiers]
    data,
    ^~~~
D:/Vitis_HLS/2022.2/tps/mingw/8.3.0/win64.o/nt\x86_64-w64-mingw32\include\string.h:50:95: note: passing argument to parameter '_Src' here
  void * __attribute__((__cdecl__)) memcpy(void * __restrict__ _Dst,const void * __restrict__ _Src,size_t _Size) ;
                                                                                              ^
clu/dlin.c:258:73: warning: passing 'volatile int *' to parameter of type 'volatile unsigned int *' converts between pointers to integer types with different sign [-Wpointer-sign]
 VITIS_LOOP_258_1: for (int lin_nr = 0; lin_nr < 10; lin_nr++) dlin_FSM(linbase, ddr, enable_device, lin_nr, timestamp, received_lin);
                                                                        ^~~~~~~
clu/dlin.c:211:38: note: passing argument to parameter 'linbase' here
void dlin_FSM(volatile unsigned int *linbase,
                                     ^
5 warnings generated.
