12/22/22 11:33:08: Running xcd server. This server was NOT built by gradle, but presumably rdi.
12/22/22 11:33:08: Server was asked to start on port: '65381'
12/22/22 11:33:08: Server is using token UUID: 'b4a35803-e4f3-4b9e-8ab8-9670a5048098'
12/22/22 11:33:08: SESSION_MGR: creating session with session uuid: '6d04a3e9-ade5-4ab9-8d63-1f78fcd2ec76' and name 'default'
12/22/22 11:33:08: Attempting to start server on port '65381'
12/22/22 11:33:08: Running Dispatch Server
12/22/22 11:33:08: Version 2.2.0
12/22/22 11:33:16: Dispatch Server: Accepted socket connection from client
12/22/22 11:33:16: Starting Socket connection
12/22/22 11:33:16: EXCHANGE_TOKEN received, server token: b4a35803-e4f3-4b9e-8ab8-9670a5048098, passed token: b4a35803-e4f3-4b9e-8ab8-9670a5048098
12/22/22 11:33:16: SESSION_MGR: creating session with session uuid: '1a0e928b-a840-4f60-bbb6-0e1c26cfd52e' and name 'vitis_hls'
12/22/22 11:33:16: KERNEL_SVC: creating session with uuid: '1a0e928b-a840-4f60-bbb6-0e1c26cfd52e' and name 'vitis_hls'
12/22/22 11:33:16: GUIDANCE_SMGR: creating guidance session with uuid: '1a0e928b-a840-4f60-bbb6-0e1c26cfd52e' and name 'vitis_hls'
12/22/22 11:33:51: STOP_SERVER received, server token: b4a35803-e4f3-4b9e-8ab8-9670a5048098, passed token: b4a35803-e4f3-4b9e-8ab8-9670a5048098
12/22/22 11:33:51: Socket received request to stop server.
12/22/22 11:33:51: Dispatch Server: do_await_stop
12/22/22 11:33:51: SERVER: destructor for server bound to port 65381
12/22/22 11:33:51: Server exiting with status 0.
12/22/22 11:33:51: Closing log file.
12/22/22 11:34:16: Running xcd server. This server was NOT built by gradle, but presumably rdi.
12/22/22 11:34:16: Server was asked to start on port: '65417'
12/22/22 11:34:16: Server is using token UUID: '4872eb60-015f-4605-a386-17fcb00daa52'
12/22/22 11:34:16: SESSION_MGR: creating session with session uuid: '6d04a3e9-ade5-4ab9-8d63-1f78fcd2ec76' and name 'default'
12/22/22 11:34:16: Attempting to start server on port '65417'
12/22/22 11:34:16: Running Dispatch Server
12/22/22 11:34:16: Version 2.2.0
12/22/22 11:34:25: Dispatch Server: Accepted socket connection from client
12/22/22 11:34:25: Starting Socket connection
12/22/22 11:34:25: EXCHANGE_TOKEN received, server token: 4872eb60-015f-4605-a386-17fcb00daa52, passed token: 4872eb60-015f-4605-a386-17fcb00daa52
12/22/22 11:34:25: SESSION_MGR: creating session with session uuid: 'b287ee7e-95da-4dc5-9c4a-ec15ef62b5cf' and name 'vitis_hls'
12/22/22 11:34:25: KERNEL_SVC: creating session with uuid: 'b287ee7e-95da-4dc5-9c4a-ec15ef62b5cf' and name 'vitis_hls'
12/22/22 11:34:25: GUIDANCE_SMGR: creating guidance session with uuid: 'b287ee7e-95da-4dc5-9c4a-ec15ef62b5cf' and name 'vitis_hls'
12/22/22 11:34:43: STOP_SERVER received, server token: 4872eb60-015f-4605-a386-17fcb00daa52, passed token: 4872eb60-015f-4605-a386-17fcb00daa52
12/22/22 11:34:43: Socket received request to stop server.
12/22/22 11:34:43: Dispatch Server: do_await_stop
12/22/22 11:34:43: SERVER: destructor for server bound to port 65417
12/22/22 11:34:43: Server exiting with status 0.
12/22/22 11:34:43: Closing log file.
