D:\maclogger_2022_30port_64bit\maclogger\solution1\.autopilot\db\mac_logger.pp.0.cpp:2258:7: warning: Added loop label VITIS_LOOP_1211_1:   [xilinx-label-all-loops]
      for (i = 0; i < __N - 1; ++i) {
      ^~~
      VITIS_LOOP_1211_1: 
D:\maclogger_2022_30port_64bit\maclogger\solution1\.autopilot\db\mac_logger.pp.0.cpp:2258:7: note: FIX-IT applied suggested code changes
D:\maclogger_2022_30port_64bit\maclogger\solution1\.autopilot\db\mac_logger.pp.0.cpp:3232:5: warning: Added loop label VITIS_LOOP_676_1:   [xilinx-label-all-loops]
    for (unsigned i = low; i != high; ++i) {
    ^~~
    VITIS_LOOP_676_1: 
D:\maclogger_2022_30port_64bit\maclogger\solution1\.autopilot\db\mac_logger.pp.0.cpp:3232:5: note: FIX-IT applied suggested code changes
D:\maclogger_2022_30port_64bit\maclogger\solution1\.autopilot\db\mac_logger.pp.0.cpp:3246:5: warning: Added loop label VITIS_LOOP_690_1:   [xilinx-label-all-loops]
    for (unsigned i = low; i != high; ++i) {
    ^~~
    VITIS_LOOP_690_1: 
D:\maclogger_2022_30port_64bit\maclogger\solution1\.autopilot\db\mac_logger.pp.0.cpp:3246:5: note: FIX-IT applied suggested code changes
D:\maclogger_2022_30port_64bit\maclogger\solution1\.autopilot\db\mac_logger.pp.0.cpp:3260:5: warning: Added loop label VITIS_LOOP_704_1:   [xilinx-label-all-loops]
    for (unsigned i = low; i != high; ++i) {
    ^~~
    VITIS_LOOP_704_1: 
D:\maclogger_2022_30port_64bit\maclogger\solution1\.autopilot\db\mac_logger.pp.0.cpp:3260:5: note: FIX-IT applied suggested code changes
D:\maclogger_2022_30port_64bit\maclogger\solution1\.autopilot\db\mac_logger.pp.0.cpp:4871:7: warning: Added loop label VITIS_LOOP_1245_1:   [xilinx-label-all-loops]
      for (i = 0; i < __N - 1; ++i) {
      ^~~
      VITIS_LOOP_1245_1: 
D:\maclogger_2022_30port_64bit\maclogger\solution1\.autopilot\db\mac_logger.pp.0.cpp:4871:7: note: FIX-IT applied suggested code changes
D:\maclogger_2022_30port_64bit\maclogger\solution1\.autopilot\db\mac_logger.pp.0.cpp:7647:2: warning: Added loop label VITIS_LOOP_28_1:   [xilinx-label-all-loops]
 for(unsigned int i = 0; i < 4; i++) {
 ^~~
 VITIS_LOOP_28_1: 
D:\maclogger_2022_30port_64bit\maclogger\solution1\.autopilot\db\mac_logger.pp.0.cpp:7647:2: note: FIX-IT applied suggested code changes
D:\maclogger_2022_30port_64bit\maclogger\solution1\.autopilot\db\mac_logger.pp.0.cpp:7651:2: warning: Added loop label VITIS_LOOP_32_2:   [xilinx-label-all-loops]
 for(unsigned int i = 0; i < 4; i++) {
 ^~~
 VITIS_LOOP_32_2: 
D:\maclogger_2022_30port_64bit\maclogger\solution1\.autopilot\db\mac_logger.pp.0.cpp:7651:2: note: FIX-IT applied suggested code changes
D:\maclogger_2022_30port_64bit\maclogger\solution1\.autopilot\db\mac_logger.pp.0.cpp:7690:3: warning: Added loop label VITIS_LOOP_71_1:   [xilinx-label-all-loops]
  for(unsigned int i = 0; i < 4; i++) {
  ^~~
  VITIS_LOOP_71_1: 
D:\maclogger_2022_30port_64bit\maclogger\solution1\.autopilot\db\mac_logger.pp.0.cpp:7690:3: note: FIX-IT applied suggested code changes
D:\maclogger_2022_30port_64bit\maclogger\solution1\.autopilot\db\mac_logger.pp.0.cpp:7710:3: warning: Added loop label VITIS_LOOP_91_2:   [xilinx-label-all-loops]
  for(unsigned int i = 0; i < (3 + offset); i++) {
  ^~~
  VITIS_LOOP_91_2: 
D:\maclogger_2022_30port_64bit\maclogger\solution1\.autopilot\db\mac_logger.pp.0.cpp:7710:3: note: FIX-IT applied suggested code changes
D:\maclogger_2022_30port_64bit\maclogger\solution1\.autopilot\db\mac_logger.pp.0.cpp:8493:3: warning: Added loop label VITIS_LOOP_924_1:   [xilinx-label-all-loops]
  for(unsigned int i = 0; i < 4; i++) {
  ^~~
  VITIS_LOOP_924_1: 
D:\maclogger_2022_30port_64bit\maclogger\solution1\.autopilot\db\mac_logger.pp.0.cpp:8493:3: note: FIX-IT applied suggested code changes
D:\maclogger_2022_30port_64bit\maclogger\solution1\.autopilot\db\mac_logger.pp.0.cpp:8555:3: warning: Added loop label VITIS_LOOP_986_2:   [xilinx-label-all-loops]
  for(unsigned int i = 0; i < 4; i++) {
  ^~~
  VITIS_LOOP_986_2: 
D:\maclogger_2022_30port_64bit\maclogger\solution1\.autopilot\db\mac_logger.pp.0.cpp:8555:3: note: FIX-IT applied suggested code changes
