09:21:35 INFO  : Launching XSCT server: xsct -n  -interactive /export/zd-fs/00_shared_folder/projects/02-NG-Datalogger/20-Baseline/13.proj_dl3_v1r1/fpga/dl3a_v1.0_5EV_SGMII_MAC1G_clu_opt/datalogger/temp_xsdb_launch_script.tcl
09:21:36 INFO  : Registering command handlers for Vitis TCF services
09:21:38 INFO  : Platform repository initialization has completed.
09:21:39 INFO  : XSCT server has started successfully.
09:21:39 INFO  : Successfully done setting XSCT server connection channel  
09:21:39 INFO  : plnx-install-location is set to ''
09:21:39 INFO  : Successfully done query RDI_DATADIR 
09:21:39 INFO  : Successfully done setting workspace for the tool. 
09:23:13 INFO  : Result from executing command 'getProjects': design_1_wrapper
09:23:13 INFO  : Result from executing command 'getPlatforms': 
09:23:13 WARN  : An unexpected exception occurred in the module 'platform project logging'
09:23:13 INFO  : Platform 'design_1_wrapper' is added to custom repositories.
09:23:28 INFO  : Platform 'design_1_wrapper' is added to custom repositories.
09:23:56 INFO  : Build configuration of 'datalogger3_system' is updated to 'Release'
09:23:56 INFO  : Build configuration of system project is automatically updated to 'Release'.
09:24:37 INFO  : Result from executing command 'getProjects': design_1_wrapper
09:24:37 INFO  : Result from executing command 'getPlatforms': design_1_wrapper|/export/zd-fs/00_shared_folder/projects/02-NG-Datalogger/20-Baseline/13.proj_dl3_v1r1/fpga/dl3a_v1.0_5EV_SGMII_MAC1G_clu_opt/datalogger/design_1_wrapper/export/design_1_wrapper/design_1_wrapper.xpfm
09:24:41 INFO  : Checking for BSP changes to sync application flags for project 'datalogger3'...
11:40:48 INFO  : Launching XSCT server: xsct -n  -interactive /export/zd-fs/00_shared_folder/projects/02-NG-Datalogger/20-Baseline/13.proj_dl3_v1r1/fpga/dl3a_v1.0_5EV_SGMII_MAC1G/datalogger/temp_xsdb_launch_script.tcl
11:40:51 INFO  : XSCT server has started successfully.
11:40:51 INFO  : Successfully done setting XSCT server connection channel  
11:40:51 INFO  : plnx-install-location is set to ''
11:40:51 INFO  : Successfully done setting workspace for the tool. 
11:40:51 INFO  : Platform repository initialization has completed.
11:40:52 INFO  : Registering command handlers for Vitis TCF services
11:40:52 INFO  : Successfully done query RDI_DATADIR 
11:47:17 INFO  : Invoking Bootgen: bootgen -image datalogger3.bif -arch zynqmp -o /home/dl3a-5ev_1.0_dl3_mac_logger/BOOT.bin -w on
11:47:18 INFO  : Bootgen command execution is done.
13:18:35 ERROR : An unexpected exception occurred in the module 'reading platform'
13:18:35 WARN  : An unexpected exception occurred in the module 'platform project logging'
13:18:35 WARN  : Failed to update project references for project datalogger3
13:19:48 INFO  : Result from executing command 'getProjects': design_1_wrapper
13:19:48 INFO  : Result from executing command 'getPlatforms': design_1_wrapper|/export/zd-fs/00_shared_folder/projects/02-NG-Datalogger/20-Baseline/13.proj_dl3_v1r1/fpga/dl3a_v1.0_5EV_SGMII_MAC1G_clu_opt/datalogger/design_1_wrapper/export/design_1_wrapper/design_1_wrapper.xpfm
13:19:48 WARN  : An unexpected exception occurred in the module 'platform project logging'
13:19:49 INFO  : Platform 'design_1_wrapper' is added to custom repositories.
13:20:01 INFO  : Platform 'design_1_wrapper' is added to custom repositories.
13:20:48 INFO  : Build configuration of 'datalogger3_system' is updated to 'Release'
13:20:48 INFO  : Build configuration of system project is automatically updated to 'Release'.
13:21:28 INFO  : Result from executing command 'getProjects': design_1_wrapper
13:21:28 INFO  : Result from executing command 'getPlatforms': design_1_wrapper|/export/zd-fs/00_shared_folder/projects/02-NG-Datalogger/20-Baseline/13.proj_dl3_v1r1/fpga/dl3a_v1.0_5EV_SGMII_MAC1G/datalogger/design_1_wrapper/export/design_1_wrapper/design_1_wrapper.xpfm;design_1_wrapper|/export/zd-fs/00_shared_folder/projects/02-NG-Datalogger/20-Baseline/13.proj_dl3_v1r1/fpga/dl3a_v1.0_5EV_SGMII_MAC1G_clu_opt/datalogger/design_1_wrapper/export/design_1_wrapper/design_1_wrapper.xpfm
13:21:32 INFO  : Checking for BSP changes to sync application flags for project 'datalogger3'...
13:24:11 INFO  : Invoking Bootgen: bootgen -image datalogger3.bif -arch zynqmp -o /home/dl3a-5ev_1.0_dl3_mac_logger/BOOT.bin -w on
13:24:11 INFO  : Overwriting existing bif file /home/dl3a-5ev_1.0_dl3_mac_logger/datalogger3.bif
13:24:12 INFO  : Bootgen command execution is done.
13:46:14 INFO  : Invoking Bootgen: bootgen -image datalogger3.bif -arch zynqmp -o /home/dl3a-5ev_1.0_dl3_mac_logger/BOOT.bin -w on
13:46:14 INFO  : Overwriting existing bif file /home/dl3a-5ev_1.0_dl3_mac_logger/datalogger3.bif
13:46:16 INFO  : Bootgen command execution is done.
13:51:48 INFO  : Invoking Bootgen: bootgen -image datalogger3.bif -arch zynqmp -o /home/BOLIU/dl3a-5ev_1.0_dl3/BOOT.bin -w on
13:51:49 INFO  : Bootgen command execution is done.
13:58:02 INFO  : Invoking Bootgen: bootgen -image datalogger3.bif -arch zynqmp -o /home/BOLIU/dl3a-5ev_1.0_dl3/BOOT.bin -w on
13:58:03 INFO  : Bootgen command execution is done.
14:02:44 INFO  : Invoking Bootgen: bootgen -image datalogger3.bif -arch zynqmp -o /home/BOLIU/dl3a-5ev_1.0_dl3/BOOT.bin -w on
14:02:46 INFO  : Bootgen command execution is done.
14:06:58 INFO  : Invoking Bootgen: bootgen -image datalogger3.bif -arch zynqmp -o /home/BOLIU/dl3a-5ev_1.0_dl3/BOOT.bin -w on
14:06:59 INFO  : Bootgen command execution is done.
14:35:35 INFO  : Invoking Bootgen: bootgen -image datalogger3.bif -arch zynqmp -o /home/BOLIU/dl3a-5ev_1.0_dl3/BOOT.bin -w on
14:35:36 INFO  : Bootgen command execution is done.
14:40:57 INFO  : Invoking Bootgen: bootgen -image datalogger3.bif -arch zynqmp -o /home/BOLIU/dl3a-5ev_1.0_dl3/BOOT.bin -w on
14:40:59 INFO  : Bootgen command execution is done.
15:03:52 INFO  : Invoking Bootgen: bootgen -image datalogger3.bif -arch zynqmp -o /home/BOLIU/dl3a-5ev_1.0_dl3/BOOT.bin -w on
15:03:54 INFO  : Bootgen command execution is done.
15:07:50 INFO  : Invoking Bootgen: bootgen -image datalogger3.bif -arch zynqmp -o /home/BOLIU/dl3a-5ev_1.0_dl3/BOOT.bin -w on
15:07:51 INFO  : Bootgen command execution is done.
15:17:14 INFO  : Invoking Bootgen: bootgen -image datalogger3.bif -arch zynqmp -o /home/BOLIU/dl3a-5ev_1.0_dl3/BOOT.bin -w on
15:17:16 INFO  : Bootgen command execution is done.
15:20:10 INFO  : Invoking Bootgen: bootgen -image datalogger3.bif -arch zynqmp -o /home/BOLIU/dl3a-5ev_1.0_dl3/BOOT.bin -w on
15:20:12 INFO  : Bootgen command execution is done.
15:22:38 INFO  : Invoking Bootgen: bootgen -image datalogger3.bif -arch zynqmp -o /home/BOLIU/dl3a-5ev_1.0_dl3/BOOT.bin -w on
15:22:39 INFO  : Bootgen command execution is done.
15:27:06 INFO  : Invoking Bootgen: bootgen -image datalogger3.bif -arch zynqmp -o /home/BOLIU/dl3a-5ev_1.0_dl3/BOOT.bin -w on
15:27:08 INFO  : Bootgen command execution is done.
15:30:27 INFO  : Invoking Bootgen: bootgen -image datalogger3.bif -arch zynqmp -o /home/BOLIU/dl3a-5ev_1.0_dl3/BOOT.bin -w on
15:30:29 INFO  : Bootgen command execution is done.
15:33:21 INFO  : Invoking Bootgen: bootgen -image datalogger3.bif -arch zynqmp -o /home/BOLIU/dl3a-5ev_1.0_dl3/BOOT.bin -w on
15:33:22 INFO  : Bootgen command execution is done.
15:36:29 INFO  : Invoking Bootgen: bootgen -image datalogger3.bif -arch zynqmp -o /home/BOLIU/dl3a-5ev_1.0_dl3/BOOT.bin -w on
15:36:31 INFO  : Bootgen command execution is done.
10:12:07 INFO  : Result from executing command 'getProjects': datalogger3
10:12:07 INFO  : Result from executing command 'getPlatforms': design_1_wrapper|/export/zd-fs/00_shared_folder/projects/02-NG-Datalogger/20-Baseline/13.proj_dl3_v1r1/fpga/dl3a_v1.0_5EV_SGMII_MAC1G_clu_opt/datalogger/design_1_wrapper/export/design_1_wrapper/design_1_wrapper.xpfm
10:12:08 ERROR : Unexpected exception occurred while writing platform project 'design_1_wrapper' log.
10:12:08 INFO  : Platform 'datalogger3' is added to custom repositories.
10:12:18 ERROR : 
org.eclipse.core.runtime.CoreException: CDT Project already configured
	at org.eclipse.cdt.internal.core.settings.model.ExceptionFactory.createCoreException(ExceptionFactory.java:26)
	at org.eclipse.cdt.core.CCorePlugin.mapCProjectOwner(CCorePlugin.java:890)
	at org.eclipse.cdt.core.CCorePlugin$1.run(CCorePlugin.java:945)
	at org.eclipse.core.internal.resources.Workspace.run(Workspace.java:2292)
	at org.eclipse.cdt.core.CCorePlugin.createCProject(CCorePlugin.java:930)
	at com.xilinx.sdx.sdk.core.gen.AppCreationHandler.createCProject(AppCreationHandler.java:92)
	at com.xilinx.sdx.sdk.core.gen.StandaloneProjectHandler.createCoreApp(StandaloneProjectHandler.java:67)
	at com.xilinx.sdx.sdk.core.gen.AppCreationHandler.createApplication(AppCreationHandler.java:79)
	at com.xilinx.sdx.sdk.core.gen.AppCreationHandler.execute(AppCreationHandler.java:69)
	at com.xilinx.sdx.sdk.core.SdkAppCreationHandler.executeInternal(SdkAppCreationHandler.java:75)
	at com.xilinx.sdx.sdk.core.SdkAppCreationHandler.lambda$1(SdkAppCreationHandler.java:67)
	at org.eclipse.core.internal.resources.Workspace.run(Workspace.java:2292)
	at org.eclipse.core.internal.resources.Workspace.run(Workspace.java:2312)
	at com.xilinx.sdx.sdk.core.SdkAppCreationHandler.execute(SdkAppCreationHandler.java:66)
	at com.xilinx.sdx.npw.NewProjectCreationHandler.createApplicationProject(NewProjectCreationHandler.java:235)
	at com.xilinx.sdx.npw.NewProjectCreationHandler.internalExecute(NewProjectCreationHandler.java:374)
	at com.xilinx.sdx.npw.NewProjectCreationHandler$1.execute(NewProjectCreationHandler.java:98)
	at org.eclipse.ui.actions.WorkspaceModifyOperation.lambda$0(WorkspaceModifyOperation.java:110)
	at org.eclipse.core.internal.resources.Workspace.run(Workspace.java:2292)
	at org.eclipse.core.internal.resources.Workspace.run(Workspace.java:2317)
	at org.eclipse.ui.actions.WorkspaceModifyOperation.run(WorkspaceModifyOperation.java:131)
	at org.eclipse.jface.operation.ModalContext$ModalContextThread.run(ModalContext.java:122)
Caused by: org.eclipse.core.runtime.CoreException: CDT Project already configured
	at org.eclipse.cdt.internal.core.CConfigBasedDescriptorManager.configure(CConfigBasedDescriptorManager.java:160)
	at org.eclipse.cdt.core.CCorePlugin.mapCProjectOwner(CCorePlugin.java:885)
	... 20 more
10:12:18 ERROR : Failed to create application project
org.eclipse.core.runtime.CoreException: CDT Project already configured
	at com.xilinx.sdx.sdk.core.gen.StandaloneProjectHandler.createCoreApp(StandaloneProjectHandler.java:150)
	at com.xilinx.sdx.sdk.core.gen.AppCreationHandler.createApplication(AppCreationHandler.java:79)
	at com.xilinx.sdx.sdk.core.gen.AppCreationHandler.execute(AppCreationHandler.java:69)
	at com.xilinx.sdx.sdk.core.SdkAppCreationHandler.executeInternal(SdkAppCreationHandler.java:75)
	at com.xilinx.sdx.sdk.core.SdkAppCreationHandler.lambda$1(SdkAppCreationHandler.java:67)
	at org.eclipse.core.internal.resources.Workspace.run(Workspace.java:2292)
	at org.eclipse.core.internal.resources.Workspace.run(Workspace.java:2312)
	at com.xilinx.sdx.sdk.core.SdkAppCreationHandler.execute(SdkAppCreationHandler.java:66)
	at com.xilinx.sdx.npw.NewProjectCreationHandler.createApplicationProject(NewProjectCreationHandler.java:235)
	at com.xilinx.sdx.npw.NewProjectCreationHandler.internalExecute(NewProjectCreationHandler.java:374)
	at com.xilinx.sdx.npw.NewProjectCreationHandler$1.execute(NewProjectCreationHandler.java:98)
	at org.eclipse.ui.actions.WorkspaceModifyOperation.lambda$0(WorkspaceModifyOperation.java:110)
	at org.eclipse.core.internal.resources.Workspace.run(Workspace.java:2292)
	at org.eclipse.core.internal.resources.Workspace.run(Workspace.java:2317)
	at org.eclipse.ui.actions.WorkspaceModifyOperation.run(WorkspaceModifyOperation.java:131)
	at org.eclipse.jface.operation.ModalContext$ModalContextThread.run(ModalContext.java:122)
10:13:43 INFO  : Launching XSCT server: xsct -n  -interactive /export/zd-fs/00_shared_folder/projects/02-NG-Datalogger/20-Baseline/13.proj_dl3_v1r1/fpga/dl3a_v1.0_5EV_SGMII_MAC1G/datalogger/temp_xsdb_launch_script.tcl
10:13:43 INFO  : Registering command handlers for Vitis TCF services
10:13:46 INFO  : Platform repository initialization has completed.
10:13:46 INFO  : XSCT server has started successfully.
10:13:46 INFO  : plnx-install-location is set to ''
10:13:46 INFO  : Successfully done setting XSCT server connection channel  
10:13:46 INFO  : Successfully done query RDI_DATADIR 
10:13:46 INFO  : Successfully done setting workspace for the tool. 
10:15:04 INFO  : Result from executing command 'getProjects': datalogger3
10:15:04 INFO  : Result from executing command 'getPlatforms': design_1_wrapper|/export/zd-fs/00_shared_folder/projects/02-NG-Datalogger/20-Baseline/13.proj_dl3_v1r1/fpga/dl3a_v1.0_5EV_SGMII_MAC1G_clu_opt/datalogger/design_1_wrapper/export/design_1_wrapper/design_1_wrapper.xpfm
10:15:04 WARN  : An unexpected exception occurred in the module 'platform project logging'
10:15:04 INFO  : Platform 'datalogger3' is added to custom repositories.
10:15:15 ERROR : 
org.eclipse.core.runtime.CoreException: CDT Project already configured
	at org.eclipse.cdt.internal.core.settings.model.ExceptionFactory.createCoreException(ExceptionFactory.java:26)
	at org.eclipse.cdt.core.CCorePlugin.mapCProjectOwner(CCorePlugin.java:890)
	at org.eclipse.cdt.core.CCorePlugin$1.run(CCorePlugin.java:945)
	at org.eclipse.core.internal.resources.Workspace.run(Workspace.java:2292)
	at org.eclipse.cdt.core.CCorePlugin.createCProject(CCorePlugin.java:930)
	at com.xilinx.sdx.sdk.core.gen.AppCreationHandler.createCProject(AppCreationHandler.java:92)
	at com.xilinx.sdx.sdk.core.gen.StandaloneProjectHandler.createCoreApp(StandaloneProjectHandler.java:67)
	at com.xilinx.sdx.sdk.core.gen.AppCreationHandler.createApplication(AppCreationHandler.java:79)
	at com.xilinx.sdx.sdk.core.gen.AppCreationHandler.execute(AppCreationHandler.java:69)
	at com.xilinx.sdx.sdk.core.SdkAppCreationHandler.executeInternal(SdkAppCreationHandler.java:75)
	at com.xilinx.sdx.sdk.core.SdkAppCreationHandler.lambda$1(SdkAppCreationHandler.java:67)
	at org.eclipse.core.internal.resources.Workspace.run(Workspace.java:2292)
	at org.eclipse.core.internal.resources.Workspace.run(Workspace.java:2312)
	at com.xilinx.sdx.sdk.core.SdkAppCreationHandler.execute(SdkAppCreationHandler.java:66)
	at com.xilinx.sdx.npw.NewProjectCreationHandler.createApplicationProject(NewProjectCreationHandler.java:235)
	at com.xilinx.sdx.npw.NewProjectCreationHandler.internalExecute(NewProjectCreationHandler.java:374)
	at com.xilinx.sdx.npw.NewProjectCreationHandler$1.execute(NewProjectCreationHandler.java:98)
	at org.eclipse.ui.actions.WorkspaceModifyOperation.lambda$0(WorkspaceModifyOperation.java:110)
	at org.eclipse.core.internal.resources.Workspace.run(Workspace.java:2292)
	at org.eclipse.core.internal.resources.Workspace.run(Workspace.java:2317)
	at org.eclipse.ui.actions.WorkspaceModifyOperation.run(WorkspaceModifyOperation.java:131)
	at org.eclipse.jface.operation.ModalContext$ModalContextThread.run(ModalContext.java:122)
Caused by: org.eclipse.core.runtime.CoreException: CDT Project already configured
	at org.eclipse.cdt.internal.core.CConfigBasedDescriptorManager.configure(CConfigBasedDescriptorManager.java:160)
	at org.eclipse.cdt.core.CCorePlugin.mapCProjectOwner(CCorePlugin.java:885)
	... 20 more
10:15:15 ERROR : Failed to create application project
org.eclipse.core.runtime.CoreException: CDT Project already configured
	at com.xilinx.sdx.sdk.core.gen.StandaloneProjectHandler.createCoreApp(StandaloneProjectHandler.java:150)
	at com.xilinx.sdx.sdk.core.gen.AppCreationHandler.createApplication(AppCreationHandler.java:79)
	at com.xilinx.sdx.sdk.core.gen.AppCreationHandler.execute(AppCreationHandler.java:69)
	at com.xilinx.sdx.sdk.core.SdkAppCreationHandler.executeInternal(SdkAppCreationHandler.java:75)
	at com.xilinx.sdx.sdk.core.SdkAppCreationHandler.lambda$1(SdkAppCreationHandler.java:67)
	at org.eclipse.core.internal.resources.Workspace.run(Workspace.java:2292)
	at org.eclipse.core.internal.resources.Workspace.run(Workspace.java:2312)
	at com.xilinx.sdx.sdk.core.SdkAppCreationHandler.execute(SdkAppCreationHandler.java:66)
	at com.xilinx.sdx.npw.NewProjectCreationHandler.createApplicationProject(NewProjectCreationHandler.java:235)
	at com.xilinx.sdx.npw.NewProjectCreationHandler.internalExecute(NewProjectCreationHandler.java:374)
	at com.xilinx.sdx.npw.NewProjectCreationHandler$1.execute(NewProjectCreationHandler.java:98)
	at org.eclipse.ui.actions.WorkspaceModifyOperation.lambda$0(WorkspaceModifyOperation.java:110)
	at org.eclipse.core.internal.resources.Workspace.run(Workspace.java:2292)
	at org.eclipse.core.internal.resources.Workspace.run(Workspace.java:2317)
	at org.eclipse.ui.actions.WorkspaceModifyOperation.run(WorkspaceModifyOperation.java:131)
	at org.eclipse.jface.operation.ModalContext$ModalContextThread.run(ModalContext.java:122)
10:17:44 INFO  : Result from executing command 'getProjects': design_1_wrapper
10:17:44 INFO  : Result from executing command 'getPlatforms': design_1_wrapper|/export/zd-fs/00_shared_folder/projects/02-NG-Datalogger/20-Baseline/13.proj_dl3_v1r1/fpga/dl3a_v1.0_5EV_SGMII_MAC1G_clu_opt/datalogger/design_1_wrapper/export/design_1_wrapper/design_1_wrapper.xpfm
10:17:44 ERROR : Unexpected exception occurred while writing platform project 'datalogger3' log.
10:17:44 INFO  : Platform 'design_1_wrapper' is added to custom repositories.
10:17:57 INFO  : Platform 'design_1_wrapper' is added to custom repositories.
10:18:16 INFO  : Build configuration of 'datalogger3_system' is updated to 'Release'
10:18:16 INFO  : Build configuration of system project is automatically updated to 'Release'.
10:18:57 INFO  : Result from executing command 'getProjects': design_1_wrapper
10:18:57 INFO  : Result from executing command 'getPlatforms': design_1_wrapper|/export/zd-fs/00_shared_folder/projects/02-NG-Datalogger/20-Baseline/13.proj_dl3_v1r1/fpga/dl3a_v1.0_5EV_SGMII_MAC1G/datalogger/design_1_wrapper/export/design_1_wrapper/design_1_wrapper.xpfm;design_1_wrapper|/export/zd-fs/00_shared_folder/projects/02-NG-Datalogger/20-Baseline/13.proj_dl3_v1r1/fpga/dl3a_v1.0_5EV_SGMII_MAC1G_clu_opt/datalogger/design_1_wrapper/export/design_1_wrapper/design_1_wrapper.xpfm
10:19:01 INFO  : Checking for BSP changes to sync application flags for project 'datalogger3'...
10:19:30 INFO  : Invoking Bootgen: bootgen -image datalogger3.bif -arch zynqmp -o /home/BOLIU/dl3a-5ev_1.0_dl3/BOOT.bin -w on
10:19:32 INFO  : Bootgen command execution is done.
10:42:40 INFO  : Invoking Bootgen: bootgen -image datalogger3.bif -arch zynqmp -o /home/BOLIU/dl3a-5ev_1.0_dl3/BOOT.bin -w on
10:42:41 INFO  : Bootgen command execution is done.
16:06:48 INFO  : Result from executing command 'getProjects': design_1_wrapper
16:06:48 INFO  : Result from executing command 'getPlatforms': design_1_wrapper|/export/zd-fs/00_shared_folder/projects/02-NG-Datalogger/20-Baseline/13.proj_dl3_v1r1/fpga/dl3a_v1.0_5EV_SGMII_MAC1G_clu_opt/datalogger/design_1_wrapper/export/design_1_wrapper/design_1_wrapper.xpfm
16:06:48 INFO  : Platform 'design_1_wrapper' is added to custom repositories.
16:06:59 INFO  : Platform 'design_1_wrapper' is added to custom repositories.
16:07:08 INFO  : Build configuration of 'datalogger3_system' is updated to 'Release'
16:07:08 INFO  : Build configuration of system project is automatically updated to 'Release'.
16:07:48 INFO  : Result from executing command 'getProjects': design_1_wrapper
16:07:48 INFO  : Result from executing command 'getPlatforms': design_1_wrapper|/export/zd-fs/00_shared_folder/projects/02-NG-Datalogger/20-Baseline/13.proj_dl3_v1r1/fpga/dl3a_v1.0_5EV_SGMII_MAC1G/datalogger/design_1_wrapper/export/design_1_wrapper/design_1_wrapper.xpfm;design_1_wrapper|/export/zd-fs/00_shared_folder/projects/02-NG-Datalogger/20-Baseline/13.proj_dl3_v1r1/fpga/dl3a_v1.0_5EV_SGMII_MAC1G_clu_opt/datalogger/design_1_wrapper/export/design_1_wrapper/design_1_wrapper.xpfm
16:07:52 INFO  : Checking for BSP changes to sync application flags for project 'datalogger3'...
16:15:01 INFO  : Invoking Bootgen: bootgen -image datalogger3.bif -arch zynqmp -o /home/BOLIU/dl3a-5ev_1.0_dl3/BOOT.bin -w on
16:15:02 INFO  : Bootgen command execution is done.
16:31:01 INFO  : Result from executing command 'getProjects': design_1_wrapper
16:31:01 INFO  : Result from executing command 'getPlatforms': design_1_wrapper|/export/zd-fs/00_shared_folder/projects/02-NG-Datalogger/20-Baseline/13.proj_dl3_v1r1/fpga/dl3a_v1.0_5EV_SGMII_MAC1G_clu_opt/datalogger/design_1_wrapper/export/design_1_wrapper/design_1_wrapper.xpfm
16:31:01 INFO  : Platform 'design_1_wrapper' is added to custom repositories.
16:31:12 INFO  : Platform 'design_1_wrapper' is added to custom repositories.
16:31:32 INFO  : Build configuration of 'datalogger3_system' is updated to 'Release'
16:31:32 INFO  : Build configuration of system project is automatically updated to 'Release'.
16:32:12 INFO  : Result from executing command 'getProjects': design_1_wrapper
16:32:12 INFO  : Result from executing command 'getPlatforms': design_1_wrapper|/export/zd-fs/00_shared_folder/projects/02-NG-Datalogger/20-Baseline/13.proj_dl3_v1r1/fpga/dl3a_v1.0_5EV_SGMII_MAC1G/datalogger/design_1_wrapper/export/design_1_wrapper/design_1_wrapper.xpfm;design_1_wrapper|/export/zd-fs/00_shared_folder/projects/02-NG-Datalogger/20-Baseline/13.proj_dl3_v1r1/fpga/dl3a_v1.0_5EV_SGMII_MAC1G_clu_opt/datalogger/design_1_wrapper/export/design_1_wrapper/design_1_wrapper.xpfm
16:32:16 INFO  : Checking for BSP changes to sync application flags for project 'datalogger3'...
16:33:09 INFO  : Invoking Bootgen: bootgen -image datalogger3.bif -arch zynqmp -o /home/BOLIU/dl3a-5ev_1.0_dl3/BOOT.bin -w on
16:33:11 INFO  : Bootgen command execution is done.
18:05:51 INFO  : Result from executing command 'getProjects': design_1_wrapper
18:05:51 INFO  : Result from executing command 'getPlatforms': design_1_wrapper|/export/zd-fs/00_shared_folder/projects/02-NG-Datalogger/20-Baseline/13.proj_dl3_v1r1/fpga/dl3a_v1.0_5EV_SGMII_MAC1G_clu_opt/datalogger/design_1_wrapper/export/design_1_wrapper/design_1_wrapper.xpfm
18:05:51 INFO  : Platform 'design_1_wrapper' is added to custom repositories.
18:06:03 INFO  : Platform 'design_1_wrapper' is added to custom repositories.
18:06:30 INFO  : Build configuration of 'datalogger3_system' is updated to 'Release'
18:06:30 INFO  : Build configuration of system project is automatically updated to 'Release'.
18:07:10 INFO  : Result from executing command 'getProjects': design_1_wrapper
18:07:10 INFO  : Result from executing command 'getPlatforms': design_1_wrapper|/export/zd-fs/00_shared_folder/projects/02-NG-Datalogger/20-Baseline/13.proj_dl3_v1r1/fpga/dl3a_v1.0_5EV_SGMII_MAC1G/datalogger/design_1_wrapper/export/design_1_wrapper/design_1_wrapper.xpfm;design_1_wrapper|/export/zd-fs/00_shared_folder/projects/02-NG-Datalogger/20-Baseline/13.proj_dl3_v1r1/fpga/dl3a_v1.0_5EV_SGMII_MAC1G_clu_opt/datalogger/design_1_wrapper/export/design_1_wrapper/design_1_wrapper.xpfm
18:07:14 INFO  : Checking for BSP changes to sync application flags for project 'datalogger3'...
18:09:52 INFO  : Invoking Bootgen: bootgen -image datalogger3.bif -arch zynqmp -o /home/BOLIU/dl3a-5ev_1.0_dl3/BOOT.bin -w on
18:09:54 INFO  : Bootgen command execution is done.
17:01:39 INFO  : Result from executing command 'getProjects': design_1_wrapper
17:01:39 INFO  : Result from executing command 'getPlatforms': design_1_wrapper|/export/zd-fs/00_shared_folder/projects/02-NG-Datalogger/20-Baseline/13.proj_dl3_v1r1/fpga/dl3a_v1.0_5EV_SGMII_MAC1G_clu_opt/datalogger/design_1_wrapper/export/design_1_wrapper/design_1_wrapper.xpfm
17:01:39 INFO  : Platform 'design_1_wrapper' is added to custom repositories.
17:01:50 INFO  : Platform 'design_1_wrapper' is added to custom repositories.
17:03:15 INFO  : Build configuration of 'datalogger3_system' is updated to 'Release'
17:03:15 INFO  : Build configuration of system project is automatically updated to 'Release'.
17:03:55 INFO  : Result from executing command 'getProjects': design_1_wrapper
17:03:55 INFO  : Result from executing command 'getPlatforms': design_1_wrapper|/export/zd-fs/00_shared_folder/projects/02-NG-Datalogger/20-Baseline/13.proj_dl3_v1r1/fpga/dl3a_v1.0_5EV_SGMII_MAC1G/datalogger/design_1_wrapper/export/design_1_wrapper/design_1_wrapper.xpfm;design_1_wrapper|/export/zd-fs/00_shared_folder/projects/02-NG-Datalogger/20-Baseline/13.proj_dl3_v1r1/fpga/dl3a_v1.0_5EV_SGMII_MAC1G_clu_opt/datalogger/design_1_wrapper/export/design_1_wrapper/design_1_wrapper.xpfm
17:04:00 INFO  : Checking for BSP changes to sync application flags for project 'datalogger3'...
17:05:20 INFO  : Invoking Bootgen: bootgen -image datalogger3.bif -arch zynqmp -o /home/BOLIU/dl3a-5ev_1.0_dl3/BOOT.bin -w on
17:05:22 INFO  : Bootgen command execution is done.
12:13:59 INFO  : Result from executing command 'getProjects': design_1_wrapper
12:13:59 INFO  : Result from executing command 'getPlatforms': design_1_wrapper|/export/zd-fs/00_shared_folder/projects/02-NG-Datalogger/20-Baseline/13.proj_dl3_v1r1/fpga/dl3a_v1.0_5EV_SGMII_MAC1G_clu_opt/datalogger/design_1_wrapper/export/design_1_wrapper/design_1_wrapper.xpfm
12:13:59 INFO  : Platform 'design_1_wrapper' is added to custom repositories.
12:14:10 INFO  : Platform 'design_1_wrapper' is added to custom repositories.
12:14:18 INFO  : Build configuration of 'datalogger3_system' is updated to 'Release'
12:14:18 INFO  : Build configuration of system project is automatically updated to 'Release'.
12:14:58 INFO  : Result from executing command 'getProjects': design_1_wrapper
12:14:58 INFO  : Result from executing command 'getPlatforms': design_1_wrapper|/export/zd-fs/00_shared_folder/projects/02-NG-Datalogger/20-Baseline/13.proj_dl3_v1r1/fpga/dl3a_v1.0_5EV_SGMII_MAC1G/datalogger/design_1_wrapper/export/design_1_wrapper/design_1_wrapper.xpfm;design_1_wrapper|/export/zd-fs/00_shared_folder/projects/02-NG-Datalogger/20-Baseline/13.proj_dl3_v1r1/fpga/dl3a_v1.0_5EV_SGMII_MAC1G_clu_opt/datalogger/design_1_wrapper/export/design_1_wrapper/design_1_wrapper.xpfm
12:15:02 INFO  : Checking for BSP changes to sync application flags for project 'datalogger3'...
12:17:06 INFO  : Invoking Bootgen: bootgen -image datalogger3.bif -arch zynqmp -o /home/BOLIU/dl3a-5ev_1.0_dl3/BOOT.bin -w on
12:17:08 INFO  : Bootgen command execution is done.
14:27:44 INFO  : Result from executing command 'getProjects': design_1_wrapper
14:27:44 INFO  : Result from executing command 'getPlatforms': design_1_wrapper|/export/zd-fs/00_shared_folder/projects/02-NG-Datalogger/20-Baseline/13.proj_dl3_v1r1/fpga/dl3a_v1.0_5EV_SGMII_MAC1G_clu_opt/datalogger/design_1_wrapper/export/design_1_wrapper/design_1_wrapper.xpfm
14:27:44 INFO  : Platform 'design_1_wrapper' is added to custom repositories.
14:27:56 INFO  : Platform 'design_1_wrapper' is added to custom repositories.
14:28:21 INFO  : Build configuration of 'datalogger3_system' is updated to 'Release'
14:28:21 INFO  : Build configuration of system project is automatically updated to 'Release'.
14:29:00 INFO  : Result from executing command 'getProjects': design_1_wrapper
14:29:00 INFO  : Result from executing command 'getPlatforms': design_1_wrapper|/export/zd-fs/00_shared_folder/projects/02-NG-Datalogger/20-Baseline/13.proj_dl3_v1r1/fpga/dl3a_v1.0_5EV_SGMII_MAC1G/datalogger/design_1_wrapper/export/design_1_wrapper/design_1_wrapper.xpfm;design_1_wrapper|/export/zd-fs/00_shared_folder/projects/02-NG-Datalogger/20-Baseline/13.proj_dl3_v1r1/fpga/dl3a_v1.0_5EV_SGMII_MAC1G_clu_opt/datalogger/design_1_wrapper/export/design_1_wrapper/design_1_wrapper.xpfm
14:29:05 INFO  : Checking for BSP changes to sync application flags for project 'datalogger3'...
14:29:23 INFO  : Invoking Bootgen: bootgen -image datalogger3.bif -arch zynqmp -o /home/BOLIU/dl3a-5ev_1.0_dl3/BOOT.bin -w on
14:29:25 INFO  : Bootgen command execution is done.
15:41:47 INFO  : Result from executing command 'getProjects': design_1_wrapper
15:41:47 INFO  : Result from executing command 'getPlatforms': design_1_wrapper|/export/zd-fs/00_shared_folder/projects/02-NG-Datalogger/20-Baseline/13.proj_dl3_v1r1/fpga/dl3a_v1.0_5EV_SGMII_MAC1G_clu_opt/datalogger/design_1_wrapper/export/design_1_wrapper/design_1_wrapper.xpfm
15:41:48 INFO  : Platform 'design_1_wrapper' is added to custom repositories.
15:41:59 INFO  : Platform 'design_1_wrapper' is added to custom repositories.
15:42:10 INFO  : Build configuration of 'datalogger3_system' is updated to 'Release'
15:42:10 INFO  : Build configuration of system project is automatically updated to 'Release'.
15:42:50 INFO  : Result from executing command 'getProjects': design_1_wrapper
15:42:50 INFO  : Result from executing command 'getPlatforms': design_1_wrapper|/export/zd-fs/00_shared_folder/projects/02-NG-Datalogger/20-Baseline/13.proj_dl3_v1r1/fpga/dl3a_v1.0_5EV_SGMII_MAC1G/datalogger/design_1_wrapper/export/design_1_wrapper/design_1_wrapper.xpfm;design_1_wrapper|/export/zd-fs/00_shared_folder/projects/02-NG-Datalogger/20-Baseline/13.proj_dl3_v1r1/fpga/dl3a_v1.0_5EV_SGMII_MAC1G_clu_opt/datalogger/design_1_wrapper/export/design_1_wrapper/design_1_wrapper.xpfm
15:42:54 INFO  : Checking for BSP changes to sync application flags for project 'datalogger3'...
15:43:16 INFO  : Invoking Bootgen: bootgen -image datalogger3.bif -arch zynqmp -o /home/BOLIU/dl3a-5ev_1.0_dl3/BOOT.bin -w on
15:43:18 INFO  : Bootgen command execution is done.
10:01:31 INFO  : Result from executing command 'getProjects': design_1_wrapper
10:01:31 INFO  : Result from executing command 'getPlatforms': design_1_wrapper|/export/zd-fs/00_shared_folder/projects/02-NG-Datalogger/20-Baseline/13.proj_dl3_v1r1/fpga/dl3a_v1.0_5EV_SGMII_MAC1G_clu_opt/datalogger/design_1_wrapper/export/design_1_wrapper/design_1_wrapper.xpfm
10:01:31 INFO  : Platform 'design_1_wrapper' is added to custom repositories.
10:01:42 INFO  : Platform 'design_1_wrapper' is added to custom repositories.
10:01:52 INFO  : Build configuration of 'datalogger3_system' is updated to 'Release'
10:01:52 INFO  : Build configuration of system project is automatically updated to 'Release'.
10:02:33 INFO  : Result from executing command 'getProjects': design_1_wrapper
10:02:33 INFO  : Result from executing command 'getPlatforms': design_1_wrapper|/export/zd-fs/00_shared_folder/projects/02-NG-Datalogger/20-Baseline/13.proj_dl3_v1r1/fpga/dl3a_v1.0_5EV_SGMII_MAC1G/datalogger/design_1_wrapper/export/design_1_wrapper/design_1_wrapper.xpfm;design_1_wrapper|/export/zd-fs/00_shared_folder/projects/02-NG-Datalogger/20-Baseline/13.proj_dl3_v1r1/fpga/dl3a_v1.0_5EV_SGMII_MAC1G_clu_opt/datalogger/design_1_wrapper/export/design_1_wrapper/design_1_wrapper.xpfm
10:02:37 INFO  : Checking for BSP changes to sync application flags for project 'datalogger3'...
10:03:35 INFO  : Invoking Bootgen: bootgen -image datalogger3.bif -arch zynqmp -o /home/BOLIU/dl3a-5ev_1.0_dl3/BOOT.bin -w on
10:03:36 INFO  : Bootgen command execution is done.
13:31:53 INFO  : Result from executing command 'getProjects': design_1_wrapper
13:31:53 INFO  : Result from executing command 'getPlatforms': design_1_wrapper|/export/zd-fs/00_shared_folder/projects/02-NG-Datalogger/20-Baseline/13.proj_dl3_v1r1/fpga/dl3a_v1.0_5EV_SGMII_MAC1G_clu_opt/datalogger/design_1_wrapper/export/design_1_wrapper/design_1_wrapper.xpfm
13:31:53 INFO  : Platform 'design_1_wrapper' is added to custom repositories.
13:32:06 INFO  : Platform 'design_1_wrapper' is added to custom repositories.
13:32:48 INFO  : Build configuration of 'datalogger3_system' is updated to 'Release'
13:32:48 INFO  : Build configuration of system project is automatically updated to 'Release'.
13:33:28 INFO  : Result from executing command 'getProjects': design_1_wrapper
13:33:28 INFO  : Result from executing command 'getPlatforms': design_1_wrapper|/export/zd-fs/00_shared_folder/projects/02-NG-Datalogger/20-Baseline/13.proj_dl3_v1r1/fpga/dl3a_v1.0_5EV_SGMII_MAC1G/datalogger/design_1_wrapper/export/design_1_wrapper/design_1_wrapper.xpfm;design_1_wrapper|/export/zd-fs/00_shared_folder/projects/02-NG-Datalogger/20-Baseline/13.proj_dl3_v1r1/fpga/dl3a_v1.0_5EV_SGMII_MAC1G_clu_opt/datalogger/design_1_wrapper/export/design_1_wrapper/design_1_wrapper.xpfm
13:33:32 INFO  : Checking for BSP changes to sync application flags for project 'datalogger3'...
13:34:18 INFO  : Invoking Bootgen: bootgen -image datalogger3.bif -arch zynqmp -o /home/BOLIU/dl3a-5ev_1.0_dl3/BOOT.bin -w on
13:34:20 INFO  : Bootgen command execution is done.
10:43:28 INFO  : Result from executing command 'getProjects': design_1_wrapper
10:43:28 INFO  : Result from executing command 'getPlatforms': design_1_wrapper|/export/zd-fs/00_shared_folder/projects/02-NG-Datalogger/20-Baseline/13.proj_dl3_v1r1/fpga/dl3a_v1.0_5EV_SGMII_MAC1G_clu_opt/datalogger/design_1_wrapper/export/design_1_wrapper/design_1_wrapper.xpfm
10:43:28 INFO  : Platform 'design_1_wrapper' is added to custom repositories.
10:43:43 INFO  : Platform 'design_1_wrapper' is added to custom repositories.
10:43:50 INFO  : Build configuration of 'datalogger3_system' is updated to 'Release'
10:43:50 INFO  : Build configuration of system project is automatically updated to 'Release'.
10:44:31 INFO  : Result from executing command 'getProjects': design_1_wrapper
10:44:31 INFO  : Result from executing command 'getPlatforms': design_1_wrapper|/export/zd-fs/00_shared_folder/projects/02-NG-Datalogger/20-Baseline/13.proj_dl3_v1r1/fpga/dl3a_v1.0_5EV_SGMII_MAC1G/datalogger/design_1_wrapper/export/design_1_wrapper/design_1_wrapper.xpfm;design_1_wrapper|/export/zd-fs/00_shared_folder/projects/02-NG-Datalogger/20-Baseline/13.proj_dl3_v1r1/fpga/dl3a_v1.0_5EV_SGMII_MAC1G_clu_opt/datalogger/design_1_wrapper/export/design_1_wrapper/design_1_wrapper.xpfm
10:44:35 INFO  : Checking for BSP changes to sync application flags for project 'datalogger3'...
10:46:16 INFO  : Invoking Bootgen: bootgen -image datalogger3.bif -arch zynqmp -o /home/BOLIU/dl3a-5ev_1.0_dl3/BOOT.bin -w on
10:46:18 INFO  : Bootgen command execution is done.
11:30:59 INFO  : Result from executing command 'getProjects': design_1_wrapper
11:30:59 INFO  : Result from executing command 'getPlatforms': design_1_wrapper|/export/zd-fs/00_shared_folder/projects/02-NG-Datalogger/20-Baseline/13.proj_dl3_v1r1/fpga/dl3a_v1.0_5EV_SGMII_MAC1G_clu_opt/datalogger/design_1_wrapper/export/design_1_wrapper/design_1_wrapper.xpfm
11:31:00 INFO  : Platform 'design_1_wrapper' is added to custom repositories.
11:31:12 INFO  : Platform 'design_1_wrapper' is added to custom repositories.
11:31:28 INFO  : Build configuration of 'datalogger3_system' is updated to 'Release'
11:31:28 INFO  : Build configuration of system project is automatically updated to 'Release'.
11:32:08 INFO  : Result from executing command 'getProjects': design_1_wrapper
11:32:08 INFO  : Result from executing command 'getPlatforms': design_1_wrapper|/export/zd-fs/00_shared_folder/projects/02-NG-Datalogger/20-Baseline/13.proj_dl3_v1r1/fpga/dl3a_v1.0_5EV_SGMII_MAC1G/datalogger/design_1_wrapper/export/design_1_wrapper/design_1_wrapper.xpfm;design_1_wrapper|/export/zd-fs/00_shared_folder/projects/02-NG-Datalogger/20-Baseline/13.proj_dl3_v1r1/fpga/dl3a_v1.0_5EV_SGMII_MAC1G_clu_opt/datalogger/design_1_wrapper/export/design_1_wrapper/design_1_wrapper.xpfm
11:32:12 INFO  : Checking for BSP changes to sync application flags for project 'datalogger3'...
11:32:40 INFO  : Invoking Bootgen: bootgen -image datalogger3.bif -arch zynqmp -o /home/BOLIU/dl3a-5ev_1.0_dl3/BOOT.bin -w on
11:32:41 INFO  : Bootgen command execution is done.
13:57:34 INFO  : Launching XSCT server: xsct -n  -interactive /export/zd-fs/00_shared_folder/projects/02-NG-Datalogger/20-Baseline/13.proj_dl3_v1r1/fpga/dl3a_v1.0_5EV_SGMII_MAC1G_can_transport/datalogger/temp_xsdb_launch_script.tcl
13:57:37 INFO  : XSCT server has started successfully.
13:57:37 INFO  : Successfully done setting XSCT server connection channel  
13:57:37 INFO  : plnx-install-location is set to ''
13:57:37 INFO  : Successfully done setting workspace for the tool. 
13:57:37 INFO  : Platform repository initialization has completed.
13:57:38 INFO  : Registering command handlers for Vitis TCF services
13:57:38 INFO  : Successfully done query RDI_DATADIR 
13:58:14 WARN  : An unexpected exception occurred in the module 'platform project logging'
14:00:04 INFO  : Result from executing command 'getProjects': design_1_wrapper
14:00:04 INFO  : Result from executing command 'getPlatforms': design_1_wrapper|/export/zd-fs/00_shared_folder/projects/02-NG-Datalogger/20-Baseline/13.proj_dl3_v1r1/fpga/dl3a_v1.0_5EV_SGMII_MAC1G_clu_opt/datalogger/design_1_wrapper/export/design_1_wrapper/design_1_wrapper.xpfm
14:00:04 WARN  : An unexpected exception occurred in the module 'platform project logging'
14:00:04 INFO  : Platform 'design_1_wrapper' is added to custom repositories.
14:00:17 INFO  : Platform 'design_1_wrapper' is added to custom repositories.
14:00:29 INFO  : Build configuration of 'datalogger3_system' is updated to 'Release'
14:00:29 INFO  : Build configuration of system project is automatically updated to 'Release'.
14:01:09 INFO  : Result from executing command 'getProjects': design_1_wrapper
14:01:09 INFO  : Result from executing command 'getPlatforms': design_1_wrapper|/export/zd-fs/00_shared_folder/projects/02-NG-Datalogger/20-Baseline/13.proj_dl3_v1r1/fpga/dl3a_v1.0_5EV_SGMII_MAC1G_can_transport/datalogger/design_1_wrapper/export/design_1_wrapper/design_1_wrapper.xpfm;design_1_wrapper|/export/zd-fs/00_shared_folder/projects/02-NG-Datalogger/20-Baseline/13.proj_dl3_v1r1/fpga/dl3a_v1.0_5EV_SGMII_MAC1G_clu_opt/datalogger/design_1_wrapper/export/design_1_wrapper/design_1_wrapper.xpfm
14:01:13 INFO  : Checking for BSP changes to sync application flags for project 'datalogger3'...
14:01:47 INFO  : Invoking Bootgen: bootgen -image datalogger3.bif -arch zynqmp -o /home/BOLIU/dl3a-5ev_1.0_dl3/BOOT.bin -w on
14:01:48 INFO  : Bootgen command execution is done.
15:57:20 INFO  : Result from executing command 'getProjects': design_1_wrapper
15:57:20 INFO  : Result from executing command 'getPlatforms': design_1_wrapper|/export/zd-fs/00_shared_folder/projects/02-NG-Datalogger/20-Baseline/13.proj_dl3_v1r1/fpga/dl3a_v1.0_5EV_SGMII_MAC1G_clu_opt/datalogger/design_1_wrapper/export/design_1_wrapper/design_1_wrapper.xpfm
15:57:21 INFO  : Platform 'design_1_wrapper' is added to custom repositories.
15:57:32 INFO  : Platform 'design_1_wrapper' is added to custom repositories.
15:57:41 INFO  : Build configuration of 'datalogger3_system' is updated to 'Release'
15:57:41 INFO  : Build configuration of system project is automatically updated to 'Release'.
15:58:21 INFO  : Result from executing command 'getProjects': design_1_wrapper
15:58:21 INFO  : Result from executing command 'getPlatforms': design_1_wrapper|/export/zd-fs/00_shared_folder/projects/02-NG-Datalogger/20-Baseline/13.proj_dl3_v1r1/fpga/dl3a_v1.0_5EV_SGMII_MAC1G_can_transport/datalogger/design_1_wrapper/export/design_1_wrapper/design_1_wrapper.xpfm;design_1_wrapper|/export/zd-fs/00_shared_folder/projects/02-NG-Datalogger/20-Baseline/13.proj_dl3_v1r1/fpga/dl3a_v1.0_5EV_SGMII_MAC1G_clu_opt/datalogger/design_1_wrapper/export/design_1_wrapper/design_1_wrapper.xpfm
15:58:25 INFO  : Checking for BSP changes to sync application flags for project 'datalogger3'...
15:59:18 INFO  : Invoking Bootgen: bootgen -image datalogger3.bif -arch zynqmp -o /home/BOLIU/dl3a-5ev_1.0_dl3/BOOT.bin -w on
15:59:20 INFO  : Bootgen command execution is done.
09:55:44 INFO  : Result from executing command 'getProjects': design_1_wrapper
09:55:44 INFO  : Result from executing command 'getPlatforms': design_1_wrapper|/export/zd-fs/00_shared_folder/projects/02-NG-Datalogger/20-Baseline/13.proj_dl3_v1r1/fpga/dl3a_v1.0_5EV_SGMII_MAC1G_clu_opt/datalogger/design_1_wrapper/export/design_1_wrapper/design_1_wrapper.xpfm
09:55:45 INFO  : Platform 'design_1_wrapper' is added to custom repositories.
09:55:57 INFO  : Platform 'design_1_wrapper' is added to custom repositories.
09:56:07 INFO  : Build configuration of 'datalogger3_system' is updated to 'Release'
09:56:07 INFO  : Build configuration of system project is automatically updated to 'Release'.
09:56:47 INFO  : Result from executing command 'getProjects': design_1_wrapper
09:56:47 INFO  : Result from executing command 'getPlatforms': design_1_wrapper|/export/zd-fs/00_shared_folder/projects/02-NG-Datalogger/20-Baseline/13.proj_dl3_v1r1/fpga/dl3a_v1.0_5EV_SGMII_MAC1G_can_transport/datalogger/design_1_wrapper/export/design_1_wrapper/design_1_wrapper.xpfm;design_1_wrapper|/export/zd-fs/00_shared_folder/projects/02-NG-Datalogger/20-Baseline/13.proj_dl3_v1r1/fpga/dl3a_v1.0_5EV_SGMII_MAC1G_clu_opt/datalogger/design_1_wrapper/export/design_1_wrapper/design_1_wrapper.xpfm
09:56:51 INFO  : Checking for BSP changes to sync application flags for project 'datalogger3'...
09:57:17 INFO  : Invoking Bootgen: bootgen -image datalogger3.bif -arch zynqmp -o /home/BOLIU/dl3a-5ev_1.0_dl3/BOOT.bin -w on
09:57:18 INFO  : Bootgen command execution is done.
13:19:12 INFO  : Result from executing command 'getProjects': design_1_wrapper
13:19:12 INFO  : Result from executing command 'getPlatforms': design_1_wrapper|/export/zd-fs/00_shared_folder/projects/02-NG-Datalogger/20-Baseline/13.proj_dl3_v1r1/fpga/dl3a_v1.0_5EV_SGMII_MAC1G_clu_opt/datalogger/design_1_wrapper/export/design_1_wrapper/design_1_wrapper.xpfm
13:19:13 INFO  : Platform 'design_1_wrapper' is added to custom repositories.
13:19:23 INFO  : Platform 'design_1_wrapper' is added to custom repositories.
13:19:35 INFO  : Build configuration of 'datalogger3_system' is updated to 'Release'
13:19:35 INFO  : Build configuration of system project is automatically updated to 'Release'.
13:20:15 INFO  : Result from executing command 'getProjects': design_1_wrapper
13:20:15 INFO  : Result from executing command 'getPlatforms': design_1_wrapper|/export/zd-fs/00_shared_folder/projects/02-NG-Datalogger/20-Baseline/13.proj_dl3_v1r1/fpga/dl3a_v1.0_5EV_SGMII_MAC1G_can_transport/datalogger/design_1_wrapper/export/design_1_wrapper/design_1_wrapper.xpfm;design_1_wrapper|/export/zd-fs/00_shared_folder/projects/02-NG-Datalogger/20-Baseline/13.proj_dl3_v1r1/fpga/dl3a_v1.0_5EV_SGMII_MAC1G_clu_opt/datalogger/design_1_wrapper/export/design_1_wrapper/design_1_wrapper.xpfm
13:20:19 INFO  : Checking for BSP changes to sync application flags for project 'datalogger3'...
13:20:45 INFO  : Invoking Bootgen: bootgen -image datalogger3.bif -arch zynqmp -o /home/BOLIU/dl3a-5ev_1.0_dl3/BOOT.bin -w on
13:20:47 INFO  : Bootgen command execution is done.
14:12:49 INFO  : Invoking Bootgen: bootgen -image datalogger3.bif -arch zynqmp -o /home/BOLIU/dl3a-5ev_1.0_dl3/BOOT.bin -w on
14:12:50 INFO  : Bootgen command execution is done.
15:40:05 INFO  : Invoking Bootgen: bootgen -image datalogger3.bif -arch zynqmp -o /home/BOLIU/dl3a-5ev_1.0_dl3/BOOT.bin -w on
15:40:07 INFO  : Bootgen command execution is done.
09:44:10 INFO  : Launching XSCT server: xsct -n  -interactive /export/zd-fs/00_shared_folder/projects/02-NG-Datalogger/20-Baseline/13.proj_dl3_v1r1/fpga/dl3a_v1.0_5EV_SGMII_MAC1G/datalogger/temp_xsdb_launch_script.tcl
09:44:13 INFO  : XSCT server has started successfully.
09:44:13 INFO  : Successfully done setting XSCT server connection channel  
09:44:13 INFO  : plnx-install-location is set to ''
09:44:13 INFO  : Successfully done setting workspace for the tool. 
09:44:13 INFO  : Platform repository initialization has completed.
09:44:14 INFO  : Registering command handlers for Vitis TCF services
09:44:14 INFO  : Successfully done query RDI_DATADIR 
09:44:29 WARN  : An unexpected exception occurred in the module 'platform project logging'
09:47:03 INFO  : Result from executing command 'getProjects': design_1_wrapper
09:47:03 INFO  : Result from executing command 'getPlatforms': design_1_wrapper|/export/zd-fs/00_shared_folder/projects/02-NG-Datalogger/20-Baseline/13.proj_dl3_v1r1/fpga/dl3a_v1.0_5EV_SGMII_MAC1G_can_transport/datalogger/design_1_wrapper/export/design_1_wrapper/design_1_wrapper.xpfm;design_1_wrapper|/export/zd-fs/00_shared_folder/projects/02-NG-Datalogger/20-Baseline/13.proj_dl3_v1r1/fpga/dl3a_v1.0_5EV_SGMII_MAC1G_clu_opt/datalogger/design_1_wrapper/export/design_1_wrapper/design_1_wrapper.xpfm
09:47:03 WARN  : An unexpected exception occurred in the module 'platform project logging'
09:47:03 INFO  : Platform 'design_1_wrapper' is added to custom repositories.
09:47:15 INFO  : Platform 'design_1_wrapper' is added to custom repositories.
09:47:44 INFO  : Build configuration of 'datalogger3_system' is updated to 'Release'
09:47:44 INFO  : Build configuration of system project is automatically updated to 'Release'.
09:48:24 INFO  : Result from executing command 'getProjects': design_1_wrapper
09:48:24 INFO  : Result from executing command 'getPlatforms': design_1_wrapper|/export/zd-fs/00_shared_folder/projects/02-NG-Datalogger/20-Baseline/13.proj_dl3_v1r1/fpga/dl3a_v1.0_5EV_SGMII_MAC1G/datalogger/design_1_wrapper/export/design_1_wrapper/design_1_wrapper.xpfm;design_1_wrapper|/export/zd-fs/00_shared_folder/projects/02-NG-Datalogger/20-Baseline/13.proj_dl3_v1r1/fpga/dl3a_v1.0_5EV_SGMII_MAC1G_can_transport/datalogger/design_1_wrapper/export/design_1_wrapper/design_1_wrapper.xpfm;design_1_wrapper|/export/zd-fs/00_shared_folder/projects/02-NG-Datalogger/20-Baseline/13.proj_dl3_v1r1/fpga/dl3a_v1.0_5EV_SGMII_MAC1G_clu_opt/datalogger/design_1_wrapper/export/design_1_wrapper/design_1_wrapper.xpfm
09:48:28 INFO  : Checking for BSP changes to sync application flags for project 'datalogger3'...
09:49:01 INFO  : Invoking Bootgen: bootgen -image datalogger3.bif -arch zynqmp -o /home/BOLIU/dl3a-5ev_1.0_dl3/BOOT.bin -w on
09:49:03 INFO  : Bootgen command execution is done.
16:15:49 INFO  : Launching XSCT server: xsct -n  -interactive /export/zd-fs/00_shared_folder/projects/02-NG-Datalogger/20-Baseline/13.proj_dl3_v1r1/fpga/dl3a_v1.0_5EV_SGMII_MAC1G_30ports/datalogger/temp_xsdb_launch_script.tcl
16:15:52 INFO  : XSCT server has started successfully.
16:15:52 INFO  : Successfully done setting XSCT server connection channel  
16:15:52 INFO  : plnx-install-location is set to ''
16:15:52 INFO  : Successfully done setting workspace for the tool. 
16:15:53 INFO  : Platform repository initialization has completed.
16:15:54 INFO  : Registering command handlers for Vitis TCF services
16:15:54 INFO  : Successfully done query RDI_DATADIR 
16:16:31 WARN  : An unexpected exception occurred in the module 'platform project logging'
16:18:45 INFO  : Result from executing command 'getProjects': design_1_wrapper
16:18:45 INFO  : Result from executing command 'getPlatforms': design_1_wrapper|/export/zd-fs/00_shared_folder/projects/02-NG-Datalogger/20-Baseline/13.proj_dl3_v1r1/fpga/dl3a_v1.0_5EV_SGMII_MAC1G/datalogger/design_1_wrapper/export/design_1_wrapper/design_1_wrapper.xpfm;design_1_wrapper|/export/zd-fs/00_shared_folder/projects/02-NG-Datalogger/20-Baseline/13.proj_dl3_v1r1/fpga/dl3a_v1.0_5EV_SGMII_MAC1G_can_transport/datalogger/design_1_wrapper/export/design_1_wrapper/design_1_wrapper.xpfm;design_1_wrapper|/export/zd-fs/00_shared_folder/projects/02-NG-Datalogger/20-Baseline/13.proj_dl3_v1r1/fpga/dl3a_v1.0_5EV_SGMII_MAC1G_clu_opt/datalogger/design_1_wrapper/export/design_1_wrapper/design_1_wrapper.xpfm
16:18:45 WARN  : An unexpected exception occurred in the module 'platform project logging'
16:18:45 INFO  : Platform 'design_1_wrapper' is added to custom repositories.
16:19:00 INFO  : Platform 'design_1_wrapper' is added to custom repositories.
16:19:09 INFO  : Build configuration of 'datalogger3_system' is updated to 'Release'
16:19:09 INFO  : Build configuration of system project is automatically updated to 'Release'.
16:19:52 INFO  : Result from executing command 'getProjects': design_1_wrapper
16:19:52 INFO  : Result from executing command 'getPlatforms': design_1_wrapper|/export/zd-fs/00_shared_folder/projects/02-NG-Datalogger/20-Baseline/13.proj_dl3_v1r1/fpga/dl3a_v1.0_5EV_SGMII_MAC1G/datalogger/design_1_wrapper/export/design_1_wrapper/design_1_wrapper.xpfm;design_1_wrapper|/export/zd-fs/00_shared_folder/projects/02-NG-Datalogger/20-Baseline/13.proj_dl3_v1r1/fpga/dl3a_v1.0_5EV_SGMII_MAC1G_30ports/datalogger/design_1_wrapper/export/design_1_wrapper/design_1_wrapper.xpfm;design_1_wrapper|/export/zd-fs/00_shared_folder/projects/02-NG-Datalogger/20-Baseline/13.proj_dl3_v1r1/fpga/dl3a_v1.0_5EV_SGMII_MAC1G_can_transport/datalogger/design_1_wrapper/export/design_1_wrapper/design_1_wrapper.xpfm;design_1_wrapper|/export/zd-fs/00_shared_folder/projects/02-NG-Datalogger/20-Baseline/13.proj_dl3_v1r1/fpga/dl3a_v1.0_5EV_SGMII_MAC1G_clu_opt/datalogger/design_1_wrapper/export/design_1_wrapper/design_1_wrapper.xpfm
16:19:56 INFO  : Checking for BSP changes to sync application flags for project 'datalogger3'...
16:50:44 INFO  : Invoking Bootgen: bootgen -image datalogger3.bif -arch zynqmp -o /home/BOLIU/dl3a-5ev_1.0_dl3_30ports/BOOT.bin -w on
16:50:46 INFO  : Bootgen command execution is done.
10:29:49 INFO  : Result from executing command 'getProjects': design_1_wrapper
10:29:49 INFO  : Result from executing command 'getPlatforms': design_1_wrapper|/export/zd-fs/00_shared_folder/projects/02-NG-Datalogger/20-Baseline/13.proj_dl3_v1r1/fpga/dl3a_v1.0_5EV_SGMII_MAC1G/datalogger/design_1_wrapper/export/design_1_wrapper/design_1_wrapper.xpfm;design_1_wrapper|/export/zd-fs/00_shared_folder/projects/02-NG-Datalogger/20-Baseline/13.proj_dl3_v1r1/fpga/dl3a_v1.0_5EV_SGMII_MAC1G_can_transport/datalogger/design_1_wrapper/export/design_1_wrapper/design_1_wrapper.xpfm;design_1_wrapper|/export/zd-fs/00_shared_folder/projects/02-NG-Datalogger/20-Baseline/13.proj_dl3_v1r1/fpga/dl3a_v1.0_5EV_SGMII_MAC1G_clu_opt/datalogger/design_1_wrapper/export/design_1_wrapper/design_1_wrapper.xpfm
10:29:50 INFO  : Platform 'design_1_wrapper' is added to custom repositories.
10:30:01 INFO  : Platform 'design_1_wrapper' is added to custom repositories.
10:31:03 INFO  : Invoking Bootgen: bootgen -image datalogger3.bif -arch zynqmp -o /home/BOLIU/dl3a-5ev_1.0_dl3_30ports/BOOT.bin -w on
10:31:05 INFO  : Bootgen command execution is done.
13:31:05 INFO  : Launching XSCT server: xsct -n  -interactive /export/zd-fs/00_shared_folder/projects/02-NG-Datalogger/20-Baseline/13.proj_dl3_v1r1/fpga/dl3a_v1.0_5EV_SGMII_MAC1G_30ports_double_FIFO/datalogger/temp_xsdb_launch_script.tcl
13:31:05 INFO  : Registering command handlers for Vitis TCF services
13:31:08 INFO  : Platform repository initialization has completed.
13:31:08 INFO  : XSCT server has started successfully.
13:31:09 INFO  : Successfully done setting XSCT server connection channel  
13:31:09 INFO  : plnx-install-location is set to ''
13:31:09 INFO  : Successfully done query RDI_DATADIR 
13:31:09 INFO  : Successfully done setting workspace for the tool. 
13:33:49 INFO  : Result from executing command 'getProjects': design_1_wrapper_1
13:33:49 INFO  : Result from executing command 'getPlatforms': design_1_wrapper|/export/zd-fs/00_shared_folder/projects/02-NG-Datalogger/20-Baseline/13.proj_dl3_v1r1/fpga/dl3a_v1.0_5EV_SGMII_MAC1G/datalogger/design_1_wrapper/export/design_1_wrapper/design_1_wrapper.xpfm;design_1_wrapper|/export/zd-fs/00_shared_folder/projects/02-NG-Datalogger/20-Baseline/13.proj_dl3_v1r1/fpga/dl3a_v1.0_5EV_SGMII_MAC1G_30ports/datalogger/design_1_wrapper/export/design_1_wrapper/design_1_wrapper.xpfm;design_1_wrapper|/export/zd-fs/00_shared_folder/projects/02-NG-Datalogger/20-Baseline/13.proj_dl3_v1r1/fpga/dl3a_v1.0_5EV_SGMII_MAC1G_can_transport/datalogger/design_1_wrapper/export/design_1_wrapper/design_1_wrapper.xpfm;design_1_wrapper|/export/zd-fs/00_shared_folder/projects/02-NG-Datalogger/20-Baseline/13.proj_dl3_v1r1/fpga/dl3a_v1.0_5EV_SGMII_MAC1G_clu_opt/datalogger/design_1_wrapper/export/design_1_wrapper/design_1_wrapper.xpfm
13:33:49 WARN  : An unexpected exception occurred in the module 'platform project logging'
13:33:49 INFO  : Platform 'design_1_wrapper_1' is added to custom repositories.
13:34:02 INFO  : Platform 'design_1_wrapper_1' is added to custom repositories.
13:34:17 INFO  : Build configuration of 'datalogger3_double_fifo_system' is updated to 'Release'
13:34:17 INFO  : Build configuration of system project is automatically updated to 'Release'.
13:34:58 INFO  : Result from executing command 'getProjects': design_1_wrapper_1
13:34:58 INFO  : Result from executing command 'getPlatforms': design_1_wrapper_1|/export/zd-fs/00_shared_folder/projects/02-NG-Datalogger/20-Baseline/13.proj_dl3_v1r1/fpga/dl3a_v1.0_5EV_SGMII_MAC1G_30ports_double_FIFO/datalogger/design_1_wrapper_1/export/design_1_wrapper_1/design_1_wrapper_1.xpfm;design_1_wrapper|/export/zd-fs/00_shared_folder/projects/02-NG-Datalogger/20-Baseline/13.proj_dl3_v1r1/fpga/dl3a_v1.0_5EV_SGMII_MAC1G/datalogger/design_1_wrapper/export/design_1_wrapper/design_1_wrapper.xpfm;design_1_wrapper|/export/zd-fs/00_shared_folder/projects/02-NG-Datalogger/20-Baseline/13.proj_dl3_v1r1/fpga/dl3a_v1.0_5EV_SGMII_MAC1G_30ports/datalogger/design_1_wrapper/export/design_1_wrapper/design_1_wrapper.xpfm;design_1_wrapper|/export/zd-fs/00_shared_folder/projects/02-NG-Datalogger/20-Baseline/13.proj_dl3_v1r1/fpga/dl3a_v1.0_5EV_SGMII_MAC1G_can_transport/datalogger/design_1_wrapper/export/design_1_wrapper/design_1_wrapper.xpfm;design_1_wrapper|/export/zd-fs/00_shared_folder/projects/02-NG-Datalogger/20-Baseline/13.proj_dl3_v1r1/fpga/dl3a_v1.0_5EV_SGMII_MAC1G_clu_opt/datalogger/design_1_wrapper/export/design_1_wrapper/design_1_wrapper.xpfm
13:35:02 INFO  : Checking for BSP changes to sync application flags for project 'datalogger3_double_fifo'...
17:12:51 INFO  : Launching XSCT server: xsct -n  -interactive /export/zd-fs/00_shared_folder/projects/02-NG-Datalogger/20-Baseline/13.proj_dl3_v1r1/fpga/dl3a_v1.0_5EV_SGMII_MAC1G_30ports_double_FIFO_pinned_64bit/datalogger/temp_xsdb_launch_script.tcl
17:12:54 INFO  : XSCT server has started successfully.
17:12:54 INFO  : plnx-install-location is set to ''
17:12:54 INFO  : Successfully done setting XSCT server connection channel  
17:12:54 INFO  : Successfully done setting workspace for the tool. 
17:12:54 INFO  : Platform repository initialization has completed.
17:12:55 INFO  : Successfully done query RDI_DATADIR 
17:12:55 INFO  : Registering command handlers for Vitis TCF services
17:13:18 WARN  : An unexpected exception occurred in the module 'platform project logging'
17:13:18 WARN  : Failed to update project references for project datalogger3
17:13:18 WARN  : Failed to update project references for project datalogger3_system
17:13:18 WARN  : Failed to update project references for project design_1_wrapper
17:16:25 INFO  : Launching XSCT server: xsct -n  -interactive /export/zd-fs/00_shared_folder/projects/02-NG-Datalogger/20-Baseline/13.proj_dl3_v1r1/fpga/dl3a_v1.0_5EV_SGMII_MAC1G_30ports_double_FIFO_pinned_64bit/datalogger/temp_xsdb_launch_script.tcl
17:16:25 INFO  : Registering command handlers for Vitis TCF services
17:16:27 INFO  : Platform repository initialization has completed.
17:16:28 INFO  : XSCT server has started successfully.
17:16:28 INFO  : plnx-install-location is set to ''
17:16:28 INFO  : Successfully done setting XSCT server connection channel  
17:16:28 INFO  : Successfully done setting workspace for the tool. 
17:16:28 INFO  : Successfully done query RDI_DATADIR 
17:19:26 INFO  : Launching XSCT server: xsct -n  -interactive /export/zd-fs/00_shared_folder/projects/02-NG-Datalogger/20-Baseline/13.proj_dl3_v1r1/fpga/dl3a_v1.0_5EV_SGMII_MAC1G_30ports_double_FIFO_pinned_64bit/datalogger/temp_xsdb_launch_script.tcl
17:19:26 INFO  : Registering command handlers for Vitis TCF services
17:19:29 INFO  : Platform repository initialization has completed.
17:19:29 INFO  : XSCT server has started successfully.
17:19:29 INFO  : Successfully done setting XSCT server connection channel  
17:19:29 INFO  : plnx-install-location is set to ''
17:19:29 INFO  : Successfully done query RDI_DATADIR 
17:19:29 INFO  : Successfully done setting workspace for the tool. 
17:25:45 INFO  : Result from executing command 'getProjects': design_1_wrapper_1
17:25:45 INFO  : Result from executing command 'getPlatforms': design_1_wrapper_1|/export/zd-fs/00_shared_folder/projects/02-NG-Datalogger/20-Baseline/13.proj_dl3_v1r1/fpga/dl3a_v1.0_5EV_SGMII_MAC1G_30ports_double_FIFO/datalogger/design_1_wrapper_1/export/design_1_wrapper_1/design_1_wrapper_1.xpfm;design_1_wrapper|/export/zd-fs/00_shared_folder/projects/02-NG-Datalogger/20-Baseline/13.proj_dl3_v1r1/fpga/dl3a_v1.0_5EV_SGMII_MAC1G/datalogger/design_1_wrapper/export/design_1_wrapper/design_1_wrapper.xpfm;design_1_wrapper|/export/zd-fs/00_shared_folder/projects/02-NG-Datalogger/20-Baseline/13.proj_dl3_v1r1/fpga/dl3a_v1.0_5EV_SGMII_MAC1G_30ports/datalogger/design_1_wrapper/export/design_1_wrapper/design_1_wrapper.xpfm;design_1_wrapper|/export/zd-fs/00_shared_folder/projects/02-NG-Datalogger/20-Baseline/13.proj_dl3_v1r1/fpga/dl3a_v1.0_5EV_SGMII_MAC1G_can_transport/datalogger/design_1_wrapper/export/design_1_wrapper/design_1_wrapper.xpfm;design_1_wrapper|/export/zd-fs/00_shared_folder/projects/02-NG-Datalogger/20-Baseline/13.proj_dl3_v1r1/fpga/dl3a_v1.0_5EV_SGMII_MAC1G_clu_opt/datalogger/design_1_wrapper/export/design_1_wrapper/design_1_wrapper.xpfm
17:25:45 WARN  : An unexpected exception occurred in the module 'platform project logging'
17:25:45 INFO  : Platform 'design_1_wrapper_1' is added to custom repositories.
17:25:58 INFO  : Platform 'design_1_wrapper_1' is added to custom repositories.
17:26:11 INFO  : Build configuration of 'datalogger3_2fifo_pinned_64bit_system' is updated to 'Release'
17:26:11 INFO  : Build configuration of system project is automatically updated to 'Release'.
17:26:52 INFO  : Result from executing command 'getProjects': design_1_wrapper_1
17:26:52 INFO  : Result from executing command 'getPlatforms': design_1_wrapper_1|/export/zd-fs/00_shared_folder/projects/02-NG-Datalogger/20-Baseline/13.proj_dl3_v1r1/fpga/dl3a_v1.0_5EV_SGMII_MAC1G_30ports_double_FIFO/datalogger/design_1_wrapper_1/export/design_1_wrapper_1/design_1_wrapper_1.xpfm;design_1_wrapper_1|/export/zd-fs/00_shared_folder/projects/02-NG-Datalogger/20-Baseline/13.proj_dl3_v1r1/fpga/dl3a_v1.0_5EV_SGMII_MAC1G_30ports_double_FIFO_pinned_64bit/datalogger/design_1_wrapper_1/export/design_1_wrapper_1/design_1_wrapper_1.xpfm;design_1_wrapper|/export/zd-fs/00_shared_folder/projects/02-NG-Datalogger/20-Baseline/13.proj_dl3_v1r1/fpga/dl3a_v1.0_5EV_SGMII_MAC1G/datalogger/design_1_wrapper/export/design_1_wrapper/design_1_wrapper.xpfm;design_1_wrapper|/export/zd-fs/00_shared_folder/projects/02-NG-Datalogger/20-Baseline/13.proj_dl3_v1r1/fpga/dl3a_v1.0_5EV_SGMII_MAC1G_30ports/datalogger/design_1_wrapper/export/design_1_wrapper/design_1_wrapper.xpfm;design_1_wrapper|/export/zd-fs/00_shared_folder/projects/02-NG-Datalogger/20-Baseline/13.proj_dl3_v1r1/fpga/dl3a_v1.0_5EV_SGMII_MAC1G_can_transport/datalogger/design_1_wrapper/export/design_1_wrapper/design_1_wrapper.xpfm;design_1_wrapper|/export/zd-fs/00_shared_folder/projects/02-NG-Datalogger/20-Baseline/13.proj_dl3_v1r1/fpga/dl3a_v1.0_5EV_SGMII_MAC1G_clu_opt/datalogger/design_1_wrapper/export/design_1_wrapper/design_1_wrapper.xpfm
17:26:56 INFO  : Checking for BSP changes to sync application flags for project 'datalogger3_2fifo_pinned_64bit'...
17:27:25 INFO  : Invoking Bootgen: bootgen -image datalogger3.bif -arch zynqmp -o /home/BOLIU/dl3a-5ev_1.0_dl3_30ports_64bit/BOOT.bin -w on
17:27:26 INFO  : Bootgen command execution is done.
14:43:53 INFO  : Launching XSCT server: xsct -n  -interactive /export/zd-fs/00_shared_folder/projects/02-NG-Datalogger/20-Baseline/13.proj_dl3_v1r1/fpga/dl3a_v1.0_5EV_SGMII_MAC1G_30ports_double_FIFO_pinned_64bit/datalogger/temp_xsdb_launch_script.tcl
14:43:56 INFO  : XSCT server has started successfully.
14:43:56 INFO  : plnx-install-location is set to ''
14:43:56 INFO  : Successfully done setting XSCT server connection channel  
14:43:56 INFO  : Successfully done setting workspace for the tool. 
14:43:56 INFO  : Platform repository initialization has completed.
14:43:57 INFO  : Successfully done query RDI_DATADIR 
14:43:57 INFO  : Registering command handlers for Vitis TCF services
14:44:21 WARN  : An unexpected exception occurred in the module 'platform project logging'
14:44:21 WARN  : Failed to update project references for project datalogger3
14:44:21 WARN  : Failed to update project references for project datalogger3_system
14:44:21 WARN  : Failed to update project references for project design_1_wrapper
14:49:30 INFO  : Result from executing command 'getProjects': design_1_wrapper
14:49:30 INFO  : Result from executing command 'getPlatforms': design_1_wrapper_1|/export/zd-fs/00_shared_folder/projects/02-NG-Datalogger/20-Baseline/13.proj_dl3_v1r1/fpga/dl3a_v1.0_5EV_SGMII_MAC1G_30ports_double_FIFO/datalogger/design_1_wrapper_1/export/design_1_wrapper_1/design_1_wrapper_1.xpfm;design_1_wrapper|/export/zd-fs/00_shared_folder/projects/02-NG-Datalogger/20-Baseline/13.proj_dl3_v1r1/fpga/dl3a_v1.0_5EV_SGMII_MAC1G/datalogger/design_1_wrapper/export/design_1_wrapper/design_1_wrapper.xpfm;design_1_wrapper|/export/zd-fs/00_shared_folder/projects/02-NG-Datalogger/20-Baseline/13.proj_dl3_v1r1/fpga/dl3a_v1.0_5EV_SGMII_MAC1G_30ports/datalogger/design_1_wrapper/export/design_1_wrapper/design_1_wrapper.xpfm;design_1_wrapper|/export/zd-fs/00_shared_folder/projects/02-NG-Datalogger/20-Baseline/13.proj_dl3_v1r1/fpga/dl3a_v1.0_5EV_SGMII_MAC1G_can_transport/datalogger/design_1_wrapper/export/design_1_wrapper/design_1_wrapper.xpfm;design_1_wrapper|/export/zd-fs/00_shared_folder/projects/02-NG-Datalogger/20-Baseline/13.proj_dl3_v1r1/fpga/dl3a_v1.0_5EV_SGMII_MAC1G_clu_opt/datalogger/design_1_wrapper/export/design_1_wrapper/design_1_wrapper.xpfm
14:49:30 WARN  : An unexpected exception occurred in the module 'platform project logging'
14:49:30 INFO  : Platform 'design_1_wrapper' is added to custom repositories.
14:49:44 INFO  : Platform 'design_1_wrapper' is added to custom repositories.
14:49:52 INFO  : Build configuration of 'datalogger3_2fifo_pinned_64bit_system' is updated to 'Release'
14:49:52 INFO  : Build configuration of system project is automatically updated to 'Release'.
14:50:37 INFO  : Result from executing command 'getProjects': design_1_wrapper
14:50:37 INFO  : Result from executing command 'getPlatforms': design_1_wrapper_1|/export/zd-fs/00_shared_folder/projects/02-NG-Datalogger/20-Baseline/13.proj_dl3_v1r1/fpga/dl3a_v1.0_5EV_SGMII_MAC1G_30ports_double_FIFO/datalogger/design_1_wrapper_1/export/design_1_wrapper_1/design_1_wrapper_1.xpfm;design_1_wrapper|/export/zd-fs/00_shared_folder/projects/02-NG-Datalogger/20-Baseline/13.proj_dl3_v1r1/fpga/dl3a_v1.0_5EV_SGMII_MAC1G/datalogger/design_1_wrapper/export/design_1_wrapper/design_1_wrapper.xpfm;design_1_wrapper|/export/zd-fs/00_shared_folder/projects/02-NG-Datalogger/20-Baseline/13.proj_dl3_v1r1/fpga/dl3a_v1.0_5EV_SGMII_MAC1G_30ports/datalogger/design_1_wrapper/export/design_1_wrapper/design_1_wrapper.xpfm;design_1_wrapper|/export/zd-fs/00_shared_folder/projects/02-NG-Datalogger/20-Baseline/13.proj_dl3_v1r1/fpga/dl3a_v1.0_5EV_SGMII_MAC1G_30ports_double_FIFO_pinned_64bit/datalogger/design_1_wrapper/export/design_1_wrapper/design_1_wrapper.xpfm;design_1_wrapper|/export/zd-fs/00_shared_folder/projects/02-NG-Datalogger/20-Baseline/13.proj_dl3_v1r1/fpga/dl3a_v1.0_5EV_SGMII_MAC1G_can_transport/datalogger/design_1_wrapper/export/design_1_wrapper/design_1_wrapper.xpfm;design_1_wrapper|/export/zd-fs/00_shared_folder/projects/02-NG-Datalogger/20-Baseline/13.proj_dl3_v1r1/fpga/dl3a_v1.0_5EV_SGMII_MAC1G_clu_opt/datalogger/design_1_wrapper/export/design_1_wrapper/design_1_wrapper.xpfm
14:50:41 INFO  : Checking for BSP changes to sync application flags for project 'datalogger3_2fifo_pinned_64bit'...
16:39:05 INFO  : Launching XSCT server: xsct -n  -interactive /export/zd-fs/00_shared_folder/projects/02-NG-Datalogger/20-Baseline/13.proj_dl3_v1r1/fpga/dl3a_v1.0_5EV_SGMII_MAC1G_30ports_double_FIFO_pinned_64bit/datalogger/temp_xsdb_launch_script.tcl
16:39:06 INFO  : Registering command handlers for Vitis TCF services
16:39:08 INFO  : Platform repository initialization has completed.
16:39:08 INFO  : XSCT server has started successfully.
16:39:09 INFO  : plnx-install-location is set to ''
16:39:09 INFO  : Successfully done setting XSCT server connection channel  
16:39:09 INFO  : Successfully done query RDI_DATADIR 
16:39:09 INFO  : Successfully done setting workspace for the tool. 
16:40:30 INFO  : Result from executing command 'getProjects': design_1_wrapper
16:40:30 INFO  : Result from executing command 'getPlatforms': design_1_wrapper_1|/export/zd-fs/00_shared_folder/projects/02-NG-Datalogger/20-Baseline/13.proj_dl3_v1r1/fpga/dl3a_v1.0_5EV_SGMII_MAC1G_30ports_double_FIFO/datalogger/design_1_wrapper_1/export/design_1_wrapper_1/design_1_wrapper_1.xpfm;design_1_wrapper|/export/zd-fs/00_shared_folder/projects/02-NG-Datalogger/20-Baseline/13.proj_dl3_v1r1/fpga/dl3a_v1.0_5EV_SGMII_MAC1G/datalogger/design_1_wrapper/export/design_1_wrapper/design_1_wrapper.xpfm;design_1_wrapper|/export/zd-fs/00_shared_folder/projects/02-NG-Datalogger/20-Baseline/13.proj_dl3_v1r1/fpga/dl3a_v1.0_5EV_SGMII_MAC1G_30ports/datalogger/design_1_wrapper/export/design_1_wrapper/design_1_wrapper.xpfm;design_1_wrapper|/export/zd-fs/00_shared_folder/projects/02-NG-Datalogger/20-Baseline/13.proj_dl3_v1r1/fpga/dl3a_v1.0_5EV_SGMII_MAC1G_can_transport/datalogger/design_1_wrapper/export/design_1_wrapper/design_1_wrapper.xpfm;design_1_wrapper|/export/zd-fs/00_shared_folder/projects/02-NG-Datalogger/20-Baseline/13.proj_dl3_v1r1/fpga/dl3a_v1.0_5EV_SGMII_MAC1G_clu_opt/datalogger/design_1_wrapper/export/design_1_wrapper/design_1_wrapper.xpfm
16:40:30 WARN  : An unexpected exception occurred in the module 'platform project logging'
16:40:30 INFO  : Platform 'design_1_wrapper' is added to custom repositories.
16:40:43 INFO  : Platform 'design_1_wrapper' is added to custom repositories.
16:41:10 INFO  : Build configuration of 'datalogger3_system' is updated to 'Release'
16:41:10 INFO  : Build configuration of system project is automatically updated to 'Release'.
16:41:50 INFO  : Result from executing command 'getProjects': design_1_wrapper
16:41:50 INFO  : Result from executing command 'getPlatforms': design_1_wrapper_1|/export/zd-fs/00_shared_folder/projects/02-NG-Datalogger/20-Baseline/13.proj_dl3_v1r1/fpga/dl3a_v1.0_5EV_SGMII_MAC1G_30ports_double_FIFO/datalogger/design_1_wrapper_1/export/design_1_wrapper_1/design_1_wrapper_1.xpfm;design_1_wrapper|/export/zd-fs/00_shared_folder/projects/02-NG-Datalogger/20-Baseline/13.proj_dl3_v1r1/fpga/dl3a_v1.0_5EV_SGMII_MAC1G/datalogger/design_1_wrapper/export/design_1_wrapper/design_1_wrapper.xpfm;design_1_wrapper|/export/zd-fs/00_shared_folder/projects/02-NG-Datalogger/20-Baseline/13.proj_dl3_v1r1/fpga/dl3a_v1.0_5EV_SGMII_MAC1G_30ports/datalogger/design_1_wrapper/export/design_1_wrapper/design_1_wrapper.xpfm;design_1_wrapper|/export/zd-fs/00_shared_folder/projects/02-NG-Datalogger/20-Baseline/13.proj_dl3_v1r1/fpga/dl3a_v1.0_5EV_SGMII_MAC1G_30ports_double_FIFO_pinned_64bit/datalogger/design_1_wrapper/export/design_1_wrapper/design_1_wrapper.xpfm;design_1_wrapper|/export/zd-fs/00_shared_folder/projects/02-NG-Datalogger/20-Baseline/13.proj_dl3_v1r1/fpga/dl3a_v1.0_5EV_SGMII_MAC1G_can_transport/datalogger/design_1_wrapper/export/design_1_wrapper/design_1_wrapper.xpfm;design_1_wrapper|/export/zd-fs/00_shared_folder/projects/02-NG-Datalogger/20-Baseline/13.proj_dl3_v1r1/fpga/dl3a_v1.0_5EV_SGMII_MAC1G_clu_opt/datalogger/design_1_wrapper/export/design_1_wrapper/design_1_wrapper.xpfm
16:41:55 INFO  : Checking for BSP changes to sync application flags for project 'datalogger3'...
13:24:23 INFO  : Launching XSCT server: xsct -n  -interactive /export/zd-fs/00_shared_folder/projects/02-NG-Datalogger/20-Baseline/13.proj_dl3_v1r1/fpga/dl3a_v1.0_5EV_SGMII_MAC1G_30ports_double_FIFO_pinned_64bit/datalogger/temp_xsdb_launch_script.tcl
13:24:26 INFO  : XSCT server has started successfully.
13:24:26 INFO  : plnx-install-location is set to ''
13:24:26 INFO  : Successfully done setting XSCT server connection channel  
13:24:26 INFO  : Successfully done setting workspace for the tool. 
13:24:26 INFO  : Platform repository initialization has completed.
13:24:27 INFO  : Successfully done query RDI_DATADIR 
13:24:27 INFO  : Registering command handlers for Vitis TCF services
11:02:51 INFO  : Launching XSCT server: xsct -n  -interactive /export/zd-fs/00_shared_folder/projects/02-NG-Datalogger/20-Baseline/13.proj_dl3_v1r1/fpga/dl3a_v1.0_5EV_SGMII_MAC1G_30ports_double_FIFO_pinned_64bit_uart1pinchange_card1/datalogger/temp_xsdb_launch_script.tcl
11:02:54 INFO  : XSCT server has started successfully.
11:02:54 INFO  : plnx-install-location is set to ''
11:02:54 INFO  : Successfully done setting XSCT server connection channel  
11:02:54 INFO  : Successfully done setting workspace for the tool. 
11:02:55 INFO  : Platform repository initialization has completed.
11:02:55 INFO  : Registering command handlers for Vitis TCF services
11:02:55 INFO  : Successfully done query RDI_DATADIR 
11:06:18 INFO  : Result from executing command 'getProjects': design_1_wrapper
11:06:18 INFO  : Result from executing command 'getPlatforms': design_1_wrapper|/export/zd-fs/00_shared_folder/projects/02-NG-Datalogger/20-Baseline/13.proj_dl3_v1r1/fpga/dl3a_v1.0_5EV_SGMII_MAC1G/datalogger/design_1_wrapper/export/design_1_wrapper/design_1_wrapper.xpfm
11:06:18 WARN  : An unexpected exception occurred in the module 'platform project logging'
11:06:18 INFO  : Platform 'design_1_wrapper' is added to custom repositories.
11:06:31 INFO  : Platform 'design_1_wrapper' is added to custom repositories.
11:06:39 INFO  : Build configuration of 'datalogger_3_system' is updated to 'Release'
11:06:39 INFO  : Build configuration of system project is automatically updated to 'Release'.
11:07:20 INFO  : Result from executing command 'getProjects': design_1_wrapper
11:07:20 INFO  : Result from executing command 'getPlatforms': design_1_wrapper|/export/zd-fs/00_shared_folder/projects/02-NG-Datalogger/20-Baseline/13.proj_dl3_v1r1/fpga/dl3a_v1.0_5EV_SGMII_MAC1G/datalogger/design_1_wrapper/export/design_1_wrapper/design_1_wrapper.xpfm;design_1_wrapper|/export/zd-fs/00_shared_folder/projects/02-NG-Datalogger/20-Baseline/13.proj_dl3_v1r1/fpga/dl3a_v1.0_5EV_SGMII_MAC1G_30ports_double_FIFO_pinned_64bit_uart1pinchange_card1/datalogger/design_1_wrapper/export/design_1_wrapper/design_1_wrapper.xpfm
11:07:24 INFO  : Checking for BSP changes to sync application flags for project 'datalogger_3'...
11:25:36 INFO  : Launching XSCT server: xsct -n  -interactive /export/zd-fs/00_shared_folder/projects/02-NG-Datalogger/20-Baseline/13.proj_dl3_v1r1/fpga/dl3a_v1.0_5EV_SGMII_MAC1G_MACtest_card1/datalogger/temp_xsdb_launch_script.tcl
11:25:39 INFO  : XSCT server has started successfully.
11:25:39 INFO  : plnx-install-location is set to ''
11:25:39 INFO  : Successfully done setting XSCT server connection channel  
11:25:39 INFO  : Successfully done setting workspace for the tool. 
11:25:39 INFO  : Platform repository initialization has completed.
11:25:40 INFO  : Registering command handlers for Vitis TCF services
11:25:40 INFO  : Successfully done query RDI_DATADIR 
11:26:41 WARN  : An unexpected exception occurred in the module 'platform project logging'
11:27:49 INFO  : Result from executing command 'getProjects': design_1_wrapper
11:27:49 INFO  : Result from executing command 'getPlatforms': design_1_wrapper|/export/zd-fs/00_shared_folder/projects/02-NG-Datalogger/20-Baseline/13.proj_dl3_v1r1/fpga/dl3a_v1.0_5EV_SGMII_MAC1G/datalogger/design_1_wrapper/export/design_1_wrapper/design_1_wrapper.xpfm;design_1_wrapper|/export/zd-fs/00_shared_folder/projects/02-NG-Datalogger/20-Baseline/13.proj_dl3_v1r1/fpga/dl3a_v1.0_5EV_SGMII_MAC1G_30ports_double_FIFO_pinned_64bit_uart1pinchange_card1/datalogger/design_1_wrapper/export/design_1_wrapper/design_1_wrapper.xpfm
11:27:49 WARN  : An unexpected exception occurred in the module 'platform project logging'
11:27:49 INFO  : Platform 'design_1_wrapper' is added to custom repositories.
11:28:02 INFO  : Platform 'design_1_wrapper' is added to custom repositories.
11:28:09 INFO  : Build configuration of 'datalogger_3_system' is updated to 'Release'
11:28:09 INFO  : Build configuration of system project is automatically updated to 'Release'.
11:28:51 INFO  : Result from executing command 'getProjects': design_1_wrapper
11:28:51 INFO  : Result from executing command 'getPlatforms': design_1_wrapper|/export/zd-fs/00_shared_folder/projects/02-NG-Datalogger/20-Baseline/13.proj_dl3_v1r1/fpga/dl3a_v1.0_5EV_SGMII_MAC1G/datalogger/design_1_wrapper/export/design_1_wrapper/design_1_wrapper.xpfm;design_1_wrapper|/export/zd-fs/00_shared_folder/projects/02-NG-Datalogger/20-Baseline/13.proj_dl3_v1r1/fpga/dl3a_v1.0_5EV_SGMII_MAC1G_30ports_double_FIFO_pinned_64bit_uart1pinchange_card1/datalogger/design_1_wrapper/export/design_1_wrapper/design_1_wrapper.xpfm;design_1_wrapper|/export/zd-fs/00_shared_folder/projects/02-NG-Datalogger/20-Baseline/13.proj_dl3_v1r1/fpga/dl3a_v1.0_5EV_SGMII_MAC1G_MACtest_card1/datalogger/design_1_wrapper/export/design_1_wrapper/design_1_wrapper.xpfm
11:28:55 INFO  : Checking for BSP changes to sync application flags for project 'datalogger_3'...
14:08:34 INFO  : Invoking Bootgen: bootgen -image datalogger3.bif -arch zynqmp -o /home/BOLIU/dl3_mactest/BOOT.bin
14:08:36 INFO  : Bootgen command execution is done.
16:10:11 INFO  : Launching XSCT server: xsct -n  -interactive /export/zd-fs/00_shared_folder/projects/02-NG-Datalogger/20-Baseline/13.proj_dl3_v1r1/fpga/dl3a_v1.0_5EV_SGMII_MAC1G_rxoutclk/datalogger/temp_xsdb_launch_script.tcl
16:10:15 INFO  : XSCT server has started successfully.
16:10:15 INFO  : plnx-install-location is set to ''
16:10:15 INFO  : Successfully done setting XSCT server connection channel  
16:10:15 INFO  : Successfully done setting workspace for the tool. 
16:10:15 INFO  : Platform repository initialization has completed.
16:10:16 INFO  : Registering command handlers for Vitis TCF services
16:10:16 INFO  : Successfully done query RDI_DATADIR 
16:10:30 WARN  : An unexpected exception occurred in the module 'platform project logging'
14:02:09 INFO  : Result from executing command 'getProjects': design_1_wrapper
14:02:09 INFO  : Result from executing command 'getPlatforms': design_1_wrapper|/export/zd-fs/00_shared_folder/projects/02-NG-Datalogger/20-Baseline/13.proj_dl3_v1r1/fpga/dl3a_v1.0_5EV_SGMII_MAC1G/datalogger/design_1_wrapper/export/design_1_wrapper/design_1_wrapper.xpfm;design_1_wrapper|/export/zd-fs/00_shared_folder/projects/02-NG-Datalogger/20-Baseline/13.proj_dl3_v1r1/fpga/dl3a_v1.0_5EV_SGMII_MAC1G_30ports_double_FIFO_pinned_64bit_uart1pinchange_card1/datalogger/design_1_wrapper/export/design_1_wrapper/design_1_wrapper.xpfm;design_1_wrapper|/export/zd-fs/00_shared_folder/projects/02-NG-Datalogger/20-Baseline/13.proj_dl3_v1r1/fpga/dl3a_v1.0_5EV_SGMII_MAC1G_MACtest_card1/datalogger/design_1_wrapper/export/design_1_wrapper/design_1_wrapper.xpfm
14:02:09 WARN  : An unexpected exception occurred in the module 'platform project logging'
14:02:09 INFO  : Platform 'design_1_wrapper' is added to custom repositories.
14:02:23 INFO  : Platform 'design_1_wrapper' is added to custom repositories.
14:02:30 INFO  : Build configuration of 'datalogger_3_system' is updated to 'Release'
14:02:30 INFO  : Build configuration of system project is automatically updated to 'Release'.
14:03:13 INFO  : Result from executing command 'getProjects': design_1_wrapper
14:03:13 INFO  : Result from executing command 'getPlatforms': design_1_wrapper|/export/zd-fs/00_shared_folder/projects/02-NG-Datalogger/20-Baseline/13.proj_dl3_v1r1/fpga/dl3a_v1.0_5EV_SGMII_MAC1G/datalogger/design_1_wrapper/export/design_1_wrapper/design_1_wrapper.xpfm;design_1_wrapper|/export/zd-fs/00_shared_folder/projects/02-NG-Datalogger/20-Baseline/13.proj_dl3_v1r1/fpga/dl3a_v1.0_5EV_SGMII_MAC1G_30ports_double_FIFO_pinned_64bit_uart1pinchange_card1/datalogger/design_1_wrapper/export/design_1_wrapper/design_1_wrapper.xpfm;design_1_wrapper|/export/zd-fs/00_shared_folder/projects/02-NG-Datalogger/20-Baseline/13.proj_dl3_v1r1/fpga/dl3a_v1.0_5EV_SGMII_MAC1G_MACtest_card1/datalogger/design_1_wrapper/export/design_1_wrapper/design_1_wrapper.xpfm;design_1_wrapper|/export/zd-fs/00_shared_folder/projects/02-NG-Datalogger/20-Baseline/13.proj_dl3_v1r1/fpga/dl3a_v1.0_5EV_SGMII_MAC1G_rxoutclk/datalogger/design_1_wrapper/export/design_1_wrapper/design_1_wrapper.xpfm
14:03:17 INFO  : Checking for BSP changes to sync application flags for project 'datalogger_3'...
14:05:28 INFO  : Invoking Bootgen: bootgen -image datalogger3.bif -arch zynqmp -o /home/BOLIU/dl3_mactest_mgtclk/BOOT.bin -w on
14:05:29 INFO  : Bootgen command execution is done.
13:55:52 INFO  : Launching XSCT server: xsct -n  -interactive /export/zd-fs/00_shared_folder/projects/02-NG-Datalogger/20-Baseline/13.proj_dl3_v1r1/fpga/dl3a_v1.0_5EV_SGMII_MAC1G/datalogger/temp_xsdb_launch_script.tcl
13:55:55 INFO  : XSCT server has started successfully.
13:55:55 INFO  : Successfully done setting XSCT server connection channel  
13:55:55 INFO  : plnx-install-location is set to ''
13:55:55 INFO  : Successfully done setting workspace for the tool. 
13:55:56 INFO  : Platform repository initialization has completed.
13:55:56 INFO  : Successfully done query RDI_DATADIR 
13:55:56 INFO  : Registering command handlers for Vitis TCF services
13:56:17 WARN  : An unexpected exception occurred in the module 'platform project logging'
13:58:49 INFO  : Result from executing command 'getProjects': design_1_wrapper
13:58:49 INFO  : Result from executing command 'getPlatforms': design_1_wrapper|/export/zd-fs/00_shared_folder/projects/02-NG-Datalogger/20-Baseline/13.proj_dl3_v1r1/fpga/dl3a_v1.0_5EV_SGMII_MAC1G_30ports_double_FIFO_pinned_64bit_uart1pinchange_card1/datalogger/design_1_wrapper/export/design_1_wrapper/design_1_wrapper.xpfm;design_1_wrapper|/export/zd-fs/00_shared_folder/projects/02-NG-Datalogger/20-Baseline/13.proj_dl3_v1r1/fpga/dl3a_v1.0_5EV_SGMII_MAC1G_MACtest_card1/datalogger/design_1_wrapper/export/design_1_wrapper/design_1_wrapper.xpfm;design_1_wrapper|/export/zd-fs/00_shared_folder/projects/02-NG-Datalogger/20-Baseline/13.proj_dl3_v1r1/fpga/dl3a_v1.0_5EV_SGMII_MAC1G_rxoutclk/datalogger/design_1_wrapper/export/design_1_wrapper/design_1_wrapper.xpfm
13:58:49 WARN  : An unexpected exception occurred in the module 'platform project logging'
13:58:49 INFO  : Platform 'design_1_wrapper' is added to custom repositories.
13:59:02 INFO  : Platform 'design_1_wrapper' is added to custom repositories.
14:00:10 INFO  : Build configuration of 'datalogger_3_system' is updated to 'Release'
14:00:10 INFO  : Build configuration of system project is automatically updated to 'Release'.
14:00:52 INFO  : Result from executing command 'getProjects': design_1_wrapper
14:00:52 INFO  : Result from executing command 'getPlatforms': design_1_wrapper|/export/zd-fs/00_shared_folder/projects/02-NG-Datalogger/20-Baseline/13.proj_dl3_v1r1/fpga/dl3a_v1.0_5EV_SGMII_MAC1G/datalogger/design_1_wrapper/export/design_1_wrapper/design_1_wrapper.xpfm;design_1_wrapper|/export/zd-fs/00_shared_folder/projects/02-NG-Datalogger/20-Baseline/13.proj_dl3_v1r1/fpga/dl3a_v1.0_5EV_SGMII_MAC1G_30ports_double_FIFO_pinned_64bit_uart1pinchange_card1/datalogger/design_1_wrapper/export/design_1_wrapper/design_1_wrapper.xpfm;design_1_wrapper|/export/zd-fs/00_shared_folder/projects/02-NG-Datalogger/20-Baseline/13.proj_dl3_v1r1/fpga/dl3a_v1.0_5EV_SGMII_MAC1G_MACtest_card1/datalogger/design_1_wrapper/export/design_1_wrapper/design_1_wrapper.xpfm;design_1_wrapper|/export/zd-fs/00_shared_folder/projects/02-NG-Datalogger/20-Baseline/13.proj_dl3_v1r1/fpga/dl3a_v1.0_5EV_SGMII_MAC1G_rxoutclk/datalogger/design_1_wrapper/export/design_1_wrapper/design_1_wrapper.xpfm
14:00:56 INFO  : Checking for BSP changes to sync application flags for project 'datalogger_3'...
14:02:48 INFO  : Invoking Bootgen: bootgen -image datalogger3.bif -arch zynqmp -o /home/BOLIU/dl3_mac1G/BOOT.bin -w on
14:02:50 INFO  : Bootgen command execution is done.
