

================================================================
== Vitis HLS Report for 'recvFrame_logic_1_Pipeline_1'
================================================================
* Date:           Thu Dec 15 12:14:18 2022

* Version:        2022.2 (Build 3670227 on Oct 13 2022)
* Project:        clu
* Solution:       solution1 (Vivado IP Flow Target)
* Product family: zynq
* Target device:  xc7z020-clg400-2


================================================================
== Performance Estimates
================================================================
+ Timing: 
    * Summary: 
    +--------+----------+----------+------------+
    |  Clock |  Target  | Estimated| Uncertainty|
    +--------+----------+----------+------------+
    |ap_clk  |  10.00 ns|  2.820 ns|     2.70 ns|
    +--------+----------+----------+------------+

+ Latency: 
    * Summary: 
    +---------+---------+----------+----------+-----+-----+---------+
    |  Latency (cycles) |  Latency (absolute) |  Interval | Pipeline|
    |   min   |   max   |    min   |    max   | min | max |   Type  |
    +---------+---------+----------+----------+-----+-----+---------+
    |       94|       94|  0.940 us|  0.940 us|   94|   94|       no|
    +---------+---------+----------+----------+-----+-----+---------+

    + Detail: 
        * Instance: 
        N/A

        * Loop: 
        +----------+---------+---------+----------+-----------+-----------+------+----------+
        |          |  Latency (cycles) | Iteration|  Initiation Interval  | Trip |          |
        | Loop Name|   min   |   max   |  Latency |  achieved |   target  | Count| Pipelined|
        +----------+---------+---------+----------+-----------+-----------+------+----------+
        |- Loop 1  |       92|       92|         1|          1|          1|    92|       yes|
        +----------+---------+---------+----------+-----------+-----------+------+----------+



================================================================
== Utilization Estimates
================================================================
* Summary: 
+-----------------+---------+-----+--------+-------+-----+
|       Name      | BRAM_18K| DSP |   FF   |  LUT  | URAM|
+-----------------+---------+-----+--------+-------+-----+
|DSP              |        -|    -|       -|      -|    -|
|Expression       |        -|    -|       0|     10|    -|
|FIFO             |        -|    -|       -|      -|    -|
|Instance         |        -|    -|       -|      -|    -|
|Memory           |        -|    -|       -|      -|    -|
|Multiplexer      |        -|    -|       -|     27|    -|
|Register         |        -|    -|       9|      -|    -|
+-----------------+---------+-----+--------+-------+-----+
|Total            |        0|    0|       9|     37|    0|
+-----------------+---------+-----+--------+-------+-----+
|Available        |      280|  220|  106400|  53200|    0|
+-----------------+---------+-----+--------+-------+-----+
|Utilization (%)  |        0|    0|      ~0|     ~0|    0|
+-----------------+---------+-----+--------+-------+-----+

+ Detail: 
    * Instance: 
    N/A

    * DSP: 
    N/A

    * Memory: 
    N/A

    * FIFO: 
    N/A

    * Expression: 
    +----------------------+----------+----+---+----+------------+------------+
    |     Variable Name    | Operation| DSP| FF| LUT| Bitwidth P0| Bitwidth P1|
    +----------------------+----------+----+---+----+------------+------------+
    |empty_75_fu_56_p2     |         +|   0|  0|   7|           7|           1|
    |exitcond193_fu_50_p2  |      icmp|   0|  0|   3|           7|           7|
    +----------------------+----------+----+---+----+------------+------------+
    |Total                 |          |   0|  0|  10|          14|           8|
    +----------------------+----------+----+---+----+------------+------------+

    * Multiplexer: 
    +-------------------------+----+-----------+-----+-----------+
    |           Name          | LUT| Input Size| Bits| Total Bits|
    +-------------------------+----+-----------+-----+-----------+
    |ap_done_int              |   9|          2|    1|          2|
    |ap_sig_allocacmp_p_load  |   9|          2|    7|         14|
    |empty_fu_24              |   9|          2|    7|         14|
    +-------------------------+----+-----------+-----+-----------+
    |Total                    |  27|          6|   15|         30|
    +-------------------------+----+-----------+-----+-----------+

    * Register: 
    +-------------+---+----+-----+-----------+
    |     Name    | FF| LUT| Bits| Const Bits|
    +-------------+---+----+-----+-----------+
    |ap_CS_fsm    |  1|   0|    1|          0|
    |ap_done_reg  |  1|   0|    1|          0|
    |empty_fu_24  |  7|   0|    7|          0|
    +-------------+---+----+-----+-----------+
    |Total        |  9|   0|    9|          0|
    +-------------+---+----+-----+-----------+



================================================================
== Interface
================================================================
* Summary: 
+--------------------+-----+-----+------------+------------------------------+--------------+
|      RTL Ports     | Dir | Bits|  Protocol  |         Source Object        |    C Type    |
+--------------------+-----+-----+------------+------------------------------+--------------+
|ap_clk              |   in|    1|  ap_ctrl_hs|  recvFrame_logic.1_Pipeline_1|  return value|
|ap_rst              |   in|    1|  ap_ctrl_hs|  recvFrame_logic.1_Pipeline_1|  return value|
|ap_start            |   in|    1|  ap_ctrl_hs|  recvFrame_logic.1_Pipeline_1|  return value|
|ap_done             |  out|    1|  ap_ctrl_hs|  recvFrame_logic.1_Pipeline_1|  return value|
|ap_idle             |  out|    1|  ap_ctrl_hs|  recvFrame_logic.1_Pipeline_1|  return value|
|ap_ready            |  out|    1|  ap_ctrl_hs|  recvFrame_logic.1_Pipeline_1|  return value|
|can_frame_address0  |  out|    7|   ap_memory|                     can_frame|         array|
|can_frame_ce0       |  out|    1|   ap_memory|                     can_frame|         array|
|can_frame_we0       |  out|    1|   ap_memory|                     can_frame|         array|
|can_frame_d0        |  out|    8|   ap_memory|                     can_frame|         array|
+--------------------+-----+-----+------------+------------------------------+--------------+

