

================================================================
== Vitis HLS Report for 'recvFrame_logic_1_Pipeline_VITIS_LOOP_261_2'
================================================================
* Date:           Thu Dec 15 12:14:18 2022

* Version:        2022.2 (Build 3670227 on Oct 13 2022)
* Project:        clu
* Solution:       solution1 (Vivado IP Flow Target)
* Product family: zynq
* Target device:  xc7z020-clg400-2


================================================================
== Performance Estimates
================================================================
+ Timing: 
    * Summary: 
    +--------+----------+----------+------------+
    |  Clock |  Target  | Estimated| Uncertainty|
    +--------+----------+----------+------------+
    |ap_clk  |  10.00 ns|  7.300 ns|     2.70 ns|
    +--------+----------+----------+------------+

+ Latency: 
    * Summary: 
    +---------+---------+----------+----------+-----+-----+---------+
    |  Latency (cycles) |  Latency (absolute) |  Interval | Pipeline|
    |   min   |   max   |    min   |    max   | min | max |   Type  |
    +---------+---------+----------+----------+-----+-----+---------+
    |        ?|        ?|         ?|         ?|    ?|    ?|       no|
    +---------+---------+----------+----------+-----+-----+---------+

    + Detail: 
        * Instance: 
        N/A

        * Loop: 
        +--------------------+---------+---------+----------+-----------+-----------+------+----------+
        |                    |  Latency (cycles) | Iteration|  Initiation Interval  | Trip |          |
        |      Loop Name     |   min   |   max   |  Latency |  achieved |   target  | Count| Pipelined|
        +--------------------+---------+---------+----------+-----------+-----------+------+----------+
        |- VITIS_LOOP_261_2  |        ?|        ?|        12|          2|          1|     ?|       yes|
        +--------------------+---------+---------+----------+-----------+-----------+------+----------+



================================================================
== Utilization Estimates
================================================================
* Summary: 
+-----------------+---------+-----+--------+-------+-----+
|       Name      | BRAM_18K| DSP |   FF   |  LUT  | URAM|
+-----------------+---------+-----+--------+-------+-----+
|DSP              |        -|    -|       -|      -|    -|
|Expression       |        -|    -|       0|    296|    -|
|FIFO             |        -|    -|       -|      -|    -|
|Instance         |        -|    -|       -|      -|    -|
|Memory           |        -|    -|       -|      -|    -|
|Multiplexer      |        -|    -|       -|    137|    -|
|Register         |        -|    -|     243|      -|    -|
+-----------------+---------+-----+--------+-------+-----+
|Total            |        0|    0|     243|    433|    0|
+-----------------+---------+-----+--------+-------+-----+
|Available        |      280|  220|  106400|  53200|    0|
+-----------------+---------+-----+--------+-------+-----+
|Utilization (%)  |        0|    0|      ~0|     ~0|    0|
+-----------------+---------+-----+--------+-------+-----+

+ Detail: 
    * Instance: 
    N/A

    * DSP: 
    N/A

    * Memory: 
    N/A

    * FIFO: 
    N/A

    * Expression: 
    +---------------------------+----------+----+---+----+------------+------------+
    |       Variable Name       | Operation| DSP| FF| LUT| Bitwidth P0| Bitwidth P1|
    +---------------------------+----------+----+---+----+------------+------------+
    |Len_3_fu_264_p2            |         +|   0|  0|  32|          32|           3|
    |add_ln262_fu_249_p2        |         +|   0|  0|  32|          32|          32|
    |add_ln263_fu_190_p2        |         +|   0|  0|  32|          32|          32|
    |add_ln264_fu_325_p2        |         +|   0|  0|   7|           7|           4|
    |add_ln265_fu_336_p2        |         +|   0|  0|   7|           7|           4|
    |add_ln266_fu_358_p2        |         +|   0|  0|   7|           7|           4|
    |add_ln267_fu_368_p2        |         +|   0|  0|   7|           7|           4|
    |add_ln268_fu_347_p2        |         +|   0|  0|  64|          64|           3|
    |sub_ln263_1_fu_218_p2      |         -|   0|  0|  30|           1|          30|
    |sub_ln263_fu_203_p2        |         -|   0|  0|  32|           1|          32|
    |ap_block_pp0_stage0_11001  |       and|   0|  0|   1|           1|           1|
    |ap_block_pp0_stage1_11001  |       and|   0|  0|   1|           1|           1|
    |icmp_ln261_fu_184_p2       |      icmp|   0|  0|  12|          32|          32|
    |select_ln263_fu_233_p3     |    select|   0|  0|  30|           1|          30|
    |ap_enable_pp0              |       xor|   0|  0|   2|           1|           2|
    +---------------------------+----------+----+---+----+------------+------------+
    |Total                      |          |   0|  0| 296|         226|         214|
    +---------------------------+----------+----+---+----+------------+------------+

    * Multiplexer: 
    +-------------------------+----+-----------+-----+-----------+
    |           Name          | LUT| Input Size| Bits| Total Bits|
    +-------------------------+----+-----------+-----+-----------+
    |Len_fu_84                |   9|          2|   32|         64|
    |ap_NS_fsm                |  13|          3|    1|          3|
    |ap_done_int              |   9|          2|    1|          2|
    |ap_enable_reg_pp0_iter0  |   9|          2|    1|          2|
    |ap_enable_reg_pp0_iter1  |   9|          2|    1|          2|
    |ap_sig_allocacmp_Len_2   |   9|          2|   32|         64|
    |canIndex_fu_88           |   9|          2|   64|        128|
    |can_frame_address0       |  13|          3|    7|         21|
    |can_frame_address1       |  13|          3|    7|         21|
    |can_frame_d0             |  13|          3|    8|         24|
    |can_frame_d1             |  13|          3|    8|         24|
    |clu_addr_blk_n_AR        |   9|          2|    1|          2|
    |clu_addr_blk_n_R         |   9|          2|    1|          2|
    +-------------------------+----+-----------+-----+-----------+
    |Total                    | 137|         31|  164|        359|
    +-------------------------+----+-----------+-----+-----------+

    * Register: 
    +----------------------------------+----+----+-----+-----------+
    |               Name               | FF | LUT| Bits| Const Bits|
    +----------------------------------+----+----+-----+-----------+
    |Len_2_reg_397                     |  32|   0|   32|          0|
    |Len_fu_84                         |  32|   0|   32|          0|
    |add_ln263_reg_406                 |  32|   0|   32|          0|
    |ap_CS_fsm                         |   2|   0|    2|          0|
    |ap_done_reg                       |   1|   0|    1|          0|
    |ap_enable_reg_pp0_iter0_reg       |   1|   0|    1|          0|
    |ap_enable_reg_pp0_iter1           |   1|   0|    1|          0|
    |ap_enable_reg_pp0_iter2           |   1|   0|    1|          0|
    |ap_enable_reg_pp0_iter3           |   1|   0|    1|          0|
    |ap_enable_reg_pp0_iter4           |   1|   0|    1|          0|
    |ap_enable_reg_pp0_iter5           |   1|   0|    1|          0|
    |ap_loop_exit_ready_pp0_iter1_reg  |   1|   0|    1|          0|
    |ap_loop_exit_ready_pp0_iter2_reg  |   1|   0|    1|          0|
    |ap_loop_exit_ready_pp0_iter3_reg  |   1|   0|    1|          0|
    |ap_loop_exit_ready_pp0_iter4_reg  |   1|   0|    1|          0|
    |canIndex_fu_88                    |  64|   0|   64|          0|
    |icmp_ln261_reg_402                |   1|   0|    1|          0|
    |trunc_ln17_reg_424                |   8|   0|    8|          0|
    |trunc_ln18_reg_429                |   8|   0|    8|          0|
    |trunc_ln19_reg_434                |   8|   0|    8|          0|
    |trunc_ln264_reg_444               |   7|   0|    7|          0|
    |trunc_ln267_reg_439               |   8|   0|    8|          0|
    |trunc_ln_reg_413                  |  30|   0|   30|          0|
    +----------------------------------+----+----+-----+-----------+
    |Total                             | 243|   0|  243|          0|
    +----------------------------------+----+----+-----+-----------+



================================================================
== Interface
================================================================
* Summary: 
+-------------------------+-----+-----+------------+---------------------------------------------+--------------+
|        RTL Ports        | Dir | Bits|  Protocol  |                Source Object                |    C Type    |
+-------------------------+-----+-----+------------+---------------------------------------------+--------------+
|ap_clk                   |   in|    1|  ap_ctrl_hs|  recvFrame_logic.1_Pipeline_VITIS_LOOP_261_2|  return value|
|ap_rst                   |   in|    1|  ap_ctrl_hs|  recvFrame_logic.1_Pipeline_VITIS_LOOP_261_2|  return value|
|ap_start                 |   in|    1|  ap_ctrl_hs|  recvFrame_logic.1_Pipeline_VITIS_LOOP_261_2|  return value|
|ap_done                  |  out|    1|  ap_ctrl_hs|  recvFrame_logic.1_Pipeline_VITIS_LOOP_261_2|  return value|
|ap_idle                  |  out|    1|  ap_ctrl_hs|  recvFrame_logic.1_Pipeline_VITIS_LOOP_261_2|  return value|
|ap_ready                 |  out|    1|  ap_ctrl_hs|  recvFrame_logic.1_Pipeline_VITIS_LOOP_261_2|  return value|
|m_axi_clu_addr_AWVALID   |  out|    1|       m_axi|                                     clu_addr|       pointer|
|m_axi_clu_addr_AWREADY   |   in|    1|       m_axi|                                     clu_addr|       pointer|
|m_axi_clu_addr_AWADDR    |  out|   32|       m_axi|                                     clu_addr|       pointer|
|m_axi_clu_addr_AWID      |  out|    1|       m_axi|                                     clu_addr|       pointer|
|m_axi_clu_addr_AWLEN     |  out|   32|       m_axi|                                     clu_addr|       pointer|
|m_axi_clu_addr_AWSIZE    |  out|    3|       m_axi|                                     clu_addr|       pointer|
|m_axi_clu_addr_AWBURST   |  out|    2|       m_axi|                                     clu_addr|       pointer|
|m_axi_clu_addr_AWLOCK    |  out|    2|       m_axi|                                     clu_addr|       pointer|
|m_axi_clu_addr_AWCACHE   |  out|    4|       m_axi|                                     clu_addr|       pointer|
|m_axi_clu_addr_AWPROT    |  out|    3|       m_axi|                                     clu_addr|       pointer|
|m_axi_clu_addr_AWQOS     |  out|    4|       m_axi|                                     clu_addr|       pointer|
|m_axi_clu_addr_AWREGION  |  out|    4|       m_axi|                                     clu_addr|       pointer|
|m_axi_clu_addr_AWUSER    |  out|    1|       m_axi|                                     clu_addr|       pointer|
|m_axi_clu_addr_WVALID    |  out|    1|       m_axi|                                     clu_addr|       pointer|
|m_axi_clu_addr_WREADY    |   in|    1|       m_axi|                                     clu_addr|       pointer|
|m_axi_clu_addr_WDATA     |  out|   32|       m_axi|                                     clu_addr|       pointer|
|m_axi_clu_addr_WSTRB     |  out|    4|       m_axi|                                     clu_addr|       pointer|
|m_axi_clu_addr_WLAST     |  out|    1|       m_axi|                                     clu_addr|       pointer|
|m_axi_clu_addr_WID       |  out|    1|       m_axi|                                     clu_addr|       pointer|
|m_axi_clu_addr_WUSER     |  out|    1|       m_axi|                                     clu_addr|       pointer|
|m_axi_clu_addr_ARVALID   |  out|    1|       m_axi|                                     clu_addr|       pointer|
|m_axi_clu_addr_ARREADY   |   in|    1|       m_axi|                                     clu_addr|       pointer|
|m_axi_clu_addr_ARADDR    |  out|   32|       m_axi|                                     clu_addr|       pointer|
|m_axi_clu_addr_ARID      |  out|    1|       m_axi|                                     clu_addr|       pointer|
|m_axi_clu_addr_ARLEN     |  out|   32|       m_axi|                                     clu_addr|       pointer|
|m_axi_clu_addr_ARSIZE    |  out|    3|       m_axi|                                     clu_addr|       pointer|
|m_axi_clu_addr_ARBURST   |  out|    2|       m_axi|                                     clu_addr|       pointer|
|m_axi_clu_addr_ARLOCK    |  out|    2|       m_axi|                                     clu_addr|       pointer|
|m_axi_clu_addr_ARCACHE   |  out|    4|       m_axi|                                     clu_addr|       pointer|
|m_axi_clu_addr_ARPROT    |  out|    3|       m_axi|                                     clu_addr|       pointer|
|m_axi_clu_addr_ARQOS     |  out|    4|       m_axi|                                     clu_addr|       pointer|
|m_axi_clu_addr_ARREGION  |  out|    4|       m_axi|                                     clu_addr|       pointer|
|m_axi_clu_addr_ARUSER    |  out|    1|       m_axi|                                     clu_addr|       pointer|
|m_axi_clu_addr_RVALID    |   in|    1|       m_axi|                                     clu_addr|       pointer|
|m_axi_clu_addr_RREADY    |  out|    1|       m_axi|                                     clu_addr|       pointer|
|m_axi_clu_addr_RDATA     |   in|   32|       m_axi|                                     clu_addr|       pointer|
|m_axi_clu_addr_RLAST     |   in|    1|       m_axi|                                     clu_addr|       pointer|
|m_axi_clu_addr_RID       |   in|    1|       m_axi|                                     clu_addr|       pointer|
|m_axi_clu_addr_RFIFONUM  |   in|    9|       m_axi|                                     clu_addr|       pointer|
|m_axi_clu_addr_RUSER     |   in|    1|       m_axi|                                     clu_addr|       pointer|
|m_axi_clu_addr_RRESP     |   in|    2|       m_axi|                                     clu_addr|       pointer|
|m_axi_clu_addr_BVALID    |   in|    1|       m_axi|                                     clu_addr|       pointer|
|m_axi_clu_addr_BREADY    |  out|    1|       m_axi|                                     clu_addr|       pointer|
|m_axi_clu_addr_BRESP     |   in|    2|       m_axi|                                     clu_addr|       pointer|
|m_axi_clu_addr_BID       |   in|    1|       m_axi|                                     clu_addr|       pointer|
|m_axi_clu_addr_BUSER     |   in|    1|       m_axi|                                     clu_addr|       pointer|
|zext_ln27                |   in|    7|     ap_none|                                    zext_ln27|        scalar|
|zext_ln261               |   in|   15|     ap_none|                                   zext_ln261|        scalar|
|canbase                  |   in|   32|     ap_none|                                      canbase|        scalar|
|can_frame_address0       |  out|    7|   ap_memory|                                    can_frame|         array|
|can_frame_ce0            |  out|    1|   ap_memory|                                    can_frame|         array|
|can_frame_we0            |  out|    1|   ap_memory|                                    can_frame|         array|
|can_frame_d0             |  out|    8|   ap_memory|                                    can_frame|         array|
|can_frame_address1       |  out|    7|   ap_memory|                                    can_frame|         array|
|can_frame_ce1            |  out|    1|   ap_memory|                                    can_frame|         array|
|can_frame_we1            |  out|    1|   ap_memory|                                    can_frame|         array|
|can_frame_d1             |  out|    8|   ap_memory|                                    can_frame|         array|
+-------------------------+-----+-----+------------+---------------------------------------------+--------------+

