#-----------------------------------------------------------
# Vivado v2020.2 (64-bit)
# SW Build 3064766 on Wed Nov 18 09:12:47 MST 2020
# IP Build 3064653 on Wed Nov 18 14:17:31 MST 2020
# Start of session at: Tue Feb 28 10:50:22 2023
# Process ID: 8205
# Current directory: /export/zd-fs/00_shared_folder/projects/02-NG-Datalogger/20-Baseline/13.proj_dl3_v1r1/fpga/dl3a_v1.0_5EV_SGMII_MAC1G_card2/datalogger
# Command line: vivado /export/zd-fs/00_shared_folder/projects/02-NG-Datalogger/20-Baseline/13.proj_dl3_v1r1/fpga/dl3a_v1.0_5EV_SGMII_MAC1G_card2/datalogger/datalogger.xpr
# Log file: /export/zd-fs/00_shared_folder/projects/02-NG-Datalogger/20-Baseline/13.proj_dl3_v1r1/fpga/dl3a_v1.0_5EV_SGMII_MAC1G_card2/datalogger/vivado.log
# Journal file: /export/zd-fs/00_shared_folder/projects/02-NG-Datalogger/20-Baseline/13.proj_dl3_v1r1/fpga/dl3a_v1.0_5EV_SGMII_MAC1G_card2/datalogger/vivado.jou
#-----------------------------------------------------------
start_gui
open_project /export/zd-fs/00_shared_folder/projects/02-NG-Datalogger/20-Baseline/13.proj_dl3_v1r1/fpga/dl3a_v1.0_5EV_SGMII_MAC1G_card2/datalogger/datalogger.xpr
INFO: [Project 1-313] Project file moved from '/export/zd-fs/00_shared_folder/projects/02-NG-Datalogger/20-Baseline/13.proj_dl3_v1r1/fpga/dl3a_v1.0_5EV_SGMII_MAC1G/datalogger' since last save.
Scanning sources...
Finished scanning sources
INFO: [IP_Flow 19-234] Refreshing IP repositories
INFO: [IP_Flow 19-1700] Loaded user IP repository '/export/zd-fs/00_shared_folder/projects/02-NG-Datalogger/20-Baseline/13.proj_dl3_v1r1/fpga/dl3a_v1.0_5EV_SGMII_MAC1G_card2/ip_repo'.
INFO: [IP_Flow 19-1700] Loaded user IP repository '/export/zd-fs/00_shared_folder/projects/02-NG-Datalogger/12-FPGA/20_DL3_HLS/timestamp/timestamp'.
INFO: [IP_Flow 19-1700] Loaded user IP repository '/export/zd-fs/00_shared_folder/projects/02-NG-Datalogger/12-FPGA/20_DL3_HLS/clu_2022'.
INFO: [IP_Flow 19-1700] Loaded user IP repository '/export/zd-fs/00_shared_folder/projects/02-NG-Datalogger/12-FPGA/20_DL3_HLS/maclogger_2022_30port_64bit'.
INFO: [IP_Flow 19-2313] Loaded Vivado IP repository '/tools/Xilinx/Vivado/2020.2/data/ip'.
open_project: Time (s): cpu = 00:00:29 ; elapsed = 00:00:15 . Memory (MB): peak = 7393.492 ; gain = 74.141 ; free physical = 9274 ; free virtual = 20871
INFO: [IP_Flow 19-3899] Cannot get the environment domain name variable for the component vendor name. Setting the vendor name to 'user.org'.
update_compile_order -fileset sources_1
reset_run synth_1
launch_runs impl_1 -to_step write_bitstream -jobs 20
[Tue Feb 28 10:53:52 2023] Launched synth_1...
Run output will be captured here: /export/zd-fs/00_shared_folder/projects/02-NG-Datalogger/20-Baseline/13.proj_dl3_v1r1/fpga/dl3a_v1.0_5EV_SGMII_MAC1G_card2/datalogger/datalogger.runs/synth_1/runme.log
[Tue Feb 28 10:53:52 2023] Launched impl_1...
Run output will be captured here: /export/zd-fs/00_shared_folder/projects/02-NG-Datalogger/20-Baseline/13.proj_dl3_v1r1/fpga/dl3a_v1.0_5EV_SGMII_MAC1G_card2/datalogger/datalogger.runs/impl_1/runme.log
reset_run synth_1
exit
INFO: [Common 17-206] Exiting Vivado at Tue Feb 28 10:54:08 2023...
