

================================================================
== Vitis HLS Report for 'recvFrame_logic_1'
================================================================
* Date:           Thu Jan 26 11:10:52 2023

* Version:        2022.2 (Build 3670227 on Oct 13 2022)
* Project:        clu
* Solution:       solution1 (Vivado IP Flow Target)
* Product family: zynq
* Target device:  xc7z020-clg400-2


================================================================
== Performance Estimates
================================================================
+ Timing: 
    * Summary: 
    +--------+----------+----------+------------+
    |  Clock |  Target  | Estimated| Uncertainty|
    +--------+----------+----------+------------+
    |ap_clk  |  10.00 ns|  7.300 ns|     2.70 ns|
    +--------+----------+----------+------------+

+ Latency: 
    * Summary: 
    +---------+---------+----------+----------+-----+-----+---------+
    |  Latency (cycles) |  Latency (absolute) |  Interval | Pipeline|
    |   min   |   max   |    min   |    max   | min | max |   Type  |
    +---------+---------+----------+----------+-----+-----+---------+
    |        ?|        ?|         ?|         ?|    ?|    ?|       no|
    +---------+---------+----------+----------+-----+-----+---------+

    + Detail: 
        * Instance: 
        N/A

        * Loop: 
        N/A

============================================================
+ Verbose Summary: Synthesis Manager
============================================================
InlineROM: 1
ExposeGlobal: 0
============================================================
+ Verbose Summary: CDFG Model
============================================================
IsTopModel: 0
ResetActiveHigh: 1
IsCombinational: 0
IsDatapathOnly: 0
HasWiredReturn: 1
HasMFsm: 0
HasVarLatency: 1
IsPipeline: 0
IsRtlPipelined: 0
IsInstanceOverlapped: 0
IsDontTouch: 0
HasImplIP: 0
IsGatedGlobalClock: 0


============================================================
+ Verbose Summary: Schedule
============================================================
* Number of FSM states : 31
* Pipeline : 0
* Dataflow Pipeline: 0

* FSM state transitions: 
1 --> 2 
2 --> 3 
3 --> 4 
4 --> 5 
5 --> 6 
6 --> 7 
7 --> 8 
8 --> 9 
9 --> 10 
10 --> 11 
11 --> 12 
12 --> 13 
13 --> 14 15 16 
14 --> 15 
15 --> 17 
16 --> 15 
17 --> 18 
18 --> 19 
19 --> 20 
20 --> 21 
21 --> 22 
22 --> 23 
23 --> 24 
24 --> 25 
25 --> 26 
26 --> 27 
27 --> 28 
28 --> 29 
29 --> 30 
30 --> 31 
31 --> 

* FSM state operations: 

State 1 <SV = 0> <Delay = 4.96>
ST_1 : Operation 32 [1/1] (0.00ns)   --->   "%readIndex_read = read i8 @_ssdm_op_Read.ap_auto.i8, i8 %readIndex"   --->   Operation 32 'read' 'readIndex_read' <Predicate = true> <Delay = 0.00>
ST_1 : Operation 33 [1/1] (0.00ns)   --->   "%canbase_read = read i32 @_ssdm_op_Read.ap_auto.i32, i32 %canbase"   --->   Operation 33 'read' 'canbase_read' <Predicate = true> <Delay = 0.00>
ST_1 : Operation 34 [1/1] (0.00ns)   --->   "%can_frame = alloca i32 1" [can.c:166]   --->   Operation 34 'alloca' 'can_frame' <Predicate = true> <Delay = 0.00> <CoreInst = "RAM">   --->   Core 82 'RAM' <Latency = 1> <II = 1> <Delay = 1.75> <Storage> <Opcode : 'load' 'store'> <Ports = 2> <Width = 8> <Depth = 92> <RAM>
ST_1 : Operation 35 [2/2] (0.00ns)   --->   "%call_ln0 = call void @recvFrame_logic.1_Pipeline_1, i8 %can_frame"   --->   Operation 35 'call' 'call_ln0' <Predicate = true> <Delay = 0.00> <CoreType = "Generic">   --->   Core 0 '' <Latency = 0> <II = 1> <Delay = 1.00> <Generic> <Opcode : >
ST_1 : Operation 36 [1/1] (0.00ns)   --->   "%shl_ln = bitconcatenate i14 @_ssdm_op_BitConcatenate.i14.i8.i6, i8 %readIndex_read, i6 0" [can.c:168]   --->   Operation 36 'bitconcatenate' 'shl_ln' <Predicate = true> <Delay = 0.00>
ST_1 : Operation 37 [1/1] (0.00ns)   --->   "%zext_ln168 = zext i14 %shl_ln" [can.c:168]   --->   Operation 37 'zext' 'zext_ln168' <Predicate = true> <Delay = 0.00>
ST_1 : Operation 38 [1/1] (0.00ns)   --->   "%shl_ln168_1 = bitconcatenate i11 @_ssdm_op_BitConcatenate.i11.i8.i3, i8 %readIndex_read, i3 0" [can.c:168]   --->   Operation 38 'bitconcatenate' 'shl_ln168_1' <Predicate = true> <Delay = 0.00>
ST_1 : Operation 39 [1/1] (0.00ns)   --->   "%zext_ln168_1 = zext i11 %shl_ln168_1" [can.c:168]   --->   Operation 39 'zext' 'zext_ln168_1' <Predicate = true> <Delay = 0.00>
ST_1 : Operation 40 [1/1] (1.52ns)   --->   "%add_ln168_2 = add i15 %zext_ln168, i15 %zext_ln168_1" [can.c:168]   --->   Operation 40 'add' 'add_ln168_2' <Predicate = true> <Delay = 1.52> <CoreInst = "Adder">   --->   Core 1 'Adder' <Latency = 0> <II = 1> <Delay = 1.52> <FuncUnit> <Opcode : 'add' 'sub'> <InPorts = 2> <OutPorts = 1>
ST_1 : Operation 41 [1/1] (1.53ns)   --->   "%add_ln168 = add i15 %add_ln168_2, i15 8448" [can.c:168]   --->   Operation 41 'add' 'add_ln168' <Predicate = true> <Delay = 1.53> <CoreInst = "Adder">   --->   Core 1 'Adder' <Latency = 0> <II = 1> <Delay = 1.53> <FuncUnit> <Opcode : 'add' 'sub'> <InPorts = 2> <OutPorts = 1>
ST_1 : Operation 42 [1/1] (0.00ns)   --->   "%tmp = partselect i13 @_ssdm_op_PartSelect.i13.i15.i32.i32, i15 %add_ln168, i32 2, i32 14" [can.c:168]   --->   Operation 42 'partselect' 'tmp' <Predicate = true> <Delay = 0.00>
ST_1 : Operation 43 [1/1] (0.00ns)   --->   "%shl_ln168_2 = bitconcatenate i15 @_ssdm_op_BitConcatenate.i15.i13.i2, i13 %tmp, i2 0" [can.c:168]   --->   Operation 43 'bitconcatenate' 'shl_ln168_2' <Predicate = true> <Delay = 0.00>
ST_1 : Operation 44 [1/1] (0.00ns)   --->   "%zext_ln168_2 = zext i15 %shl_ln168_2" [can.c:168]   --->   Operation 44 'zext' 'zext_ln168_2' <Predicate = true> <Delay = 0.00>
ST_1 : Operation 45 [1/1] (1.89ns)   --->   "%add_ln168_1 = add i32 %zext_ln168_2, i32 %canbase_read" [can.c:168]   --->   Operation 45 'add' 'add_ln168_1' <Predicate = true> <Delay = 1.89> <CoreInst = "Adder">   --->   Core 1 'Adder' <Latency = 0> <II = 1> <Delay = 1.89> <FuncUnit> <Opcode : 'add' 'sub'> <InPorts = 2> <OutPorts = 1>
ST_1 : Operation 46 [1/1] (0.00ns)   --->   "%trunc_ln168_1 = partselect i30 @_ssdm_op_PartSelect.i30.i32.i32.i32, i32 %add_ln168_1, i32 2, i32 31" [can.c:168]   --->   Operation 46 'partselect' 'trunc_ln168_1' <Predicate = true> <Delay = 0.00>

State 2 <SV = 1> <Delay = 7.30>
ST_2 : Operation 47 [1/2] (0.00ns)   --->   "%call_ln0 = call void @recvFrame_logic.1_Pipeline_1, i8 %can_frame"   --->   Operation 47 'call' 'call_ln0' <Predicate = true> <Delay = 0.00> <CoreType = "Generic">   --->   Core 0 '' <Latency = 0> <II = 1> <Delay = 1.00> <Generic> <Opcode : >
ST_2 : Operation 48 [1/1] (0.00ns)   --->   "%sext_ln168 = sext i30 %trunc_ln168_1" [can.c:168]   --->   Operation 48 'sext' 'sext_ln168' <Predicate = true> <Delay = 0.00>
ST_2 : Operation 49 [1/1] (0.00ns)   --->   "%can_addr_addr = getelementptr i32 %can_addr, i32 %sext_ln168" [can.c:168]   --->   Operation 49 'getelementptr' 'can_addr_addr' <Predicate = true> <Delay = 0.00>
ST_2 : Operation 50 [7/7] (7.30ns)   --->   "%orFrameID_req = readreq i1 @_ssdm_op_ReadReq.m_axi.i32P1A, i32 %can_addr_addr, i32 1" [can.c:168]   --->   Operation 50 'readreq' 'orFrameID_req' <Predicate = true> <Delay = 7.30> <CoreInst = "m_axi">   --->   Core 113 'm_axi' <Latency = 0> <II = 1> <Delay = 1.00> <Adapter> <Opcode : 'read' 'write' 'readreq' 'writereq' 'writeresp'>

State 3 <SV = 2> <Delay = 7.30>
ST_3 : Operation 51 [1/1] (0.00ns)   --->   "%timestamp_read = read i64 @_ssdm_op_Read.ap_auto.i64, i64 %timestamp"   --->   Operation 51 'read' 'timestamp_read' <Predicate = true> <Delay = 0.00>
ST_3 : Operation 52 [6/7] (7.30ns)   --->   "%orFrameID_req = readreq i1 @_ssdm_op_ReadReq.m_axi.i32P1A, i32 %can_addr_addr, i32 1" [can.c:168]   --->   Operation 52 'readreq' 'orFrameID_req' <Predicate = true> <Delay = 7.30> <CoreInst = "m_axi">   --->   Core 113 'm_axi' <Latency = 0> <II = 1> <Delay = 1.00> <Adapter> <Opcode : 'read' 'write' 'readreq' 'writereq' 'writeresp'>
ST_3 : Operation 53 [1/1] (1.53ns)   --->   "%add_ln191 = add i15 %add_ln168_2, i15 8452" [can.c:191]   --->   Operation 53 'add' 'add_ln191' <Predicate = true> <Delay = 1.53> <CoreInst = "Adder">   --->   Core 1 'Adder' <Latency = 0> <II = 1> <Delay = 1.53> <FuncUnit> <Opcode : 'add' 'sub'> <InPorts = 2> <OutPorts = 1>
ST_3 : Operation 54 [1/1] (0.00ns)   --->   "%tmp_4 = partselect i13 @_ssdm_op_PartSelect.i13.i15.i32.i32, i15 %add_ln191, i32 2, i32 14" [can.c:191]   --->   Operation 54 'partselect' 'tmp_4' <Predicate = true> <Delay = 0.00>
ST_3 : Operation 55 [1/1] (0.00ns)   --->   "%shl_ln1 = bitconcatenate i15 @_ssdm_op_BitConcatenate.i15.i13.i2, i13 %tmp_4, i2 0" [can.c:191]   --->   Operation 55 'bitconcatenate' 'shl_ln1' <Predicate = true> <Delay = 0.00>
ST_3 : Operation 56 [1/1] (0.00ns)   --->   "%zext_ln191 = zext i15 %shl_ln1" [can.c:191]   --->   Operation 56 'zext' 'zext_ln191' <Predicate = true> <Delay = 0.00>
ST_3 : Operation 57 [1/1] (1.89ns)   --->   "%add_ln191_1 = add i32 %zext_ln191, i32 %canbase_read" [can.c:191]   --->   Operation 57 'add' 'add_ln191_1' <Predicate = true> <Delay = 1.89> <CoreInst = "Adder">   --->   Core 1 'Adder' <Latency = 0> <II = 1> <Delay = 1.89> <FuncUnit> <Opcode : 'add' 'sub'> <InPorts = 2> <OutPorts = 1>
ST_3 : Operation 58 [1/1] (0.00ns)   --->   "%trunc_ln191_1 = partselect i30 @_ssdm_op_PartSelect.i30.i32.i32.i32, i32 %add_ln191_1, i32 2, i32 31" [can.c:191]   --->   Operation 58 'partselect' 'trunc_ln191_1' <Predicate = true> <Delay = 0.00>
ST_3 : Operation 59 [1/1] (0.00ns)   --->   "%trunc_ln9 = partselect i8 @_ssdm_op_PartSelect.i8.i64.i32.i32, i64 %timestamp_read, i32 56, i32 63" [can.c:203]   --->   Operation 59 'partselect' 'trunc_ln9' <Predicate = true> <Delay = 0.00>
ST_3 : Operation 60 [1/1] (0.00ns)   --->   "%can_frame_addr_7 = getelementptr i8 %can_frame, i32 0, i32 0" [can.c:203]   --->   Operation 60 'getelementptr' 'can_frame_addr_7' <Predicate = true> <Delay = 0.00>
ST_3 : Operation 61 [1/1] (1.75ns)   --->   "%store_ln203 = store i8 %trunc_ln9, i7 %can_frame_addr_7" [can.c:203]   --->   Operation 61 'store' 'store_ln203' <Predicate = true> <Delay = 1.75> <CoreInst = "RAM">   --->   Core 82 'RAM' <Latency = 1> <II = 1> <Delay = 1.75> <Storage> <Opcode : 'load' 'store'> <Ports = 2> <Width = 8> <Depth = 92> <RAM>
ST_3 : Operation 62 [1/1] (0.00ns)   --->   "%trunc_ln10 = partselect i8 @_ssdm_op_PartSelect.i8.i64.i32.i32, i64 %timestamp_read, i32 48, i32 55" [can.c:204]   --->   Operation 62 'partselect' 'trunc_ln10' <Predicate = true> <Delay = 0.00>
ST_3 : Operation 63 [1/1] (0.00ns)   --->   "%can_frame_addr_8 = getelementptr i8 %can_frame, i32 0, i32 1" [can.c:204]   --->   Operation 63 'getelementptr' 'can_frame_addr_8' <Predicate = true> <Delay = 0.00>
ST_3 : Operation 64 [1/1] (1.75ns)   --->   "%store_ln204 = store i8 %trunc_ln10, i7 %can_frame_addr_8" [can.c:204]   --->   Operation 64 'store' 'store_ln204' <Predicate = true> <Delay = 1.75> <CoreInst = "RAM">   --->   Core 82 'RAM' <Latency = 1> <II = 1> <Delay = 1.75> <Storage> <Opcode : 'load' 'store'> <Ports = 2> <Width = 8> <Depth = 92> <RAM>
ST_3 : Operation 65 [1/1] (0.00ns)   --->   "%trunc_ln11 = partselect i8 @_ssdm_op_PartSelect.i8.i64.i32.i32, i64 %timestamp_read, i32 40, i32 47" [can.c:205]   --->   Operation 65 'partselect' 'trunc_ln11' <Predicate = true> <Delay = 0.00>
ST_3 : Operation 66 [1/1] (0.00ns)   --->   "%trunc_ln12 = partselect i8 @_ssdm_op_PartSelect.i8.i64.i32.i32, i64 %timestamp_read, i32 32, i32 39" [can.c:206]   --->   Operation 66 'partselect' 'trunc_ln12' <Predicate = true> <Delay = 0.00>
ST_3 : Operation 67 [1/1] (0.00ns)   --->   "%trunc_ln13 = partselect i8 @_ssdm_op_PartSelect.i8.i64.i32.i32, i64 %timestamp_read, i32 24, i32 31" [can.c:207]   --->   Operation 67 'partselect' 'trunc_ln13' <Predicate = true> <Delay = 0.00>
ST_3 : Operation 68 [1/1] (0.00ns)   --->   "%trunc_ln14 = partselect i8 @_ssdm_op_PartSelect.i8.i64.i32.i32, i64 %timestamp_read, i32 16, i32 23" [can.c:208]   --->   Operation 68 'partselect' 'trunc_ln14' <Predicate = true> <Delay = 0.00>
ST_3 : Operation 69 [1/1] (0.00ns)   --->   "%trunc_ln15 = partselect i8 @_ssdm_op_PartSelect.i8.i64.i32.i32, i64 %timestamp_read, i32 8, i32 15" [can.c:209]   --->   Operation 69 'partselect' 'trunc_ln15' <Predicate = true> <Delay = 0.00>
ST_3 : Operation 70 [1/1] (0.00ns)   --->   "%trunc_ln210 = trunc i64 %timestamp_read" [can.c:210]   --->   Operation 70 'trunc' 'trunc_ln210' <Predicate = true> <Delay = 0.00>

State 4 <SV = 3> <Delay = 7.30>
ST_4 : Operation 71 [5/7] (7.30ns)   --->   "%orFrameID_req = readreq i1 @_ssdm_op_ReadReq.m_axi.i32P1A, i32 %can_addr_addr, i32 1" [can.c:168]   --->   Operation 71 'readreq' 'orFrameID_req' <Predicate = true> <Delay = 7.30> <CoreInst = "m_axi">   --->   Core 113 'm_axi' <Latency = 0> <II = 1> <Delay = 1.00> <Adapter> <Opcode : 'read' 'write' 'readreq' 'writereq' 'writeresp'>
ST_4 : Operation 72 [1/1] (0.00ns)   --->   "%sext_ln191 = sext i30 %trunc_ln191_1" [can.c:191]   --->   Operation 72 'sext' 'sext_ln191' <Predicate = true> <Delay = 0.00>
ST_4 : Operation 73 [1/1] (0.00ns)   --->   "%can_addr_addr_1 = getelementptr i32 %can_addr, i32 %sext_ln191" [can.c:191]   --->   Operation 73 'getelementptr' 'can_addr_addr_1' <Predicate = true> <Delay = 0.00>
ST_4 : Operation 74 [7/7] (7.30ns)   --->   "%frameDLC_req = readreq i1 @_ssdm_op_ReadReq.m_axi.i32P1A, i32 %can_addr_addr_1, i32 1" [can.c:191]   --->   Operation 74 'readreq' 'frameDLC_req' <Predicate = true> <Delay = 7.30> <CoreInst = "m_axi">   --->   Core 113 'm_axi' <Latency = 0> <II = 1> <Delay = 1.00> <Adapter> <Opcode : 'read' 'write' 'readreq' 'writereq' 'writeresp'>
ST_4 : Operation 75 [1/1] (0.00ns)   --->   "%can_frame_addr_9 = getelementptr i8 %can_frame, i32 0, i32 2" [can.c:205]   --->   Operation 75 'getelementptr' 'can_frame_addr_9' <Predicate = true> <Delay = 0.00>
ST_4 : Operation 76 [1/1] (1.75ns)   --->   "%store_ln205 = store i8 %trunc_ln11, i7 %can_frame_addr_9" [can.c:205]   --->   Operation 76 'store' 'store_ln205' <Predicate = true> <Delay = 1.75> <CoreInst = "RAM">   --->   Core 82 'RAM' <Latency = 1> <II = 1> <Delay = 1.75> <Storage> <Opcode : 'load' 'store'> <Ports = 2> <Width = 8> <Depth = 92> <RAM>
ST_4 : Operation 77 [1/1] (0.00ns)   --->   "%can_frame_addr_10 = getelementptr i8 %can_frame, i32 0, i32 3" [can.c:206]   --->   Operation 77 'getelementptr' 'can_frame_addr_10' <Predicate = true> <Delay = 0.00>
ST_4 : Operation 78 [1/1] (1.75ns)   --->   "%store_ln206 = store i8 %trunc_ln12, i7 %can_frame_addr_10" [can.c:206]   --->   Operation 78 'store' 'store_ln206' <Predicate = true> <Delay = 1.75> <CoreInst = "RAM">   --->   Core 82 'RAM' <Latency = 1> <II = 1> <Delay = 1.75> <Storage> <Opcode : 'load' 'store'> <Ports = 2> <Width = 8> <Depth = 92> <RAM>

State 5 <SV = 4> <Delay = 7.30>
ST_5 : Operation 79 [4/7] (7.30ns)   --->   "%orFrameID_req = readreq i1 @_ssdm_op_ReadReq.m_axi.i32P1A, i32 %can_addr_addr, i32 1" [can.c:168]   --->   Operation 79 'readreq' 'orFrameID_req' <Predicate = true> <Delay = 7.30> <CoreInst = "m_axi">   --->   Core 113 'm_axi' <Latency = 0> <II = 1> <Delay = 1.00> <Adapter> <Opcode : 'read' 'write' 'readreq' 'writereq' 'writeresp'>
ST_5 : Operation 80 [6/7] (7.30ns)   --->   "%frameDLC_req = readreq i1 @_ssdm_op_ReadReq.m_axi.i32P1A, i32 %can_addr_addr_1, i32 1" [can.c:191]   --->   Operation 80 'readreq' 'frameDLC_req' <Predicate = true> <Delay = 7.30> <CoreInst = "m_axi">   --->   Core 113 'm_axi' <Latency = 0> <II = 1> <Delay = 1.00> <Adapter> <Opcode : 'read' 'write' 'readreq' 'writereq' 'writeresp'>
ST_5 : Operation 81 [1/1] (0.00ns)   --->   "%can_frame_addr_11 = getelementptr i8 %can_frame, i32 0, i32 4" [can.c:207]   --->   Operation 81 'getelementptr' 'can_frame_addr_11' <Predicate = true> <Delay = 0.00>
ST_5 : Operation 82 [1/1] (1.75ns)   --->   "%store_ln207 = store i8 %trunc_ln13, i7 %can_frame_addr_11" [can.c:207]   --->   Operation 82 'store' 'store_ln207' <Predicate = true> <Delay = 1.75> <CoreInst = "RAM">   --->   Core 82 'RAM' <Latency = 1> <II = 1> <Delay = 1.75> <Storage> <Opcode : 'load' 'store'> <Ports = 2> <Width = 8> <Depth = 92> <RAM>
ST_5 : Operation 83 [1/1] (0.00ns)   --->   "%can_frame_addr_12 = getelementptr i8 %can_frame, i32 0, i32 5" [can.c:208]   --->   Operation 83 'getelementptr' 'can_frame_addr_12' <Predicate = true> <Delay = 0.00>
ST_5 : Operation 84 [1/1] (1.75ns)   --->   "%store_ln208 = store i8 %trunc_ln14, i7 %can_frame_addr_12" [can.c:208]   --->   Operation 84 'store' 'store_ln208' <Predicate = true> <Delay = 1.75> <CoreInst = "RAM">   --->   Core 82 'RAM' <Latency = 1> <II = 1> <Delay = 1.75> <Storage> <Opcode : 'load' 'store'> <Ports = 2> <Width = 8> <Depth = 92> <RAM>

State 6 <SV = 5> <Delay = 7.30>
ST_6 : Operation 85 [3/7] (7.30ns)   --->   "%orFrameID_req = readreq i1 @_ssdm_op_ReadReq.m_axi.i32P1A, i32 %can_addr_addr, i32 1" [can.c:168]   --->   Operation 85 'readreq' 'orFrameID_req' <Predicate = true> <Delay = 7.30> <CoreInst = "m_axi">   --->   Core 113 'm_axi' <Latency = 0> <II = 1> <Delay = 1.00> <Adapter> <Opcode : 'read' 'write' 'readreq' 'writereq' 'writeresp'>
ST_6 : Operation 86 [5/7] (7.30ns)   --->   "%frameDLC_req = readreq i1 @_ssdm_op_ReadReq.m_axi.i32P1A, i32 %can_addr_addr_1, i32 1" [can.c:191]   --->   Operation 86 'readreq' 'frameDLC_req' <Predicate = true> <Delay = 7.30> <CoreInst = "m_axi">   --->   Core 113 'm_axi' <Latency = 0> <II = 1> <Delay = 1.00> <Adapter> <Opcode : 'read' 'write' 'readreq' 'writereq' 'writeresp'>
ST_6 : Operation 87 [1/1] (0.00ns)   --->   "%can_frame_addr_13 = getelementptr i8 %can_frame, i32 0, i32 6" [can.c:209]   --->   Operation 87 'getelementptr' 'can_frame_addr_13' <Predicate = true> <Delay = 0.00>
ST_6 : Operation 88 [1/1] (1.75ns)   --->   "%store_ln209 = store i8 %trunc_ln15, i7 %can_frame_addr_13" [can.c:209]   --->   Operation 88 'store' 'store_ln209' <Predicate = true> <Delay = 1.75> <CoreInst = "RAM">   --->   Core 82 'RAM' <Latency = 1> <II = 1> <Delay = 1.75> <Storage> <Opcode : 'load' 'store'> <Ports = 2> <Width = 8> <Depth = 92> <RAM>
ST_6 : Operation 89 [1/1] (0.00ns)   --->   "%can_frame_addr_14 = getelementptr i8 %can_frame, i32 0, i32 7" [can.c:210]   --->   Operation 89 'getelementptr' 'can_frame_addr_14' <Predicate = true> <Delay = 0.00>
ST_6 : Operation 90 [1/1] (1.75ns)   --->   "%store_ln210 = store i8 %trunc_ln210, i7 %can_frame_addr_14" [can.c:210]   --->   Operation 90 'store' 'store_ln210' <Predicate = true> <Delay = 1.75> <CoreInst = "RAM">   --->   Core 82 'RAM' <Latency = 1> <II = 1> <Delay = 1.75> <Storage> <Opcode : 'load' 'store'> <Ports = 2> <Width = 8> <Depth = 92> <RAM>

State 7 <SV = 6> <Delay = 7.30>
ST_7 : Operation 91 [2/7] (7.30ns)   --->   "%orFrameID_req = readreq i1 @_ssdm_op_ReadReq.m_axi.i32P1A, i32 %can_addr_addr, i32 1" [can.c:168]   --->   Operation 91 'readreq' 'orFrameID_req' <Predicate = true> <Delay = 7.30> <CoreInst = "m_axi">   --->   Core 113 'm_axi' <Latency = 0> <II = 1> <Delay = 1.00> <Adapter> <Opcode : 'read' 'write' 'readreq' 'writereq' 'writeresp'>
ST_7 : Operation 92 [4/7] (7.30ns)   --->   "%frameDLC_req = readreq i1 @_ssdm_op_ReadReq.m_axi.i32P1A, i32 %can_addr_addr_1, i32 1" [can.c:191]   --->   Operation 92 'readreq' 'frameDLC_req' <Predicate = true> <Delay = 7.30> <CoreInst = "m_axi">   --->   Core 113 'm_axi' <Latency = 0> <II = 1> <Delay = 1.00> <Adapter> <Opcode : 'read' 'write' 'readreq' 'writereq' 'writeresp'>
ST_7 : Operation 93 [1/1] (0.00ns)   --->   "%can_frame_addr_15 = getelementptr i8 %can_frame, i32 0, i32 8" [can.c:211]   --->   Operation 93 'getelementptr' 'can_frame_addr_15' <Predicate = true> <Delay = 0.00>
ST_7 : Operation 94 [1/1] (1.75ns)   --->   "%store_ln211 = store i8 2, i7 %can_frame_addr_15" [can.c:211]   --->   Operation 94 'store' 'store_ln211' <Predicate = true> <Delay = 1.75> <CoreInst = "RAM">   --->   Core 82 'RAM' <Latency = 1> <II = 1> <Delay = 1.75> <Storage> <Opcode : 'load' 'store'> <Ports = 2> <Width = 8> <Depth = 92> <RAM>

State 8 <SV = 7> <Delay = 7.30>
ST_8 : Operation 95 [1/1] (0.00ns)   --->   "%EN_read = read i4 @_ssdm_op_Read.ap_auto.i4, i4 %EN"   --->   Operation 95 'read' 'EN_read' <Predicate = true> <Delay = 0.00>
ST_8 : Operation 96 [1/7] (7.30ns)   --->   "%orFrameID_req = readreq i1 @_ssdm_op_ReadReq.m_axi.i32P1A, i32 %can_addr_addr, i32 1" [can.c:168]   --->   Operation 96 'readreq' 'orFrameID_req' <Predicate = true> <Delay = 7.30> <CoreInst = "m_axi">   --->   Core 113 'm_axi' <Latency = 0> <II = 1> <Delay = 1.00> <Adapter> <Opcode : 'read' 'write' 'readreq' 'writereq' 'writeresp'>
ST_8 : Operation 97 [3/7] (7.30ns)   --->   "%frameDLC_req = readreq i1 @_ssdm_op_ReadReq.m_axi.i32P1A, i32 %can_addr_addr_1, i32 1" [can.c:191]   --->   Operation 97 'readreq' 'frameDLC_req' <Predicate = true> <Delay = 7.30> <CoreInst = "m_axi">   --->   Core 113 'm_axi' <Latency = 0> <II = 1> <Delay = 1.00> <Adapter> <Opcode : 'read' 'write' 'readreq' 'writereq' 'writeresp'>
ST_8 : Operation 98 [1/1] (0.00ns)   --->   "%zext_ln197 = zext i4 %EN_read" [can.c:197]   --->   Operation 98 'zext' 'zext_ln197' <Predicate = true> <Delay = 0.00>
ST_8 : Operation 99 [1/1] (1.02ns)   --->   "%id_can = add i5 %zext_ln197, i5 8" [can.c:197]   --->   Operation 99 'add' 'id_can' <Predicate = true> <Delay = 1.02> <CoreInst = "Adder">   --->   Core 1 'Adder' <Latency = 0> <II = 1> <Delay = 1.02> <FuncUnit> <Opcode : 'add' 'sub'> <InPorts = 2> <OutPorts = 1>
ST_8 : Operation 100 [1/1] (0.00ns)   --->   "%zext_ln197_1 = zext i5 %id_can" [can.c:197]   --->   Operation 100 'zext' 'zext_ln197_1' <Predicate = true> <Delay = 0.00>
ST_8 : Operation 101 [1/1] (0.00ns)   --->   "%can_frame_addr_16 = getelementptr i8 %can_frame, i32 0, i32 9" [can.c:212]   --->   Operation 101 'getelementptr' 'can_frame_addr_16' <Predicate = true> <Delay = 0.00>
ST_8 : Operation 102 [1/1] (1.75ns)   --->   "%store_ln212 = store i8 %zext_ln197_1, i7 %can_frame_addr_16" [can.c:212]   --->   Operation 102 'store' 'store_ln212' <Predicate = true> <Delay = 1.75> <CoreInst = "RAM">   --->   Core 82 'RAM' <Latency = 1> <II = 1> <Delay = 1.75> <Storage> <Opcode : 'load' 'store'> <Ports = 2> <Width = 8> <Depth = 92> <RAM>
ST_8 : Operation 103 [1/1] (0.00ns)   --->   "%can_frame_addr_17 = getelementptr i8 %can_frame, i32 0, i32 10" [can.c:213]   --->   Operation 103 'getelementptr' 'can_frame_addr_17' <Predicate = true> <Delay = 0.00>
ST_8 : Operation 104 [1/1] (1.75ns)   --->   "%store_ln213 = store i8 0, i7 %can_frame_addr_17" [can.c:213]   --->   Operation 104 'store' 'store_ln213' <Predicate = true> <Delay = 1.75> <CoreInst = "RAM">   --->   Core 82 'RAM' <Latency = 1> <II = 1> <Delay = 1.75> <Storage> <Opcode : 'load' 'store'> <Ports = 2> <Width = 8> <Depth = 92> <RAM>

State 9 <SV = 8> <Delay = 7.30>
ST_9 : Operation 105 [1/1] (7.30ns)   --->   "%orFrameID = read i32 @_ssdm_op_Read.m_axi.volatile.i32P1A, i32 %can_addr_addr" [can.c:168]   --->   Operation 105 'read' 'orFrameID' <Predicate = true> <Delay = 7.30> <CoreInst = "m_axi">   --->   Core 113 'm_axi' <Latency = 0> <II = 1> <Delay = 1.00> <Adapter> <Opcode : 'read' 'write' 'readreq' 'writereq' 'writeresp'>
ST_9 : Operation 106 [1/1] (0.00ns)   --->   "%trunc_ln164 = trunc i32 %orFrameID" [can.c:164]   --->   Operation 106 'trunc' 'trunc_ln164' <Predicate = true> <Delay = 0.00>
ST_9 : Operation 107 [1/1] (0.00ns)   --->   "%tmp_2 = bitselect i1 @_ssdm_op_BitSelect.i1.i32.i32, i32 %orFrameID, i32 19" [can.c:171]   --->   Operation 107 'bitselect' 'tmp_2' <Predicate = true> <Delay = 0.00>
ST_9 : Operation 108 [1/1] (0.00ns)   --->   "%trunc_ln176_1 = partselect i11 @_ssdm_op_PartSelect.i11.i32.i32.i32, i32 %orFrameID, i32 21, i32 31" [can.c:176]   --->   Operation 108 'partselect' 'trunc_ln176_1' <Predicate = true> <Delay = 0.00>
ST_9 : Operation 109 [1/1] (0.00ns)   --->   "%tmp_6 = bitselect i1 @_ssdm_op_BitSelect.i1.i32.i32, i32 %orFrameID, i32 20" [can.c:179]   --->   Operation 109 'bitselect' 'tmp_6' <Predicate = true> <Delay = 0.00>
ST_9 : Operation 110 [1/1] (0.00ns)   --->   "%trunc_ln179_2 = partselect i18 @_ssdm_op_PartSelect.i18.i32.i32.i32, i32 %orFrameID, i32 1, i32 18" [can.c:179]   --->   Operation 110 'partselect' 'trunc_ln179_2' <Predicate = true> <Delay = 0.00>
ST_9 : Operation 111 [2/7] (7.30ns)   --->   "%frameDLC_req = readreq i1 @_ssdm_op_ReadReq.m_axi.i32P1A, i32 %can_addr_addr_1, i32 1" [can.c:191]   --->   Operation 111 'readreq' 'frameDLC_req' <Predicate = true> <Delay = 7.30> <CoreInst = "m_axi">   --->   Core 113 'm_axi' <Latency = 0> <II = 1> <Delay = 1.00> <Adapter> <Opcode : 'read' 'write' 'readreq' 'writereq' 'writeresp'>
ST_9 : Operation 112 [1/1] (0.00ns)   --->   "%can_frame_addr_19 = getelementptr i8 %can_frame, i32 0, i32 18" [can.c:216]   --->   Operation 112 'getelementptr' 'can_frame_addr_19' <Predicate = true> <Delay = 0.00>
ST_9 : Operation 113 [1/1] (1.75ns)   --->   "%store_ln216 = store i8 0, i7 %can_frame_addr_19" [can.c:216]   --->   Operation 113 'store' 'store_ln216' <Predicate = true> <Delay = 1.75> <CoreInst = "RAM">   --->   Core 82 'RAM' <Latency = 1> <II = 1> <Delay = 1.75> <Storage> <Opcode : 'load' 'store'> <Ports = 2> <Width = 8> <Depth = 92> <RAM>

State 10 <SV = 9> <Delay = 7.30>
ST_10 : Operation 114 [1/1] (0.00ns)   --->   "%zext_ln171 = zext i1 %tmp_2" [can.c:171]   --->   Operation 114 'zext' 'zext_ln171' <Predicate = true> <Delay = 0.00>
ST_10 : Operation 115 [1/1] (0.00ns)   --->   "%can_frame_addr = getelementptr i8 %can_frame, i32 0, i32 16" [can.c:171]   --->   Operation 115 'getelementptr' 'can_frame_addr' <Predicate = true> <Delay = 0.00>
ST_10 : Operation 116 [1/1] (1.75ns)   --->   "%store_ln171 = store i8 %zext_ln171, i7 %can_frame_addr" [can.c:171]   --->   Operation 116 'store' 'store_ln171' <Predicate = true> <Delay = 1.75> <CoreInst = "RAM">   --->   Core 82 'RAM' <Latency = 1> <II = 1> <Delay = 1.75> <Storage> <Opcode : 'load' 'store'> <Ports = 2> <Width = 8> <Depth = 92> <RAM>
ST_10 : Operation 117 [1/1] (0.00ns)   --->   "%zext_ln176 = zext i11 %trunc_ln176_1" [can.c:176]   --->   Operation 117 'zext' 'zext_ln176' <Predicate = (!tmp_2)> <Delay = 0.00>
ST_10 : Operation 118 [1/1] (0.00ns)   --->   "%can_frame_addr_1 = getelementptr i8 %can_frame, i32 0, i32 17" [can.c:176]   --->   Operation 118 'getelementptr' 'can_frame_addr_1' <Predicate = true> <Delay = 0.00>
ST_10 : Operation 119 [1/1] (0.00ns)   --->   "%FrameID = bitconcatenate i29 @_ssdm_op_BitConcatenate.i29.i11.i18, i11 %trunc_ln176_1, i18 %trunc_ln179_2" [can.c:179]   --->   Operation 119 'bitconcatenate' 'FrameID' <Predicate = (tmp_2)> <Delay = 0.00>
ST_10 : Operation 120 [1/1] (0.81ns)   --->   "%select_ln176 = select i1 %tmp_2, i1 %trunc_ln164, i1 %tmp_6" [can.c:176]   --->   Operation 120 'select' 'select_ln176' <Predicate = true> <Delay = 0.81> <CoreInst = "Sel">   --->   Core 73 'Sel' <Latency = 0> <II = 1> <Delay = 0.81> <FuncUnit> <Opcode : 'select'> <InPorts = 3> <OutPorts = 1>
ST_10 : Operation 121 [1/1] (0.73ns)   --->   "%FrameID_1 = select i1 %tmp_2, i29 %FrameID, i29 %zext_ln176" [can.c:172]   --->   Operation 121 'select' 'FrameID_1' <Predicate = true> <Delay = 0.73> <CoreInst = "Sel">   --->   Core 73 'Sel' <Latency = 0> <II = 1> <Delay = 0.73> <FuncUnit> <Opcode : 'select'> <InPorts = 3> <OutPorts = 1>
ST_10 : Operation 122 [1/1] (0.00ns)   --->   "%zext_ln176_1 = zext i1 %select_ln176" [can.c:176]   --->   Operation 122 'zext' 'zext_ln176_1' <Predicate = true> <Delay = 0.00>
ST_10 : Operation 123 [1/1] (1.75ns)   --->   "%store_ln176 = store i8 %zext_ln176_1, i7 %can_frame_addr_1" [can.c:176]   --->   Operation 123 'store' 'store_ln176' <Predicate = true> <Delay = 1.75> <CoreInst = "RAM">   --->   Core 82 'RAM' <Latency = 1> <II = 1> <Delay = 1.75> <Storage> <Opcode : 'load' 'store'> <Ports = 2> <Width = 8> <Depth = 92> <RAM>
ST_10 : Operation 124 [1/1] (0.00ns)   --->   "%tmp_3 = partselect i5 @_ssdm_op_PartSelect.i5.i29.i32.i32, i29 %FrameID_1, i32 24, i32 28" [can.c:183]   --->   Operation 124 'partselect' 'tmp_3' <Predicate = true> <Delay = 0.00>
ST_10 : Operation 125 [1/1] (0.00ns)   --->   "%trunc_ln = partselect i8 @_ssdm_op_PartSelect.i8.i29.i32.i32, i29 %FrameID_1, i32 16, i32 23" [can.c:184]   --->   Operation 125 'partselect' 'trunc_ln' <Predicate = true> <Delay = 0.00>
ST_10 : Operation 126 [1/1] (0.00ns)   --->   "%trunc_ln8 = partselect i8 @_ssdm_op_PartSelect.i8.i29.i32.i32, i29 %FrameID_1, i32 8, i32 15" [can.c:185]   --->   Operation 126 'partselect' 'trunc_ln8' <Predicate = true> <Delay = 0.00>
ST_10 : Operation 127 [1/1] (0.00ns)   --->   "%trunc_ln186 = trunc i29 %FrameID_1" [can.c:186]   --->   Operation 127 'trunc' 'trunc_ln186' <Predicate = true> <Delay = 0.00>
ST_10 : Operation 128 [1/7] (7.30ns)   --->   "%frameDLC_req = readreq i1 @_ssdm_op_ReadReq.m_axi.i32P1A, i32 %can_addr_addr_1, i32 1" [can.c:191]   --->   Operation 128 'readreq' 'frameDLC_req' <Predicate = true> <Delay = 7.30> <CoreInst = "m_axi">   --->   Core 113 'm_axi' <Latency = 0> <II = 1> <Delay = 1.00> <Adapter> <Opcode : 'read' 'write' 'readreq' 'writereq' 'writeresp'>

State 11 <SV = 10> <Delay = 7.30>
ST_11 : Operation 129 [1/1] (0.00ns)   --->   "%zext_ln183 = zext i5 %tmp_3" [can.c:183]   --->   Operation 129 'zext' 'zext_ln183' <Predicate = true> <Delay = 0.00>
ST_11 : Operation 130 [1/1] (0.00ns)   --->   "%can_frame_addr_3 = getelementptr i8 %can_frame, i32 0, i32 12" [can.c:183]   --->   Operation 130 'getelementptr' 'can_frame_addr_3' <Predicate = true> <Delay = 0.00>
ST_11 : Operation 131 [1/1] (1.75ns)   --->   "%store_ln183 = store i8 %zext_ln183, i7 %can_frame_addr_3" [can.c:183]   --->   Operation 131 'store' 'store_ln183' <Predicate = true> <Delay = 1.75> <CoreInst = "RAM">   --->   Core 82 'RAM' <Latency = 1> <II = 1> <Delay = 1.75> <Storage> <Opcode : 'load' 'store'> <Ports = 2> <Width = 8> <Depth = 92> <RAM>
ST_11 : Operation 132 [1/1] (0.00ns)   --->   "%can_frame_addr_4 = getelementptr i8 %can_frame, i32 0, i32 13" [can.c:184]   --->   Operation 132 'getelementptr' 'can_frame_addr_4' <Predicate = true> <Delay = 0.00>
ST_11 : Operation 133 [1/1] (1.75ns)   --->   "%store_ln184 = store i8 %trunc_ln, i7 %can_frame_addr_4" [can.c:184]   --->   Operation 133 'store' 'store_ln184' <Predicate = true> <Delay = 1.75> <CoreInst = "RAM">   --->   Core 82 'RAM' <Latency = 1> <II = 1> <Delay = 1.75> <Storage> <Opcode : 'load' 'store'> <Ports = 2> <Width = 8> <Depth = 92> <RAM>
ST_11 : Operation 134 [1/1] (7.30ns)   --->   "%frameDLC = read i32 @_ssdm_op_Read.m_axi.volatile.i32P1A, i32 %can_addr_addr_1" [can.c:191]   --->   Operation 134 'read' 'frameDLC' <Predicate = true> <Delay = 7.30> <CoreInst = "m_axi">   --->   Core 113 'm_axi' <Latency = 0> <II = 1> <Delay = 1.00> <Adapter> <Opcode : 'read' 'write' 'readreq' 'writereq' 'writeresp'>
ST_11 : Operation 135 [1/1] (0.00ns)   --->   "%tmp_7 = bitselect i1 @_ssdm_op_BitSelect.i1.i32.i32, i32 %frameDLC, i32 27" [can.c:28]   --->   Operation 135 'bitselect' 'tmp_7' <Predicate = true> <Delay = 0.00>

State 12 <SV = 11> <Delay = 7.15>
ST_12 : Operation 136 [1/1] (0.00ns)   --->   "%can_frame_addr_5 = getelementptr i8 %can_frame, i32 0, i32 14" [can.c:185]   --->   Operation 136 'getelementptr' 'can_frame_addr_5' <Predicate = true> <Delay = 0.00>
ST_12 : Operation 137 [1/1] (1.75ns)   --->   "%store_ln185 = store i8 %trunc_ln8, i7 %can_frame_addr_5" [can.c:185]   --->   Operation 137 'store' 'store_ln185' <Predicate = true> <Delay = 1.75> <CoreInst = "RAM">   --->   Core 82 'RAM' <Latency = 1> <II = 1> <Delay = 1.75> <Storage> <Opcode : 'load' 'store'> <Ports = 2> <Width = 8> <Depth = 92> <RAM>
ST_12 : Operation 138 [1/1] (0.00ns)   --->   "%can_frame_addr_6 = getelementptr i8 %can_frame, i32 0, i32 15" [can.c:186]   --->   Operation 138 'getelementptr' 'can_frame_addr_6' <Predicate = true> <Delay = 0.00>
ST_12 : Operation 139 [1/1] (1.75ns)   --->   "%store_ln186 = store i8 %trunc_ln186, i7 %can_frame_addr_6" [can.c:186]   --->   Operation 139 'store' 'store_ln186' <Predicate = true> <Delay = 1.75> <CoreInst = "RAM">   --->   Core 82 'RAM' <Latency = 1> <II = 1> <Delay = 1.75> <Storage> <Opcode : 'load' 'store'> <Ports = 2> <Width = 8> <Depth = 92> <RAM>
ST_12 : Operation 140 [1/1] (0.00ns) (grouped into LUT with out node select_ln28)   --->   "%tmp_5 = partselect i4 @_ssdm_op_PartSelect.i4.i32.i32.i32, i32 %frameDLC, i32 28, i32 31" [can.c:196]   --->   Operation 140 'partselect' 'tmp_5' <Predicate = true> <Delay = 0.00>
ST_12 : Operation 141 [1/1] (0.00ns) (grouped into LUT with out node select_ln28)   --->   "%Dlc_assign = bitconcatenate i32 @_ssdm_op_BitConcatenate.i32.i4.i28, i4 %tmp_5, i28 0" [can.c:196]   --->   Operation 141 'bitconcatenate' 'Dlc_assign' <Predicate = true> <Delay = 0.00>
ST_12 : Operation 142 [1/1] (0.00ns) (grouped into LUT with out node select_ln28)   --->   "%xor_ln28 = xor i1 %tmp_7, i1 1" [can.c:28]   --->   Operation 142 'xor' 'xor_ln28' <Predicate = true> <Delay = 0.00> <CoreInst = "LogicGate">   --->   Core 74 'LogicGate' <Latency = 0> <II = 1> <Delay = 0.80> <FuncUnit> <Opcode : 'and' 'or' 'xor'> <InPorts = 2> <OutPorts = 1>
ST_12 : Operation 143 [1/1] (1.96ns)   --->   "%icmp_ln28 = icmp_ugt  i32 %frameDLC, i32 2415919103" [can.c:28]   --->   Operation 143 'icmp' 'icmp_ln28' <Predicate = true> <Delay = 1.96> <CoreInst = "Cmp">   --->   Core 9 'Cmp' <Latency = 0> <II = 1> <Delay = 1.96> <FuncUnit> <Opcode : 'icmp'> <InPorts = 2> <OutPorts = 1>
ST_12 : Operation 144 [1/1] (0.00ns) (grouped into LUT with out node select_ln28)   --->   "%and_ln28 = and i1 %icmp_ln28, i1 %xor_ln28" [can.c:28]   --->   Operation 144 'and' 'and_ln28' <Predicate = true> <Delay = 0.00> <CoreInst = "LogicGate">   --->   Core 74 'LogicGate' <Latency = 0> <II = 1> <Delay = 0.80> <FuncUnit> <Opcode : 'and' 'or' 'xor'> <InPorts = 2> <OutPorts = 1>
ST_12 : Operation 145 [1/1] (0.80ns) (out node of the LUT)   --->   "%select_ln28 = select i1 %and_ln28, i32 2147483648, i32 %Dlc_assign" [can.c:28]   --->   Operation 145 'select' 'select_ln28' <Predicate = true> <Delay = 0.80> <CoreInst = "Sel">   --->   Core 73 'Sel' <Latency = 0> <II = 1> <Delay = 0.70> <FuncUnit> <Opcode : 'select'> <InPorts = 3> <OutPorts = 1>
ST_12 : Operation 146 [1/1] (1.96ns)   --->   "%icmp_ln32 = icmp_eq  i32 %select_ln28, i32 268435456" [can.c:32]   --->   Operation 146 'icmp' 'icmp_ln32' <Predicate = true> <Delay = 1.96> <CoreInst = "Cmp">   --->   Core 9 'Cmp' <Latency = 0> <II = 1> <Delay = 1.96> <FuncUnit> <Opcode : 'icmp'> <InPorts = 2> <OutPorts = 1>
ST_12 : Operation 147 [1/1] (0.00ns) (grouped into LUT with out node select_ln32_1)   --->   "%zext_ln32 = zext i1 %icmp_ln32" [can.c:32]   --->   Operation 147 'zext' 'zext_ln32' <Predicate = true> <Delay = 0.00>
ST_12 : Operation 148 [1/1] (1.96ns)   --->   "%icmp_ln32_1 = icmp_eq  i32 %select_ln28, i32 536870912" [can.c:32]   --->   Operation 148 'icmp' 'icmp_ln32_1' <Predicate = true> <Delay = 1.96> <CoreInst = "Cmp">   --->   Core 9 'Cmp' <Latency = 0> <II = 1> <Delay = 1.96> <FuncUnit> <Opcode : 'icmp'> <InPorts = 2> <OutPorts = 1>
ST_12 : Operation 149 [1/1] (1.96ns)   --->   "%icmp_ln32_2 = icmp_eq  i32 %select_ln28, i32 805306368" [can.c:32]   --->   Operation 149 'icmp' 'icmp_ln32_2' <Predicate = true> <Delay = 1.96> <CoreInst = "Cmp">   --->   Core 9 'Cmp' <Latency = 0> <II = 1> <Delay = 1.96> <FuncUnit> <Opcode : 'icmp'> <InPorts = 2> <OutPorts = 1>
ST_12 : Operation 150 [1/1] (0.00ns) (grouped into LUT with out node select_ln32_1)   --->   "%select_ln32 = select i1 %icmp_ln32_2, i2 3, i2 2" [can.c:32]   --->   Operation 150 'select' 'select_ln32' <Predicate = true> <Delay = 0.00> <CoreInst = "Sel">   --->   Core 73 'Sel' <Latency = 0> <II = 1> <Delay = 0.81> <FuncUnit> <Opcode : 'select'> <InPorts = 3> <OutPorts = 1>
ST_12 : Operation 151 [1/1] (0.00ns) (grouped into LUT with out node select_ln32_1)   --->   "%or_ln32 = or i1 %icmp_ln32_2, i1 %icmp_ln32_1" [can.c:32]   --->   Operation 151 'or' 'or_ln32' <Predicate = true> <Delay = 0.00> <CoreInst = "LogicGate">   --->   Core 74 'LogicGate' <Latency = 0> <II = 1> <Delay = 0.80> <FuncUnit> <Opcode : 'and' 'or' 'xor'> <InPorts = 2> <OutPorts = 1>
ST_12 : Operation 152 [1/1] (0.81ns) (out node of the LUT)   --->   "%select_ln32_1 = select i1 %or_ln32, i2 %select_ln32, i2 %zext_ln32" [can.c:32]   --->   Operation 152 'select' 'select_ln32_1' <Predicate = true> <Delay = 0.81> <CoreInst = "Sel">   --->   Core 73 'Sel' <Latency = 0> <II = 1> <Delay = 0.81> <FuncUnit> <Opcode : 'select'> <InPorts = 3> <OutPorts = 1>
ST_12 : Operation 153 [1/1] (0.00ns) (grouped into LUT with out node select_ln32_3)   --->   "%zext_ln32_1 = zext i2 %select_ln32_1" [can.c:32]   --->   Operation 153 'zext' 'zext_ln32_1' <Predicate = true> <Delay = 0.00>
ST_12 : Operation 154 [1/1] (1.96ns)   --->   "%icmp_ln32_3 = icmp_eq  i32 %select_ln28, i32 1073741824" [can.c:32]   --->   Operation 154 'icmp' 'icmp_ln32_3' <Predicate = true> <Delay = 1.96> <CoreInst = "Cmp">   --->   Core 9 'Cmp' <Latency = 0> <II = 1> <Delay = 1.96> <FuncUnit> <Opcode : 'icmp'> <InPorts = 2> <OutPorts = 1>
ST_12 : Operation 155 [1/1] (1.96ns)   --->   "%icmp_ln32_4 = icmp_eq  i32 %select_ln28, i32 1342177280" [can.c:32]   --->   Operation 155 'icmp' 'icmp_ln32_4' <Predicate = true> <Delay = 1.96> <CoreInst = "Cmp">   --->   Core 9 'Cmp' <Latency = 0> <II = 1> <Delay = 1.96> <FuncUnit> <Opcode : 'icmp'> <InPorts = 2> <OutPorts = 1>
ST_12 : Operation 156 [1/1] (0.00ns) (grouped into LUT with out node select_ln32_3)   --->   "%select_ln32_2 = select i1 %icmp_ln32_4, i3 5, i3 4" [can.c:32]   --->   Operation 156 'select' 'select_ln32_2' <Predicate = true> <Delay = 0.00> <CoreInst = "Sel">   --->   Core 73 'Sel' <Latency = 0> <II = 1> <Delay = 0.79> <FuncUnit> <Opcode : 'select'> <InPorts = 3> <OutPorts = 1>
ST_12 : Operation 157 [1/1] (0.00ns) (grouped into LUT with out node select_ln32_3)   --->   "%or_ln32_1 = or i1 %icmp_ln32_4, i1 %icmp_ln32_3" [can.c:32]   --->   Operation 157 'or' 'or_ln32_1' <Predicate = true> <Delay = 0.00> <CoreInst = "LogicGate">   --->   Core 74 'LogicGate' <Latency = 0> <II = 1> <Delay = 0.80> <FuncUnit> <Opcode : 'and' 'or' 'xor'> <InPorts = 2> <OutPorts = 1>
ST_12 : Operation 158 [1/1] (0.80ns) (out node of the LUT)   --->   "%select_ln32_3 = select i1 %or_ln32_1, i3 %select_ln32_2, i3 %zext_ln32_1" [can.c:32]   --->   Operation 158 'select' 'select_ln32_3' <Predicate = true> <Delay = 0.80> <CoreInst = "Sel">   --->   Core 73 'Sel' <Latency = 0> <II = 1> <Delay = 0.79> <FuncUnit> <Opcode : 'select'> <InPorts = 3> <OutPorts = 1>
ST_12 : Operation 159 [1/1] (1.96ns)   --->   "%icmp_ln32_5 = icmp_eq  i32 %select_ln28, i32 1610612736" [can.c:32]   --->   Operation 159 'icmp' 'icmp_ln32_5' <Predicate = true> <Delay = 1.96> <CoreInst = "Cmp">   --->   Core 9 'Cmp' <Latency = 0> <II = 1> <Delay = 1.96> <FuncUnit> <Opcode : 'icmp'> <InPorts = 2> <OutPorts = 1>
ST_12 : Operation 160 [1/1] (1.96ns)   --->   "%icmp_ln32_6 = icmp_eq  i32 %select_ln28, i32 1879048192" [can.c:32]   --->   Operation 160 'icmp' 'icmp_ln32_6' <Predicate = true> <Delay = 1.96> <CoreInst = "Cmp">   --->   Core 9 'Cmp' <Latency = 0> <II = 1> <Delay = 1.96> <FuncUnit> <Opcode : 'icmp'> <InPorts = 2> <OutPorts = 1>
ST_12 : Operation 161 [1/1] (0.00ns) (grouped into LUT with out node select_ln32_5)   --->   "%select_ln32_4 = select i1 %icmp_ln32_6, i3 7, i3 6" [can.c:32]   --->   Operation 161 'select' 'select_ln32_4' <Predicate = true> <Delay = 0.00> <CoreInst = "Sel">   --->   Core 73 'Sel' <Latency = 0> <II = 1> <Delay = 0.81> <FuncUnit> <Opcode : 'select'> <InPorts = 3> <OutPorts = 1>
ST_12 : Operation 162 [1/1] (0.00ns) (grouped into LUT with out node select_ln32_5)   --->   "%or_ln32_2 = or i1 %icmp_ln32_6, i1 %icmp_ln32_5" [can.c:32]   --->   Operation 162 'or' 'or_ln32_2' <Predicate = true> <Delay = 0.00> <CoreInst = "LogicGate">   --->   Core 74 'LogicGate' <Latency = 0> <II = 1> <Delay = 0.80> <FuncUnit> <Opcode : 'and' 'or' 'xor'> <InPorts = 2> <OutPorts = 1>
ST_12 : Operation 163 [1/1] (0.81ns) (out node of the LUT)   --->   "%select_ln32_5 = select i1 %or_ln32_2, i3 %select_ln32_4, i3 %select_ln32_3" [can.c:32]   --->   Operation 163 'select' 'select_ln32_5' <Predicate = true> <Delay = 0.81> <CoreInst = "Sel">   --->   Core 73 'Sel' <Latency = 0> <II = 1> <Delay = 0.79> <FuncUnit> <Opcode : 'select'> <InPorts = 3> <OutPorts = 1>
ST_12 : Operation 164 [1/1] (1.96ns)   --->   "%icmp_ln32_7 = icmp_eq  i32 %select_ln28, i32 2147483648" [can.c:32]   --->   Operation 164 'icmp' 'icmp_ln32_7' <Predicate = true> <Delay = 1.96> <CoreInst = "Cmp">   --->   Core 9 'Cmp' <Latency = 0> <II = 1> <Delay = 1.96> <FuncUnit> <Opcode : 'icmp'> <InPorts = 2> <OutPorts = 1>
ST_12 : Operation 165 [1/1] (1.96ns)   --->   "%icmp_ln32_8 = icmp_eq  i32 %select_ln28, i32 2415919104" [can.c:32]   --->   Operation 165 'icmp' 'icmp_ln32_8' <Predicate = true> <Delay = 1.96> <CoreInst = "Cmp">   --->   Core 9 'Cmp' <Latency = 0> <II = 1> <Delay = 1.96> <FuncUnit> <Opcode : 'icmp'> <InPorts = 2> <OutPorts = 1>
ST_12 : Operation 166 [1/1] (1.96ns)   --->   "%icmp_ln32_9 = icmp_eq  i32 %select_ln28, i32 2684354560" [can.c:32]   --->   Operation 166 'icmp' 'icmp_ln32_9' <Predicate = true> <Delay = 1.96> <CoreInst = "Cmp">   --->   Core 9 'Cmp' <Latency = 0> <II = 1> <Delay = 1.96> <FuncUnit> <Opcode : 'icmp'> <InPorts = 2> <OutPorts = 1>
ST_12 : Operation 167 [1/1] (1.96ns)   --->   "%icmp_ln32_10 = icmp_eq  i32 %select_ln28, i32 2952790016" [can.c:32]   --->   Operation 167 'icmp' 'icmp_ln32_10' <Predicate = true> <Delay = 1.96> <CoreInst = "Cmp">   --->   Core 9 'Cmp' <Latency = 0> <II = 1> <Delay = 1.96> <FuncUnit> <Opcode : 'icmp'> <InPorts = 2> <OutPorts = 1>
ST_12 : Operation 168 [1/1] (1.96ns)   --->   "%icmp_ln32_11 = icmp_eq  i32 %select_ln28, i32 3221225472" [can.c:32]   --->   Operation 168 'icmp' 'icmp_ln32_11' <Predicate = true> <Delay = 1.96> <CoreInst = "Cmp">   --->   Core 9 'Cmp' <Latency = 0> <II = 1> <Delay = 1.96> <FuncUnit> <Opcode : 'icmp'> <InPorts = 2> <OutPorts = 1>
ST_12 : Operation 169 [1/1] (1.96ns)   --->   "%icmp_ln32_12 = icmp_eq  i32 %select_ln28, i32 3489660928" [can.c:32]   --->   Operation 169 'icmp' 'icmp_ln32_12' <Predicate = true> <Delay = 1.96> <CoreInst = "Cmp">   --->   Core 9 'Cmp' <Latency = 0> <II = 1> <Delay = 1.96> <FuncUnit> <Opcode : 'icmp'> <InPorts = 2> <OutPorts = 1>
ST_12 : Operation 170 [1/1] (1.96ns)   --->   "%icmp_ln32_13 = icmp_eq  i32 %select_ln28, i32 3758096384" [can.c:32]   --->   Operation 170 'icmp' 'icmp_ln32_13' <Predicate = true> <Delay = 1.96> <CoreInst = "Cmp">   --->   Core 9 'Cmp' <Latency = 0> <II = 1> <Delay = 1.96> <FuncUnit> <Opcode : 'icmp'> <InPorts = 2> <OutPorts = 1>
ST_12 : Operation 171 [1/1] (1.96ns)   --->   "%icmp_ln32_14 = icmp_eq  i32 %select_ln28, i32 4026531840" [can.c:32]   --->   Operation 171 'icmp' 'icmp_ln32_14' <Predicate = true> <Delay = 1.96> <CoreInst = "Cmp">   --->   Core 9 'Cmp' <Latency = 0> <II = 1> <Delay = 1.96> <FuncUnit> <Opcode : 'icmp'> <InPorts = 2> <OutPorts = 1>

State 13 <SV = 12> <Delay = 6.66>
ST_13 : Operation 172 [1/1] (0.00ns)   --->   "%ddr_read = read i32 @_ssdm_op_Read.ap_auto.i32, i32 %ddr"   --->   Operation 172 'read' 'ddr_read' <Predicate = true> <Delay = 0.00>
ST_13 : Operation 173 [1/1] (0.00ns)   --->   "%specinterface_ln0 = specinterface void @_ssdm_op_SpecInterface, i8 %ps_ddr, void @empty_42, i32 0, i32 0, void @empty_43, i32 0, i32 10, void @empty_2, void @empty, void @empty_43, i32 16, i32 16, i32 16, i32 16, void @empty_43, void @empty_43, i32 4294967295, i32 0"   --->   Operation 173 'specinterface' 'specinterface_ln0' <Predicate = true> <Delay = 0.00>
ST_13 : Operation 174 [1/1] (0.00ns)   --->   "%specinterface_ln0 = specinterface void @_ssdm_op_SpecInterface, i32 %can_addr, void @empty_42, i32 0, i32 0, void @empty_43, i32 0, i32 1, void @empty_44, void @empty, void @empty_43, i32 16, i32 16, i32 16, i32 16, void @empty_43, void @empty_43, i32 4294967295, i32 0"   --->   Operation 174 'specinterface' 'specinterface_ln0' <Predicate = true> <Delay = 0.00>
ST_13 : Operation 175 [1/1] (0.00ns)   --->   "%specreset_ln153 = specreset void @_ssdm_op_SpecReset, i32 %counter_can_0, i64 1, void @empty_43" [can.c:153]   --->   Operation 175 'specreset' 'specreset_ln153' <Predicate = true> <Delay = 0.00>
ST_13 : Operation 176 [1/1] (0.00ns)   --->   "%specreset_ln155 = specreset void @_ssdm_op_SpecReset, i32 %counter_can_1, i64 1, void @empty_43" [can.c:155]   --->   Operation 176 'specreset' 'specreset_ln155' <Predicate = true> <Delay = 0.00>
ST_13 : Operation 177 [1/1] (0.00ns)   --->   "%specreset_ln157 = specreset void @_ssdm_op_SpecReset, i32 %counter_can_2, i64 1, void @empty_43" [can.c:157]   --->   Operation 177 'specreset' 'specreset_ln157' <Predicate = true> <Delay = 0.00>
ST_13 : Operation 178 [1/1] (0.00ns)   --->   "%specreset_ln159 = specreset void @_ssdm_op_SpecReset, i32 %counter_can_3, i64 1, void @empty_43" [can.c:159]   --->   Operation 178 'specreset' 'specreset_ln159' <Predicate = true> <Delay = 0.00>
ST_13 : Operation 179 [1/1] (0.00ns)   --->   "%specreset_ln161 = specreset void @_ssdm_op_SpecReset, i32 %counter_droped, i64 1, void @empty_43" [can.c:161]   --->   Operation 179 'specreset' 'specreset_ln161' <Predicate = true> <Delay = 0.00>
ST_13 : Operation 180 [1/1] (0.00ns) (grouped into LUT with out node select_ln32_7)   --->   "%zext_ln32_2 = zext i3 %select_ln32_5" [can.c:32]   --->   Operation 180 'zext' 'zext_ln32_2' <Predicate = true> <Delay = 0.00>
ST_13 : Operation 181 [1/1] (0.00ns) (grouped into LUT with out node select_ln32_7)   --->   "%select_ln32_6 = select i1 %icmp_ln32_8, i4 12, i4 8" [can.c:32]   --->   Operation 181 'select' 'select_ln32_6' <Predicate = true> <Delay = 0.00> <CoreInst = "Sel">   --->   Core 73 'Sel' <Latency = 0> <II = 1> <Delay = 0.83> <FuncUnit> <Opcode : 'select'> <InPorts = 3> <OutPorts = 1>
ST_13 : Operation 182 [1/1] (0.00ns) (grouped into LUT with out node select_ln32_7)   --->   "%or_ln32_3 = or i1 %icmp_ln32_8, i1 %icmp_ln32_7" [can.c:32]   --->   Operation 182 'or' 'or_ln32_3' <Predicate = true> <Delay = 0.00> <CoreInst = "LogicGate">   --->   Core 74 'LogicGate' <Latency = 0> <II = 1> <Delay = 0.80> <FuncUnit> <Opcode : 'and' 'or' 'xor'> <InPorts = 2> <OutPorts = 1>
ST_13 : Operation 183 [1/1] (0.83ns) (out node of the LUT)   --->   "%select_ln32_7 = select i1 %or_ln32_3, i4 %select_ln32_6, i4 %zext_ln32_2" [can.c:32]   --->   Operation 183 'select' 'select_ln32_7' <Predicate = true> <Delay = 0.83> <CoreInst = "Sel">   --->   Core 73 'Sel' <Latency = 0> <II = 1> <Delay = 0.83> <FuncUnit> <Opcode : 'select'> <InPorts = 3> <OutPorts = 1>
ST_13 : Operation 184 [1/1] (0.00ns) (grouped into LUT with out node select_ln32_9)   --->   "%zext_ln32_3 = zext i4 %select_ln32_7" [can.c:32]   --->   Operation 184 'zext' 'zext_ln32_3' <Predicate = true> <Delay = 0.00>
ST_13 : Operation 185 [1/1] (0.00ns) (grouped into LUT with out node select_ln32_9)   --->   "%select_ln32_8 = select i1 %icmp_ln32_10, i5 20, i5 16" [can.c:32]   --->   Operation 185 'select' 'select_ln32_8' <Predicate = true> <Delay = 0.00> <CoreInst = "Sel">   --->   Core 73 'Sel' <Latency = 0> <II = 1> <Delay = 0.97> <FuncUnit> <Opcode : 'select'> <InPorts = 3> <OutPorts = 1>
ST_13 : Operation 186 [1/1] (0.00ns) (grouped into LUT with out node select_ln32_9)   --->   "%or_ln32_4 = or i1 %icmp_ln32_10, i1 %icmp_ln32_9" [can.c:32]   --->   Operation 186 'or' 'or_ln32_4' <Predicate = true> <Delay = 0.00> <CoreInst = "LogicGate">   --->   Core 74 'LogicGate' <Latency = 0> <II = 1> <Delay = 0.80> <FuncUnit> <Opcode : 'and' 'or' 'xor'> <InPorts = 2> <OutPorts = 1>
ST_13 : Operation 187 [1/1] (0.97ns) (out node of the LUT)   --->   "%select_ln32_9 = select i1 %or_ln32_4, i5 %select_ln32_8, i5 %zext_ln32_3" [can.c:32]   --->   Operation 187 'select' 'select_ln32_9' <Predicate = true> <Delay = 0.97> <CoreInst = "Sel">   --->   Core 73 'Sel' <Latency = 0> <II = 1> <Delay = 0.97> <FuncUnit> <Opcode : 'select'> <InPorts = 3> <OutPorts = 1>
ST_13 : Operation 188 [1/1] (0.00ns) (grouped into LUT with out node select_ln32_11)   --->   "%zext_ln32_4 = zext i5 %select_ln32_9" [can.c:32]   --->   Operation 188 'zext' 'zext_ln32_4' <Predicate = true> <Delay = 0.00>
ST_13 : Operation 189 [1/1] (0.00ns) (grouped into LUT with out node select_ln32_11)   --->   "%select_ln32_10 = select i1 %icmp_ln32_12, i6 32, i6 24" [can.c:32]   --->   Operation 189 'select' 'select_ln32_10' <Predicate = true> <Delay = 0.00> <CoreInst = "Sel">   --->   Core 73 'Sel' <Latency = 0> <II = 1> <Delay = 0.97> <FuncUnit> <Opcode : 'select'> <InPorts = 3> <OutPorts = 1>
ST_13 : Operation 190 [1/1] (0.00ns) (grouped into LUT with out node select_ln32_11)   --->   "%or_ln32_5 = or i1 %icmp_ln32_12, i1 %icmp_ln32_11" [can.c:32]   --->   Operation 190 'or' 'or_ln32_5' <Predicate = true> <Delay = 0.00> <CoreInst = "LogicGate">   --->   Core 74 'LogicGate' <Latency = 0> <II = 1> <Delay = 0.80> <FuncUnit> <Opcode : 'and' 'or' 'xor'> <InPorts = 2> <OutPorts = 1>
ST_13 : Operation 191 [1/1] (0.97ns) (out node of the LUT)   --->   "%select_ln32_11 = select i1 %or_ln32_5, i6 %select_ln32_10, i6 %zext_ln32_4" [can.c:32]   --->   Operation 191 'select' 'select_ln32_11' <Predicate = true> <Delay = 0.97> <CoreInst = "Sel">   --->   Core 73 'Sel' <Latency = 0> <II = 1> <Delay = 0.97> <FuncUnit> <Opcode : 'select'> <InPorts = 3> <OutPorts = 1>
ST_13 : Operation 192 [1/1] (0.00ns) (grouped into LUT with out node NofBytes)   --->   "%zext_ln32_5 = zext i6 %select_ln32_11" [can.c:32]   --->   Operation 192 'zext' 'zext_ln32_5' <Predicate = true> <Delay = 0.00>
ST_13 : Operation 193 [1/1] (0.00ns) (grouped into LUT with out node NofBytes)   --->   "%empty = select i1 %icmp_ln32_14, i7 64, i7 48" [can.c:32]   --->   Operation 193 'select' 'empty' <Predicate = true> <Delay = 0.00> <CoreInst = "Sel">   --->   Core 73 'Sel' <Latency = 0> <II = 1> <Delay = 0.80> <FuncUnit> <Opcode : 'select'> <InPorts = 3> <OutPorts = 1>
ST_13 : Operation 194 [1/1] (0.00ns) (grouped into LUT with out node NofBytes)   --->   "%empty_92 = or i1 %icmp_ln32_14, i1 %icmp_ln32_13" [can.c:32]   --->   Operation 194 'or' 'empty_92' <Predicate = true> <Delay = 0.00> <CoreInst = "LogicGate">   --->   Core 74 'LogicGate' <Latency = 0> <II = 1> <Delay = 0.80> <FuncUnit> <Opcode : 'and' 'or' 'xor'> <InPorts = 2> <OutPorts = 1>
ST_13 : Operation 195 [1/1] (0.80ns) (out node of the LUT)   --->   "%NofBytes = select i1 %empty_92, i7 %empty, i7 %zext_ln32_5" [can.c:214]   --->   Operation 195 'select' 'NofBytes' <Predicate = true> <Delay = 0.80> <CoreInst = "Sel">   --->   Core 73 'Sel' <Latency = 0> <II = 1> <Delay = 0.80> <FuncUnit> <Opcode : 'select'> <InPorts = 3> <OutPorts = 1>
ST_13 : Operation 196 [1/1] (0.00ns)   --->   "%trunc_ln27 = trunc i7 %NofBytes" [can.c:27]   --->   Operation 196 'trunc' 'trunc_ln27' <Predicate = true> <Delay = 0.00>
ST_13 : Operation 197 [1/1] (0.00ns)   --->   "%zext_ln214 = zext i7 %NofBytes" [can.c:214]   --->   Operation 197 'zext' 'zext_ln214' <Predicate = true> <Delay = 0.00>
ST_13 : Operation 198 [1/1] (1.31ns)   --->   "%add_ln214 = add i7 %NofBytes, i7 8" [can.c:214]   --->   Operation 198 'add' 'add_ln214' <Predicate = true> <Delay = 1.31> <CoreInst = "Adder">   --->   Core 1 'Adder' <Latency = 0> <II = 1> <Delay = 1.31> <FuncUnit> <Opcode : 'add' 'sub'> <InPorts = 2> <OutPorts = 1>
ST_13 : Operation 199 [1/1] (0.00ns)   --->   "%zext_ln214_1 = zext i7 %add_ln214" [can.c:214]   --->   Operation 199 'zext' 'zext_ln214_1' <Predicate = true> <Delay = 0.00>
ST_13 : Operation 200 [1/1] (0.00ns)   --->   "%can_frame_addr_18 = getelementptr i8 %can_frame, i32 0, i32 11" [can.c:214]   --->   Operation 200 'getelementptr' 'can_frame_addr_18' <Predicate = true> <Delay = 0.00>
ST_13 : Operation 201 [1/1] (1.75ns)   --->   "%store_ln214 = store i8 %zext_ln214_1, i7 %can_frame_addr_18" [can.c:214]   --->   Operation 201 'store' 'store_ln214' <Predicate = true> <Delay = 1.75> <CoreInst = "RAM">   --->   Core 82 'RAM' <Latency = 1> <II = 1> <Delay = 1.75> <Storage> <Opcode : 'load' 'store'> <Ports = 2> <Width = 8> <Depth = 92> <RAM>
ST_13 : Operation 202 [1/1] (0.00ns)   --->   "%can_frame_addr_20 = getelementptr i8 %can_frame, i32 0, i32 19" [can.c:218]   --->   Operation 202 'getelementptr' 'can_frame_addr_20' <Predicate = true> <Delay = 0.00>
ST_13 : Operation 203 [1/1] (1.75ns)   --->   "%store_ln218 = store i8 %zext_ln214, i7 %can_frame_addr_20" [can.c:218]   --->   Operation 203 'store' 'store_ln218' <Predicate = true> <Delay = 1.75> <CoreInst = "RAM">   --->   Core 82 'RAM' <Latency = 1> <II = 1> <Delay = 1.75> <Storage> <Opcode : 'load' 'store'> <Ports = 2> <Width = 8> <Depth = 92> <RAM>
ST_13 : Operation 204 [1/1] (1.53ns)   --->   "%add115 = add i15 %add_ln168_2, i15 8456" [can.c:168]   --->   Operation 204 'add' 'add115' <Predicate = true> <Delay = 1.53> <CoreInst = "Adder">   --->   Core 1 'Adder' <Latency = 0> <II = 1> <Delay = 1.53> <FuncUnit> <Opcode : 'add' 'sub'> <InPorts = 2> <OutPorts = 1>
ST_13 : Operation 205 [1/1] (1.06ns)   --->   "%icmp_ln223 = icmp_eq  i7 %NofBytes, i7 0" [can.c:223]   --->   Operation 205 'icmp' 'icmp_ln223' <Predicate = true> <Delay = 1.06> <CoreInst = "Cmp">   --->   Core 9 'Cmp' <Latency = 0> <II = 1> <Delay = 1.06> <FuncUnit> <Opcode : 'icmp'> <InPorts = 2> <OutPorts = 1>
ST_13 : Operation 206 [1/1] (0.00ns)   --->   "%br_ln220 = br i1 %tmp_7, void %for.inc189.preheader, void %VITIS_LOOP_223_1" [can.c:220]   --->   Operation 206 'br' 'br_ln220' <Predicate = true> <Delay = 0.00>
ST_13 : Operation 207 [1/1] (0.00ns)   --->   "%br_ln223 = br i1 %icmp_ln223, void %for.body.lr.ph, void %for.end" [can.c:223]   --->   Operation 207 'br' 'br_ln223' <Predicate = (tmp_7)> <Delay = 0.00>
ST_13 : Operation 208 [1/1] (1.28ns)   --->   "%add_ln223 = add i6 %trunc_ln27, i6 63" [can.c:223]   --->   Operation 208 'add' 'add_ln223' <Predicate = (tmp_7 & !icmp_ln223)> <Delay = 1.28> <CoreInst = "Adder">   --->   Core 1 'Adder' <Latency = 0> <II = 1> <Delay = 1.28> <FuncUnit> <Opcode : 'add' 'sub'> <InPorts = 2> <OutPorts = 1>
ST_13 : Operation 209 [1/1] (0.00ns)   --->   "%trunc_ln16 = partselect i4 @_ssdm_op_PartSelect.i4.i6.i32.i32, i6 %add_ln223, i32 2, i32 5" [can.c:223]   --->   Operation 209 'partselect' 'trunc_ln16' <Predicate = (tmp_7 & !icmp_ln223)> <Delay = 0.00>

State 14 <SV = 13> <Delay = 3.26>
ST_14 : Operation 210 [2/2] (3.26ns)   --->   "%call_ln214 = call void @recvFrame_logic.1_Pipeline_VITIS_LOOP_238_2, i7 %NofBytes, i15 %add115, i32 %canbase_read, i32 %can_addr, i8 %can_frame" [can.c:214]   --->   Operation 210 'call' 'call_ln214' <Predicate = true> <Delay = 3.26> <CoreType = "Generic">   --->   Core 0 '' <Latency = 0> <II = 1> <Delay = 1.00> <Generic> <Opcode : >

State 15 <SV = 14> <Delay = 1.89>
ST_15 : Operation 211 [1/2] (0.00ns)   --->   "%call_ln214 = call void @recvFrame_logic.1_Pipeline_VITIS_LOOP_238_2, i7 %NofBytes, i15 %add115, i32 %canbase_read, i32 %can_addr, i8 %can_frame" [can.c:214]   --->   Operation 211 'call' 'call_ln214' <Predicate = (!tmp_7)> <Delay = 0.00> <CoreType = "Generic">   --->   Core 0 '' <Latency = 0> <II = 1> <Delay = 1.00> <Generic> <Opcode : >
ST_15 : Operation 212 [1/1] (0.00ns)   --->   "%br_ln0 = br void %if.end192"   --->   Operation 212 'br' 'br_ln0' <Predicate = (!tmp_7)> <Delay = 0.00>
ST_15 : Operation 213 [1/2] (0.00ns)   --->   "%call_ln223 = call void @recvFrame_logic.1_Pipeline_VITIS_LOOP_223_1, i5 %add_ln223_1, i32 %canbase_read, i15 %add115, i32 %can_addr, i8 %can_frame" [can.c:223]   --->   Operation 213 'call' 'call_ln223' <Predicate = (tmp_7 & !icmp_ln223)> <Delay = 0.00> <CoreType = "Generic">   --->   Core 0 '' <Latency = 0> <II = 1> <Delay = 1.00> <Generic> <Opcode : >
ST_15 : Operation 214 [1/1] (0.00ns)   --->   "%br_ln0 = br void %for.end"   --->   Operation 214 'br' 'br_ln0' <Predicate = (tmp_7 & !icmp_ln223)> <Delay = 0.00>
ST_15 : Operation 215 [1/1] (0.00ns)   --->   "%br_ln235 = br void %if.end192" [can.c:235]   --->   Operation 215 'br' 'br_ln235' <Predicate = (tmp_7)> <Delay = 0.00>
ST_15 : Operation 216 [1/1] (0.00ns)   --->   "%counter_can_0_load = load i32 %counter_can_0" [can.c:253]   --->   Operation 216 'load' 'counter_can_0_load' <Predicate = true> <Delay = 0.00>
ST_15 : Operation 217 [1/1] (0.00ns)   --->   "%counter_can_1_load = load i32 %counter_can_1" [can.c:257]   --->   Operation 217 'load' 'counter_can_1_load' <Predicate = true> <Delay = 0.00>
ST_15 : Operation 218 [1/1] (0.00ns)   --->   "%counter_can_2_load = load i32 %counter_can_2" [can.c:261]   --->   Operation 218 'load' 'counter_can_2_load' <Predicate = true> <Delay = 0.00>
ST_15 : Operation 219 [1/1] (0.00ns)   --->   "%counter_can_3_load = load i32 %counter_can_3" [can.c:265]   --->   Operation 219 'load' 'counter_can_3_load' <Predicate = true> <Delay = 0.00>
ST_15 : Operation 220 [1/1] (0.00ns)   --->   "%counter_droped_load = load i32 %counter_droped" [can.c:269]   --->   Operation 220 'load' 'counter_droped_load' <Predicate = true> <Delay = 0.00>
ST_15 : Operation 221 [1/1] (0.50ns)   --->   "%switch_ln251 = switch i4 %EN_read, void %sw.default, i4 0, void %sw.bb, i4 1, void %sw.bb196, i4 2, void %sw.bb198, i4 3, void %sw.bb200" [can.c:251]   --->   Operation 221 'switch' 'switch_ln251' <Predicate = true> <Delay = 0.50>
ST_15 : Operation 222 [1/1] (1.89ns)   --->   "%add_ln265 = add i32 %counter_can_3_load, i32 1" [can.c:265]   --->   Operation 222 'add' 'add_ln265' <Predicate = (EN_read == 3)> <Delay = 1.89> <CoreInst = "Adder">   --->   Core 1 'Adder' <Latency = 0> <II = 1> <Delay = 1.89> <FuncUnit> <Opcode : 'add' 'sub'> <InPorts = 2> <OutPorts = 1>
ST_15 : Operation 223 [1/1] (0.00ns)   --->   "%store_ln265 = store i32 %add_ln265, i32 %counter_can_3" [can.c:265]   --->   Operation 223 'store' 'store_ln265' <Predicate = (EN_read == 3)> <Delay = 0.00>
ST_15 : Operation 224 [1/1] (1.29ns)   --->   "%br_ln267 = br void %sw.epilog" [can.c:267]   --->   Operation 224 'br' 'br_ln267' <Predicate = (EN_read == 3)> <Delay = 1.29>
ST_15 : Operation 225 [1/1] (1.89ns)   --->   "%add_ln261 = add i32 %counter_can_2_load, i32 1" [can.c:261]   --->   Operation 225 'add' 'add_ln261' <Predicate = (EN_read == 2)> <Delay = 1.89> <CoreInst = "Adder">   --->   Core 1 'Adder' <Latency = 0> <II = 1> <Delay = 1.89> <FuncUnit> <Opcode : 'add' 'sub'> <InPorts = 2> <OutPorts = 1>
ST_15 : Operation 226 [1/1] (0.00ns)   --->   "%store_ln261 = store i32 %add_ln261, i32 %counter_can_2" [can.c:261]   --->   Operation 226 'store' 'store_ln261' <Predicate = (EN_read == 2)> <Delay = 0.00>
ST_15 : Operation 227 [1/1] (1.29ns)   --->   "%br_ln263 = br void %sw.epilog" [can.c:263]   --->   Operation 227 'br' 'br_ln263' <Predicate = (EN_read == 2)> <Delay = 1.29>
ST_15 : Operation 228 [1/1] (1.89ns)   --->   "%add_ln257 = add i32 %counter_can_1_load, i32 1" [can.c:257]   --->   Operation 228 'add' 'add_ln257' <Predicate = (EN_read == 1)> <Delay = 1.89> <CoreInst = "Adder">   --->   Core 1 'Adder' <Latency = 0> <II = 1> <Delay = 1.89> <FuncUnit> <Opcode : 'add' 'sub'> <InPorts = 2> <OutPorts = 1>
ST_15 : Operation 229 [1/1] (0.00ns)   --->   "%store_ln257 = store i32 %add_ln257, i32 %counter_can_1" [can.c:257]   --->   Operation 229 'store' 'store_ln257' <Predicate = (EN_read == 1)> <Delay = 0.00>
ST_15 : Operation 230 [1/1] (1.29ns)   --->   "%br_ln259 = br void %sw.epilog" [can.c:259]   --->   Operation 230 'br' 'br_ln259' <Predicate = (EN_read == 1)> <Delay = 1.29>
ST_15 : Operation 231 [1/1] (1.89ns)   --->   "%add_ln253 = add i32 %counter_can_0_load, i32 1" [can.c:253]   --->   Operation 231 'add' 'add_ln253' <Predicate = (EN_read == 0)> <Delay = 1.89> <CoreInst = "Adder">   --->   Core 1 'Adder' <Latency = 0> <II = 1> <Delay = 1.89> <FuncUnit> <Opcode : 'add' 'sub'> <InPorts = 2> <OutPorts = 1>
ST_15 : Operation 232 [1/1] (0.00ns)   --->   "%store_ln253 = store i32 %add_ln253, i32 %counter_can_0" [can.c:253]   --->   Operation 232 'store' 'store_ln253' <Predicate = (EN_read == 0)> <Delay = 0.00>
ST_15 : Operation 233 [1/1] (1.29ns)   --->   "%br_ln255 = br void %sw.epilog" [can.c:255]   --->   Operation 233 'br' 'br_ln255' <Predicate = (EN_read == 0)> <Delay = 1.29>
ST_15 : Operation 234 [1/1] (1.89ns)   --->   "%add_ln269 = add i32 %counter_droped_load, i32 1" [can.c:269]   --->   Operation 234 'add' 'add_ln269' <Predicate = (EN_read != 0 & EN_read != 1 & EN_read != 2 & EN_read != 3)> <Delay = 1.89> <CoreInst = "Adder">   --->   Core 1 'Adder' <Latency = 0> <II = 1> <Delay = 1.89> <FuncUnit> <Opcode : 'add' 'sub'> <InPorts = 2> <OutPorts = 1>
ST_15 : Operation 235 [1/1] (0.00ns)   --->   "%store_ln269 = store i32 %add_ln269, i32 %counter_droped" [can.c:269]   --->   Operation 235 'store' 'store_ln269' <Predicate = (EN_read != 0 & EN_read != 1 & EN_read != 2 & EN_read != 3)> <Delay = 0.00>
ST_15 : Operation 236 [1/1] (1.29ns)   --->   "%br_ln271 = br void %sw.epilog" [can.c:271]   --->   Operation 236 'br' 'br_ln271' <Predicate = (EN_read != 0 & EN_read != 1 & EN_read != 2 & EN_read != 3)> <Delay = 1.29>
ST_15 : Operation 237 [1/1] (0.00ns)   --->   "%internal_can_counter_load = load i32 %internal_can_counter" [can.c:280]   --->   Operation 237 'load' 'internal_can_counter_load' <Predicate = true> <Delay = 0.00>
ST_15 : Operation 238 [1/1] (1.89ns)   --->   "%add_ln280 = add i32 %internal_can_counter_load, i32 1" [can.c:280]   --->   Operation 238 'add' 'add_ln280' <Predicate = true> <Delay = 1.89> <CoreInst = "Adder">   --->   Core 1 'Adder' <Latency = 0> <II = 1> <Delay = 1.89> <FuncUnit> <Opcode : 'add' 'sub'> <InPorts = 2> <OutPorts = 1>
ST_15 : Operation 239 [1/1] (0.00ns)   --->   "%store_ln280 = store i32 %add_ln280, i32 %internal_can_counter" [can.c:280]   --->   Operation 239 'store' 'store_ln280' <Predicate = true> <Delay = 0.00>
ST_15 : Operation 240 [1/1] (0.00ns)   --->   "%write_ln281 = write void @_ssdm_op_Write.ap_auto.volatile.i32P0A, i32 %received_can, i32 %add_ln280" [can.c:281]   --->   Operation 240 'write' 'write_ln281' <Predicate = true> <Delay = 0.00>
ST_15 : Operation 241 [1/1] (1.89ns)   --->   "%add_ln283 = add i32 %canbase_read, i32 232" [can.c:283]   --->   Operation 241 'add' 'add_ln283' <Predicate = true> <Delay = 1.89> <CoreInst = "Adder">   --->   Core 1 'Adder' <Latency = 0> <II = 1> <Delay = 1.89> <FuncUnit> <Opcode : 'add' 'sub'> <InPorts = 2> <OutPorts = 1>
ST_15 : Operation 242 [1/1] (0.00ns)   --->   "%trunc_ln17 = partselect i30 @_ssdm_op_PartSelect.i30.i32.i32.i32, i32 %add_ln283, i32 2, i32 31" [can.c:283]   --->   Operation 242 'partselect' 'trunc_ln17' <Predicate = true> <Delay = 0.00>

State 16 <SV = 13> <Delay = 4.58>
ST_16 : Operation 243 [1/1] (0.00ns)   --->   "%zext_ln223 = zext i4 %trunc_ln16" [can.c:223]   --->   Operation 243 'zext' 'zext_ln223' <Predicate = true> <Delay = 0.00>
ST_16 : Operation 244 [1/1] (0.99ns)   --->   "%add_ln223_1 = add i5 %zext_ln223, i5 1" [can.c:223]   --->   Operation 244 'add' 'add_ln223_1' <Predicate = true> <Delay = 0.99> <CoreInst = "Adder">   --->   Core 1 'Adder' <Latency = 0> <II = 1> <Delay = 0.99> <FuncUnit> <Opcode : 'add' 'sub'> <InPorts = 2> <OutPorts = 1>
ST_16 : Operation 245 [2/2] (3.58ns)   --->   "%call_ln223 = call void @recvFrame_logic.1_Pipeline_VITIS_LOOP_223_1, i5 %add_ln223_1, i32 %canbase_read, i15 %add115, i32 %can_addr, i8 %can_frame" [can.c:223]   --->   Operation 245 'call' 'call_ln223' <Predicate = true> <Delay = 3.58> <CoreType = "Generic">   --->   Core 0 '' <Latency = 0> <II = 1> <Delay = 1.00> <Generic> <Opcode : >

State 17 <SV = 15> <Delay = 7.30>
ST_17 : Operation 246 [1/1] (0.00ns)   --->   "%counter_can_0_loc_0 = phi i32 %counter_can_0_load, void %sw.default, i32 %counter_can_0_load, void %sw.bb200, i32 %counter_can_0_load, void %sw.bb198, i32 %counter_can_0_load, void %sw.bb196, i32 %add_ln253, void %sw.bb" [can.c:253]   --->   Operation 246 'phi' 'counter_can_0_loc_0' <Predicate = true> <Delay = 0.00>
ST_17 : Operation 247 [1/1] (0.00ns)   --->   "%counter_can_1_loc_0 = phi i32 %counter_can_1_load, void %sw.default, i32 %counter_can_1_load, void %sw.bb200, i32 %counter_can_1_load, void %sw.bb198, i32 %add_ln257, void %sw.bb196, i32 %counter_can_1_load, void %sw.bb" [can.c:257]   --->   Operation 247 'phi' 'counter_can_1_loc_0' <Predicate = true> <Delay = 0.00>
ST_17 : Operation 248 [1/1] (0.00ns)   --->   "%counter_can_2_loc_0 = phi i32 %counter_can_2_load, void %sw.default, i32 %counter_can_2_load, void %sw.bb200, i32 %add_ln261, void %sw.bb198, i32 %counter_can_2_load, void %sw.bb196, i32 %counter_can_2_load, void %sw.bb" [can.c:261]   --->   Operation 248 'phi' 'counter_can_2_loc_0' <Predicate = true> <Delay = 0.00>
ST_17 : Operation 249 [1/1] (0.00ns)   --->   "%counter_can_3_loc_0 = phi i32 %counter_can_3_load, void %sw.default, i32 %add_ln265, void %sw.bb200, i32 %counter_can_3_load, void %sw.bb198, i32 %counter_can_3_load, void %sw.bb196, i32 %counter_can_3_load, void %sw.bb" [can.c:265]   --->   Operation 249 'phi' 'counter_can_3_loc_0' <Predicate = true> <Delay = 0.00>
ST_17 : Operation 250 [1/1] (0.00ns)   --->   "%counter_droped_1_loc_0 = phi i32 %add_ln269, void %sw.default, i32 %counter_droped_load, void %sw.bb200, i32 %counter_droped_load, void %sw.bb198, i32 %counter_droped_load, void %sw.bb196, i32 %counter_droped_load, void %sw.bb" [can.c:269]   --->   Operation 250 'phi' 'counter_droped_1_loc_0' <Predicate = true> <Delay = 0.00>
ST_17 : Operation 251 [1/1] (0.00ns)   --->   "%write_ln274 = write void @_ssdm_op_Write.ap_auto.volatile.i32P0A, i32 %can_0_received, i32 %counter_can_0_loc_0" [can.c:274]   --->   Operation 251 'write' 'write_ln274' <Predicate = true> <Delay = 0.00>
ST_17 : Operation 252 [1/1] (0.00ns)   --->   "%write_ln275 = write void @_ssdm_op_Write.ap_auto.volatile.i32P0A, i32 %can_1_received, i32 %counter_can_1_loc_0" [can.c:275]   --->   Operation 252 'write' 'write_ln275' <Predicate = true> <Delay = 0.00>
ST_17 : Operation 253 [1/1] (0.00ns)   --->   "%write_ln276 = write void @_ssdm_op_Write.ap_auto.volatile.i32P0A, i32 %can_2_received, i32 %counter_can_2_loc_0" [can.c:276]   --->   Operation 253 'write' 'write_ln276' <Predicate = true> <Delay = 0.00>
ST_17 : Operation 254 [1/1] (0.00ns)   --->   "%write_ln277 = write void @_ssdm_op_Write.ap_auto.volatile.i32P0A, i32 %can_3_received, i32 %counter_can_3_loc_0" [can.c:277]   --->   Operation 254 'write' 'write_ln277' <Predicate = true> <Delay = 0.00>
ST_17 : Operation 255 [1/1] (0.00ns)   --->   "%write_ln278 = write void @_ssdm_op_Write.ap_auto.volatile.i32P0A, i32 %can_dropped, i32 %counter_droped_1_loc_0" [can.c:278]   --->   Operation 255 'write' 'write_ln278' <Predicate = true> <Delay = 0.00>
ST_17 : Operation 256 [2/2] (7.30ns)   --->   "%call_ln282 = call void @write_ddr.1, i8 %ps_ddr, i32 %ddr_read, i8 %can_frame, i16 %dropped_can_counter" [can.c:282]   --->   Operation 256 'call' 'call_ln282' <Predicate = true> <Delay = 7.30> <CoreType = "Generic">   --->   Core 0 '' <Latency = 0> <II = 1> <Delay = 1.00> <Generic> <Opcode : >
ST_17 : Operation 257 [1/1] (0.00ns)   --->   "%sext_ln283 = sext i30 %trunc_ln17" [can.c:283]   --->   Operation 257 'sext' 'sext_ln283' <Predicate = true> <Delay = 0.00>
ST_17 : Operation 258 [1/1] (0.00ns)   --->   "%can_addr_addr_2 = getelementptr i32 %can_addr, i32 %sext_ln283" [can.c:283]   --->   Operation 258 'getelementptr' 'can_addr_addr_2' <Predicate = true> <Delay = 0.00>
ST_17 : Operation 259 [7/7] (7.30ns)   --->   "%can_addr_load_req = readreq i1 @_ssdm_op_ReadReq.m_axi.i32P1A, i32 %can_addr_addr_2, i32 1" [can.c:283]   --->   Operation 259 'readreq' 'can_addr_load_req' <Predicate = true> <Delay = 7.30> <CoreInst = "m_axi">   --->   Core 113 'm_axi' <Latency = 0> <II = 1> <Delay = 1.00> <Adapter> <Opcode : 'read' 'write' 'readreq' 'writereq' 'writeresp'>

State 18 <SV = 16> <Delay = 7.30>
ST_18 : Operation 260 [1/2] (0.00ns)   --->   "%call_ln282 = call void @write_ddr.1, i8 %ps_ddr, i32 %ddr_read, i8 %can_frame, i16 %dropped_can_counter" [can.c:282]   --->   Operation 260 'call' 'call_ln282' <Predicate = true> <Delay = 0.00> <CoreType = "Generic">   --->   Core 0 '' <Latency = 0> <II = 1> <Delay = 1.00> <Generic> <Opcode : >
ST_18 : Operation 261 [6/7] (7.30ns)   --->   "%can_addr_load_req = readreq i1 @_ssdm_op_ReadReq.m_axi.i32P1A, i32 %can_addr_addr_2, i32 1" [can.c:283]   --->   Operation 261 'readreq' 'can_addr_load_req' <Predicate = true> <Delay = 7.30> <CoreInst = "m_axi">   --->   Core 113 'm_axi' <Latency = 0> <II = 1> <Delay = 1.00> <Adapter> <Opcode : 'read' 'write' 'readreq' 'writereq' 'writeresp'>

State 19 <SV = 17> <Delay = 7.30>
ST_19 : Operation 262 [5/7] (7.30ns)   --->   "%can_addr_load_req = readreq i1 @_ssdm_op_ReadReq.m_axi.i32P1A, i32 %can_addr_addr_2, i32 1" [can.c:283]   --->   Operation 262 'readreq' 'can_addr_load_req' <Predicate = true> <Delay = 7.30> <CoreInst = "m_axi">   --->   Core 113 'm_axi' <Latency = 0> <II = 1> <Delay = 1.00> <Adapter> <Opcode : 'read' 'write' 'readreq' 'writereq' 'writeresp'>

State 20 <SV = 18> <Delay = 7.30>
ST_20 : Operation 263 [4/7] (7.30ns)   --->   "%can_addr_load_req = readreq i1 @_ssdm_op_ReadReq.m_axi.i32P1A, i32 %can_addr_addr_2, i32 1" [can.c:283]   --->   Operation 263 'readreq' 'can_addr_load_req' <Predicate = true> <Delay = 7.30> <CoreInst = "m_axi">   --->   Core 113 'm_axi' <Latency = 0> <II = 1> <Delay = 1.00> <Adapter> <Opcode : 'read' 'write' 'readreq' 'writereq' 'writeresp'>

State 21 <SV = 19> <Delay = 7.30>
ST_21 : Operation 264 [3/7] (7.30ns)   --->   "%can_addr_load_req = readreq i1 @_ssdm_op_ReadReq.m_axi.i32P1A, i32 %can_addr_addr_2, i32 1" [can.c:283]   --->   Operation 264 'readreq' 'can_addr_load_req' <Predicate = true> <Delay = 7.30> <CoreInst = "m_axi">   --->   Core 113 'm_axi' <Latency = 0> <II = 1> <Delay = 1.00> <Adapter> <Opcode : 'read' 'write' 'readreq' 'writereq' 'writeresp'>

State 22 <SV = 20> <Delay = 7.30>
ST_22 : Operation 265 [2/7] (7.30ns)   --->   "%can_addr_load_req = readreq i1 @_ssdm_op_ReadReq.m_axi.i32P1A, i32 %can_addr_addr_2, i32 1" [can.c:283]   --->   Operation 265 'readreq' 'can_addr_load_req' <Predicate = true> <Delay = 7.30> <CoreInst = "m_axi">   --->   Core 113 'm_axi' <Latency = 0> <II = 1> <Delay = 1.00> <Adapter> <Opcode : 'read' 'write' 'readreq' 'writereq' 'writeresp'>

State 23 <SV = 21> <Delay = 7.30>
ST_23 : Operation 266 [1/7] (7.30ns)   --->   "%can_addr_load_req = readreq i1 @_ssdm_op_ReadReq.m_axi.i32P1A, i32 %can_addr_addr_2, i32 1" [can.c:283]   --->   Operation 266 'readreq' 'can_addr_load_req' <Predicate = true> <Delay = 7.30> <CoreInst = "m_axi">   --->   Core 113 'm_axi' <Latency = 0> <II = 1> <Delay = 1.00> <Adapter> <Opcode : 'read' 'write' 'readreq' 'writereq' 'writeresp'>

State 24 <SV = 22> <Delay = 7.30>
ST_24 : Operation 267 [1/1] (7.30ns)   --->   "%can_addr_addr_2_read = read i32 @_ssdm_op_Read.m_axi.volatile.i32P1A, i32 %can_addr_addr_2" [can.c:283]   --->   Operation 267 'read' 'can_addr_addr_2_read' <Predicate = true> <Delay = 7.30> <CoreInst = "m_axi">   --->   Core 113 'm_axi' <Latency = 0> <II = 1> <Delay = 1.00> <Adapter> <Opcode : 'read' 'write' 'readreq' 'writereq' 'writeresp'>

State 25 <SV = 23> <Delay = 7.30>
ST_25 : Operation 268 [1/1] (7.30ns)   --->   "%can_addr_addr_4_req = writereq i1 @_ssdm_op_WriteReq.m_axi.i32P1A, i32 %can_addr_addr_2, i32 1" [can.c:285]   --->   Operation 268 'writereq' 'can_addr_addr_4_req' <Predicate = true> <Delay = 7.30> <CoreInst = "m_axi">   --->   Core 113 'm_axi' <Latency = 0> <II = 1> <Delay = 1.00> <Adapter> <Opcode : 'read' 'write' 'readreq' 'writereq' 'writeresp'>

State 26 <SV = 24> <Delay = 7.30>
ST_26 : Operation 269 [1/1] (0.00ns)   --->   "%or_ln284 = or i32 %can_addr_addr_2_read, i32 128" [can.c:284]   --->   Operation 269 'or' 'or_ln284' <Predicate = true> <Delay = 0.00>
ST_26 : Operation 270 [1/1] (7.30ns)   --->   "%write_ln285 = write void @_ssdm_op_Write.m_axi.volatile.i32P1A, i32 %can_addr_addr_2, i32 %or_ln284, i4 15" [can.c:285]   --->   Operation 270 'write' 'write_ln285' <Predicate = true> <Delay = 7.30> <CoreInst = "m_axi">   --->   Core 113 'm_axi' <Latency = 0> <II = 1> <Delay = 1.00> <Adapter> <Opcode : 'read' 'write' 'readreq' 'writereq' 'writeresp'>

State 27 <SV = 25> <Delay = 7.30>
ST_27 : Operation 271 [5/5] (7.30ns)   --->   "%can_addr_addr_4_resp = writeresp i1 @_ssdm_op_WriteResp.m_axi.i32P1A, i32 %can_addr_addr_2" [can.c:285]   --->   Operation 271 'writeresp' 'can_addr_addr_4_resp' <Predicate = true> <Delay = 7.30> <CoreInst = "m_axi">   --->   Core 113 'm_axi' <Latency = 0> <II = 1> <Delay = 1.00> <Adapter> <Opcode : 'read' 'write' 'readreq' 'writereq' 'writeresp'>

State 28 <SV = 26> <Delay = 7.30>
ST_28 : Operation 272 [4/5] (7.30ns)   --->   "%can_addr_addr_4_resp = writeresp i1 @_ssdm_op_WriteResp.m_axi.i32P1A, i32 %can_addr_addr_2" [can.c:285]   --->   Operation 272 'writeresp' 'can_addr_addr_4_resp' <Predicate = true> <Delay = 7.30> <CoreInst = "m_axi">   --->   Core 113 'm_axi' <Latency = 0> <II = 1> <Delay = 1.00> <Adapter> <Opcode : 'read' 'write' 'readreq' 'writereq' 'writeresp'>

State 29 <SV = 27> <Delay = 7.30>
ST_29 : Operation 273 [3/5] (7.30ns)   --->   "%can_addr_addr_4_resp = writeresp i1 @_ssdm_op_WriteResp.m_axi.i32P1A, i32 %can_addr_addr_2" [can.c:285]   --->   Operation 273 'writeresp' 'can_addr_addr_4_resp' <Predicate = true> <Delay = 7.30> <CoreInst = "m_axi">   --->   Core 113 'm_axi' <Latency = 0> <II = 1> <Delay = 1.00> <Adapter> <Opcode : 'read' 'write' 'readreq' 'writereq' 'writeresp'>

State 30 <SV = 28> <Delay = 7.30>
ST_30 : Operation 274 [2/5] (7.30ns)   --->   "%can_addr_addr_4_resp = writeresp i1 @_ssdm_op_WriteResp.m_axi.i32P1A, i32 %can_addr_addr_2" [can.c:285]   --->   Operation 274 'writeresp' 'can_addr_addr_4_resp' <Predicate = true> <Delay = 7.30> <CoreInst = "m_axi">   --->   Core 113 'm_axi' <Latency = 0> <II = 1> <Delay = 1.00> <Adapter> <Opcode : 'read' 'write' 'readreq' 'writereq' 'writeresp'>

State 31 <SV = 29> <Delay = 7.30>
ST_31 : Operation 275 [1/5] (7.30ns)   --->   "%can_addr_addr_4_resp = writeresp i1 @_ssdm_op_WriteResp.m_axi.i32P1A, i32 %can_addr_addr_2" [can.c:285]   --->   Operation 275 'writeresp' 'can_addr_addr_4_resp' <Predicate = true> <Delay = 7.30> <CoreInst = "m_axi">   --->   Core 113 'm_axi' <Latency = 0> <II = 1> <Delay = 1.00> <Adapter> <Opcode : 'read' 'write' 'readreq' 'writereq' 'writeresp'>
ST_31 : Operation 276 [1/1] (0.00ns)   --->   "%ret_ln0 = ret"   --->   Operation 276 'ret' 'ret_ln0' <Predicate = true> <Delay = 0.00>


============================================================
+ Verbose Summary: Timing violations
============================================================
Target clock period: 10ns, clock uncertainty: 2.7ns.

 <State 1>: 4.96ns
The critical path consists of the following:
	wire read operation ('readIndex_read') on port 'readIndex' [23]  (0 ns)
	'add' operation ('add_ln168_2', can.c:168) [39]  (1.53 ns)
	'add' operation ('add_ln168', can.c:168) [40]  (1.54 ns)
	'add' operation ('add_ln168_1', can.c:168) [44]  (1.9 ns)

 <State 2>: 7.3ns
The critical path consists of the following:
	'getelementptr' operation ('can_addr_addr', can.c:168) [47]  (0 ns)
	bus request operation ('orFrameID_req', can.c:168) on port 'can_addr' (can.c:168) [48]  (7.3 ns)

 <State 3>: 7.3ns
The critical path consists of the following:
	bus request operation ('orFrameID_req', can.c:168) on port 'can_addr' (can.c:168) [48]  (7.3 ns)

 <State 4>: 7.3ns
The critical path consists of the following:
	bus request operation ('orFrameID_req', can.c:168) on port 'can_addr' (can.c:168) [48]  (7.3 ns)

 <State 5>: 7.3ns
The critical path consists of the following:
	bus request operation ('orFrameID_req', can.c:168) on port 'can_addr' (can.c:168) [48]  (7.3 ns)

 <State 6>: 7.3ns
The critical path consists of the following:
	bus request operation ('orFrameID_req', can.c:168) on port 'can_addr' (can.c:168) [48]  (7.3 ns)

 <State 7>: 7.3ns
The critical path consists of the following:
	bus request operation ('orFrameID_req', can.c:168) on port 'can_addr' (can.c:168) [48]  (7.3 ns)

 <State 8>: 7.3ns
The critical path consists of the following:
	bus request operation ('orFrameID_req', can.c:168) on port 'can_addr' (can.c:168) [48]  (7.3 ns)

 <State 9>: 7.3ns
The critical path consists of the following:
	bus read operation ('orFrameID', can.c:168) on port 'can_addr' (can.c:168) [49]  (7.3 ns)

 <State 10>: 7.3ns
The critical path consists of the following:
	bus request operation ('frameDLC_req', can.c:191) on port 'can_addr' (can.c:191) [86]  (7.3 ns)

 <State 11>: 7.3ns
The critical path consists of the following:
	bus read operation ('frameDLC', can.c:191) on port 'can_addr' (can.c:191) [87]  (7.3 ns)

 <State 12>: 7.16ns
The critical path consists of the following:
	'icmp' operation ('icmp_ln28', can.c:28) [92]  (1.97 ns)
	'and' operation ('and_ln28', can.c:28) [93]  (0 ns)
	'select' operation ('Dlc', can.c:28) [94]  (0.8 ns)
	'icmp' operation ('icmp_ln32_2', can.c:32) [98]  (1.97 ns)
	'select' operation ('select_ln32', can.c:32) [99]  (0 ns)
	'select' operation ('select_ln32_1', can.c:32) [101]  (0.813 ns)
	'select' operation ('select_ln32_3', can.c:32) [107]  (0.8 ns)
	'select' operation ('select_ln32_5', can.c:32) [112]  (0.813 ns)

 <State 13>: 6.66ns
The critical path consists of the following:
	'select' operation ('select_ln32_7', can.c:32) [118]  (0.836 ns)
	'select' operation ('select_ln32_9', can.c:32) [124]  (0.976 ns)
	'select' operation ('select_ln32_11', can.c:32) [130]  (0.972 ns)
	'select' operation ('NofBytes', can.c:214) [136]  (0.808 ns)
	'add' operation ('add_ln214', can.c:214) [172]  (1.32 ns)
	'store' operation ('store_ln214', can.c:214) of variable 'zext_ln214_1', can.c:214 on array 'can_frame', can.c:166 [175]  (1.75 ns)

 <State 14>: 3.26ns
The critical path consists of the following:
	'call' operation ('call_ln214', can.c:214) to 'recvFrame_logic.1_Pipeline_VITIS_LOOP_238_2' [184]  (3.26 ns)

 <State 15>: 1.9ns
The critical path consists of the following:
	'load' operation ('counter_can_3_load', can.c:265) on static variable 'counter_can_3' [201]  (0 ns)
	'add' operation ('add_ln265', can.c:265) [205]  (1.9 ns)

 <State 16>: 4.58ns
The critical path consists of the following:
	'add' operation ('add_ln223_1', can.c:223) [192]  (0.997 ns)
	'call' operation ('call_ln223', can.c:223) to 'recvFrame_logic.1_Pipeline_VITIS_LOOP_223_1' [193]  (3.59 ns)

 <State 17>: 7.3ns
The critical path consists of the following:
	'call' operation ('call_ln282', can.c:282) to 'write_ddr.1' [239]  (7.3 ns)

 <State 18>: 7.3ns
The critical path consists of the following:
	bus request operation ('can_addr_load_req', can.c:283) on port 'can_addr' (can.c:283) [244]  (7.3 ns)

 <State 19>: 7.3ns
The critical path consists of the following:
	bus request operation ('can_addr_load_req', can.c:283) on port 'can_addr' (can.c:283) [244]  (7.3 ns)

 <State 20>: 7.3ns
The critical path consists of the following:
	bus request operation ('can_addr_load_req', can.c:283) on port 'can_addr' (can.c:283) [244]  (7.3 ns)

 <State 21>: 7.3ns
The critical path consists of the following:
	bus request operation ('can_addr_load_req', can.c:283) on port 'can_addr' (can.c:283) [244]  (7.3 ns)

 <State 22>: 7.3ns
The critical path consists of the following:
	bus request operation ('can_addr_load_req', can.c:283) on port 'can_addr' (can.c:283) [244]  (7.3 ns)

 <State 23>: 7.3ns
The critical path consists of the following:
	bus request operation ('can_addr_load_req', can.c:283) on port 'can_addr' (can.c:283) [244]  (7.3 ns)

 <State 24>: 7.3ns
The critical path consists of the following:
	bus read operation ('FsrVal', can.c:283) on port 'can_addr' (can.c:283) [245]  (7.3 ns)

 <State 25>: 7.3ns
The critical path consists of the following:
	bus request operation ('can_addr_addr_4_req', can.c:285) on port 'can_addr' (can.c:285) [247]  (7.3 ns)

 <State 26>: 7.3ns
The critical path consists of the following:
	'or' operation ('FsrVal', can.c:284) [246]  (0 ns)
	bus write operation ('write_ln285', can.c:285) on port 'can_addr' (can.c:285) [248]  (7.3 ns)

 <State 27>: 7.3ns
The critical path consists of the following:
	bus response operation ('can_addr_addr_4_resp', can.c:285) on port 'can_addr' (can.c:285) [249]  (7.3 ns)

 <State 28>: 7.3ns
The critical path consists of the following:
	bus response operation ('can_addr_addr_4_resp', can.c:285) on port 'can_addr' (can.c:285) [249]  (7.3 ns)

 <State 29>: 7.3ns
The critical path consists of the following:
	bus response operation ('can_addr_addr_4_resp', can.c:285) on port 'can_addr' (can.c:285) [249]  (7.3 ns)

 <State 30>: 7.3ns
The critical path consists of the following:
	bus response operation ('can_addr_addr_4_resp', can.c:285) on port 'can_addr' (can.c:285) [249]  (7.3 ns)

 <State 31>: 7.3ns
The critical path consists of the following:
	bus response operation ('can_addr_addr_4_resp', can.c:285) on port 'can_addr' (can.c:285) [249]  (7.3 ns)


============================================================
+ Verbose Summary: Binding
============================================================
N/A
* FSMD analyzer results:
  - Output states:
 - Input state : 
  - Chain level:
	State 1
	State 2
	State 3
	State 4
	State 5
	State 6
	State 7
	State 8
	State 9
	State 10
	State 11
	State 12
	State 13
	State 14
	State 15
	State 16
	State 17
	State 18
	State 19
	State 20
	State 21
	State 22
	State 23
	State 24
	State 25
	State 26
	State 27
	State 28
	State 29
	State 30
	State 31


============================================================
+ Verbose Summary: Datapath Resource usage 
============================================================
N/A
