can.c:103:34: warning: passing 'volatile unsigned char *' to parameter of type 'const void *' discards qualifiers [-Wincompatible-pointer-types-discards-qualifiers]
 memcpy(ringbuffer_header_bytes, ddr_header, 28);
                                 ^~~~~~~~~~
D:/Vitis_HLS/2022.2/tps/mingw/8.3.0/win64.o/nt\x86_64-w64-mingw32\include\string.h:50:95: note: passing argument to parameter '_Src' here
  void * __attribute__((__cdecl__)) memcpy(void * __restrict__ _Dst,const void * __restrict__ _Src,size_t _Size) ;
                                                                                              ^
can.c:126:10: warning: passing 'volatile unsigned char *' to parameter of type 'void *' discards qualifiers [-Wincompatible-pointer-types-discards-qualifiers]
  memcpy(ddr_header + 28 + writeCanIndex * (12 + 80),
         ^~~~~~~~~~~~~~~~~~~~~~~~~~~~~~~~~~~~~~~~~~~
D:/Vitis_HLS/2022.2/tps/mingw/8.3.0/win64.o/nt\x86_64-w64-mingw32\include\string.h:50:64: note: passing argument to parameter '_Dst' here
  void * __attribute__((__cdecl__)) memcpy(void * __restrict__ _Dst,const void * __restrict__ _Src,size_t _Size) ;
                                                               ^
can.c:161:9: warning: HLS pragma dump _XLX_SEP_ PragmaIsValid=1_XLX_SEP_ PragmaType=reset_XLX_SEP_ PragmaContext=_XLX_SEP_ PragmaFunction=recvFrame_logic_XLX_SEP_ PragmaOptions=variable = counter_can_0_XLX_SEP_ [-Wdump-hls-pragmas]
#pragma HLS reset variable = counter_can_0
        ^
can.c:163:9: warning: HLS pragma dump _XLX_SEP_ PragmaIsValid=1_XLX_SEP_ PragmaType=reset_XLX_SEP_ PragmaContext=_XLX_SEP_ PragmaFunction=recvFrame_logic_XLX_SEP_ PragmaOptions=variable = counter_can_1_XLX_SEP_ [-Wdump-hls-pragmas]
#pragma HLS reset variable = counter_can_1
        ^
can.c:165:9: warning: HLS pragma dump _XLX_SEP_ PragmaIsValid=1_XLX_SEP_ PragmaType=reset_XLX_SEP_ PragmaContext=_XLX_SEP_ PragmaFunction=recvFrame_logic_XLX_SEP_ PragmaOptions=variable = counter_can_2_XLX_SEP_ [-Wdump-hls-pragmas]
#pragma HLS reset variable = counter_can_2
        ^
can.c:167:9: warning: HLS pragma dump _XLX_SEP_ PragmaIsValid=1_XLX_SEP_ PragmaType=reset_XLX_SEP_ PragmaContext=_XLX_SEP_ PragmaFunction=recvFrame_logic_XLX_SEP_ PragmaOptions=variable = counter_can_3_XLX_SEP_ [-Wdump-hls-pragmas]
#pragma HLS reset variable = counter_can_3
        ^
can.c:169:9: warning: HLS pragma dump _XLX_SEP_ PragmaIsValid=1_XLX_SEP_ PragmaType=reset_XLX_SEP_ PragmaContext=_XLX_SEP_ PragmaFunction=recvFrame_logic_XLX_SEP_ PragmaOptions=variable = counter_can_4_XLX_SEP_ [-Wdump-hls-pragmas]
#pragma HLS reset variable = counter_can_4
        ^
can.c:171:9: warning: HLS pragma dump _XLX_SEP_ PragmaIsValid=1_XLX_SEP_ PragmaType=reset_XLX_SEP_ PragmaContext=_XLX_SEP_ PragmaFunction=recvFrame_logic_XLX_SEP_ PragmaOptions=variable = counter_can_5_XLX_SEP_ [-Wdump-hls-pragmas]
#pragma HLS reset variable = counter_can_5
        ^
can.c:173:9: warning: HLS pragma dump _XLX_SEP_ PragmaIsValid=1_XLX_SEP_ PragmaType=reset_XLX_SEP_ PragmaContext=_XLX_SEP_ PragmaFunction=recvFrame_logic_XLX_SEP_ PragmaOptions=variable = counter_can_6_XLX_SEP_ [-Wdump-hls-pragmas]
#pragma HLS reset variable = counter_can_6
        ^
can.c:175:9: warning: HLS pragma dump _XLX_SEP_ PragmaIsValid=1_XLX_SEP_ PragmaType=reset_XLX_SEP_ PragmaContext=_XLX_SEP_ PragmaFunction=recvFrame_logic_XLX_SEP_ PragmaOptions=variable = counter_can_7_XLX_SEP_ [-Wdump-hls-pragmas]
#pragma HLS reset variable = counter_can_7
        ^
can.c:177:9: warning: HLS pragma dump _XLX_SEP_ PragmaIsValid=1_XLX_SEP_ PragmaType=reset_XLX_SEP_ PragmaContext=_XLX_SEP_ PragmaFunction=recvFrame_logic_XLX_SEP_ PragmaOptions=variable = counter_can_8_XLX_SEP_ [-Wdump-hls-pragmas]
#pragma HLS reset variable = counter_can_8
        ^
can.c:179:9: warning: HLS pragma dump _XLX_SEP_ PragmaIsValid=1_XLX_SEP_ PragmaType=reset_XLX_SEP_ PragmaContext=_XLX_SEP_ PragmaFunction=recvFrame_logic_XLX_SEP_ PragmaOptions=variable = counter_can_9_XLX_SEP_ [-Wdump-hls-pragmas]
#pragma HLS reset variable = counter_can_9
        ^
can.c:181:9: warning: HLS pragma dump _XLX_SEP_ PragmaIsValid=1_XLX_SEP_ PragmaType=reset_XLX_SEP_ PragmaContext=_XLX_SEP_ PragmaFunction=recvFrame_logic_XLX_SEP_ PragmaOptions=variable = counter_can_10_XLX_SEP_ [-Wdump-hls-pragmas]
#pragma HLS reset variable = counter_can_10
        ^
can.c:183:9: warning: HLS pragma dump _XLX_SEP_ PragmaIsValid=1_XLX_SEP_ PragmaType=reset_XLX_SEP_ PragmaContext=_XLX_SEP_ PragmaFunction=recvFrame_logic_XLX_SEP_ PragmaOptions=variable = counter_can_11_XLX_SEP_ [-Wdump-hls-pragmas]
#pragma HLS reset variable = counter_can_11
        ^
can.c:185:9: warning: HLS pragma dump _XLX_SEP_ PragmaIsValid=1_XLX_SEP_ PragmaType=reset_XLX_SEP_ PragmaContext=_XLX_SEP_ PragmaFunction=recvFrame_logic_XLX_SEP_ PragmaOptions=variable = counter_droped_XLX_SEP_ [-Wdump-hls-pragmas]
#pragma HLS reset variable = counter_droped
        ^
can.c:343:18: warning: passing 'unsigned char *' to parameter of type 'char *' converts between pointers to integer types with different sign [-Wpointer-sign]
  write_ddr(ddr, &can_frame[0]);
                 ^~~~~~~~~~~~~
can.c:97:58: note: passing argument to parameter 'data' here
void write_ddr(volatile unsigned char *ddr_header, char *data) {
                                                         ^
can.c:141:7: warning: unused parameter 'FifoNo' [-Wunused-parameter]
  int FifoNo, int readIndex,
      ^
can.c:157:26: warning: unused parameter 'droped' [-Wunused-parameter]
  volatile unsigned int *droped,
                         ^
18 warnings generated.
