

================================================================
== Vitis HLS Report for 'write_lin_ddr_1'
================================================================
* Date:           Thu Dec 15 12:14:09 2022

* Version:        2022.2 (Build 3670227 on Oct 13 2022)
* Project:        clu
* Solution:       solution1 (Vivado IP Flow Target)
* Product family: zynq
* Target device:  xc7z020-clg400-2


================================================================
== Performance Estimates
================================================================
+ Timing: 
    * Summary: 
    +--------+----------+----------+------------+
    |  Clock |  Target  | Estimated| Uncertainty|
    +--------+----------+----------+------------+
    |ap_clk  |  10.00 ns|  7.300 ns|     2.70 ns|
    +--------+----------+----------+------------+

+ Latency: 
    * Summary: 
    +---------+---------+----------+----------+-----+-----+---------+
    |  Latency (cycles) |  Latency (absolute) |  Interval | Pipeline|
    |   min   |   max   |    min   |    max   | min | max |   Type  |
    +---------+---------+----------+----------+-----+-----+---------+
    |      138|      235|  1.380 us|  2.350 us|  138|  235|       no|
    +---------+---------+----------+----------+-----+-----+---------+

    + Detail: 
        * Instance: 
        N/A

        * Loop: 
        +----------+---------+---------+----------+-----------+-----------+------+----------+
        |          |  Latency (cycles) | Iteration|  Initiation Interval  | Trip |          |
        | Loop Name|   min   |   max   |  Latency |  achieved |   target  | Count| Pipelined|
        +----------+---------+---------+----------+-----------+-----------+------+----------+
        |- Loop 1  |       84|       84|         3|          -|          -|    28|        no|
        |- Loop 2  |       84|       84|         3|          -|          -|    28|        no|
        |- Loop 3  |        8|        8|         2|          -|          -|     4|        no|
        +----------+---------+---------+----------+-----------+-----------+------+----------+

============================================================
+ Verbose Summary: Synthesis Manager
============================================================
InlineROM: 1
ExposeGlobal: 0
============================================================
+ Verbose Summary: CDFG Model
============================================================
IsTopModel: 0
ResetActiveHigh: 1
IsCombinational: 0
IsDatapathOnly: 0
HasWiredReturn: 1
HasMFsm: 0
HasVarLatency: 1
IsPipeline: 0
IsRtlPipelined: 0
IsInstanceOverlapped: 0
IsDontTouch: 0
HasImplIP: 0
IsGatedGlobalClock: 0


============================================================
+ Verbose Summary: Schedule
============================================================
* Number of FSM states : 72
* Pipeline : 0
* Dataflow Pipeline: 0

* FSM state transitions: 
1 --> 2 
2 --> 3 
3 --> 4 
4 --> 5 
5 --> 6 
6 --> 7 
7 --> 8 
8 --> 9 11 
9 --> 10 
10 --> 8 
11 --> 12 
12 --> 13 
13 --> 14 
14 --> 15 
15 --> 16 
16 --> 17 
17 --> 18 
18 --> 19 
19 --> 20 
20 --> 21 
21 --> 22 
22 --> 23 
23 --> 24 
24 --> 25 
25 --> 26 
26 --> 27 
27 --> 28 
28 --> 29 
29 --> 30 
30 --> 31 
31 --> 32 
32 --> 33 
33 --> 34 
34 --> 35 
35 --> 36 
36 --> 37 
37 --> 38 
38 --> 39 
39 --> 40 
40 --> 41 
41 --> 42 
42 --> 43 
43 --> 44 
44 --> 45 
45 --> 46 
46 --> 47 
47 --> 48 
48 --> 49 
49 --> 50 66 
50 --> 51 
51 --> 52 54 
52 --> 53 
53 --> 51 
54 --> 55 
55 --> 56 
56 --> 57 
57 --> 58 
58 --> 59 
59 --> 60 61 
60 --> 59 
61 --> 62 
62 --> 63 
63 --> 64 
64 --> 65 
65 --> 
66 --> 67 
67 --> 68 
68 --> 69 
69 --> 70 
70 --> 71 
71 --> 72 
72 --> 65 

* FSM state operations: 

State 1 <SV = 0> <Delay = 7.30>
ST_1 : Operation 73 [1/1] (0.00ns)   --->   "%loop_index4 = alloca i32 1"   --->   Operation 73 'alloca' 'loop_index4' <Predicate = true> <Delay = 0.00>
ST_1 : Operation 74 [1/1] (0.00ns)   --->   "%ddr_header_read = read i32 @_ssdm_op_Read.ap_auto.i32, i32 %ddr_header"   --->   Operation 74 'read' 'ddr_header_read' <Predicate = true> <Delay = 0.00>
ST_1 : Operation 75 [1/1] (0.00ns)   --->   "%ringbuffer_header_bytes = alloca i32 1" [dlin.c:93]   --->   Operation 75 'alloca' 'ringbuffer_header_bytes' <Predicate = true> <Delay = 0.00> <CoreInst = "RAM">   --->   Core 82 'RAM' <Latency = 1> <II = 1> <Delay = 1.75> <Storage> <Opcode : 'load' 'store'> <Ports = 2> <Width = 8> <Depth = 28> <RAM>
ST_1 : Operation 76 [1/1] (0.00ns)   --->   "%ps_ddr_addr = getelementptr i8 %ps_ddr, i32 %ddr_header_read" [dlin.c:98]   --->   Operation 76 'getelementptr' 'ps_ddr_addr' <Predicate = true> <Delay = 0.00>
ST_1 : Operation 77 [7/7] (7.30ns)   --->   "%empty = readreq i1 @_ssdm_op_ReadReq.m_axi.p1i8, i8 %ps_ddr_addr, i32 28" [dlin.c:98]   --->   Operation 77 'readreq' 'empty' <Predicate = true> <Delay = 7.30> <CoreInst = "m_axi">   --->   Core 113 'm_axi' <Latency = 0> <II = 1> <Delay = 1.00> <Adapter> <Opcode : 'read' 'write' 'readreq' 'writereq' 'writeresp'>
ST_1 : Operation 78 [1/1] (1.29ns)   --->   "%store_ln98 = store i5 0, i5 %loop_index4" [dlin.c:98]   --->   Operation 78 'store' 'store_ln98' <Predicate = true> <Delay = 1.29>

State 2 <SV = 1> <Delay = 7.30>
ST_2 : Operation 79 [6/7] (7.30ns)   --->   "%empty = readreq i1 @_ssdm_op_ReadReq.m_axi.p1i8, i8 %ps_ddr_addr, i32 28" [dlin.c:98]   --->   Operation 79 'readreq' 'empty' <Predicate = true> <Delay = 7.30> <CoreInst = "m_axi">   --->   Core 113 'm_axi' <Latency = 0> <II = 1> <Delay = 1.00> <Adapter> <Opcode : 'read' 'write' 'readreq' 'writereq' 'writeresp'>

State 3 <SV = 2> <Delay = 7.30>
ST_3 : Operation 80 [5/7] (7.30ns)   --->   "%empty = readreq i1 @_ssdm_op_ReadReq.m_axi.p1i8, i8 %ps_ddr_addr, i32 28" [dlin.c:98]   --->   Operation 80 'readreq' 'empty' <Predicate = true> <Delay = 7.30> <CoreInst = "m_axi">   --->   Core 113 'm_axi' <Latency = 0> <II = 1> <Delay = 1.00> <Adapter> <Opcode : 'read' 'write' 'readreq' 'writereq' 'writeresp'>

State 4 <SV = 3> <Delay = 7.30>
ST_4 : Operation 81 [4/7] (7.30ns)   --->   "%empty = readreq i1 @_ssdm_op_ReadReq.m_axi.p1i8, i8 %ps_ddr_addr, i32 28" [dlin.c:98]   --->   Operation 81 'readreq' 'empty' <Predicate = true> <Delay = 7.30> <CoreInst = "m_axi">   --->   Core 113 'm_axi' <Latency = 0> <II = 1> <Delay = 1.00> <Adapter> <Opcode : 'read' 'write' 'readreq' 'writereq' 'writeresp'>

State 5 <SV = 4> <Delay = 7.30>
ST_5 : Operation 82 [3/7] (7.30ns)   --->   "%empty = readreq i1 @_ssdm_op_ReadReq.m_axi.p1i8, i8 %ps_ddr_addr, i32 28" [dlin.c:98]   --->   Operation 82 'readreq' 'empty' <Predicate = true> <Delay = 7.30> <CoreInst = "m_axi">   --->   Core 113 'm_axi' <Latency = 0> <II = 1> <Delay = 1.00> <Adapter> <Opcode : 'read' 'write' 'readreq' 'writereq' 'writeresp'>

State 6 <SV = 5> <Delay = 7.30>
ST_6 : Operation 83 [2/7] (7.30ns)   --->   "%empty = readreq i1 @_ssdm_op_ReadReq.m_axi.p1i8, i8 %ps_ddr_addr, i32 28" [dlin.c:98]   --->   Operation 83 'readreq' 'empty' <Predicate = true> <Delay = 7.30> <CoreInst = "m_axi">   --->   Core 113 'm_axi' <Latency = 0> <II = 1> <Delay = 1.00> <Adapter> <Opcode : 'read' 'write' 'readreq' 'writereq' 'writeresp'>

State 7 <SV = 6> <Delay = 7.30>
ST_7 : Operation 84 [1/1] (0.00ns)   --->   "%specinterface_ln0 = specinterface void @_ssdm_op_SpecInterface, i8 %ps_ddr, void @empty_29, i32 0, i32 0, void @empty_30, i32 0, i32 10, void @empty, void @empty_32, void @empty_30, i32 16, i32 16, i32 16, i32 16, void @empty_30, void @empty_30, i32 4294967295, i32 0"   --->   Operation 84 'specinterface' 'specinterface_ln0' <Predicate = true> <Delay = 0.00>
ST_7 : Operation 85 [1/7] (7.30ns)   --->   "%empty = readreq i1 @_ssdm_op_ReadReq.m_axi.p1i8, i8 %ps_ddr_addr, i32 28" [dlin.c:98]   --->   Operation 85 'readreq' 'empty' <Predicate = true> <Delay = 7.30> <CoreInst = "m_axi">   --->   Core 113 'm_axi' <Latency = 0> <II = 1> <Delay = 1.00> <Adapter> <Opcode : 'read' 'write' 'readreq' 'writereq' 'writeresp'>
ST_7 : Operation 86 [1/1] (0.00ns)   --->   "%br_ln98 = br void %load-store-loop3" [dlin.c:98]   --->   Operation 86 'br' 'br_ln98' <Predicate = true> <Delay = 0.00>

State 8 <SV = 7> <Delay = 2.32>
ST_8 : Operation 87 [1/1] (0.00ns)   --->   "%loop_index4_load = load i5 %loop_index4"   --->   Operation 87 'load' 'loop_index4_load' <Predicate = true> <Delay = 0.00>
ST_8 : Operation 88 [1/1] (0.97ns)   --->   "%exitcond66 = icmp_eq  i5 %loop_index4_load, i5 28"   --->   Operation 88 'icmp' 'exitcond66' <Predicate = true> <Delay = 0.97> <CoreInst = "Cmp">   --->   Core 9 'Cmp' <Latency = 0> <II = 1> <Delay = 0.97> <FuncUnit> <Opcode : 'icmp'> <InPorts = 2> <OutPorts = 1>
ST_8 : Operation 89 [1/1] (0.00ns)   --->   "%empty_52 = speclooptripcount i32 @_ssdm_op_SpecLoopTripCount, i64 28, i64 28, i64 28"   --->   Operation 89 'speclooptripcount' 'empty_52' <Predicate = true> <Delay = 0.00>
ST_8 : Operation 90 [1/1] (1.02ns)   --->   "%empty_53 = add i5 %loop_index4_load, i5 1"   --->   Operation 90 'add' 'empty_53' <Predicate = true> <Delay = 1.02> <CoreInst = "Adder">   --->   Core 1 'Adder' <Latency = 0> <II = 1> <Delay = 1.02> <FuncUnit> <Opcode : 'add' 'sub'> <InPorts = 2> <OutPorts = 1>
ST_8 : Operation 91 [1/1] (0.00ns)   --->   "%br_ln0 = br i1 %exitcond66, void %load-store-loop3.split, void %memcpy-split2"   --->   Operation 91 'br' 'br_ln0' <Predicate = true> <Delay = 0.00>
ST_8 : Operation 92 [1/1] (1.29ns)   --->   "%store_ln0 = store i5 %empty_53, i5 %loop_index4"   --->   Operation 92 'store' 'store_ln0' <Predicate = (!exitcond66)> <Delay = 1.29>
ST_8 : Operation 93 [1/1] (0.00ns)   --->   "%ringbuffer_header_bytes_addr = getelementptr i8 %ringbuffer_header_bytes, i32 0, i32 12" [dlin.c:99]   --->   Operation 93 'getelementptr' 'ringbuffer_header_bytes_addr' <Predicate = (exitcond66)> <Delay = 0.00>
ST_8 : Operation 94 [2/2] (1.75ns)   --->   "%ringbuffer_header_bytes_load = load i5 %ringbuffer_header_bytes_addr" [dlin.c:99]   --->   Operation 94 'load' 'ringbuffer_header_bytes_load' <Predicate = (exitcond66)> <Delay = 1.75> <CoreInst = "RAM">   --->   Core 82 'RAM' <Latency = 1> <II = 1> <Delay = 1.75> <Storage> <Opcode : 'load' 'store'> <Ports = 2> <Width = 8> <Depth = 28> <RAM>
ST_8 : Operation 95 [1/1] (0.00ns)   --->   "%ringbuffer_header_bytes_addr_1 = getelementptr i8 %ringbuffer_header_bytes, i32 0, i32 13" [dlin.c:100]   --->   Operation 95 'getelementptr' 'ringbuffer_header_bytes_addr_1' <Predicate = (exitcond66)> <Delay = 0.00>
ST_8 : Operation 96 [2/2] (1.75ns)   --->   "%ringbuffer_header_bytes_load_1 = load i5 %ringbuffer_header_bytes_addr_1" [dlin.c:100]   --->   Operation 96 'load' 'ringbuffer_header_bytes_load_1' <Predicate = (exitcond66)> <Delay = 1.75> <CoreInst = "RAM">   --->   Core 82 'RAM' <Latency = 1> <II = 1> <Delay = 1.75> <Storage> <Opcode : 'load' 'store'> <Ports = 2> <Width = 8> <Depth = 28> <RAM>

State 9 <SV = 8> <Delay = 7.30>
ST_9 : Operation 97 [1/1] (7.30ns)   --->   "%ps_ddr_addr_read = read i8 @_ssdm_op_Read.m_axi.p1i8, i8 %ps_ddr_addr" [dlin.c:98]   --->   Operation 97 'read' 'ps_ddr_addr_read' <Predicate = true> <Delay = 7.30> <CoreInst = "m_axi">   --->   Core 113 'm_axi' <Latency = 0> <II = 1> <Delay = 1.00> <Adapter> <Opcode : 'read' 'write' 'readreq' 'writereq' 'writeresp'>

State 10 <SV = 9> <Delay = 1.75>
ST_10 : Operation 98 [1/1] (0.00ns)   --->   "%loop_index4_cast = zext i5 %loop_index4_load"   --->   Operation 98 'zext' 'loop_index4_cast' <Predicate = true> <Delay = 0.00>
ST_10 : Operation 99 [1/1] (0.00ns)   --->   "%ringbuffer_header_bytes_addr_12 = getelementptr i8 %ringbuffer_header_bytes, i32 0, i32 %loop_index4_cast"   --->   Operation 99 'getelementptr' 'ringbuffer_header_bytes_addr_12' <Predicate = true> <Delay = 0.00>
ST_10 : Operation 100 [1/1] (1.75ns)   --->   "%store_ln98 = store i8 %ps_ddr_addr_read, i5 %ringbuffer_header_bytes_addr_12" [dlin.c:98]   --->   Operation 100 'store' 'store_ln98' <Predicate = true> <Delay = 1.75> <CoreInst = "RAM">   --->   Core 82 'RAM' <Latency = 1> <II = 1> <Delay = 1.75> <Storage> <Opcode : 'load' 'store'> <Ports = 2> <Width = 8> <Depth = 28> <RAM>
ST_10 : Operation 101 [1/1] (0.00ns)   --->   "%br_ln0 = br void %load-store-loop3"   --->   Operation 101 'br' 'br_ln0' <Predicate = true> <Delay = 0.00>

State 11 <SV = 8> <Delay = 1.75>
ST_11 : Operation 102 [1/2] (1.75ns)   --->   "%ringbuffer_header_bytes_load = load i5 %ringbuffer_header_bytes_addr" [dlin.c:99]   --->   Operation 102 'load' 'ringbuffer_header_bytes_load' <Predicate = true> <Delay = 1.75> <CoreInst = "RAM">   --->   Core 82 'RAM' <Latency = 1> <II = 1> <Delay = 1.75> <Storage> <Opcode : 'load' 'store'> <Ports = 2> <Width = 8> <Depth = 28> <RAM>
ST_11 : Operation 103 [1/2] (1.75ns)   --->   "%ringbuffer_header_bytes_load_1 = load i5 %ringbuffer_header_bytes_addr_1" [dlin.c:100]   --->   Operation 103 'load' 'ringbuffer_header_bytes_load_1' <Predicate = true> <Delay = 1.75> <CoreInst = "RAM">   --->   Core 82 'RAM' <Latency = 1> <II = 1> <Delay = 1.75> <Storage> <Opcode : 'load' 'store'> <Ports = 2> <Width = 8> <Depth = 28> <RAM>
ST_11 : Operation 104 [1/1] (0.00ns)   --->   "%ringbuffer_header_bytes_addr_2 = getelementptr i8 %ringbuffer_header_bytes, i32 0, i32 14" [dlin.c:101]   --->   Operation 104 'getelementptr' 'ringbuffer_header_bytes_addr_2' <Predicate = true> <Delay = 0.00>
ST_11 : Operation 105 [2/2] (1.75ns)   --->   "%ringbuffer_header_bytes_load_2 = load i5 %ringbuffer_header_bytes_addr_2" [dlin.c:101]   --->   Operation 105 'load' 'ringbuffer_header_bytes_load_2' <Predicate = true> <Delay = 1.75> <CoreInst = "RAM">   --->   Core 82 'RAM' <Latency = 1> <II = 1> <Delay = 1.75> <Storage> <Opcode : 'load' 'store'> <Ports = 2> <Width = 8> <Depth = 28> <RAM>
ST_11 : Operation 106 [1/1] (0.00ns)   --->   "%ringbuffer_header_bytes_addr_3 = getelementptr i8 %ringbuffer_header_bytes, i32 0, i32 15" [dlin.c:102]   --->   Operation 106 'getelementptr' 'ringbuffer_header_bytes_addr_3' <Predicate = true> <Delay = 0.00>
ST_11 : Operation 107 [2/2] (1.75ns)   --->   "%ringbuffer_header_bytes_load_3 = load i5 %ringbuffer_header_bytes_addr_3" [dlin.c:102]   --->   Operation 107 'load' 'ringbuffer_header_bytes_load_3' <Predicate = true> <Delay = 1.75> <CoreInst = "RAM">   --->   Core 82 'RAM' <Latency = 1> <II = 1> <Delay = 1.75> <Storage> <Opcode : 'load' 'store'> <Ports = 2> <Width = 8> <Depth = 28> <RAM>

State 12 <SV = 9> <Delay = 1.75>
ST_12 : Operation 108 [1/2] (1.75ns)   --->   "%ringbuffer_header_bytes_load_2 = load i5 %ringbuffer_header_bytes_addr_2" [dlin.c:101]   --->   Operation 108 'load' 'ringbuffer_header_bytes_load_2' <Predicate = true> <Delay = 1.75> <CoreInst = "RAM">   --->   Core 82 'RAM' <Latency = 1> <II = 1> <Delay = 1.75> <Storage> <Opcode : 'load' 'store'> <Ports = 2> <Width = 8> <Depth = 28> <RAM>
ST_12 : Operation 109 [1/2] (1.75ns)   --->   "%ringbuffer_header_bytes_load_3 = load i5 %ringbuffer_header_bytes_addr_3" [dlin.c:102]   --->   Operation 109 'load' 'ringbuffer_header_bytes_load_3' <Predicate = true> <Delay = 1.75> <CoreInst = "RAM">   --->   Core 82 'RAM' <Latency = 1> <II = 1> <Delay = 1.75> <Storage> <Opcode : 'load' 'store'> <Ports = 2> <Width = 8> <Depth = 28> <RAM>
ST_12 : Operation 110 [1/1] (0.00ns)   --->   "%ringbuffer_header_bytes_addr_8 = getelementptr i8 %ringbuffer_header_bytes, i32 0, i32 24" [dlin.c:107]   --->   Operation 110 'getelementptr' 'ringbuffer_header_bytes_addr_8' <Predicate = true> <Delay = 0.00>
ST_12 : Operation 111 [2/2] (1.75ns)   --->   "%ringbuffer_header_bytes_load_8 = load i5 %ringbuffer_header_bytes_addr_8" [dlin.c:107]   --->   Operation 111 'load' 'ringbuffer_header_bytes_load_8' <Predicate = true> <Delay = 1.75> <CoreInst = "RAM">   --->   Core 82 'RAM' <Latency = 1> <II = 1> <Delay = 1.75> <Storage> <Opcode : 'load' 'store'> <Ports = 2> <Width = 8> <Depth = 28> <RAM>
ST_12 : Operation 112 [1/1] (0.00ns)   --->   "%ringbuffer_header_bytes_addr_9 = getelementptr i8 %ringbuffer_header_bytes, i32 0, i32 25" [dlin.c:108]   --->   Operation 112 'getelementptr' 'ringbuffer_header_bytes_addr_9' <Predicate = true> <Delay = 0.00>
ST_12 : Operation 113 [2/2] (1.75ns)   --->   "%ringbuffer_header_bytes_load_9 = load i5 %ringbuffer_header_bytes_addr_9" [dlin.c:108]   --->   Operation 113 'load' 'ringbuffer_header_bytes_load_9' <Predicate = true> <Delay = 1.75> <CoreInst = "RAM">   --->   Core 82 'RAM' <Latency = 1> <II = 1> <Delay = 1.75> <Storage> <Opcode : 'load' 'store'> <Ports = 2> <Width = 8> <Depth = 28> <RAM>

State 13 <SV = 10> <Delay = 1.75>
ST_13 : Operation 114 [1/2] (1.75ns)   --->   "%ringbuffer_header_bytes_load_8 = load i5 %ringbuffer_header_bytes_addr_8" [dlin.c:107]   --->   Operation 114 'load' 'ringbuffer_header_bytes_load_8' <Predicate = true> <Delay = 1.75> <CoreInst = "RAM">   --->   Core 82 'RAM' <Latency = 1> <II = 1> <Delay = 1.75> <Storage> <Opcode : 'load' 'store'> <Ports = 2> <Width = 8> <Depth = 28> <RAM>
ST_13 : Operation 115 [1/2] (1.75ns)   --->   "%ringbuffer_header_bytes_load_9 = load i5 %ringbuffer_header_bytes_addr_9" [dlin.c:108]   --->   Operation 115 'load' 'ringbuffer_header_bytes_load_9' <Predicate = true> <Delay = 1.75> <CoreInst = "RAM">   --->   Core 82 'RAM' <Latency = 1> <II = 1> <Delay = 1.75> <Storage> <Opcode : 'load' 'store'> <Ports = 2> <Width = 8> <Depth = 28> <RAM>
ST_13 : Operation 116 [1/1] (0.00ns)   --->   "%ringbuffer_header_bytes_addr_10 = getelementptr i8 %ringbuffer_header_bytes, i32 0, i32 26" [dlin.c:109]   --->   Operation 116 'getelementptr' 'ringbuffer_header_bytes_addr_10' <Predicate = true> <Delay = 0.00>
ST_13 : Operation 117 [2/2] (1.75ns)   --->   "%ringbuffer_header_bytes_load_10 = load i5 %ringbuffer_header_bytes_addr_10" [dlin.c:109]   --->   Operation 117 'load' 'ringbuffer_header_bytes_load_10' <Predicate = true> <Delay = 1.75> <CoreInst = "RAM">   --->   Core 82 'RAM' <Latency = 1> <II = 1> <Delay = 1.75> <Storage> <Opcode : 'load' 'store'> <Ports = 2> <Width = 8> <Depth = 28> <RAM>
ST_13 : Operation 118 [1/1] (0.00ns)   --->   "%ringbuffer_header_bytes_addr_11 = getelementptr i8 %ringbuffer_header_bytes, i32 0, i32 27" [dlin.c:110]   --->   Operation 118 'getelementptr' 'ringbuffer_header_bytes_addr_11' <Predicate = true> <Delay = 0.00>
ST_13 : Operation 119 [2/2] (1.75ns)   --->   "%ringbuffer_header_bytes_load_11 = load i5 %ringbuffer_header_bytes_addr_11" [dlin.c:110]   --->   Operation 119 'load' 'ringbuffer_header_bytes_load_11' <Predicate = true> <Delay = 1.75> <CoreInst = "RAM">   --->   Core 82 'RAM' <Latency = 1> <II = 1> <Delay = 1.75> <Storage> <Opcode : 'load' 'store'> <Ports = 2> <Width = 8> <Depth = 28> <RAM>

State 14 <SV = 11> <Delay = 7.09>
ST_14 : Operation 120 [1/1] (0.00ns)   --->   "%max_lin_count = bitconcatenate i32 @_ssdm_op_BitConcatenate.i32.i8.i8.i8.i8, i8 %ringbuffer_header_bytes_load, i8 %ringbuffer_header_bytes_load_1, i8 %ringbuffer_header_bytes_load_2, i8 %ringbuffer_header_bytes_load_3" [dlin.c:101]   --->   Operation 120 'bitconcatenate' 'max_lin_count' <Predicate = true> <Delay = 0.00>
ST_14 : Operation 121 [1/2] (1.75ns)   --->   "%ringbuffer_header_bytes_load_10 = load i5 %ringbuffer_header_bytes_addr_10" [dlin.c:109]   --->   Operation 121 'load' 'ringbuffer_header_bytes_load_10' <Predicate = true> <Delay = 1.75> <CoreInst = "RAM">   --->   Core 82 'RAM' <Latency = 1> <II = 1> <Delay = 1.75> <Storage> <Opcode : 'load' 'store'> <Ports = 2> <Width = 8> <Depth = 28> <RAM>
ST_14 : Operation 122 [1/2] (1.75ns)   --->   "%ringbuffer_header_bytes_load_11 = load i5 %ringbuffer_header_bytes_addr_11" [dlin.c:110]   --->   Operation 122 'load' 'ringbuffer_header_bytes_load_11' <Predicate = true> <Delay = 1.75> <CoreInst = "RAM">   --->   Core 82 'RAM' <Latency = 1> <II = 1> <Delay = 1.75> <Storage> <Opcode : 'load' 'store'> <Ports = 2> <Width = 8> <Depth = 28> <RAM>
ST_14 : Operation 123 [1/1] (0.00ns)   --->   "%writeLinIndex = bitconcatenate i32 @_ssdm_op_BitConcatenate.i32.i8.i8.i8.i8, i8 %ringbuffer_header_bytes_load_8, i8 %ringbuffer_header_bytes_load_9, i8 %ringbuffer_header_bytes_load_10, i8 %ringbuffer_header_bytes_load_11" [dlin.c:109]   --->   Operation 123 'bitconcatenate' 'writeLinIndex' <Predicate = true> <Delay = 0.00>
ST_14 : Operation 124 [1/1] (1.89ns)   --->   "%add_ln111 = add i32 %writeLinIndex, i32 1" [dlin.c:111]   --->   Operation 124 'add' 'add_ln111' <Predicate = true> <Delay = 1.89> <CoreInst = "Adder">   --->   Core 1 'Adder' <Latency = 0> <II = 1> <Delay = 1.89> <FuncUnit> <Opcode : 'add' 'sub'> <InPorts = 2> <OutPorts = 1>
ST_14 : Operation 125 [36/36] (3.44ns)   --->   "%nextWriteLinIndex = urem i32 %add_ln111, i32 %max_lin_count" [dlin.c:111]   --->   Operation 125 'urem' 'nextWriteLinIndex' <Predicate = true> <Delay = 3.44> <CoreInst = "DivnS_SEQ">   --->   Core 7 'DivnS_SEQ' <Latency = 35> <II = 32> <Delay = 3.44> <FuncUnit> <Opcode : 'sdiv' 'srem' 'udiv' 'urem'> <InPorts = 2> <OutPorts = 1>

State 15 <SV = 12> <Delay = 3.44>
ST_15 : Operation 126 [35/36] (3.44ns)   --->   "%nextWriteLinIndex = urem i32 %add_ln111, i32 %max_lin_count" [dlin.c:111]   --->   Operation 126 'urem' 'nextWriteLinIndex' <Predicate = true> <Delay = 3.44> <CoreInst = "DivnS_SEQ">   --->   Core 7 'DivnS_SEQ' <Latency = 35> <II = 32> <Delay = 3.44> <FuncUnit> <Opcode : 'sdiv' 'srem' 'udiv' 'urem'> <InPorts = 2> <OutPorts = 1>

State 16 <SV = 13> <Delay = 3.44>
ST_16 : Operation 127 [34/36] (3.44ns)   --->   "%nextWriteLinIndex = urem i32 %add_ln111, i32 %max_lin_count" [dlin.c:111]   --->   Operation 127 'urem' 'nextWriteLinIndex' <Predicate = true> <Delay = 3.44> <CoreInst = "DivnS_SEQ">   --->   Core 7 'DivnS_SEQ' <Latency = 35> <II = 32> <Delay = 3.44> <FuncUnit> <Opcode : 'sdiv' 'srem' 'udiv' 'urem'> <InPorts = 2> <OutPorts = 1>

State 17 <SV = 14> <Delay = 3.44>
ST_17 : Operation 128 [33/36] (3.44ns)   --->   "%nextWriteLinIndex = urem i32 %add_ln111, i32 %max_lin_count" [dlin.c:111]   --->   Operation 128 'urem' 'nextWriteLinIndex' <Predicate = true> <Delay = 3.44> <CoreInst = "DivnS_SEQ">   --->   Core 7 'DivnS_SEQ' <Latency = 35> <II = 32> <Delay = 3.44> <FuncUnit> <Opcode : 'sdiv' 'srem' 'udiv' 'urem'> <InPorts = 2> <OutPorts = 1>

State 18 <SV = 15> <Delay = 3.44>
ST_18 : Operation 129 [32/36] (3.44ns)   --->   "%nextWriteLinIndex = urem i32 %add_ln111, i32 %max_lin_count" [dlin.c:111]   --->   Operation 129 'urem' 'nextWriteLinIndex' <Predicate = true> <Delay = 3.44> <CoreInst = "DivnS_SEQ">   --->   Core 7 'DivnS_SEQ' <Latency = 35> <II = 32> <Delay = 3.44> <FuncUnit> <Opcode : 'sdiv' 'srem' 'udiv' 'urem'> <InPorts = 2> <OutPorts = 1>

State 19 <SV = 16> <Delay = 3.44>
ST_19 : Operation 130 [31/36] (3.44ns)   --->   "%nextWriteLinIndex = urem i32 %add_ln111, i32 %max_lin_count" [dlin.c:111]   --->   Operation 130 'urem' 'nextWriteLinIndex' <Predicate = true> <Delay = 3.44> <CoreInst = "DivnS_SEQ">   --->   Core 7 'DivnS_SEQ' <Latency = 35> <II = 32> <Delay = 3.44> <FuncUnit> <Opcode : 'sdiv' 'srem' 'udiv' 'urem'> <InPorts = 2> <OutPorts = 1>

State 20 <SV = 17> <Delay = 3.44>
ST_20 : Operation 131 [30/36] (3.44ns)   --->   "%nextWriteLinIndex = urem i32 %add_ln111, i32 %max_lin_count" [dlin.c:111]   --->   Operation 131 'urem' 'nextWriteLinIndex' <Predicate = true> <Delay = 3.44> <CoreInst = "DivnS_SEQ">   --->   Core 7 'DivnS_SEQ' <Latency = 35> <II = 32> <Delay = 3.44> <FuncUnit> <Opcode : 'sdiv' 'srem' 'udiv' 'urem'> <InPorts = 2> <OutPorts = 1>

State 21 <SV = 18> <Delay = 3.44>
ST_21 : Operation 132 [29/36] (3.44ns)   --->   "%nextWriteLinIndex = urem i32 %add_ln111, i32 %max_lin_count" [dlin.c:111]   --->   Operation 132 'urem' 'nextWriteLinIndex' <Predicate = true> <Delay = 3.44> <CoreInst = "DivnS_SEQ">   --->   Core 7 'DivnS_SEQ' <Latency = 35> <II = 32> <Delay = 3.44> <FuncUnit> <Opcode : 'sdiv' 'srem' 'udiv' 'urem'> <InPorts = 2> <OutPorts = 1>

State 22 <SV = 19> <Delay = 3.44>
ST_22 : Operation 133 [28/36] (3.44ns)   --->   "%nextWriteLinIndex = urem i32 %add_ln111, i32 %max_lin_count" [dlin.c:111]   --->   Operation 133 'urem' 'nextWriteLinIndex' <Predicate = true> <Delay = 3.44> <CoreInst = "DivnS_SEQ">   --->   Core 7 'DivnS_SEQ' <Latency = 35> <II = 32> <Delay = 3.44> <FuncUnit> <Opcode : 'sdiv' 'srem' 'udiv' 'urem'> <InPorts = 2> <OutPorts = 1>

State 23 <SV = 20> <Delay = 3.44>
ST_23 : Operation 134 [27/36] (3.44ns)   --->   "%nextWriteLinIndex = urem i32 %add_ln111, i32 %max_lin_count" [dlin.c:111]   --->   Operation 134 'urem' 'nextWriteLinIndex' <Predicate = true> <Delay = 3.44> <CoreInst = "DivnS_SEQ">   --->   Core 7 'DivnS_SEQ' <Latency = 35> <II = 32> <Delay = 3.44> <FuncUnit> <Opcode : 'sdiv' 'srem' 'udiv' 'urem'> <InPorts = 2> <OutPorts = 1>

State 24 <SV = 21> <Delay = 3.44>
ST_24 : Operation 135 [26/36] (3.44ns)   --->   "%nextWriteLinIndex = urem i32 %add_ln111, i32 %max_lin_count" [dlin.c:111]   --->   Operation 135 'urem' 'nextWriteLinIndex' <Predicate = true> <Delay = 3.44> <CoreInst = "DivnS_SEQ">   --->   Core 7 'DivnS_SEQ' <Latency = 35> <II = 32> <Delay = 3.44> <FuncUnit> <Opcode : 'sdiv' 'srem' 'udiv' 'urem'> <InPorts = 2> <OutPorts = 1>

State 25 <SV = 22> <Delay = 3.44>
ST_25 : Operation 136 [25/36] (3.44ns)   --->   "%nextWriteLinIndex = urem i32 %add_ln111, i32 %max_lin_count" [dlin.c:111]   --->   Operation 136 'urem' 'nextWriteLinIndex' <Predicate = true> <Delay = 3.44> <CoreInst = "DivnS_SEQ">   --->   Core 7 'DivnS_SEQ' <Latency = 35> <II = 32> <Delay = 3.44> <FuncUnit> <Opcode : 'sdiv' 'srem' 'udiv' 'urem'> <InPorts = 2> <OutPorts = 1>

State 26 <SV = 23> <Delay = 3.44>
ST_26 : Operation 137 [24/36] (3.44ns)   --->   "%nextWriteLinIndex = urem i32 %add_ln111, i32 %max_lin_count" [dlin.c:111]   --->   Operation 137 'urem' 'nextWriteLinIndex' <Predicate = true> <Delay = 3.44> <CoreInst = "DivnS_SEQ">   --->   Core 7 'DivnS_SEQ' <Latency = 35> <II = 32> <Delay = 3.44> <FuncUnit> <Opcode : 'sdiv' 'srem' 'udiv' 'urem'> <InPorts = 2> <OutPorts = 1>

State 27 <SV = 24> <Delay = 3.44>
ST_27 : Operation 138 [23/36] (3.44ns)   --->   "%nextWriteLinIndex = urem i32 %add_ln111, i32 %max_lin_count" [dlin.c:111]   --->   Operation 138 'urem' 'nextWriteLinIndex' <Predicate = true> <Delay = 3.44> <CoreInst = "DivnS_SEQ">   --->   Core 7 'DivnS_SEQ' <Latency = 35> <II = 32> <Delay = 3.44> <FuncUnit> <Opcode : 'sdiv' 'srem' 'udiv' 'urem'> <InPorts = 2> <OutPorts = 1>

State 28 <SV = 25> <Delay = 3.44>
ST_28 : Operation 139 [22/36] (3.44ns)   --->   "%nextWriteLinIndex = urem i32 %add_ln111, i32 %max_lin_count" [dlin.c:111]   --->   Operation 139 'urem' 'nextWriteLinIndex' <Predicate = true> <Delay = 3.44> <CoreInst = "DivnS_SEQ">   --->   Core 7 'DivnS_SEQ' <Latency = 35> <II = 32> <Delay = 3.44> <FuncUnit> <Opcode : 'sdiv' 'srem' 'udiv' 'urem'> <InPorts = 2> <OutPorts = 1>

State 29 <SV = 26> <Delay = 3.44>
ST_29 : Operation 140 [21/36] (3.44ns)   --->   "%nextWriteLinIndex = urem i32 %add_ln111, i32 %max_lin_count" [dlin.c:111]   --->   Operation 140 'urem' 'nextWriteLinIndex' <Predicate = true> <Delay = 3.44> <CoreInst = "DivnS_SEQ">   --->   Core 7 'DivnS_SEQ' <Latency = 35> <II = 32> <Delay = 3.44> <FuncUnit> <Opcode : 'sdiv' 'srem' 'udiv' 'urem'> <InPorts = 2> <OutPorts = 1>

State 30 <SV = 27> <Delay = 3.44>
ST_30 : Operation 141 [20/36] (3.44ns)   --->   "%nextWriteLinIndex = urem i32 %add_ln111, i32 %max_lin_count" [dlin.c:111]   --->   Operation 141 'urem' 'nextWriteLinIndex' <Predicate = true> <Delay = 3.44> <CoreInst = "DivnS_SEQ">   --->   Core 7 'DivnS_SEQ' <Latency = 35> <II = 32> <Delay = 3.44> <FuncUnit> <Opcode : 'sdiv' 'srem' 'udiv' 'urem'> <InPorts = 2> <OutPorts = 1>

State 31 <SV = 28> <Delay = 3.44>
ST_31 : Operation 142 [19/36] (3.44ns)   --->   "%nextWriteLinIndex = urem i32 %add_ln111, i32 %max_lin_count" [dlin.c:111]   --->   Operation 142 'urem' 'nextWriteLinIndex' <Predicate = true> <Delay = 3.44> <CoreInst = "DivnS_SEQ">   --->   Core 7 'DivnS_SEQ' <Latency = 35> <II = 32> <Delay = 3.44> <FuncUnit> <Opcode : 'sdiv' 'srem' 'udiv' 'urem'> <InPorts = 2> <OutPorts = 1>

State 32 <SV = 29> <Delay = 3.44>
ST_32 : Operation 143 [18/36] (3.44ns)   --->   "%nextWriteLinIndex = urem i32 %add_ln111, i32 %max_lin_count" [dlin.c:111]   --->   Operation 143 'urem' 'nextWriteLinIndex' <Predicate = true> <Delay = 3.44> <CoreInst = "DivnS_SEQ">   --->   Core 7 'DivnS_SEQ' <Latency = 35> <II = 32> <Delay = 3.44> <FuncUnit> <Opcode : 'sdiv' 'srem' 'udiv' 'urem'> <InPorts = 2> <OutPorts = 1>

State 33 <SV = 30> <Delay = 3.44>
ST_33 : Operation 144 [17/36] (3.44ns)   --->   "%nextWriteLinIndex = urem i32 %add_ln111, i32 %max_lin_count" [dlin.c:111]   --->   Operation 144 'urem' 'nextWriteLinIndex' <Predicate = true> <Delay = 3.44> <CoreInst = "DivnS_SEQ">   --->   Core 7 'DivnS_SEQ' <Latency = 35> <II = 32> <Delay = 3.44> <FuncUnit> <Opcode : 'sdiv' 'srem' 'udiv' 'urem'> <InPorts = 2> <OutPorts = 1>

State 34 <SV = 31> <Delay = 3.44>
ST_34 : Operation 145 [16/36] (3.44ns)   --->   "%nextWriteLinIndex = urem i32 %add_ln111, i32 %max_lin_count" [dlin.c:111]   --->   Operation 145 'urem' 'nextWriteLinIndex' <Predicate = true> <Delay = 3.44> <CoreInst = "DivnS_SEQ">   --->   Core 7 'DivnS_SEQ' <Latency = 35> <II = 32> <Delay = 3.44> <FuncUnit> <Opcode : 'sdiv' 'srem' 'udiv' 'urem'> <InPorts = 2> <OutPorts = 1>

State 35 <SV = 32> <Delay = 3.44>
ST_35 : Operation 146 [15/36] (3.44ns)   --->   "%nextWriteLinIndex = urem i32 %add_ln111, i32 %max_lin_count" [dlin.c:111]   --->   Operation 146 'urem' 'nextWriteLinIndex' <Predicate = true> <Delay = 3.44> <CoreInst = "DivnS_SEQ">   --->   Core 7 'DivnS_SEQ' <Latency = 35> <II = 32> <Delay = 3.44> <FuncUnit> <Opcode : 'sdiv' 'srem' 'udiv' 'urem'> <InPorts = 2> <OutPorts = 1>

State 36 <SV = 33> <Delay = 3.44>
ST_36 : Operation 147 [14/36] (3.44ns)   --->   "%nextWriteLinIndex = urem i32 %add_ln111, i32 %max_lin_count" [dlin.c:111]   --->   Operation 147 'urem' 'nextWriteLinIndex' <Predicate = true> <Delay = 3.44> <CoreInst = "DivnS_SEQ">   --->   Core 7 'DivnS_SEQ' <Latency = 35> <II = 32> <Delay = 3.44> <FuncUnit> <Opcode : 'sdiv' 'srem' 'udiv' 'urem'> <InPorts = 2> <OutPorts = 1>

State 37 <SV = 34> <Delay = 3.44>
ST_37 : Operation 148 [13/36] (3.44ns)   --->   "%nextWriteLinIndex = urem i32 %add_ln111, i32 %max_lin_count" [dlin.c:111]   --->   Operation 148 'urem' 'nextWriteLinIndex' <Predicate = true> <Delay = 3.44> <CoreInst = "DivnS_SEQ">   --->   Core 7 'DivnS_SEQ' <Latency = 35> <II = 32> <Delay = 3.44> <FuncUnit> <Opcode : 'sdiv' 'srem' 'udiv' 'urem'> <InPorts = 2> <OutPorts = 1>

State 38 <SV = 35> <Delay = 3.44>
ST_38 : Operation 149 [12/36] (3.44ns)   --->   "%nextWriteLinIndex = urem i32 %add_ln111, i32 %max_lin_count" [dlin.c:111]   --->   Operation 149 'urem' 'nextWriteLinIndex' <Predicate = true> <Delay = 3.44> <CoreInst = "DivnS_SEQ">   --->   Core 7 'DivnS_SEQ' <Latency = 35> <II = 32> <Delay = 3.44> <FuncUnit> <Opcode : 'sdiv' 'srem' 'udiv' 'urem'> <InPorts = 2> <OutPorts = 1>

State 39 <SV = 36> <Delay = 3.44>
ST_39 : Operation 150 [11/36] (3.44ns)   --->   "%nextWriteLinIndex = urem i32 %add_ln111, i32 %max_lin_count" [dlin.c:111]   --->   Operation 150 'urem' 'nextWriteLinIndex' <Predicate = true> <Delay = 3.44> <CoreInst = "DivnS_SEQ">   --->   Core 7 'DivnS_SEQ' <Latency = 35> <II = 32> <Delay = 3.44> <FuncUnit> <Opcode : 'sdiv' 'srem' 'udiv' 'urem'> <InPorts = 2> <OutPorts = 1>

State 40 <SV = 37> <Delay = 3.44>
ST_40 : Operation 151 [10/36] (3.44ns)   --->   "%nextWriteLinIndex = urem i32 %add_ln111, i32 %max_lin_count" [dlin.c:111]   --->   Operation 151 'urem' 'nextWriteLinIndex' <Predicate = true> <Delay = 3.44> <CoreInst = "DivnS_SEQ">   --->   Core 7 'DivnS_SEQ' <Latency = 35> <II = 32> <Delay = 3.44> <FuncUnit> <Opcode : 'sdiv' 'srem' 'udiv' 'urem'> <InPorts = 2> <OutPorts = 1>

State 41 <SV = 38> <Delay = 3.44>
ST_41 : Operation 152 [9/36] (3.44ns)   --->   "%nextWriteLinIndex = urem i32 %add_ln111, i32 %max_lin_count" [dlin.c:111]   --->   Operation 152 'urem' 'nextWriteLinIndex' <Predicate = true> <Delay = 3.44> <CoreInst = "DivnS_SEQ">   --->   Core 7 'DivnS_SEQ' <Latency = 35> <II = 32> <Delay = 3.44> <FuncUnit> <Opcode : 'sdiv' 'srem' 'udiv' 'urem'> <InPorts = 2> <OutPorts = 1>

State 42 <SV = 39> <Delay = 3.44>
ST_42 : Operation 153 [8/36] (3.44ns)   --->   "%nextWriteLinIndex = urem i32 %add_ln111, i32 %max_lin_count" [dlin.c:111]   --->   Operation 153 'urem' 'nextWriteLinIndex' <Predicate = true> <Delay = 3.44> <CoreInst = "DivnS_SEQ">   --->   Core 7 'DivnS_SEQ' <Latency = 35> <II = 32> <Delay = 3.44> <FuncUnit> <Opcode : 'sdiv' 'srem' 'udiv' 'urem'> <InPorts = 2> <OutPorts = 1>

State 43 <SV = 40> <Delay = 3.44>
ST_43 : Operation 154 [7/36] (3.44ns)   --->   "%nextWriteLinIndex = urem i32 %add_ln111, i32 %max_lin_count" [dlin.c:111]   --->   Operation 154 'urem' 'nextWriteLinIndex' <Predicate = true> <Delay = 3.44> <CoreInst = "DivnS_SEQ">   --->   Core 7 'DivnS_SEQ' <Latency = 35> <II = 32> <Delay = 3.44> <FuncUnit> <Opcode : 'sdiv' 'srem' 'udiv' 'urem'> <InPorts = 2> <OutPorts = 1>

State 44 <SV = 41> <Delay = 3.44>
ST_44 : Operation 155 [6/36] (3.44ns)   --->   "%nextWriteLinIndex = urem i32 %add_ln111, i32 %max_lin_count" [dlin.c:111]   --->   Operation 155 'urem' 'nextWriteLinIndex' <Predicate = true> <Delay = 3.44> <CoreInst = "DivnS_SEQ">   --->   Core 7 'DivnS_SEQ' <Latency = 35> <II = 32> <Delay = 3.44> <FuncUnit> <Opcode : 'sdiv' 'srem' 'udiv' 'urem'> <InPorts = 2> <OutPorts = 1>

State 45 <SV = 42> <Delay = 3.44>
ST_45 : Operation 156 [5/36] (3.44ns)   --->   "%nextWriteLinIndex = urem i32 %add_ln111, i32 %max_lin_count" [dlin.c:111]   --->   Operation 156 'urem' 'nextWriteLinIndex' <Predicate = true> <Delay = 3.44> <CoreInst = "DivnS_SEQ">   --->   Core 7 'DivnS_SEQ' <Latency = 35> <II = 32> <Delay = 3.44> <FuncUnit> <Opcode : 'sdiv' 'srem' 'udiv' 'urem'> <InPorts = 2> <OutPorts = 1>

State 46 <SV = 43> <Delay = 3.44>
ST_46 : Operation 157 [4/36] (3.44ns)   --->   "%nextWriteLinIndex = urem i32 %add_ln111, i32 %max_lin_count" [dlin.c:111]   --->   Operation 157 'urem' 'nextWriteLinIndex' <Predicate = true> <Delay = 3.44> <CoreInst = "DivnS_SEQ">   --->   Core 7 'DivnS_SEQ' <Latency = 35> <II = 32> <Delay = 3.44> <FuncUnit> <Opcode : 'sdiv' 'srem' 'udiv' 'urem'> <InPorts = 2> <OutPorts = 1>

State 47 <SV = 44> <Delay = 3.44>
ST_47 : Operation 158 [1/1] (0.00ns)   --->   "%ringbuffer_header_bytes_addr_4 = getelementptr i8 %ringbuffer_header_bytes, i32 0, i32 20" [dlin.c:103]   --->   Operation 158 'getelementptr' 'ringbuffer_header_bytes_addr_4' <Predicate = true> <Delay = 0.00>
ST_47 : Operation 159 [2/2] (1.75ns)   --->   "%ringbuffer_header_bytes_load_4 = load i5 %ringbuffer_header_bytes_addr_4" [dlin.c:103]   --->   Operation 159 'load' 'ringbuffer_header_bytes_load_4' <Predicate = true> <Delay = 1.75> <CoreInst = "RAM">   --->   Core 82 'RAM' <Latency = 1> <II = 1> <Delay = 1.75> <Storage> <Opcode : 'load' 'store'> <Ports = 2> <Width = 8> <Depth = 28> <RAM>
ST_47 : Operation 160 [1/1] (0.00ns)   --->   "%ringbuffer_header_bytes_addr_5 = getelementptr i8 %ringbuffer_header_bytes, i32 0, i32 21" [dlin.c:104]   --->   Operation 160 'getelementptr' 'ringbuffer_header_bytes_addr_5' <Predicate = true> <Delay = 0.00>
ST_47 : Operation 161 [2/2] (1.75ns)   --->   "%ringbuffer_header_bytes_load_5 = load i5 %ringbuffer_header_bytes_addr_5" [dlin.c:104]   --->   Operation 161 'load' 'ringbuffer_header_bytes_load_5' <Predicate = true> <Delay = 1.75> <CoreInst = "RAM">   --->   Core 82 'RAM' <Latency = 1> <II = 1> <Delay = 1.75> <Storage> <Opcode : 'load' 'store'> <Ports = 2> <Width = 8> <Depth = 28> <RAM>
ST_47 : Operation 162 [3/36] (3.44ns)   --->   "%nextWriteLinIndex = urem i32 %add_ln111, i32 %max_lin_count" [dlin.c:111]   --->   Operation 162 'urem' 'nextWriteLinIndex' <Predicate = true> <Delay = 3.44> <CoreInst = "DivnS_SEQ">   --->   Core 7 'DivnS_SEQ' <Latency = 35> <II = 32> <Delay = 3.44> <FuncUnit> <Opcode : 'sdiv' 'srem' 'udiv' 'urem'> <InPorts = 2> <OutPorts = 1>

State 48 <SV = 45> <Delay = 3.44>
ST_48 : Operation 163 [1/2] (1.75ns)   --->   "%ringbuffer_header_bytes_load_4 = load i5 %ringbuffer_header_bytes_addr_4" [dlin.c:103]   --->   Operation 163 'load' 'ringbuffer_header_bytes_load_4' <Predicate = true> <Delay = 1.75> <CoreInst = "RAM">   --->   Core 82 'RAM' <Latency = 1> <II = 1> <Delay = 1.75> <Storage> <Opcode : 'load' 'store'> <Ports = 2> <Width = 8> <Depth = 28> <RAM>
ST_48 : Operation 164 [1/2] (1.75ns)   --->   "%ringbuffer_header_bytes_load_5 = load i5 %ringbuffer_header_bytes_addr_5" [dlin.c:104]   --->   Operation 164 'load' 'ringbuffer_header_bytes_load_5' <Predicate = true> <Delay = 1.75> <CoreInst = "RAM">   --->   Core 82 'RAM' <Latency = 1> <II = 1> <Delay = 1.75> <Storage> <Opcode : 'load' 'store'> <Ports = 2> <Width = 8> <Depth = 28> <RAM>
ST_48 : Operation 165 [1/1] (0.00ns)   --->   "%ringbuffer_header_bytes_addr_6 = getelementptr i8 %ringbuffer_header_bytes, i32 0, i32 22" [dlin.c:105]   --->   Operation 165 'getelementptr' 'ringbuffer_header_bytes_addr_6' <Predicate = true> <Delay = 0.00>
ST_48 : Operation 166 [2/2] (1.75ns)   --->   "%ringbuffer_header_bytes_load_6 = load i5 %ringbuffer_header_bytes_addr_6" [dlin.c:105]   --->   Operation 166 'load' 'ringbuffer_header_bytes_load_6' <Predicate = true> <Delay = 1.75> <CoreInst = "RAM">   --->   Core 82 'RAM' <Latency = 1> <II = 1> <Delay = 1.75> <Storage> <Opcode : 'load' 'store'> <Ports = 2> <Width = 8> <Depth = 28> <RAM>
ST_48 : Operation 167 [1/1] (0.00ns)   --->   "%ringbuffer_header_bytes_addr_7 = getelementptr i8 %ringbuffer_header_bytes, i32 0, i32 23" [dlin.c:106]   --->   Operation 167 'getelementptr' 'ringbuffer_header_bytes_addr_7' <Predicate = true> <Delay = 0.00>
ST_48 : Operation 168 [2/2] (1.75ns)   --->   "%ringbuffer_header_bytes_load_7 = load i5 %ringbuffer_header_bytes_addr_7" [dlin.c:106]   --->   Operation 168 'load' 'ringbuffer_header_bytes_load_7' <Predicate = true> <Delay = 1.75> <CoreInst = "RAM">   --->   Core 82 'RAM' <Latency = 1> <II = 1> <Delay = 1.75> <Storage> <Opcode : 'load' 'store'> <Ports = 2> <Width = 8> <Depth = 28> <RAM>
ST_48 : Operation 169 [2/36] (3.44ns)   --->   "%nextWriteLinIndex = urem i32 %add_ln111, i32 %max_lin_count" [dlin.c:111]   --->   Operation 169 'urem' 'nextWriteLinIndex' <Predicate = true> <Delay = 3.44> <CoreInst = "DivnS_SEQ">   --->   Core 7 'DivnS_SEQ' <Latency = 35> <II = 32> <Delay = 3.44> <FuncUnit> <Opcode : 'sdiv' 'srem' 'udiv' 'urem'> <InPorts = 2> <OutPorts = 1>

State 49 <SV = 46> <Delay = 6.70>
ST_49 : Operation 170 [1/2] (1.75ns)   --->   "%ringbuffer_header_bytes_load_6 = load i5 %ringbuffer_header_bytes_addr_6" [dlin.c:105]   --->   Operation 170 'load' 'ringbuffer_header_bytes_load_6' <Predicate = true> <Delay = 1.75> <CoreInst = "RAM">   --->   Core 82 'RAM' <Latency = 1> <II = 1> <Delay = 1.75> <Storage> <Opcode : 'load' 'store'> <Ports = 2> <Width = 8> <Depth = 28> <RAM>
ST_49 : Operation 171 [1/2] (1.75ns)   --->   "%ringbuffer_header_bytes_load_7 = load i5 %ringbuffer_header_bytes_addr_7" [dlin.c:106]   --->   Operation 171 'load' 'ringbuffer_header_bytes_load_7' <Predicate = true> <Delay = 1.75> <CoreInst = "RAM">   --->   Core 82 'RAM' <Latency = 1> <II = 1> <Delay = 1.75> <Storage> <Opcode : 'load' 'store'> <Ports = 2> <Width = 8> <Depth = 28> <RAM>
ST_49 : Operation 172 [1/1] (0.00ns)   --->   "%readLinIndex = bitconcatenate i32 @_ssdm_op_BitConcatenate.i32.i8.i8.i8.i8, i8 %ringbuffer_header_bytes_load_4, i8 %ringbuffer_header_bytes_load_5, i8 %ringbuffer_header_bytes_load_6, i8 %ringbuffer_header_bytes_load_7" [dlin.c:105]   --->   Operation 172 'bitconcatenate' 'readLinIndex' <Predicate = true> <Delay = 0.00>
ST_49 : Operation 173 [1/36] (3.44ns)   --->   "%nextWriteLinIndex = urem i32 %add_ln111, i32 %max_lin_count" [dlin.c:111]   --->   Operation 173 'urem' 'nextWriteLinIndex' <Predicate = true> <Delay = 3.44> <CoreInst = "DivnS_SEQ">   --->   Core 7 'DivnS_SEQ' <Latency = 35> <II = 32> <Delay = 3.44> <FuncUnit> <Opcode : 'sdiv' 'srem' 'udiv' 'urem'> <InPorts = 2> <OutPorts = 1>
ST_49 : Operation 174 [1/1] (1.96ns)   --->   "%icmp_ln113 = icmp_eq  i32 %nextWriteLinIndex, i32 %readLinIndex" [dlin.c:113]   --->   Operation 174 'icmp' 'icmp_ln113' <Predicate = true> <Delay = 1.96> <CoreInst = "Cmp">   --->   Core 9 'Cmp' <Latency = 0> <II = 1> <Delay = 1.96> <FuncUnit> <Opcode : 'icmp'> <InPorts = 2> <OutPorts = 1>
ST_49 : Operation 175 [1/1] (0.00ns)   --->   "%br_ln113 = br i1 %icmp_ln113, void %if.else, void %if.then" [dlin.c:113]   --->   Operation 175 'br' 'br_ln113' <Predicate = true> <Delay = 0.00>
ST_49 : Operation 176 [1/1] (0.00ns)   --->   "%loop_index = alloca i32 1"   --->   Operation 176 'alloca' 'loop_index' <Predicate = (!icmp_ln113)> <Delay = 0.00>
ST_49 : Operation 177 [1/1] (0.00ns)   --->   "%trunc_ln120 = trunc i8 %ringbuffer_header_bytes_load_8" [dlin.c:120]   --->   Operation 177 'trunc' 'trunc_ln120' <Predicate = (!icmp_ln113)> <Delay = 0.00>
ST_49 : Operation 178 [1/1] (0.00ns)   --->   "%shl_ln = bitconcatenate i32 @_ssdm_op_BitConcatenate.i32.i3.i8.i8.i8.i5, i3 %trunc_ln120, i8 %ringbuffer_header_bytes_load_9, i8 %ringbuffer_header_bytes_load_10, i8 %ringbuffer_header_bytes_load_11, i5 0" [dlin.c:120]   --->   Operation 178 'bitconcatenate' 'shl_ln' <Predicate = (!icmp_ln113)> <Delay = 0.00>
ST_49 : Operation 179 [1/1] (0.00ns)   --->   "%trunc_ln120_1 = trunc i8 %ringbuffer_header_bytes_load_8" [dlin.c:120]   --->   Operation 179 'trunc' 'trunc_ln120_1' <Predicate = (!icmp_ln113)> <Delay = 0.00>
ST_49 : Operation 180 [1/1] (0.00ns)   --->   "%shl_ln120_1 = bitconcatenate i32 @_ssdm_op_BitConcatenate.i32.i6.i8.i8.i8.i2, i6 %trunc_ln120_1, i8 %ringbuffer_header_bytes_load_9, i8 %ringbuffer_header_bytes_load_10, i8 %ringbuffer_header_bytes_load_11, i2 0" [dlin.c:120]   --->   Operation 180 'bitconcatenate' 'shl_ln120_1' <Predicate = (!icmp_ln113)> <Delay = 0.00>
ST_49 : Operation 181 [1/1] (1.89ns)   --->   "%sub_ln120 = sub i32 %shl_ln, i32 %shl_ln120_1" [dlin.c:120]   --->   Operation 181 'sub' 'sub_ln120' <Predicate = (!icmp_ln113)> <Delay = 1.89> <CoreInst = "Adder">   --->   Core 1 'Adder' <Latency = 0> <II = 1> <Delay = 1.89> <FuncUnit> <Opcode : 'add' 'sub'> <InPorts = 2> <OutPorts = 1>
ST_49 : Operation 182 [1/1] (0.00ns) (grouped into TernaryAdder)   --->   "%add_ln120 = add i32 %sub_ln120, i32 28" [dlin.c:120]   --->   Operation 182 'add' 'add_ln120' <Predicate = (!icmp_ln113)> <Delay = 0.00> <CoreInst = "TAddSub">   --->   Core 10 'TAddSub' <Latency = 0> <II = 1> <Delay = 1.79> <IPBlock> <Opcode : 'add' 'sub'> <InPorts = 3> <OutPorts = 1> <Sync> <CReg>
ST_49 : Operation 183 [1/1] (3.58ns) (root node of TernaryAdder)   --->   "%add_ln120_1 = add i32 %add_ln120, i32 %ddr_header_read" [dlin.c:120]   --->   Operation 183 'add' 'add_ln120_1' <Predicate = (!icmp_ln113)> <Delay = 3.58> <CoreInst = "TAddSub">   --->   Core 10 'TAddSub' <Latency = 0> <II = 1> <Delay = 1.79> <IPBlock> <Opcode : 'add' 'sub'> <InPorts = 3> <OutPorts = 1> <Sync> <CReg>
ST_49 : Operation 184 [1/1] (0.00ns)   --->   "%ps_ddr_addr_2 = getelementptr i8 %ps_ddr, i32 %add_ln120_1" [dlin.c:120]   --->   Operation 184 'getelementptr' 'ps_ddr_addr_2' <Predicate = (!icmp_ln113)> <Delay = 0.00>
ST_49 : Operation 185 [1/1] (1.29ns)   --->   "%store_ln120 = store i5 0, i5 %loop_index" [dlin.c:120]   --->   Operation 185 'store' 'store_ln120' <Predicate = (!icmp_ln113)> <Delay = 1.29>
ST_49 : Operation 186 [1/1] (1.89ns)   --->   "%add_ln115 = add i32 %ddr_header_read, i32 4" [dlin.c:115]   --->   Operation 186 'add' 'add_ln115' <Predicate = (icmp_ln113)> <Delay = 1.89> <CoreInst = "Adder">   --->   Core 1 'Adder' <Latency = 0> <II = 1> <Delay = 1.89> <FuncUnit> <Opcode : 'add' 'sub'> <InPorts = 2> <OutPorts = 1>
ST_49 : Operation 187 [1/1] (0.00ns)   --->   "%ps_ddr_addr_1 = getelementptr i8 %ps_ddr, i32 %add_ln115" [dlin.c:115]   --->   Operation 187 'getelementptr' 'ps_ddr_addr_1' <Predicate = (icmp_ln113)> <Delay = 0.00>

State 50 <SV = 47> <Delay = 7.30>
ST_50 : Operation 188 [1/1] (7.30ns)   --->   "%empty_54 = writereq i1 @_ssdm_op_WriteReq.m_axi.p1i8, i8 %ps_ddr_addr_2, i32 28" [dlin.c:120]   --->   Operation 188 'writereq' 'empty_54' <Predicate = true> <Delay = 7.30> <CoreInst = "m_axi">   --->   Core 113 'm_axi' <Latency = 0> <II = 1> <Delay = 1.00> <Adapter> <Opcode : 'read' 'write' 'readreq' 'writereq' 'writeresp'>
ST_50 : Operation 189 [1/1] (0.00ns)   --->   "%br_ln120 = br void %load-store-loop" [dlin.c:120]   --->   Operation 189 'br' 'br_ln120' <Predicate = true> <Delay = 0.00>

State 51 <SV = 48> <Delay = 2.32>
ST_51 : Operation 190 [1/1] (0.00ns)   --->   "%loop_index_load = load i5 %loop_index"   --->   Operation 190 'load' 'loop_index_load' <Predicate = true> <Delay = 0.00>
ST_51 : Operation 191 [1/1] (0.97ns)   --->   "%exitcond55 = icmp_eq  i5 %loop_index_load, i5 28"   --->   Operation 191 'icmp' 'exitcond55' <Predicate = true> <Delay = 0.97> <CoreInst = "Cmp">   --->   Core 9 'Cmp' <Latency = 0> <II = 1> <Delay = 0.97> <FuncUnit> <Opcode : 'icmp'> <InPorts = 2> <OutPorts = 1>
ST_51 : Operation 192 [1/1] (0.00ns)   --->   "%empty_55 = speclooptripcount i32 @_ssdm_op_SpecLoopTripCount, i64 28, i64 28, i64 28"   --->   Operation 192 'speclooptripcount' 'empty_55' <Predicate = true> <Delay = 0.00>
ST_51 : Operation 193 [1/1] (1.02ns)   --->   "%empty_56 = add i5 %loop_index_load, i5 1"   --->   Operation 193 'add' 'empty_56' <Predicate = true> <Delay = 1.02> <CoreInst = "Adder">   --->   Core 1 'Adder' <Latency = 0> <II = 1> <Delay = 1.02> <FuncUnit> <Opcode : 'add' 'sub'> <InPorts = 2> <OutPorts = 1>
ST_51 : Operation 194 [1/1] (0.00ns)   --->   "%br_ln0 = br i1 %exitcond55, void %load-store-loop.split, void %memcpy-split"   --->   Operation 194 'br' 'br_ln0' <Predicate = true> <Delay = 0.00>
ST_51 : Operation 195 [1/1] (0.00ns)   --->   "%loop_index_cast = zext i5 %loop_index_load"   --->   Operation 195 'zext' 'loop_index_cast' <Predicate = (!exitcond55)> <Delay = 0.00>
ST_51 : Operation 196 [1/1] (0.00ns)   --->   "%data_addr = getelementptr i8 %data, i32 0, i32 %loop_index_cast"   --->   Operation 196 'getelementptr' 'data_addr' <Predicate = (!exitcond55)> <Delay = 0.00>
ST_51 : Operation 197 [2/2] (1.75ns)   --->   "%data_load = load i5 %data_addr"   --->   Operation 197 'load' 'data_load' <Predicate = (!exitcond55)> <Delay = 1.75> <CoreInst = "RAM">   --->   Core 82 'RAM' <Latency = 1> <II = 1> <Delay = 1.75> <Storage> <Opcode : 'load' 'store'> <Ports = 2> <Width = 8> <Depth = 28> <RAM>
ST_51 : Operation 198 [1/1] (1.29ns)   --->   "%store_ln0 = store i5 %empty_56, i5 %loop_index"   --->   Operation 198 'store' 'store_ln0' <Predicate = (!exitcond55)> <Delay = 1.29>
ST_51 : Operation 199 [1/1] (0.00ns)   --->   "%loop_index_i = alloca i32 1"   --->   Operation 199 'alloca' 'loop_index_i' <Predicate = (exitcond55)> <Delay = 0.00>
ST_51 : Operation 200 [1/1] (1.89ns)   --->   "%add_ln17 = add i32 %ddr_header_read, i32 24" [clu.c:17]   --->   Operation 200 'add' 'add_ln17' <Predicate = (exitcond55)> <Delay = 1.89> <CoreInst = "Adder">   --->   Core 1 'Adder' <Latency = 0> <II = 1> <Delay = 1.89> <FuncUnit> <Opcode : 'add' 'sub'> <InPorts = 2> <OutPorts = 1>
ST_51 : Operation 201 [1/1] (0.00ns)   --->   "%ps_ddr_addr_3 = getelementptr i8 %ps_ddr, i32 %add_ln17" [clu.c:17]   --->   Operation 201 'getelementptr' 'ps_ddr_addr_3' <Predicate = (exitcond55)> <Delay = 0.00>
ST_51 : Operation 202 [1/1] (1.29ns)   --->   "%store_ln17 = store i3 0, i3 %loop_index_i" [clu.c:17]   --->   Operation 202 'store' 'store_ln17' <Predicate = (exitcond55)> <Delay = 1.29>

State 52 <SV = 49> <Delay = 1.75>
ST_52 : Operation 203 [1/2] (1.75ns)   --->   "%data_load = load i5 %data_addr"   --->   Operation 203 'load' 'data_load' <Predicate = true> <Delay = 1.75> <CoreInst = "RAM">   --->   Core 82 'RAM' <Latency = 1> <II = 1> <Delay = 1.75> <Storage> <Opcode : 'load' 'store'> <Ports = 2> <Width = 8> <Depth = 28> <RAM>

State 53 <SV = 50> <Delay = 7.30>
ST_53 : Operation 204 [1/1] (7.30ns)   --->   "%write_ln120 = write void @_ssdm_op_Write.m_axi.p1i8, i8 %ps_ddr_addr_2, i8 %data_load, i1 1" [dlin.c:120]   --->   Operation 204 'write' 'write_ln120' <Predicate = true> <Delay = 7.30> <CoreInst = "m_axi">   --->   Core 113 'm_axi' <Latency = 0> <II = 1> <Delay = 1.00> <Adapter> <Opcode : 'read' 'write' 'readreq' 'writereq' 'writeresp'>
ST_53 : Operation 205 [1/1] (0.00ns)   --->   "%br_ln0 = br void %load-store-loop"   --->   Operation 205 'br' 'br_ln0' <Predicate = true> <Delay = 0.00>

State 54 <SV = 49> <Delay = 7.30>
ST_54 : Operation 206 [5/5] (7.30ns)   --->   "%empty_57 = writeresp i1 @_ssdm_op_WriteResp.m_axi.p1i8, i8 %ps_ddr_addr_2" [clu.c:10]   --->   Operation 206 'writeresp' 'empty_57' <Predicate = true> <Delay = 7.30> <CoreInst = "m_axi">   --->   Core 113 'm_axi' <Latency = 0> <II = 1> <Delay = 1.00> <Adapter> <Opcode : 'read' 'write' 'readreq' 'writereq' 'writeresp'>
ST_54 : Operation 207 [1/1] (7.30ns)   --->   "%empty_58 = writereq i1 @_ssdm_op_WriteReq.m_axi.p1i8, i8 %ps_ddr_addr_3, i32 4" [clu.c:17]   --->   Operation 207 'writereq' 'empty_58' <Predicate = true> <Delay = 7.30> <CoreInst = "m_axi">   --->   Core 113 'm_axi' <Latency = 0> <II = 1> <Delay = 1.00> <Adapter> <Opcode : 'read' 'write' 'readreq' 'writereq' 'writeresp'>

State 55 <SV = 50> <Delay = 7.30>
ST_55 : Operation 208 [4/5] (7.30ns)   --->   "%empty_57 = writeresp i1 @_ssdm_op_WriteResp.m_axi.p1i8, i8 %ps_ddr_addr_2" [clu.c:10]   --->   Operation 208 'writeresp' 'empty_57' <Predicate = true> <Delay = 7.30> <CoreInst = "m_axi">   --->   Core 113 'm_axi' <Latency = 0> <II = 1> <Delay = 1.00> <Adapter> <Opcode : 'read' 'write' 'readreq' 'writereq' 'writeresp'>

State 56 <SV = 51> <Delay = 7.30>
ST_56 : Operation 209 [3/5] (7.30ns)   --->   "%empty_57 = writeresp i1 @_ssdm_op_WriteResp.m_axi.p1i8, i8 %ps_ddr_addr_2" [clu.c:10]   --->   Operation 209 'writeresp' 'empty_57' <Predicate = true> <Delay = 7.30> <CoreInst = "m_axi">   --->   Core 113 'm_axi' <Latency = 0> <II = 1> <Delay = 1.00> <Adapter> <Opcode : 'read' 'write' 'readreq' 'writereq' 'writeresp'>

State 57 <SV = 52> <Delay = 7.30>
ST_57 : Operation 210 [2/5] (7.30ns)   --->   "%empty_57 = writeresp i1 @_ssdm_op_WriteResp.m_axi.p1i8, i8 %ps_ddr_addr_2" [clu.c:10]   --->   Operation 210 'writeresp' 'empty_57' <Predicate = true> <Delay = 7.30> <CoreInst = "m_axi">   --->   Core 113 'm_axi' <Latency = 0> <II = 1> <Delay = 1.00> <Adapter> <Opcode : 'read' 'write' 'readreq' 'writereq' 'writeresp'>

State 58 <SV = 53> <Delay = 7.30>
ST_58 : Operation 211 [1/5] (7.30ns)   --->   "%empty_57 = writeresp i1 @_ssdm_op_WriteResp.m_axi.p1i8, i8 %ps_ddr_addr_2" [clu.c:10]   --->   Operation 211 'writeresp' 'empty_57' <Predicate = true> <Delay = 7.30> <CoreInst = "m_axi">   --->   Core 113 'm_axi' <Latency = 0> <II = 1> <Delay = 1.00> <Adapter> <Opcode : 'read' 'write' 'readreq' 'writereq' 'writeresp'>
ST_58 : Operation 212 [1/1] (0.00ns)   --->   "%write_index_array_0 = partselect i8 @_ssdm_op_PartSelect.i8.i32.i32.i32, i32 %nextWriteLinIndex, i32 24, i32 31" [clu.c:13]   --->   Operation 212 'partselect' 'write_index_array_0' <Predicate = true> <Delay = 0.00>
ST_58 : Operation 213 [1/1] (0.00ns)   --->   "%write_index_array_1 = partselect i8 @_ssdm_op_PartSelect.i8.i32.i32.i32, i32 %nextWriteLinIndex, i32 16, i32 23" [clu.c:14]   --->   Operation 213 'partselect' 'write_index_array_1' <Predicate = true> <Delay = 0.00>
ST_58 : Operation 214 [1/1] (0.00ns)   --->   "%write_index_array_2 = partselect i8 @_ssdm_op_PartSelect.i8.i32.i32.i32, i32 %nextWriteLinIndex, i32 8, i32 15" [clu.c:15]   --->   Operation 214 'partselect' 'write_index_array_2' <Predicate = true> <Delay = 0.00>
ST_58 : Operation 215 [1/1] (0.00ns)   --->   "%write_index_array_3 = trunc i32 %nextWriteLinIndex" [clu.c:16]   --->   Operation 215 'trunc' 'write_index_array_3' <Predicate = true> <Delay = 0.00>
ST_58 : Operation 216 [1/1] (0.00ns)   --->   "%br_ln17 = br void %load-store-loop.i" [clu.c:17]   --->   Operation 216 'br' 'br_ln17' <Predicate = true> <Delay = 0.00>

State 59 <SV = 54> <Delay = 2.27>
ST_59 : Operation 217 [1/1] (0.00ns)   --->   "%loop_index_i_load = load i3 %loop_index_i"   --->   Operation 217 'load' 'loop_index_i_load' <Predicate = true> <Delay = 0.00>
ST_59 : Operation 218 [1/1] (0.98ns)   --->   "%exitcond4 = icmp_eq  i3 %loop_index_i_load, i3 4"   --->   Operation 218 'icmp' 'exitcond4' <Predicate = true> <Delay = 0.98> <CoreInst = "Cmp">   --->   Core 9 'Cmp' <Latency = 0> <II = 1> <Delay = 0.98> <FuncUnit> <Opcode : 'icmp'> <InPorts = 2> <OutPorts = 1>
ST_59 : Operation 219 [1/1] (0.00ns)   --->   "%empty_59 = speclooptripcount i32 @_ssdm_op_SpecLoopTripCount, i64 4, i64 4, i64 4"   --->   Operation 219 'speclooptripcount' 'empty_59' <Predicate = true> <Delay = 0.00>
ST_59 : Operation 220 [1/1] (0.76ns)   --->   "%empty_60 = add i3 %loop_index_i_load, i3 1"   --->   Operation 220 'add' 'empty_60' <Predicate = true> <Delay = 0.76> <CoreInst = "Adder">   --->   Core 1 'Adder' <Latency = 0> <II = 1> <Delay = 0.76> <FuncUnit> <Opcode : 'add' 'sub'> <InPorts = 2> <OutPorts = 1>
ST_59 : Operation 221 [1/1] (0.00ns)   --->   "%br_ln0 = br i1 %exitcond4, void %load-store-loop.i.split, void %update_write_index.exit"   --->   Operation 221 'br' 'br_ln0' <Predicate = true> <Delay = 0.00>
ST_59 : Operation 222 [1/1] (0.00ns)   --->   "%empty_61 = trunc i3 %loop_index_i_load"   --->   Operation 222 'trunc' 'empty_61' <Predicate = (!exitcond4)> <Delay = 0.00>
ST_59 : Operation 223 [1/1] (1.35ns)   --->   "%tmp_6 = mux i8 @_ssdm_op_Mux.ap_auto.4i8.i2, i8 %write_index_array_0, i8 %write_index_array_1, i8 %write_index_array_2, i8 %write_index_array_3, i2 %empty_61" [clu.c:13]   --->   Operation 223 'mux' 'tmp_6' <Predicate = (!exitcond4)> <Delay = 1.35> <CoreInst = "Multiplexer">   --->   Core 76 'Multiplexer' <Latency = 0> <II = 1> <Delay = 1.35> <FuncUnit> <Opcode : 'mux'> <InPorts = 2> <OutPorts = 1>
ST_59 : Operation 224 [1/1] (1.29ns)   --->   "%store_ln0 = store i3 %empty_60, i3 %loop_index_i"   --->   Operation 224 'store' 'store_ln0' <Predicate = (!exitcond4)> <Delay = 1.29>

State 60 <SV = 55> <Delay = 7.30>
ST_60 : Operation 225 [1/1] (7.30ns)   --->   "%write_ln17 = write void @_ssdm_op_Write.m_axi.p1i8, i8 %ps_ddr_addr_3, i8 %tmp_6, i1 1" [clu.c:17]   --->   Operation 225 'write' 'write_ln17' <Predicate = true> <Delay = 7.30> <CoreInst = "m_axi">   --->   Core 113 'm_axi' <Latency = 0> <II = 1> <Delay = 1.00> <Adapter> <Opcode : 'read' 'write' 'readreq' 'writereq' 'writeresp'>
ST_60 : Operation 226 [1/1] (0.00ns)   --->   "%br_ln0 = br void %load-store-loop.i"   --->   Operation 226 'br' 'br_ln0' <Predicate = true> <Delay = 0.00>

State 61 <SV = 55> <Delay = 7.30>
ST_61 : Operation 227 [5/5] (7.30ns)   --->   "%empty_62 = writeresp i1 @_ssdm_op_WriteResp.m_axi.p1i8, i8 %ps_ddr_addr_3" [clu.c:20]   --->   Operation 227 'writeresp' 'empty_62' <Predicate = true> <Delay = 7.30> <CoreInst = "m_axi">   --->   Core 113 'm_axi' <Latency = 0> <II = 1> <Delay = 1.00> <Adapter> <Opcode : 'read' 'write' 'readreq' 'writereq' 'writeresp'>

State 62 <SV = 56> <Delay = 7.30>
ST_62 : Operation 228 [4/5] (7.30ns)   --->   "%empty_62 = writeresp i1 @_ssdm_op_WriteResp.m_axi.p1i8, i8 %ps_ddr_addr_3" [clu.c:20]   --->   Operation 228 'writeresp' 'empty_62' <Predicate = true> <Delay = 7.30> <CoreInst = "m_axi">   --->   Core 113 'm_axi' <Latency = 0> <II = 1> <Delay = 1.00> <Adapter> <Opcode : 'read' 'write' 'readreq' 'writereq' 'writeresp'>

State 63 <SV = 57> <Delay = 7.30>
ST_63 : Operation 229 [3/5] (7.30ns)   --->   "%empty_62 = writeresp i1 @_ssdm_op_WriteResp.m_axi.p1i8, i8 %ps_ddr_addr_3" [clu.c:20]   --->   Operation 229 'writeresp' 'empty_62' <Predicate = true> <Delay = 7.30> <CoreInst = "m_axi">   --->   Core 113 'm_axi' <Latency = 0> <II = 1> <Delay = 1.00> <Adapter> <Opcode : 'read' 'write' 'readreq' 'writereq' 'writeresp'>

State 64 <SV = 58> <Delay = 7.30>
ST_64 : Operation 230 [2/5] (7.30ns)   --->   "%empty_62 = writeresp i1 @_ssdm_op_WriteResp.m_axi.p1i8, i8 %ps_ddr_addr_3" [clu.c:20]   --->   Operation 230 'writeresp' 'empty_62' <Predicate = true> <Delay = 7.30> <CoreInst = "m_axi">   --->   Core 113 'm_axi' <Latency = 0> <II = 1> <Delay = 1.00> <Adapter> <Opcode : 'read' 'write' 'readreq' 'writereq' 'writeresp'>

State 65 <SV = 59> <Delay = 7.30>
ST_65 : Operation 231 [1/5] (7.30ns)   --->   "%empty_62 = writeresp i1 @_ssdm_op_WriteResp.m_axi.p1i8, i8 %ps_ddr_addr_3" [clu.c:20]   --->   Operation 231 'writeresp' 'empty_62' <Predicate = (!icmp_ln113)> <Delay = 7.30> <CoreInst = "m_axi">   --->   Core 113 'm_axi' <Latency = 0> <II = 1> <Delay = 1.00> <Adapter> <Opcode : 'read' 'write' 'readreq' 'writereq' 'writeresp'>
ST_65 : Operation 232 [1/1] (0.00ns)   --->   "%br_ln127 = br void %cleanup" [dlin.c:127]   --->   Operation 232 'br' 'br_ln127' <Predicate = (!icmp_ln113)> <Delay = 0.00>
ST_65 : Operation 233 [1/1] (0.00ns)   --->   "%ret_ln127 = ret" [dlin.c:127]   --->   Operation 233 'ret' 'ret_ln127' <Predicate = true> <Delay = 0.00>

State 66 <SV = 47> <Delay = 7.30>
ST_66 : Operation 234 [1/1] (0.00ns)   --->   "%dropped_lin_counter_load = load i16 %dropped_lin_counter" [dlin.c:114]   --->   Operation 234 'load' 'dropped_lin_counter_load' <Predicate = true> <Delay = 0.00>
ST_66 : Operation 235 [1/1] (0.00ns)   --->   "%trunc_ln114 = trunc i16 %dropped_lin_counter_load" [dlin.c:114]   --->   Operation 235 'trunc' 'trunc_ln114' <Predicate = true> <Delay = 0.00>
ST_66 : Operation 236 [1/1] (1.54ns)   --->   "%add_ln114 = add i16 %dropped_lin_counter_load, i16 1" [dlin.c:114]   --->   Operation 236 'add' 'add_ln114' <Predicate = true> <Delay = 1.54> <CoreInst = "Adder">   --->   Core 1 'Adder' <Latency = 0> <II = 1> <Delay = 1.54> <FuncUnit> <Opcode : 'add' 'sub'> <InPorts = 2> <OutPorts = 1>
ST_66 : Operation 237 [1/1] (0.00ns)   --->   "%store_ln114 = store i16 %add_ln114, i16 %dropped_lin_counter" [dlin.c:114]   --->   Operation 237 'store' 'store_ln114' <Predicate = true> <Delay = 0.00>
ST_66 : Operation 238 [1/1] (1.30ns)   --->   "%add_ln115_1 = add i8 %trunc_ln114, i8 1" [dlin.c:115]   --->   Operation 238 'add' 'add_ln115_1' <Predicate = true> <Delay = 1.30> <CoreInst = "Adder">   --->   Core 1 'Adder' <Latency = 0> <II = 1> <Delay = 1.30> <FuncUnit> <Opcode : 'add' 'sub'> <InPorts = 2> <OutPorts = 1>
ST_66 : Operation 239 [1/1] (7.30ns)   --->   "%ps_ddr_addr_1_req = writereq i1 @_ssdm_op_WriteReq.m_axi.i8P1A, i8 %ps_ddr_addr_1, i32 1" [dlin.c:115]   --->   Operation 239 'writereq' 'ps_ddr_addr_1_req' <Predicate = true> <Delay = 7.30> <CoreInst = "m_axi">   --->   Core 113 'm_axi' <Latency = 0> <II = 1> <Delay = 1.00> <Adapter> <Opcode : 'read' 'write' 'readreq' 'writereq' 'writeresp'>

State 67 <SV = 48> <Delay = 7.30>
ST_67 : Operation 240 [1/1] (7.30ns)   --->   "%write_ln115 = write void @_ssdm_op_Write.m_axi.volatile.i8P1A, i8 %ps_ddr_addr_1, i8 %add_ln115_1, i1 1" [dlin.c:115]   --->   Operation 240 'write' 'write_ln115' <Predicate = true> <Delay = 7.30> <CoreInst = "m_axi">   --->   Core 113 'm_axi' <Latency = 0> <II = 1> <Delay = 1.00> <Adapter> <Opcode : 'read' 'write' 'readreq' 'writereq' 'writeresp'>

State 68 <SV = 49> <Delay = 7.30>
ST_68 : Operation 241 [5/5] (7.30ns)   --->   "%ps_ddr_addr_1_resp = writeresp i1 @_ssdm_op_WriteResp.m_axi.i8P1A, i8 %ps_ddr_addr_1" [dlin.c:115]   --->   Operation 241 'writeresp' 'ps_ddr_addr_1_resp' <Predicate = true> <Delay = 7.30> <CoreInst = "m_axi">   --->   Core 113 'm_axi' <Latency = 0> <II = 1> <Delay = 1.00> <Adapter> <Opcode : 'read' 'write' 'readreq' 'writereq' 'writeresp'>

State 69 <SV = 50> <Delay = 7.30>
ST_69 : Operation 242 [4/5] (7.30ns)   --->   "%ps_ddr_addr_1_resp = writeresp i1 @_ssdm_op_WriteResp.m_axi.i8P1A, i8 %ps_ddr_addr_1" [dlin.c:115]   --->   Operation 242 'writeresp' 'ps_ddr_addr_1_resp' <Predicate = true> <Delay = 7.30> <CoreInst = "m_axi">   --->   Core 113 'm_axi' <Latency = 0> <II = 1> <Delay = 1.00> <Adapter> <Opcode : 'read' 'write' 'readreq' 'writereq' 'writeresp'>

State 70 <SV = 51> <Delay = 7.30>
ST_70 : Operation 243 [3/5] (7.30ns)   --->   "%ps_ddr_addr_1_resp = writeresp i1 @_ssdm_op_WriteResp.m_axi.i8P1A, i8 %ps_ddr_addr_1" [dlin.c:115]   --->   Operation 243 'writeresp' 'ps_ddr_addr_1_resp' <Predicate = true> <Delay = 7.30> <CoreInst = "m_axi">   --->   Core 113 'm_axi' <Latency = 0> <II = 1> <Delay = 1.00> <Adapter> <Opcode : 'read' 'write' 'readreq' 'writereq' 'writeresp'>

State 71 <SV = 52> <Delay = 7.30>
ST_71 : Operation 244 [2/5] (7.30ns)   --->   "%ps_ddr_addr_1_resp = writeresp i1 @_ssdm_op_WriteResp.m_axi.i8P1A, i8 %ps_ddr_addr_1" [dlin.c:115]   --->   Operation 244 'writeresp' 'ps_ddr_addr_1_resp' <Predicate = true> <Delay = 7.30> <CoreInst = "m_axi">   --->   Core 113 'm_axi' <Latency = 0> <II = 1> <Delay = 1.00> <Adapter> <Opcode : 'read' 'write' 'readreq' 'writereq' 'writeresp'>

State 72 <SV = 53> <Delay = 7.30>
ST_72 : Operation 245 [1/5] (7.30ns)   --->   "%ps_ddr_addr_1_resp = writeresp i1 @_ssdm_op_WriteResp.m_axi.i8P1A, i8 %ps_ddr_addr_1" [dlin.c:115]   --->   Operation 245 'writeresp' 'ps_ddr_addr_1_resp' <Predicate = true> <Delay = 7.30> <CoreInst = "m_axi">   --->   Core 113 'm_axi' <Latency = 0> <II = 1> <Delay = 1.00> <Adapter> <Opcode : 'read' 'write' 'readreq' 'writereq' 'writeresp'>
ST_72 : Operation 246 [1/1] (0.00ns)   --->   "%br_ln116 = br void %cleanup" [dlin.c:116]   --->   Operation 246 'br' 'br_ln116' <Predicate = true> <Delay = 0.00>


============================================================
+ Verbose Summary: Timing violations
============================================================
Target clock period: 10ns, clock uncertainty: 2.7ns.

 <State 1>: 7.3ns
The critical path consists of the following:
	wire read operation ('ddr_header') on port 'ddr_header' [7]  (0 ns)
	'getelementptr' operation ('ps_ddr_addr', dlin.c:98) [9]  (0 ns)
	bus request operation ('empty', dlin.c:98) on port 'ps_ddr' (dlin.c:98) [10]  (7.3 ns)

 <State 2>: 7.3ns
The critical path consists of the following:
	bus request operation ('empty', dlin.c:98) on port 'ps_ddr' (dlin.c:98) [10]  (7.3 ns)

 <State 3>: 7.3ns
The critical path consists of the following:
	bus request operation ('empty', dlin.c:98) on port 'ps_ddr' (dlin.c:98) [10]  (7.3 ns)

 <State 4>: 7.3ns
The critical path consists of the following:
	bus request operation ('empty', dlin.c:98) on port 'ps_ddr' (dlin.c:98) [10]  (7.3 ns)

 <State 5>: 7.3ns
The critical path consists of the following:
	bus request operation ('empty', dlin.c:98) on port 'ps_ddr' (dlin.c:98) [10]  (7.3 ns)

 <State 6>: 7.3ns
The critical path consists of the following:
	bus request operation ('empty', dlin.c:98) on port 'ps_ddr' (dlin.c:98) [10]  (7.3 ns)

 <State 7>: 7.3ns
The critical path consists of the following:
	bus request operation ('empty', dlin.c:98) on port 'ps_ddr' (dlin.c:98) [10]  (7.3 ns)

 <State 8>: 2.32ns
The critical path consists of the following:
	'load' operation ('loop_index4_load') on local variable 'loop_index4' [14]  (0 ns)
	'add' operation ('empty_53') [17]  (1.02 ns)
	'store' operation ('store_ln0') of variable 'empty_53' on local variable 'loop_index4' [24]  (1.3 ns)

 <State 9>: 7.3ns
The critical path consists of the following:
	bus read operation ('ps_ddr_addr_read', dlin.c:98) on port 'ps_ddr' (dlin.c:98) [20]  (7.3 ns)

 <State 10>: 1.75ns
The critical path consists of the following:
	'getelementptr' operation ('ringbuffer_header_bytes_addr_12') [22]  (0 ns)
	'store' operation ('store_ln98', dlin.c:98) of variable 'ps_ddr_addr_read', dlin.c:98 on array 'ringbuffer_header_bytes', dlin.c:93 [23]  (1.75 ns)

 <State 11>: 1.75ns
The critical path consists of the following:
	'load' operation ('ringbuffer_header_bytes_load', dlin.c:99) on array 'ringbuffer_header_bytes', dlin.c:93 [28]  (1.75 ns)

 <State 12>: 1.75ns
The critical path consists of the following:
	'load' operation ('ringbuffer_header_bytes_load_2', dlin.c:101) on array 'ringbuffer_header_bytes', dlin.c:93 [32]  (1.75 ns)

 <State 13>: 1.75ns
The critical path consists of the following:
	'load' operation ('ringbuffer_header_bytes_load_8', dlin.c:107) on array 'ringbuffer_header_bytes', dlin.c:93 [46]  (1.75 ns)

 <State 14>: 7.1ns
The critical path consists of the following:
	'load' operation ('ringbuffer_header_bytes_load_10', dlin.c:109) on array 'ringbuffer_header_bytes', dlin.c:93 [50]  (1.75 ns)
	'add' operation ('add_ln111', dlin.c:111) [54]  (1.9 ns)
	'urem' operation ('nextWriteLinIndex', dlin.c:111) [55]  (3.44 ns)

 <State 15>: 3.44ns
The critical path consists of the following:
	'urem' operation ('nextWriteLinIndex', dlin.c:111) [55]  (3.44 ns)

 <State 16>: 3.44ns
The critical path consists of the following:
	'urem' operation ('nextWriteLinIndex', dlin.c:111) [55]  (3.44 ns)

 <State 17>: 3.44ns
The critical path consists of the following:
	'urem' operation ('nextWriteLinIndex', dlin.c:111) [55]  (3.44 ns)

 <State 18>: 3.44ns
The critical path consists of the following:
	'urem' operation ('nextWriteLinIndex', dlin.c:111) [55]  (3.44 ns)

 <State 19>: 3.44ns
The critical path consists of the following:
	'urem' operation ('nextWriteLinIndex', dlin.c:111) [55]  (3.44 ns)

 <State 20>: 3.44ns
The critical path consists of the following:
	'urem' operation ('nextWriteLinIndex', dlin.c:111) [55]  (3.44 ns)

 <State 21>: 3.44ns
The critical path consists of the following:
	'urem' operation ('nextWriteLinIndex', dlin.c:111) [55]  (3.44 ns)

 <State 22>: 3.44ns
The critical path consists of the following:
	'urem' operation ('nextWriteLinIndex', dlin.c:111) [55]  (3.44 ns)

 <State 23>: 3.44ns
The critical path consists of the following:
	'urem' operation ('nextWriteLinIndex', dlin.c:111) [55]  (3.44 ns)

 <State 24>: 3.44ns
The critical path consists of the following:
	'urem' operation ('nextWriteLinIndex', dlin.c:111) [55]  (3.44 ns)

 <State 25>: 3.44ns
The critical path consists of the following:
	'urem' operation ('nextWriteLinIndex', dlin.c:111) [55]  (3.44 ns)

 <State 26>: 3.44ns
The critical path consists of the following:
	'urem' operation ('nextWriteLinIndex', dlin.c:111) [55]  (3.44 ns)

 <State 27>: 3.44ns
The critical path consists of the following:
	'urem' operation ('nextWriteLinIndex', dlin.c:111) [55]  (3.44 ns)

 <State 28>: 3.44ns
The critical path consists of the following:
	'urem' operation ('nextWriteLinIndex', dlin.c:111) [55]  (3.44 ns)

 <State 29>: 3.44ns
The critical path consists of the following:
	'urem' operation ('nextWriteLinIndex', dlin.c:111) [55]  (3.44 ns)

 <State 30>: 3.44ns
The critical path consists of the following:
	'urem' operation ('nextWriteLinIndex', dlin.c:111) [55]  (3.44 ns)

 <State 31>: 3.44ns
The critical path consists of the following:
	'urem' operation ('nextWriteLinIndex', dlin.c:111) [55]  (3.44 ns)

 <State 32>: 3.44ns
The critical path consists of the following:
	'urem' operation ('nextWriteLinIndex', dlin.c:111) [55]  (3.44 ns)

 <State 33>: 3.44ns
The critical path consists of the following:
	'urem' operation ('nextWriteLinIndex', dlin.c:111) [55]  (3.44 ns)

 <State 34>: 3.44ns
The critical path consists of the following:
	'urem' operation ('nextWriteLinIndex', dlin.c:111) [55]  (3.44 ns)

 <State 35>: 3.44ns
The critical path consists of the following:
	'urem' operation ('nextWriteLinIndex', dlin.c:111) [55]  (3.44 ns)

 <State 36>: 3.44ns
The critical path consists of the following:
	'urem' operation ('nextWriteLinIndex', dlin.c:111) [55]  (3.44 ns)

 <State 37>: 3.44ns
The critical path consists of the following:
	'urem' operation ('nextWriteLinIndex', dlin.c:111) [55]  (3.44 ns)

 <State 38>: 3.44ns
The critical path consists of the following:
	'urem' operation ('nextWriteLinIndex', dlin.c:111) [55]  (3.44 ns)

 <State 39>: 3.44ns
The critical path consists of the following:
	'urem' operation ('nextWriteLinIndex', dlin.c:111) [55]  (3.44 ns)

 <State 40>: 3.44ns
The critical path consists of the following:
	'urem' operation ('nextWriteLinIndex', dlin.c:111) [55]  (3.44 ns)

 <State 41>: 3.44ns
The critical path consists of the following:
	'urem' operation ('nextWriteLinIndex', dlin.c:111) [55]  (3.44 ns)

 <State 42>: 3.44ns
The critical path consists of the following:
	'urem' operation ('nextWriteLinIndex', dlin.c:111) [55]  (3.44 ns)

 <State 43>: 3.44ns
The critical path consists of the following:
	'urem' operation ('nextWriteLinIndex', dlin.c:111) [55]  (3.44 ns)

 <State 44>: 3.44ns
The critical path consists of the following:
	'urem' operation ('nextWriteLinIndex', dlin.c:111) [55]  (3.44 ns)

 <State 45>: 3.44ns
The critical path consists of the following:
	'urem' operation ('nextWriteLinIndex', dlin.c:111) [55]  (3.44 ns)

 <State 46>: 3.44ns
The critical path consists of the following:
	'urem' operation ('nextWriteLinIndex', dlin.c:111) [55]  (3.44 ns)

 <State 47>: 3.44ns
The critical path consists of the following:
	'urem' operation ('nextWriteLinIndex', dlin.c:111) [55]  (3.44 ns)

 <State 48>: 3.44ns
The critical path consists of the following:
	'urem' operation ('nextWriteLinIndex', dlin.c:111) [55]  (3.44 ns)

 <State 49>: 6.71ns
The critical path consists of the following:
	'sub' operation ('sub_ln120', dlin.c:120) [64]  (1.9 ns)
	'add' operation ('add_ln120', dlin.c:120) [65]  (0 ns)
	'add' operation ('add_ln120_1', dlin.c:120) [66]  (3.59 ns)
	blocking operation 1.23 ns on control path)

 <State 50>: 7.3ns
The critical path consists of the following:
	bus request operation ('empty_54', dlin.c:120) on port 'ps_ddr' (dlin.c:120) [68]  (7.3 ns)

 <State 51>: 2.32ns
The critical path consists of the following:
	'load' operation ('loop_index_load') on local variable 'loop_index' [72]  (0 ns)
	'add' operation ('empty_56') [75]  (1.02 ns)
	'store' operation ('store_ln0') of variable 'empty_56' on local variable 'loop_index' [82]  (1.3 ns)

 <State 52>: 1.75ns
The critical path consists of the following:
	'load' operation ('data_load') on array 'data' [80]  (1.75 ns)

 <State 53>: 7.3ns
The critical path consists of the following:
	bus write operation ('write_ln120', dlin.c:120) on port 'ps_ddr' (dlin.c:120) [81]  (7.3 ns)

 <State 54>: 7.3ns
The critical path consists of the following:
	bus response operation ('empty_57', clu.c:10) on port 'ps_ddr' (clu.c:10) [86]  (7.3 ns)

 <State 55>: 7.3ns
The critical path consists of the following:
	bus response operation ('empty_57', clu.c:10) on port 'ps_ddr' (clu.c:10) [86]  (7.3 ns)

 <State 56>: 7.3ns
The critical path consists of the following:
	bus response operation ('empty_57', clu.c:10) on port 'ps_ddr' (clu.c:10) [86]  (7.3 ns)

 <State 57>: 7.3ns
The critical path consists of the following:
	bus response operation ('empty_57', clu.c:10) on port 'ps_ddr' (clu.c:10) [86]  (7.3 ns)

 <State 58>: 7.3ns
The critical path consists of the following:
	bus response operation ('empty_57', clu.c:10) on port 'ps_ddr' (clu.c:10) [86]  (7.3 ns)

 <State 59>: 2.28ns
The critical path consists of the following:
	'load' operation ('loop_index_i_load') on local variable 'loop_index_i' [97]  (0 ns)
	'add' operation ('empty_60') [100]  (0.768 ns)
	'store' operation ('store_ln0') of variable 'empty_60' on local variable 'loop_index_i' [106]  (1.3 ns)
	blocking operation 0.212 ns on control path)

 <State 60>: 7.3ns
The critical path consists of the following:
	bus write operation ('write_ln17', clu.c:17) on port 'ps_ddr' (clu.c:17) [105]  (7.3 ns)

 <State 61>: 7.3ns
The critical path consists of the following:
	bus response operation ('empty_62', clu.c:20) on port 'ps_ddr' (clu.c:20) [109]  (7.3 ns)

 <State 62>: 7.3ns
The critical path consists of the following:
	bus response operation ('empty_62', clu.c:20) on port 'ps_ddr' (clu.c:20) [109]  (7.3 ns)

 <State 63>: 7.3ns
The critical path consists of the following:
	bus response operation ('empty_62', clu.c:20) on port 'ps_ddr' (clu.c:20) [109]  (7.3 ns)

 <State 64>: 7.3ns
The critical path consists of the following:
	bus response operation ('empty_62', clu.c:20) on port 'ps_ddr' (clu.c:20) [109]  (7.3 ns)

 <State 65>: 7.3ns
The critical path consists of the following:
	bus response operation ('empty_62', clu.c:20) on port 'ps_ddr' (clu.c:20) [109]  (7.3 ns)

 <State 66>: 7.3ns
The critical path consists of the following:
	bus request operation ('ps_ddr_addr_1_req', dlin.c:115) on port 'ps_ddr' (dlin.c:115) [119]  (7.3 ns)

 <State 67>: 7.3ns
The critical path consists of the following:
	bus write operation ('write_ln115', dlin.c:115) on port 'ps_ddr' (dlin.c:115) [120]  (7.3 ns)

 <State 68>: 7.3ns
The critical path consists of the following:
	bus response operation ('ps_ddr_addr_1_resp', dlin.c:115) on port 'ps_ddr' (dlin.c:115) [121]  (7.3 ns)

 <State 69>: 7.3ns
The critical path consists of the following:
	bus response operation ('ps_ddr_addr_1_resp', dlin.c:115) on port 'ps_ddr' (dlin.c:115) [121]  (7.3 ns)

 <State 70>: 7.3ns
The critical path consists of the following:
	bus response operation ('ps_ddr_addr_1_resp', dlin.c:115) on port 'ps_ddr' (dlin.c:115) [121]  (7.3 ns)

 <State 71>: 7.3ns
The critical path consists of the following:
	bus response operation ('ps_ddr_addr_1_resp', dlin.c:115) on port 'ps_ddr' (dlin.c:115) [121]  (7.3 ns)

 <State 72>: 7.3ns
The critical path consists of the following:
	bus response operation ('ps_ddr_addr_1_resp', dlin.c:115) on port 'ps_ddr' (dlin.c:115) [121]  (7.3 ns)


============================================================
+ Verbose Summary: Binding
============================================================
N/A
* FSMD analyzer results:
  - Output states:
 - Input state : 
  - Chain level:
	State 1
	State 2
	State 3
	State 4
	State 5
	State 6
	State 7
	State 8
	State 9
	State 10
	State 11
	State 12
	State 13
	State 14
	State 15
	State 16
	State 17
	State 18
	State 19
	State 20
	State 21
	State 22
	State 23
	State 24
	State 25
	State 26
	State 27
	State 28
	State 29
	State 30
	State 31
	State 32
	State 33
	State 34
	State 35
	State 36
	State 37
	State 38
	State 39
	State 40
	State 41
	State 42
	State 43
	State 44
	State 45
	State 46
	State 47
	State 48
	State 49
	State 50
	State 51
	State 52
	State 53
	State 54
	State 55
	State 56
	State 57
	State 58
	State 59
	State 60
	State 61
	State 62
	State 63
	State 64
	State 65
	State 66
	State 67
	State 68
	State 69
	State 70
	State 71
	State 72


============================================================
+ Verbose Summary: Datapath Resource usage 
============================================================
N/A
