

================================================================
== Vitis HLS Report for 'clu'
================================================================
* Date:           Wed Dec 21 16:46:18 2022

* Version:        2022.2 (Build 3670227 on Oct 13 2022)
* Project:        clu
* Solution:       solution1 (Vivado IP Flow Target)
* Product family: zynq
* Target device:  xc7z020-clg400-2


================================================================
== Performance Estimates
================================================================
+ Timing: 
    * Summary: 
    +--------+----------+----------+------------+
    |  Clock |  Target  | Estimated| Uncertainty|
    +--------+----------+----------+------------+
    |ap_clk  |  10.00 ns|  8.100 ns|     2.70 ns|
    +--------+----------+----------+------------+

+ Latency: 
    * Summary: 
    +---------+---------+----------+----------+-----+-----+---------+
    |  Latency (cycles) |  Latency (absolute) |  Interval | Pipeline|
    |   min   |   max   |    min   |    max   | min | max |   Type  |
    +---------+---------+----------+----------+-----+-----+---------+
    |        ?|        ?|         ?|         ?|    ?|    ?|       no|
    +---------+---------+----------+----------+-----+-----+---------+

    + Detail: 
        * Instance: 
        +---------------------------------+----------------------+---------+---------+----------+----------+-----+-----+---------+
        |                                 |                      |  Latency (cycles) |  Latency (absolute) |  Interval | Pipeline|
        |             Instance            |        Module        |   min   |   max   |    min   |    max   | min | max |   Type  |
        +---------------------------------+----------------------+---------+---------+----------+----------+-----+-----+---------+
        |grp_single_lin_process_1_fu_264  |single_lin_process_1  |       38|        ?|  0.380 us|         ?|   38|    ?|       no|
        |grp_recvFrame_logic_1_fu_286     |recvFrame_logic_1     |        ?|        ?|         ?|         ?|    ?|    ?|       no|
        +---------------------------------+----------------------+---------+---------+----------+----------+-----+-----+---------+

        * Loop: 
        +--------------------+---------+---------+----------+-----------+-----------+------+----------+
        |                    |  Latency (cycles) | Iteration|  Initiation Interval  | Trip |          |
        |      Loop Name     |   min   |   max   |  Latency |  achieved |   target  | Count| Pipelined|
        +--------------------+---------+---------+----------+-----------+-----------+------+----------+
        |- VITIS_LOOP_275_1  |        ?|        ?|         ?|          -|          -|    12|        no|
        |- VITIS_LOOP_256_1  |       20|        ?|     2 ~ ?|          -|          -|    10|        no|
        +--------------------+---------+---------+----------+-----------+-----------+------+----------+



================================================================
== Utilization Estimates
================================================================
* Summary: 
+-----------------+---------+-----+--------+-------+-----+
|       Name      | BRAM_18K| DSP |   FF   |  LUT  | URAM|
+-----------------+---------+-----+--------+-------+-----+
|DSP              |        -|    -|       -|      -|    -|
|Expression       |        -|    -|       0|    245|    -|
|FIFO             |        -|    -|       -|      -|    -|
|Instance         |        0|    1|    5561|  10173|    0|
|Memory           |        -|    -|       -|      -|    -|
|Multiplexer      |        -|    -|       -|    373|    -|
|Register         |        -|    -|     355|      -|    -|
+-----------------+---------+-----+--------+-------+-----+
|Total            |        0|    1|    5916|  10791|    0|
+-----------------+---------+-----+--------+-------+-----+
|Available        |      280|  220|  106400|  53200|    0|
+-----------------+---------+-----+--------+-------+-----+
|Utilization (%)  |        0|   ~0|       5|     20|    0|
+-----------------+---------+-----+--------+-------+-----+

+ Detail: 
    * Instance: 
    +---------------------------------+----------------------+---------+----+------+------+-----+
    |             Instance            |        Module        | BRAM_18K| DSP|  FF  |  LUT | URAM|
    +---------------------------------+----------------------+---------+----+------+------+-----+
    |EN_s_axi_U                       |EN_s_axi              |        0|   0|   468|   760|    0|
    |can_addr_m_axi_U                 |can_addr_m_axi        |        0|   0|   710|  1276|    0|
    |lin_addr_m_axi_U                 |lin_addr_m_axi        |        0|   0|   710|  1276|    0|
    |ps_ddr_m_axi_U                   |ps_ddr_m_axi          |        0|   0|   746|  1396|    0|
    |grp_recvFrame_logic_1_fu_286     |recvFrame_logic_1     |        0|   1|  1675|  3479|    0|
    |grp_single_lin_process_1_fu_264  |single_lin_process_1  |        0|   0|  1252|  1986|    0|
    +---------------------------------+----------------------+---------+----+------+------+-----+
    |Total                            |                      |        0|   1|  5561| 10173|    0|
    +---------------------------------+----------------------+---------+----+------+------+-----+

    * DSP: 
    N/A

    * Memory: 
    N/A

    * FIFO: 
    N/A

    * Expression: 
    +----------------------------------+----------+----+---+----+------------+------------+
    |           Variable Name          | Operation| DSP| FF| LUT| Bitwidth P0| Bitwidth P1|
    +----------------------------------+----------+----+---+----+------------+------------+
    |add_ln248_fu_457_p2               |         +|   0|  0|  32|          32|          32|
    |add_ln275_fu_403_p2               |         +|   0|  0|   6|           4|           1|
    |canaddr_mod_fu_442_p2             |         +|   0|  0|  32|          32|          32|
    |lin_nr_2_fu_343_p2                |         +|   0|  0|   6|           4|           1|
    |linbase_mod_fu_382_p2             |         +|   0|  0|  32|          32|          32|
    |and_ln215_fu_359_p2               |       and|   0|  0|  10|          10|          10|
    |and_ln245_fu_419_p2               |       and|   0|  0|  12|          12|          12|
    |ap_block_state13_on_subcall_done  |       and|   0|  0|   1|           1|           1|
    |ap_block_state3_on_subcall_done   |       and|   0|  0|   1|           1|           1|
    |ap_predicate_op143_call_state13   |       and|   0|  0|   1|           1|           1|
    |icmp_ln215_fu_364_p2              |      icmp|   0|  0|   5|          10|           1|
    |icmp_ln245_fu_424_p2              |      icmp|   0|  0|   5|          12|           1|
    |icmp_ln250_1_fu_541_p2            |      icmp|   0|  0|   3|           7|           1|
    |icmp_ln250_2_fu_556_p2            |      icmp|   0|  0|  11|          31|           1|
    |icmp_ln250_fu_536_p2              |      icmp|   0|  0|   3|           7|           1|
    |icmp_ln256_fu_337_p2              |      icmp|   0|  0|   2|           4|           4|
    |icmp_ln275_fu_397_p2              |      icmp|   0|  0|   2|           4|           4|
    |or_ln248_fu_447_p2                |        or|   0|  0|  20|          20|           8|
    |readIndex_2_fu_588_p3             |    select|   0|  0|   8|           1|           8|
    |readIndex_fu_562_p3               |    select|   0|  0|   6|           1|           6|
    |shl_ln215_fu_353_p2               |       shl|   0|  0|  21|           1|          10|
    |shl_ln245_fu_413_p2               |       shl|   0|  0|  26|           1|          12|
    +----------------------------------+----------+----+---+----+------------+------------+
    |Total                             |          |   0|  0| 245|         228|         180|
    +----------------------------------+----------+----+---+----+------------+------------+

    * Multiplexer: 
    +-------------------+----+-----------+-----+-----------+
    |        Name       | LUT| Input Size| Bits| Total Bits|
    +-------------------+----+-----------+-----+-----------+
    |ap_NS_fsm          |  57|         14|    1|         14|
    |can_addr_ARADDR    |  13|          3|   32|         96|
    |can_addr_ARLEN     |  13|          3|   32|         96|
    |can_addr_ARVALID   |  13|          3|    1|          3|
    |can_addr_AWVALID   |   9|          2|    1|          2|
    |can_addr_BREADY    |   9|          2|    1|          2|
    |can_addr_RREADY    |  13|          3|    1|          3|
    |can_addr_WVALID    |   9|          2|    1|          2|
    |can_addr_blk_n_AR  |   9|          2|    1|          2|
    |can_addr_blk_n_R   |   9|          2|    1|          2|
    |jj_fu_206          |   9|          2|    4|          8|
    |lin_addr_ARVALID   |   9|          2|    1|          2|
    |lin_addr_AWVALID   |   9|          2|    1|          2|
    |lin_addr_BREADY    |   9|          2|    1|          2|
    |lin_addr_RREADY    |   9|          2|    1|          2|
    |lin_addr_WVALID    |   9|          2|    1|          2|
    |lin_nr_fu_202      |   9|          2|    4|          8|
    |mode_nr            |  13|          3|    2|          6|
    |ps_ddr_ARADDR      |  13|          3|   32|         96|
    |ps_ddr_ARLEN       |  13|          3|   32|         96|
    |ps_ddr_ARVALID     |  13|          3|    1|          3|
    |ps_ddr_AWADDR      |  13|          3|   32|         96|
    |ps_ddr_AWLEN       |  13|          3|   32|         96|
    |ps_ddr_AWVALID     |  13|          3|    1|          3|
    |ps_ddr_BREADY      |  13|          3|    1|          3|
    |ps_ddr_RREADY      |  13|          3|    1|          3|
    |ps_ddr_WDATA       |  13|          3|    8|         24|
    |ps_ddr_WSTRB       |  13|          3|    1|          3|
    |ps_ddr_WVALID      |  13|          3|    1|          3|
    +-------------------+----+-----------+-----+-----------+
    |Total              | 373|         86|  229|        680|
    +-------------------+----+-----------+-----+-----------+

    * Register: 
    +----------------------------------------------+----+----+-----+-----------+
    |                     Name                     | FF | LUT| Bits| Const Bits|
    +----------------------------------------------+----+----+-----+-----------+
    |add_ln275_reg_682                             |   4|   0|    4|          0|
    |ap_CS_fsm                                     |  13|   0|   13|          0|
    |can_ddr_read_reg_612                          |  32|   0|   32|          0|
    |can_ptr_read_reg_622                          |  32|   0|   32|          0|
    |canaddr_mod_reg_691                           |  32|   0|   32|          0|
    |grp_recvFrame_logic_1_fu_286_ap_start_reg     |   1|   0|    1|          0|
    |grp_single_lin_process_1_fu_264_ap_start_reg  |   1|   0|    1|          0|
    |icmp_ln215_reg_667                            |   1|   0|    1|          0|
    |icmp_ln245_reg_687                            |   1|   0|    1|          0|
    |icmp_ln250_2_reg_737                          |   1|   0|    1|          0|
    |jj_fu_206                                     |   4|   0|    4|          0|
    |lin_ddr_read_reg_607                          |  32|   0|   32|          0|
    |lin_nr_2_reg_662                              |   4|   0|    4|          0|
    |lin_nr_fu_202                                 |   4|   0|    4|          0|
    |lin_ptr_read_reg_617                          |  32|   0|   32|          0|
    |linbase_mod_reg_671                           |  32|   0|   32|          0|
    |mode_nr                                       |   2|   0|    2|          0|
    |mode_nr_load_reg_628                          |   2|   0|    2|          0|
    |readIndex_2_reg_741                           |   7|   0|    8|          1|
    |result_reg_707                                |  32|   0|   32|          0|
    |tmp_10_reg_722                                |   7|   0|    7|          0|
    |tmp_8_reg_732                                 |   7|   0|    7|          0|
    |tmp_9_reg_717                                 |   7|   0|    7|          0|
    |tmp_reg_727                                   |   7|   0|    7|          0|
    |trunc_ln248_reg_712                           |   6|   0|    6|          0|
    |trunc_ln256_reg_639                           |  10|   0|   10|          0|
    |trunc_ln275_reg_651                           |  12|   0|   12|          0|
    |trunc_ln_reg_696                              |  30|   0|   30|          0|
    +----------------------------------------------+----+----+-----+-----------+
    |Total                                         | 355|   0|  356|          1|
    +----------------------------------------------+----+----+-----+-----------+



================================================================
== Interface
================================================================
* Summary: 
+--------------------------+-----+-----+------------+--------------+--------------+
|         RTL Ports        | Dir | Bits|  Protocol  | Source Object|    C Type    |
+--------------------------+-----+-----+------------+--------------+--------------+
|s_axi_EN_AWVALID          |   in|    1|       s_axi|            EN|        scalar|
|s_axi_EN_AWREADY          |  out|    1|       s_axi|            EN|        scalar|
|s_axi_EN_AWADDR           |   in|    7|       s_axi|            EN|        scalar|
|s_axi_EN_WVALID           |   in|    1|       s_axi|            EN|        scalar|
|s_axi_EN_WREADY           |  out|    1|       s_axi|            EN|        scalar|
|s_axi_EN_WDATA            |   in|   32|       s_axi|            EN|        scalar|
|s_axi_EN_WSTRB            |   in|    4|       s_axi|            EN|        scalar|
|s_axi_EN_ARVALID          |   in|    1|       s_axi|            EN|        scalar|
|s_axi_EN_ARREADY          |  out|    1|       s_axi|            EN|        scalar|
|s_axi_EN_ARADDR           |   in|    7|       s_axi|            EN|        scalar|
|s_axi_EN_RVALID           |  out|    1|       s_axi|            EN|        scalar|
|s_axi_EN_RREADY           |   in|    1|       s_axi|            EN|        scalar|
|s_axi_EN_RDATA            |  out|   32|       s_axi|            EN|        scalar|
|s_axi_EN_RRESP            |  out|    2|       s_axi|            EN|        scalar|
|s_axi_EN_BVALID           |  out|    1|       s_axi|            EN|        scalar|
|s_axi_EN_BREADY           |   in|    1|       s_axi|            EN|        scalar|
|s_axi_EN_BRESP            |  out|    2|       s_axi|            EN|        scalar|
|ap_clk                    |   in|    1|  ap_ctrl_hs|           clu|  return value|
|ap_rst_n                  |   in|    1|  ap_ctrl_hs|           clu|  return value|
|interrupt                 |  out|    1|  ap_ctrl_hs|           clu|  return value|
|m_axi_can_addr_AWVALID    |  out|    1|       m_axi|      can_addr|       pointer|
|m_axi_can_addr_AWREADY    |   in|    1|       m_axi|      can_addr|       pointer|
|m_axi_can_addr_AWADDR     |  out|   32|       m_axi|      can_addr|       pointer|
|m_axi_can_addr_AWID       |  out|    1|       m_axi|      can_addr|       pointer|
|m_axi_can_addr_AWLEN      |  out|    8|       m_axi|      can_addr|       pointer|
|m_axi_can_addr_AWSIZE     |  out|    3|       m_axi|      can_addr|       pointer|
|m_axi_can_addr_AWBURST    |  out|    2|       m_axi|      can_addr|       pointer|
|m_axi_can_addr_AWLOCK     |  out|    2|       m_axi|      can_addr|       pointer|
|m_axi_can_addr_AWCACHE    |  out|    4|       m_axi|      can_addr|       pointer|
|m_axi_can_addr_AWPROT     |  out|    3|       m_axi|      can_addr|       pointer|
|m_axi_can_addr_AWQOS      |  out|    4|       m_axi|      can_addr|       pointer|
|m_axi_can_addr_AWREGION   |  out|    4|       m_axi|      can_addr|       pointer|
|m_axi_can_addr_AWUSER     |  out|    1|       m_axi|      can_addr|       pointer|
|m_axi_can_addr_WVALID     |  out|    1|       m_axi|      can_addr|       pointer|
|m_axi_can_addr_WREADY     |   in|    1|       m_axi|      can_addr|       pointer|
|m_axi_can_addr_WDATA      |  out|   32|       m_axi|      can_addr|       pointer|
|m_axi_can_addr_WSTRB      |  out|    4|       m_axi|      can_addr|       pointer|
|m_axi_can_addr_WLAST      |  out|    1|       m_axi|      can_addr|       pointer|
|m_axi_can_addr_WID        |  out|    1|       m_axi|      can_addr|       pointer|
|m_axi_can_addr_WUSER      |  out|    1|       m_axi|      can_addr|       pointer|
|m_axi_can_addr_ARVALID    |  out|    1|       m_axi|      can_addr|       pointer|
|m_axi_can_addr_ARREADY    |   in|    1|       m_axi|      can_addr|       pointer|
|m_axi_can_addr_ARADDR     |  out|   32|       m_axi|      can_addr|       pointer|
|m_axi_can_addr_ARID       |  out|    1|       m_axi|      can_addr|       pointer|
|m_axi_can_addr_ARLEN      |  out|    8|       m_axi|      can_addr|       pointer|
|m_axi_can_addr_ARSIZE     |  out|    3|       m_axi|      can_addr|       pointer|
|m_axi_can_addr_ARBURST    |  out|    2|       m_axi|      can_addr|       pointer|
|m_axi_can_addr_ARLOCK     |  out|    2|       m_axi|      can_addr|       pointer|
|m_axi_can_addr_ARCACHE    |  out|    4|       m_axi|      can_addr|       pointer|
|m_axi_can_addr_ARPROT     |  out|    3|       m_axi|      can_addr|       pointer|
|m_axi_can_addr_ARQOS      |  out|    4|       m_axi|      can_addr|       pointer|
|m_axi_can_addr_ARREGION   |  out|    4|       m_axi|      can_addr|       pointer|
|m_axi_can_addr_ARUSER     |  out|    1|       m_axi|      can_addr|       pointer|
|m_axi_can_addr_RVALID     |   in|    1|       m_axi|      can_addr|       pointer|
|m_axi_can_addr_RREADY     |  out|    1|       m_axi|      can_addr|       pointer|
|m_axi_can_addr_RDATA      |   in|   32|       m_axi|      can_addr|       pointer|
|m_axi_can_addr_RLAST      |   in|    1|       m_axi|      can_addr|       pointer|
|m_axi_can_addr_RID        |   in|    1|       m_axi|      can_addr|       pointer|
|m_axi_can_addr_RUSER      |   in|    1|       m_axi|      can_addr|       pointer|
|m_axi_can_addr_RRESP      |   in|    2|       m_axi|      can_addr|       pointer|
|m_axi_can_addr_BVALID     |   in|    1|       m_axi|      can_addr|       pointer|
|m_axi_can_addr_BREADY     |  out|    1|       m_axi|      can_addr|       pointer|
|m_axi_can_addr_BRESP      |   in|    2|       m_axi|      can_addr|       pointer|
|m_axi_can_addr_BID        |   in|    1|       m_axi|      can_addr|       pointer|
|m_axi_can_addr_BUSER      |   in|    1|       m_axi|      can_addr|       pointer|
|m_axi_uart_addr_AWVALID   |  out|    1|       m_axi|     uart_addr|       pointer|
|m_axi_uart_addr_AWREADY   |   in|    1|       m_axi|     uart_addr|       pointer|
|m_axi_uart_addr_AWADDR    |  out|   32|       m_axi|     uart_addr|       pointer|
|m_axi_uart_addr_AWID      |  out|    1|       m_axi|     uart_addr|       pointer|
|m_axi_uart_addr_AWLEN     |  out|    8|       m_axi|     uart_addr|       pointer|
|m_axi_uart_addr_AWSIZE    |  out|    3|       m_axi|     uart_addr|       pointer|
|m_axi_uart_addr_AWBURST   |  out|    2|       m_axi|     uart_addr|       pointer|
|m_axi_uart_addr_AWLOCK    |  out|    2|       m_axi|     uart_addr|       pointer|
|m_axi_uart_addr_AWCACHE   |  out|    4|       m_axi|     uart_addr|       pointer|
|m_axi_uart_addr_AWPROT    |  out|    3|       m_axi|     uart_addr|       pointer|
|m_axi_uart_addr_AWQOS     |  out|    4|       m_axi|     uart_addr|       pointer|
|m_axi_uart_addr_AWREGION  |  out|    4|       m_axi|     uart_addr|       pointer|
|m_axi_uart_addr_AWUSER    |  out|    1|       m_axi|     uart_addr|       pointer|
|m_axi_uart_addr_WVALID    |  out|    1|       m_axi|     uart_addr|       pointer|
|m_axi_uart_addr_WREADY    |   in|    1|       m_axi|     uart_addr|       pointer|
|m_axi_uart_addr_WDATA     |  out|   32|       m_axi|     uart_addr|       pointer|
|m_axi_uart_addr_WSTRB     |  out|    4|       m_axi|     uart_addr|       pointer|
|m_axi_uart_addr_WLAST     |  out|    1|       m_axi|     uart_addr|       pointer|
|m_axi_uart_addr_WID       |  out|    1|       m_axi|     uart_addr|       pointer|
|m_axi_uart_addr_WUSER     |  out|    1|       m_axi|     uart_addr|       pointer|
|m_axi_uart_addr_ARVALID   |  out|    1|       m_axi|     uart_addr|       pointer|
|m_axi_uart_addr_ARREADY   |   in|    1|       m_axi|     uart_addr|       pointer|
|m_axi_uart_addr_ARADDR    |  out|   32|       m_axi|     uart_addr|       pointer|
|m_axi_uart_addr_ARID      |  out|    1|       m_axi|     uart_addr|       pointer|
|m_axi_uart_addr_ARLEN     |  out|    8|       m_axi|     uart_addr|       pointer|
|m_axi_uart_addr_ARSIZE    |  out|    3|       m_axi|     uart_addr|       pointer|
|m_axi_uart_addr_ARBURST   |  out|    2|       m_axi|     uart_addr|       pointer|
|m_axi_uart_addr_ARLOCK    |  out|    2|       m_axi|     uart_addr|       pointer|
|m_axi_uart_addr_ARCACHE   |  out|    4|       m_axi|     uart_addr|       pointer|
|m_axi_uart_addr_ARPROT    |  out|    3|       m_axi|     uart_addr|       pointer|
|m_axi_uart_addr_ARQOS     |  out|    4|       m_axi|     uart_addr|       pointer|
|m_axi_uart_addr_ARREGION  |  out|    4|       m_axi|     uart_addr|       pointer|
|m_axi_uart_addr_ARUSER    |  out|    1|       m_axi|     uart_addr|       pointer|
|m_axi_uart_addr_RVALID    |   in|    1|       m_axi|     uart_addr|       pointer|
|m_axi_uart_addr_RREADY    |  out|    1|       m_axi|     uart_addr|       pointer|
|m_axi_uart_addr_RDATA     |   in|   32|       m_axi|     uart_addr|       pointer|
|m_axi_uart_addr_RLAST     |   in|    1|       m_axi|     uart_addr|       pointer|
|m_axi_uart_addr_RID       |   in|    1|       m_axi|     uart_addr|       pointer|
|m_axi_uart_addr_RUSER     |   in|    1|       m_axi|     uart_addr|       pointer|
|m_axi_uart_addr_RRESP     |   in|    2|       m_axi|     uart_addr|       pointer|
|m_axi_uart_addr_BVALID    |   in|    1|       m_axi|     uart_addr|       pointer|
|m_axi_uart_addr_BREADY    |  out|    1|       m_axi|     uart_addr|       pointer|
|m_axi_uart_addr_BRESP     |   in|    2|       m_axi|     uart_addr|       pointer|
|m_axi_uart_addr_BID       |   in|    1|       m_axi|     uart_addr|       pointer|
|m_axi_uart_addr_BUSER     |   in|    1|       m_axi|     uart_addr|       pointer|
|m_axi_lin_addr_AWVALID    |  out|    1|       m_axi|      lin_addr|       pointer|
|m_axi_lin_addr_AWREADY    |   in|    1|       m_axi|      lin_addr|       pointer|
|m_axi_lin_addr_AWADDR     |  out|   32|       m_axi|      lin_addr|       pointer|
|m_axi_lin_addr_AWID       |  out|    1|       m_axi|      lin_addr|       pointer|
|m_axi_lin_addr_AWLEN      |  out|    8|       m_axi|      lin_addr|       pointer|
|m_axi_lin_addr_AWSIZE     |  out|    3|       m_axi|      lin_addr|       pointer|
|m_axi_lin_addr_AWBURST    |  out|    2|       m_axi|      lin_addr|       pointer|
|m_axi_lin_addr_AWLOCK     |  out|    2|       m_axi|      lin_addr|       pointer|
|m_axi_lin_addr_AWCACHE    |  out|    4|       m_axi|      lin_addr|       pointer|
|m_axi_lin_addr_AWPROT     |  out|    3|       m_axi|      lin_addr|       pointer|
|m_axi_lin_addr_AWQOS      |  out|    4|       m_axi|      lin_addr|       pointer|
|m_axi_lin_addr_AWREGION   |  out|    4|       m_axi|      lin_addr|       pointer|
|m_axi_lin_addr_AWUSER     |  out|    1|       m_axi|      lin_addr|       pointer|
|m_axi_lin_addr_WVALID     |  out|    1|       m_axi|      lin_addr|       pointer|
|m_axi_lin_addr_WREADY     |   in|    1|       m_axi|      lin_addr|       pointer|
|m_axi_lin_addr_WDATA      |  out|   32|       m_axi|      lin_addr|       pointer|
|m_axi_lin_addr_WSTRB      |  out|    4|       m_axi|      lin_addr|       pointer|
|m_axi_lin_addr_WLAST      |  out|    1|       m_axi|      lin_addr|       pointer|
|m_axi_lin_addr_WID        |  out|    1|       m_axi|      lin_addr|       pointer|
|m_axi_lin_addr_WUSER      |  out|    1|       m_axi|      lin_addr|       pointer|
|m_axi_lin_addr_ARVALID    |  out|    1|       m_axi|      lin_addr|       pointer|
|m_axi_lin_addr_ARREADY    |   in|    1|       m_axi|      lin_addr|       pointer|
|m_axi_lin_addr_ARADDR     |  out|   32|       m_axi|      lin_addr|       pointer|
|m_axi_lin_addr_ARID       |  out|    1|       m_axi|      lin_addr|       pointer|
|m_axi_lin_addr_ARLEN      |  out|    8|       m_axi|      lin_addr|       pointer|
|m_axi_lin_addr_ARSIZE     |  out|    3|       m_axi|      lin_addr|       pointer|
|m_axi_lin_addr_ARBURST    |  out|    2|       m_axi|      lin_addr|       pointer|
|m_axi_lin_addr_ARLOCK     |  out|    2|       m_axi|      lin_addr|       pointer|
|m_axi_lin_addr_ARCACHE    |  out|    4|       m_axi|      lin_addr|       pointer|
|m_axi_lin_addr_ARPROT     |  out|    3|       m_axi|      lin_addr|       pointer|
|m_axi_lin_addr_ARQOS      |  out|    4|       m_axi|      lin_addr|       pointer|
|m_axi_lin_addr_ARREGION   |  out|    4|       m_axi|      lin_addr|       pointer|
|m_axi_lin_addr_ARUSER     |  out|    1|       m_axi|      lin_addr|       pointer|
|m_axi_lin_addr_RVALID     |   in|    1|       m_axi|      lin_addr|       pointer|
|m_axi_lin_addr_RREADY     |  out|    1|       m_axi|      lin_addr|       pointer|
|m_axi_lin_addr_RDATA      |   in|   32|       m_axi|      lin_addr|       pointer|
|m_axi_lin_addr_RLAST      |   in|    1|       m_axi|      lin_addr|       pointer|
|m_axi_lin_addr_RID        |   in|    1|       m_axi|      lin_addr|       pointer|
|m_axi_lin_addr_RUSER      |   in|    1|       m_axi|      lin_addr|       pointer|
|m_axi_lin_addr_RRESP      |   in|    2|       m_axi|      lin_addr|       pointer|
|m_axi_lin_addr_BVALID     |   in|    1|       m_axi|      lin_addr|       pointer|
|m_axi_lin_addr_BREADY     |  out|    1|       m_axi|      lin_addr|       pointer|
|m_axi_lin_addr_BRESP      |   in|    2|       m_axi|      lin_addr|       pointer|
|m_axi_lin_addr_BID        |   in|    1|       m_axi|      lin_addr|       pointer|
|m_axi_lin_addr_BUSER      |   in|    1|       m_axi|      lin_addr|       pointer|
|m_axi_ps_ddr_AWVALID      |  out|    1|       m_axi|        ps_ddr|       pointer|
|m_axi_ps_ddr_AWREADY      |   in|    1|       m_axi|        ps_ddr|       pointer|
|m_axi_ps_ddr_AWADDR       |  out|   32|       m_axi|        ps_ddr|       pointer|
|m_axi_ps_ddr_AWID         |  out|    1|       m_axi|        ps_ddr|       pointer|
|m_axi_ps_ddr_AWLEN        |  out|    8|       m_axi|        ps_ddr|       pointer|
|m_axi_ps_ddr_AWSIZE       |  out|    3|       m_axi|        ps_ddr|       pointer|
|m_axi_ps_ddr_AWBURST      |  out|    2|       m_axi|        ps_ddr|       pointer|
|m_axi_ps_ddr_AWLOCK       |  out|    2|       m_axi|        ps_ddr|       pointer|
|m_axi_ps_ddr_AWCACHE      |  out|    4|       m_axi|        ps_ddr|       pointer|
|m_axi_ps_ddr_AWPROT       |  out|    3|       m_axi|        ps_ddr|       pointer|
|m_axi_ps_ddr_AWQOS        |  out|    4|       m_axi|        ps_ddr|       pointer|
|m_axi_ps_ddr_AWREGION     |  out|    4|       m_axi|        ps_ddr|       pointer|
|m_axi_ps_ddr_AWUSER       |  out|    1|       m_axi|        ps_ddr|       pointer|
|m_axi_ps_ddr_WVALID       |  out|    1|       m_axi|        ps_ddr|       pointer|
|m_axi_ps_ddr_WREADY       |   in|    1|       m_axi|        ps_ddr|       pointer|
|m_axi_ps_ddr_WDATA        |  out|   32|       m_axi|        ps_ddr|       pointer|
|m_axi_ps_ddr_WSTRB        |  out|    4|       m_axi|        ps_ddr|       pointer|
|m_axi_ps_ddr_WLAST        |  out|    1|       m_axi|        ps_ddr|       pointer|
|m_axi_ps_ddr_WID          |  out|    1|       m_axi|        ps_ddr|       pointer|
|m_axi_ps_ddr_WUSER        |  out|    1|       m_axi|        ps_ddr|       pointer|
|m_axi_ps_ddr_ARVALID      |  out|    1|       m_axi|        ps_ddr|       pointer|
|m_axi_ps_ddr_ARREADY      |   in|    1|       m_axi|        ps_ddr|       pointer|
|m_axi_ps_ddr_ARADDR       |  out|   32|       m_axi|        ps_ddr|       pointer|
|m_axi_ps_ddr_ARID         |  out|    1|       m_axi|        ps_ddr|       pointer|
|m_axi_ps_ddr_ARLEN        |  out|    8|       m_axi|        ps_ddr|       pointer|
|m_axi_ps_ddr_ARSIZE       |  out|    3|       m_axi|        ps_ddr|       pointer|
|m_axi_ps_ddr_ARBURST      |  out|    2|       m_axi|        ps_ddr|       pointer|
|m_axi_ps_ddr_ARLOCK       |  out|    2|       m_axi|        ps_ddr|       pointer|
|m_axi_ps_ddr_ARCACHE      |  out|    4|       m_axi|        ps_ddr|       pointer|
|m_axi_ps_ddr_ARPROT       |  out|    3|       m_axi|        ps_ddr|       pointer|
|m_axi_ps_ddr_ARQOS        |  out|    4|       m_axi|        ps_ddr|       pointer|
|m_axi_ps_ddr_ARREGION     |  out|    4|       m_axi|        ps_ddr|       pointer|
|m_axi_ps_ddr_ARUSER       |  out|    1|       m_axi|        ps_ddr|       pointer|
|m_axi_ps_ddr_RVALID       |   in|    1|       m_axi|        ps_ddr|       pointer|
|m_axi_ps_ddr_RREADY       |  out|    1|       m_axi|        ps_ddr|       pointer|
|m_axi_ps_ddr_RDATA        |   in|   32|       m_axi|        ps_ddr|       pointer|
|m_axi_ps_ddr_RLAST        |   in|    1|       m_axi|        ps_ddr|       pointer|
|m_axi_ps_ddr_RID          |   in|    1|       m_axi|        ps_ddr|       pointer|
|m_axi_ps_ddr_RUSER        |   in|    1|       m_axi|        ps_ddr|       pointer|
|m_axi_ps_ddr_RRESP        |   in|    2|       m_axi|        ps_ddr|       pointer|
|m_axi_ps_ddr_BVALID       |   in|    1|       m_axi|        ps_ddr|       pointer|
|m_axi_ps_ddr_BREADY       |  out|    1|       m_axi|        ps_ddr|       pointer|
|m_axi_ps_ddr_BRESP        |   in|    2|       m_axi|        ps_ddr|       pointer|
|m_axi_ps_ddr_BID          |   in|    1|       m_axi|        ps_ddr|       pointer|
|m_axi_ps_ddr_BUSER        |   in|    1|       m_axi|        ps_ddr|       pointer|
|timestamp                 |   in|   64|     ap_none|     timestamp|        scalar|
+--------------------------+-----+-----+------------+--------------+--------------+

