12/16/22 14:06:52: Running xcd server. This server was NOT built by gradle, but presumably rdi.
12/16/22 14:06:52: Server was asked to start on port: '55602'
12/16/22 14:06:52: Server is using token UUID: '08d00a2f-9ac9-4421-9350-4acca29fe14b'
12/16/22 14:06:52: SESSION_MGR: creating session with session uuid: '6d04a3e9-ade5-4ab9-8d63-1f78fcd2ec76' and name 'default'
12/16/22 14:06:52: Attempting to start server on port '55602'
12/16/22 14:06:52: Running Dispatch Server
12/16/22 14:06:52: Version 2.2.0
12/16/22 14:07:00: Dispatch Server: Accepted socket connection from client
12/16/22 14:07:00: Starting Socket connection
12/16/22 14:07:00: EXCHANGE_TOKEN received, server token: 08d00a2f-9ac9-4421-9350-4acca29fe14b, passed token: 08d00a2f-9ac9-4421-9350-4acca29fe14b
12/16/22 14:07:00: SESSION_MGR: creating session with session uuid: 'cdde57a2-abcf-4817-bfae-59108ec0cc7a' and name 'vitis_hls'
12/16/22 14:07:00: KERNEL_SVC: creating session with uuid: 'cdde57a2-abcf-4817-bfae-59108ec0cc7a' and name 'vitis_hls'
12/16/22 14:07:00: GUIDANCE_SMGR: creating guidance session with uuid: 'cdde57a2-abcf-4817-bfae-59108ec0cc7a' and name 'vitis_hls'
12/16/22 14:07:35: STOP_SERVER received, server token: 08d00a2f-9ac9-4421-9350-4acca29fe14b, passed token: 08d00a2f-9ac9-4421-9350-4acca29fe14b
12/16/22 14:07:35: Socket received request to stop server.
12/16/22 14:07:35: Dispatch Server: do_await_stop
12/16/22 14:07:35: SERVER: destructor for server bound to port 55602
12/16/22 14:07:35: Server exiting with status 0.
12/16/22 14:07:35: Closing log file.
12/16/22 14:07:48: Running xcd server. This server was NOT built by gradle, but presumably rdi.
12/16/22 14:07:48: Server was asked to start on port: '55633'
12/16/22 14:07:48: Server is using token UUID: 'c86a93fc-1e2e-4589-b47c-8b111f372c33'
12/16/22 14:07:48: SESSION_MGR: creating session with session uuid: '6d04a3e9-ade5-4ab9-8d63-1f78fcd2ec76' and name 'default'
12/16/22 14:07:48: Attempting to start server on port '55633'
12/16/22 14:07:48: Running Dispatch Server
12/16/22 14:07:48: Version 2.2.0
12/16/22 14:07:56: Dispatch Server: Accepted socket connection from client
12/16/22 14:07:56: Starting Socket connection
12/16/22 14:07:56: EXCHANGE_TOKEN received, server token: c86a93fc-1e2e-4589-b47c-8b111f372c33, passed token: c86a93fc-1e2e-4589-b47c-8b111f372c33
12/16/22 14:07:56: SESSION_MGR: creating session with session uuid: 'c2e5a118-7acd-453c-94b7-8ba60e20c971' and name 'vitis_hls'
12/16/22 14:07:56: KERNEL_SVC: creating session with uuid: 'c2e5a118-7acd-453c-94b7-8ba60e20c971' and name 'vitis_hls'
12/16/22 14:07:56: GUIDANCE_SMGR: creating guidance session with uuid: 'c2e5a118-7acd-453c-94b7-8ba60e20c971' and name 'vitis_hls'
12/16/22 14:08:12: STOP_SERVER received, server token: c86a93fc-1e2e-4589-b47c-8b111f372c33, passed token: c86a93fc-1e2e-4589-b47c-8b111f372c33
12/16/22 14:08:12: Socket received request to stop server.
12/16/22 14:08:12: Dispatch Server: do_await_stop
12/16/22 14:08:12: SERVER: destructor for server bound to port 55633
12/16/22 14:08:12: Server exiting with status 0.
12/16/22 14:08:12: Closing log file.
