remark: can.c:97:0: Inlining function 'update_write_index' into 'write_ddr'
remark: can.c:150:0: Inlining function 'XCanFd_GetDlc2len' into 'recvFrame_logic'
remark: can.c:331:0: Inlining function 'CanFd_Recv_Sequential' into 'can'
remark: dlin.c:92:0: Inlining function 'update_write_index' into 'write_lin_ddr'
remark: dlin.c:144:0: Inlining function 'read_lin_reg' into 'single_lin_process'
remark: dlin.c:144:0: Inlining function 'write_lin_reg' into 'single_lin_process'
remark: dlin.c:372:0: Inlining function 'dlin_FSM' into 'dlin'
remark: clu.c:43:0: Inlining function 'can' into 'clu'
remark: clu.c:43:0: Inlining function 'dlin' into 'clu'
remark: dlin.c:98:2: Sequential read of length 28 has been inferred _XLX_SEP_ OldID=load-store-loop3.load.3,  _XLX_SEP_ ddr_headerseq ddr_header ps_ddr anonymous dlin.c:98:2 write_lin_ddr 
remark: dlin.c:120:3: Sequential write of length 28 has been inferred _XLX_SEP_ OldID=load-store-loop.store.6,  _XLX_SEP_ scevgepseq ddr_header ps_ddr anonymous dlin.c:120:3 write_lin_ddr 
remark: clu.c:17:2: Sequential write of length 4 has been inferred _XLX_SEP_ OldID=load-store-loop.i.store.6,  _XLX_SEP_ scevgep7seq ddr_header ps_ddr anonymous clu.c:17:2 write_lin_ddr 
remark: dlin.c:115:21: Volatile or Atomic access cannot be transformed _XLX_SEP_ if.then.store.5 ddr_header ps_ddr write_lin_ddr 
remark: dlin.c:81:24: Volatile or Atomic access cannot be transformed _XLX_SEP_ for.inc.load.2 linbase lin_addr single_lin_process 
remark: dlin.c:281:21: Volatile or Atomic access cannot be transformed _XLX_SEP_ sw.epilog.store.1 lin_0_received  single_lin_process 
remark: dlin.c:282:21: Volatile or Atomic access cannot be transformed _XLX_SEP_ sw.epilog.store.3 lin_1_received  single_lin_process 
remark: dlin.c:283:21: Volatile or Atomic access cannot be transformed _XLX_SEP_ sw.epilog.store.5 lin_2_received  single_lin_process 
remark: dlin.c:284:21: Volatile or Atomic access cannot be transformed _XLX_SEP_ sw.epilog.store.7 lin_3_received  single_lin_process 
remark: dlin.c:285:21: Volatile or Atomic access cannot be transformed _XLX_SEP_ sw.epilog.store.9 lin_4_received  single_lin_process 
remark: dlin.c:286:21: Volatile or Atomic access cannot be transformed _XLX_SEP_ sw.epilog.store.11 lin_5_received  single_lin_process 
remark: dlin.c:287:21: Volatile or Atomic access cannot be transformed _XLX_SEP_ sw.epilog.store.13 lin_6_received  single_lin_process 
remark: dlin.c:288:21: Volatile or Atomic access cannot be transformed _XLX_SEP_ sw.epilog.store.15 lin_7_received  single_lin_process 
remark: dlin.c:289:21: Volatile or Atomic access cannot be transformed _XLX_SEP_ sw.epilog.store.17 lin_8_received  single_lin_process 
remark: dlin.c:290:21: Volatile or Atomic access cannot be transformed _XLX_SEP_ sw.epilog.store.19 lin_9_received  single_lin_process 
remark: dlin.c:291:18: Volatile or Atomic access cannot be transformed _XLX_SEP_ sw.epilog.store.21 lin_dropped  single_lin_process 
remark: dlin.c:295:19: Volatile or Atomic access cannot be transformed _XLX_SEP_ sw.epilog.store.25 received_lin  single_lin_process 
remark: dlin.c:87:29: Volatile or Atomic access cannot be transformed _XLX_SEP_ if.then23.store.6 linbase lin_addr single_lin_process 
remark: dlin.c:81:24: Volatile or Atomic access cannot be transformed _XLX_SEP_ if.then19.load.3 linbase lin_addr single_lin_process 
remark: dlin.c:81:24: Volatile or Atomic access cannot be transformed _XLX_SEP_ if.else15.load.2 linbase lin_addr single_lin_process 
remark: dlin.c:81:24: Volatile or Atomic access cannot be transformed _XLX_SEP_ if.then3.load.3 linbase lin_addr single_lin_process 
remark: dlin.c:87:29: Volatile or Atomic access cannot be transformed _XLX_SEP_ if.then3.store.12 linbase lin_addr single_lin_process 
remark: dlin.c:87:29: Volatile or Atomic access cannot be transformed _XLX_SEP_ if.then3.store.16 linbase lin_addr single_lin_process 
remark: dlin.c:81:24: Volatile or Atomic access cannot be transformed _XLX_SEP_ if.then.load.2 linbase lin_addr single_lin_process 
remark: dlin.c:81:24: Volatile or Atomic access cannot be transformed _XLX_SEP_ if.then.load.8 linbase lin_addr single_lin_process 
remark: can.c:302:16: Volatile or Atomic access cannot be transformed _XLX_SEP_ if.then.i.i.load.6 can_ptr can_addr clu 
remark: can.c:168:15: Volatile or Atomic access cannot be transformed _XLX_SEP_ split.load.5 canbase can_addr recvFrame_logic 
remark: can.c:191:14: Volatile or Atomic access cannot be transformed _XLX_SEP_ if.end.load.25 canbase can_addr recvFrame_logic 
remark: can.c:225:14: Volatile or Atomic access cannot be transformed _XLX_SEP_ for.inc.load.10 canbase can_addr recvFrame_logic 
remark: can.c:238:14: Volatile or Atomic access cannot be transformed _XLX_SEP_ for.inc189.load.8 canbase can_addr recvFrame_logic 
remark: can.c:272:18: Volatile or Atomic access cannot be transformed _XLX_SEP_ sw.epilog.store.1 can_0_received  recvFrame_logic 
remark: can.c:273:18: Volatile or Atomic access cannot be transformed _XLX_SEP_ sw.epilog.store.3 can_1_received  recvFrame_logic 
remark: can.c:274:18: Volatile or Atomic access cannot be transformed _XLX_SEP_ sw.epilog.store.5 can_2_received  recvFrame_logic 
remark: can.c:275:18: Volatile or Atomic access cannot be transformed _XLX_SEP_ sw.epilog.store.7 can_3_received  recvFrame_logic 
remark: can.c:276:15: Volatile or Atomic access cannot be transformed _XLX_SEP_ sw.epilog.store.9 can_dropped  recvFrame_logic 
remark: can.c:279:17: Volatile or Atomic access cannot be transformed _XLX_SEP_ sw.epilog.store.13 received_can  recvFrame_logic 
remark: can.c:281:12: Volatile or Atomic access cannot be transformed _XLX_SEP_ sw.epilog.load.16 canbase can_addr recvFrame_logic 
remark: can.c:283:26: Volatile or Atomic access cannot be transformed _XLX_SEP_ sw.epilog.store.20 canbase can_addr recvFrame_logic 
remark: can.c:103:2: Sequential read of length 28 has been inferred _XLX_SEP_ OldID=load-store-loop3.load.3,  _XLX_SEP_ ddr_headerseq ddr_header ps_ddr anonymous can.c:103:2 write_ddr 
remark: can.c:126:3: Sequential write of length 92 has been inferred _XLX_SEP_ OldID=load-store-loop.store.6,  _XLX_SEP_ scevgepseq ddr_header ps_ddr anonymous can.c:126:3 write_ddr 
remark: clu.c:17:2: Sequential write of length 4 has been inferred _XLX_SEP_ OldID=load-store-loop.i.store.6,  _XLX_SEP_ scevgep7seq ddr_header ps_ddr anonymous clu.c:17:2 write_ddr 
remark: can.c:120:21: Volatile or Atomic access cannot be transformed _XLX_SEP_ if.then.store.5 ddr_header ps_ddr write_ddr 
remark: clu.c:17:2: Could not widen since type i8 size is greater than or equal to the max_widen_bitwidth threshold of 0 _XLX_SEP_ scevgep7seq ddr_header ps_ddr anonymous clu.c:17:2 write_lin_ddr 
remark: dlin.c:120:3: Could not widen since type i8 size is greater than or equal to the max_widen_bitwidth threshold of 0 _XLX_SEP_ scevgepseq ddr_header ps_ddr anonymous dlin.c:120:3 write_lin_ddr 
remark: dlin.c:98:2: Could not widen since type i8 size is greater than or equal to the max_widen_bitwidth threshold of 0 _XLX_SEP_ ddr_headerseq ddr_header ps_ddr anonymous dlin.c:98:2 write_lin_ddr 
remark: clu.c:17:2: Could not widen since type i8 size is greater than or equal to the max_widen_bitwidth threshold of 0 _XLX_SEP_ scevgep7seq ddr_header ps_ddr anonymous clu.c:17:2 write_ddr 
remark: can.c:126:3: Could not widen since type i8 size is greater than or equal to the max_widen_bitwidth threshold of 0 _XLX_SEP_ scevgepseq ddr_header ps_ddr anonymous can.c:126:3 write_ddr 
remark: can.c:103:2: Could not widen since type i8 size is greater than or equal to the max_widen_bitwidth threshold of 0 _XLX_SEP_ ddr_headerseq ddr_header ps_ddr anonymous can.c:103:2 write_ddr 
remark: can.c:103:2: Multiple burst reads of length 28 and bit width 8 has been inferred. These burst requests might be further partitioned into multiple requests during RTL generation, based on max_read_burst_length or max_write_burst_length settings. _XLX_SEP_ seq  ps_ddr anonymous can.c:103:2 write_ddr.1 
remark: can.c:103:2: Multiple burst reads of length 28 and bit width 8 in loop 'anonymous'(can.c:103:2) has been inferred on bundle 'ps_ddr'. These burst requests might be further partitioned into multiple requests during RTL generation, based on max_read_burst_length or max_write_burst_length settings.
remark: can.c:126:3: Multiple burst writes of length 92 and bit width 8 has been inferred. These burst requests might be further partitioned into multiple requests during RTL generation, based on max_read_burst_length or max_write_burst_length settings. _XLX_SEP_ seq1  ps_ddr anonymous can.c:126:3 write_ddr.1 
remark: can.c:126:3: Multiple burst writes of length 92 and bit width 8 in loop 'anonymous'(can.c:126:3) has been inferred on bundle 'ps_ddr'. These burst requests might be further partitioned into multiple requests during RTL generation, based on max_read_burst_length or max_write_burst_length settings.
remark: clu.c:17:2: Multiple burst writes of length 4 and bit width 8 has been inferred. These burst requests might be further partitioned into multiple requests during RTL generation, based on max_read_burst_length or max_write_burst_length settings. _XLX_SEP_ seq2  ps_ddr anonymous clu.c:17:2 write_ddr.1 
remark: clu.c:17:2: Multiple burst writes of length 4 and bit width 8 in loop 'anonymous'(clu.c:17:2) has been inferred on bundle 'ps_ddr'. These burst requests might be further partitioned into multiple requests during RTL generation, based on max_read_burst_length or max_write_burst_length settings.
remark: dlin.c:98:2: Multiple burst reads of length 28 and bit width 8 has been inferred. These burst requests might be further partitioned into multiple requests during RTL generation, based on max_read_burst_length or max_write_burst_length settings. _XLX_SEP_ seq  ps_ddr anonymous dlin.c:98:2 write_lin_ddr.1 
remark: dlin.c:98:2: Multiple burst reads of length 28 and bit width 8 in loop 'anonymous'(dlin.c:98:2) has been inferred on bundle 'ps_ddr'. These burst requests might be further partitioned into multiple requests during RTL generation, based on max_read_burst_length or max_write_burst_length settings.
remark: dlin.c:120:3: Multiple burst writes of length 28 and bit width 8 has been inferred. These burst requests might be further partitioned into multiple requests during RTL generation, based on max_read_burst_length or max_write_burst_length settings. _XLX_SEP_ seq1  ps_ddr anonymous dlin.c:120:3 write_lin_ddr.1 
remark: dlin.c:120:3: Multiple burst writes of length 28 and bit width 8 in loop 'anonymous'(dlin.c:120:3) has been inferred on bundle 'ps_ddr'. These burst requests might be further partitioned into multiple requests during RTL generation, based on max_read_burst_length or max_write_burst_length settings.
remark: clu.c:17:2: Multiple burst writes of length 4 and bit width 8 has been inferred. These burst requests might be further partitioned into multiple requests during RTL generation, based on max_read_burst_length or max_write_burst_length settings. _XLX_SEP_ seq2  ps_ddr anonymous clu.c:17:2 write_lin_ddr.1 
remark: clu.c:17:2: Multiple burst writes of length 4 and bit width 8 in loop 'anonymous'(clu.c:17:2) has been inferred on bundle 'ps_ddr'. These burst requests might be further partitioned into multiple requests during RTL generation, based on max_read_burst_length or max_write_burst_length settings.
