clu.c:17:9: warning: passing 'volatile unsigned char *' to parameter of type 'void *' discards qualifiers [-Wincompatible-pointer-types-discards-qualifiers]
 memcpy(ddr + 24, write_index_array, 4);
        ^~~~~~~~
D:/Vitis_HLS/2022.2/tps/mingw/8.3.0/win64.o/nt\x86_64-w64-mingw32\include\string.h:50:64: note: passing argument to parameter '_Dst' here
  void * __attribute__((__cdecl__)) memcpy(void * __restrict__ _Dst,const void * __restrict__ _Src,size_t _Size) ;
                                                               ^
D:/HLS/clu_2022_stats/clu/solution1/csynth.tcl:20:9: warning: HLS pragma dump _XLX_SEP_ PragmaIsValid=1_XLX_SEP_ PragmaType=top_XLX_SEP_ PragmaContext=directive_XLX_SEP_ PragmaFunction=clu_XLX_SEP_ PragmaOptions=name=clu_XLX_SEP_ [-Wdump-hls-pragmas]
#pragma HLSDIRECTIVE TOP name=clu
        ^
D:/HLS/clu_2022_stats/clu/solution1/directives.tcl:6:9: warning: HLS pragma dump _XLX_SEP_ PragmaIsValid=1_XLX_SEP_ PragmaType=top_XLX_SEP_ PragmaContext=directive_XLX_SEP_ PragmaFunction=clu_XLX_SEP_ PragmaOptions=name=clu_XLX_SEP_ [-Wdump-hls-pragmas]
#pragma HLSDIRECTIVE TOP name=clu
        ^
clu.c:46:9: warning: '#pragma HLS INTERFACE port=return register' is obsoleted and replaced by '#pragma HLS LATENCY min=1 max=1' [-Wobsoleted-hls-pragmas]
#pragma HLS INTERFACE port=timestamp register
        ^
clu.c:46:9: warning: HLS pragma dump _XLX_SEP_ PragmaIsValid=0_XLX_SEP_ PragmaType=interface_XLX_SEP_ PragmaContext=_XLX_SEP_ PragmaFunction=clu_XLX_SEP_ PragmaOptions=port=timestamp register_XLX_SEP_ [-Wdump-hls-pragmas]
clu.c:47:9: warning: HLS pragma dump _XLX_SEP_ PragmaIsValid=1_XLX_SEP_ PragmaType=interface_XLX_SEP_ PragmaContext=_XLX_SEP_ PragmaFunction=clu_XLX_SEP_ PragmaOptions=mode=s_axilite bundle=EN port=return_XLX_SEP_ [-Wdump-hls-pragmas]
#pragma HLS INTERFACE mode=s_axilite bundle=EN port=return
        ^
clu.c:50:9: warning: HLS pragma dump _XLX_SEP_ PragmaIsValid=1_XLX_SEP_ PragmaType=interface_XLX_SEP_ PragmaContext=_XLX_SEP_ PragmaFunction=clu_XLX_SEP_ PragmaOptions=mode=s_axilite bundle=EN port=can_ptr_XLX_SEP_ [-Wdump-hls-pragmas]
#pragma HLS INTERFACE mode=s_axilite bundle=EN port=can_ptr
        ^
clu.c:51:9: warning: HLS pragma dump _XLX_SEP_ PragmaIsValid=1_XLX_SEP_ PragmaType=interface_XLX_SEP_ PragmaContext=_XLX_SEP_ PragmaFunction=clu_XLX_SEP_ PragmaOptions=mode=m_axi bundle=can_addr depth=1 port=can_ptr offset=slave_XLX_SEP_ [-Wdump-hls-pragmas]
#pragma HLS INTERFACE mode=m_axi bundle=can_addr depth=1 port=can_ptr offset=slave
        ^
clu.c:52:9: warning: HLS pragma dump _XLX_SEP_ PragmaIsValid=1_XLX_SEP_ PragmaType=interface_XLX_SEP_ PragmaContext=_XLX_SEP_ PragmaFunction=clu_XLX_SEP_ PragmaOptions=mode=s_axilite bundle=EN port=can_ddr offset=0x58_XLX_SEP_ [-Wdump-hls-pragmas]
#pragma HLS INTERFACE mode=s_axilite bundle=EN port=can_ddr offset=0x58
        ^
clu.c:53:9: warning: HLS pragma dump _XLX_SEP_ PragmaIsValid=1_XLX_SEP_ PragmaType=interface_XLX_SEP_ PragmaContext=_XLX_SEP_ PragmaFunction=clu_XLX_SEP_ PragmaOptions=mode=m_axi bundle=ps_ddr depth=10 port=can_ddr offset=slave_XLX_SEP_ [-Wdump-hls-pragmas]
#pragma HLS INTERFACE mode=m_axi bundle=ps_ddr depth=10 port=can_ddr offset=slave
        ^
clu.c:54:9: warning: HLS pragma dump _XLX_SEP_ PragmaIsValid=1_XLX_SEP_ PragmaType=interface_XLX_SEP_ PragmaContext=_XLX_SEP_ PragmaFunction=clu_XLX_SEP_ PragmaOptions=mode=s_axilite bundle=EN port=can_en offset=0x40_XLX_SEP_ [-Wdump-hls-pragmas]
#pragma HLS INTERFACE mode=s_axilite bundle=EN port=can_en offset=0x40
        ^
clu.c:55:9: warning: HLS pragma dump _XLX_SEP_ PragmaIsValid=1_XLX_SEP_ PragmaType=interface_XLX_SEP_ PragmaContext=_XLX_SEP_ PragmaFunction=clu_XLX_SEP_ PragmaOptions=mode=s_axilite bundle=EN port=received_can offset=0x28_XLX_SEP_ [-Wdump-hls-pragmas]
#pragma HLS INTERFACE mode=s_axilite bundle=EN port=received_can offset=0x28
        ^
clu.c:57:9: warning: HLS pragma dump _XLX_SEP_ PragmaIsValid=1_XLX_SEP_ PragmaType=interface_XLX_SEP_ PragmaContext=_XLX_SEP_ PragmaFunction=clu_XLX_SEP_ PragmaOptions=mode=s_axilite bundle=EN port=can_0_received offset=0x70_XLX_SEP_ [-Wdump-hls-pragmas]
#pragma HLS INTERFACE mode=s_axilite bundle=EN port=can_0_received offset=0x70
        ^
clu.c:58:9: warning: HLS pragma dump _XLX_SEP_ PragmaIsValid=1_XLX_SEP_ PragmaType=interface_XLX_SEP_ PragmaContext=_XLX_SEP_ PragmaFunction=clu_XLX_SEP_ PragmaOptions=mode=s_axilite bundle=EN port=can_1_received offset=0x78_XLX_SEP_ [-Wdump-hls-pragmas]
#pragma HLS INTERFACE mode=s_axilite bundle=EN port=can_1_received offset=0x78
        ^
clu.c:59:9: warning: HLS pragma dump _XLX_SEP_ PragmaIsValid=1_XLX_SEP_ PragmaType=interface_XLX_SEP_ PragmaContext=_XLX_SEP_ PragmaFunction=clu_XLX_SEP_ PragmaOptions=mode=s_axilite bundle=EN port=can_2_received offset=0x80_XLX_SEP_ [-Wdump-hls-pragmas]
#pragma HLS INTERFACE mode=s_axilite bundle=EN port=can_2_received offset=0x80
        ^
clu.c:60:9: warning: HLS pragma dump _XLX_SEP_ PragmaIsValid=1_XLX_SEP_ PragmaType=interface_XLX_SEP_ PragmaContext=_XLX_SEP_ PragmaFunction=clu_XLX_SEP_ PragmaOptions=mode=s_axilite bundle=EN port=can_3_received offset=0x88_XLX_SEP_ [-Wdump-hls-pragmas]
#pragma HLS INTERFACE mode=s_axilite bundle=EN port=can_3_received offset=0x88
        ^
clu.c:61:9: warning: HLS pragma dump _XLX_SEP_ PragmaIsValid=1_XLX_SEP_ PragmaType=interface_XLX_SEP_ PragmaContext=_XLX_SEP_ PragmaFunction=clu_XLX_SEP_ PragmaOptions=mode=s_axilite bundle=EN port=can_dropped offset=0x90_XLX_SEP_ [-Wdump-hls-pragmas]
#pragma HLS INTERFACE mode=s_axilite bundle=EN port=can_dropped offset=0x90
        ^
clu.c:68:9: warning: HLS pragma dump _XLX_SEP_ PragmaIsValid=1_XLX_SEP_ PragmaType=interface_XLX_SEP_ PragmaContext=_XLX_SEP_ PragmaFunction=clu_XLX_SEP_ PragmaOptions=mode=s_axilite bundle=EN port=uart_ptr_XLX_SEP_ [-Wdump-hls-pragmas]
#pragma HLS INTERFACE mode=s_axilite bundle=EN port=uart_ptr
        ^
clu.c:69:9: warning: HLS pragma dump _XLX_SEP_ PragmaIsValid=1_XLX_SEP_ PragmaType=interface_XLX_SEP_ PragmaContext=_XLX_SEP_ PragmaFunction=clu_XLX_SEP_ PragmaOptions=mode=m_axi bundle=uart_addr depth=1 port=uart_ptr offset=slave_XLX_SEP_ [-Wdump-hls-pragmas]
#pragma HLS INTERFACE mode=m_axi bundle=uart_addr depth=1 port=uart_ptr offset=slave
        ^
clu.c:70:9: warning: HLS pragma dump _XLX_SEP_ PragmaIsValid=1_XLX_SEP_ PragmaType=interface_XLX_SEP_ PragmaContext=_XLX_SEP_ PragmaFunction=clu_XLX_SEP_ PragmaOptions=mode=s_axilite bundle=EN port=uart_ddr offset=0x60_XLX_SEP_ [-Wdump-hls-pragmas]
#pragma HLS INTERFACE mode=s_axilite bundle=EN port=uart_ddr offset=0x60
        ^
clu.c:71:9: warning: HLS pragma dump _XLX_SEP_ PragmaIsValid=1_XLX_SEP_ PragmaType=interface_XLX_SEP_ PragmaContext=_XLX_SEP_ PragmaFunction=clu_XLX_SEP_ PragmaOptions=mode=m_axi bundle=ps_ddr depth=10 port=uart_ddr offset=slave_XLX_SEP_ [-Wdump-hls-pragmas]
#pragma HLS INTERFACE mode=m_axi bundle=ps_ddr depth=10 port=uart_ddr offset=slave
        ^
clu.c:72:9: warning: HLS pragma dump _XLX_SEP_ PragmaIsValid=1_XLX_SEP_ PragmaType=interface_XLX_SEP_ PragmaContext=_XLX_SEP_ PragmaFunction=clu_XLX_SEP_ PragmaOptions=mode=s_axilite bundle=EN port=uart_en offset=0x48_XLX_SEP_ [-Wdump-hls-pragmas]
#pragma HLS INTERFACE mode=s_axilite bundle=EN port=uart_en offset=0x48
        ^
clu.c:73:9: warning: HLS pragma dump _XLX_SEP_ PragmaIsValid=1_XLX_SEP_ PragmaType=interface_XLX_SEP_ PragmaContext=_XLX_SEP_ PragmaFunction=clu_XLX_SEP_ PragmaOptions=mode=s_axilite bundle=EN port=received_uart offset=0x30_XLX_SEP_ [-Wdump-hls-pragmas]
#pragma HLS INTERFACE mode=s_axilite bundle=EN port=received_uart offset=0x30
        ^
clu.c:76:9: warning: HLS pragma dump _XLX_SEP_ PragmaIsValid=1_XLX_SEP_ PragmaType=interface_XLX_SEP_ PragmaContext=_XLX_SEP_ PragmaFunction=clu_XLX_SEP_ PragmaOptions=mode=s_axilite bundle=EN port=lin_ptr_XLX_SEP_ [-Wdump-hls-pragmas]
#pragma HLS INTERFACE mode=s_axilite bundle=EN port=lin_ptr
        ^
clu.c:77:9: warning: HLS pragma dump _XLX_SEP_ PragmaIsValid=1_XLX_SEP_ PragmaType=interface_XLX_SEP_ PragmaContext=_XLX_SEP_ PragmaFunction=clu_XLX_SEP_ PragmaOptions=mode=m_axi bundle=lin_addr depth=1 port=lin_ptr offset=slave_XLX_SEP_ [-Wdump-hls-pragmas]
#pragma HLS INTERFACE mode=m_axi bundle=lin_addr depth=1 port=lin_ptr offset=slave
        ^
clu.c:78:9: warning: HLS pragma dump _XLX_SEP_ PragmaIsValid=1_XLX_SEP_ PragmaType=interface_XLX_SEP_ PragmaContext=_XLX_SEP_ PragmaFunction=clu_XLX_SEP_ PragmaOptions=mode=s_axilite bundle=EN port=lin_ddr offset=0x68_XLX_SEP_ [-Wdump-hls-pragmas]
#pragma HLS INTERFACE mode=s_axilite bundle=EN port=lin_ddr offset=0x68
        ^
clu.c:79:9: warning: HLS pragma dump _XLX_SEP_ PragmaIsValid=1_XLX_SEP_ PragmaType=interface_XLX_SEP_ PragmaContext=_XLX_SEP_ PragmaFunction=clu_XLX_SEP_ PragmaOptions=mode=m_axi bundle=ps_ddr depth=10 port=lin_ddr offset=slave_XLX_SEP_ [-Wdump-hls-pragmas]
#pragma HLS INTERFACE mode=m_axi bundle=ps_ddr depth=10 port=lin_ddr offset=slave
        ^
clu.c:80:9: warning: HLS pragma dump _XLX_SEP_ PragmaIsValid=1_XLX_SEP_ PragmaType=interface_XLX_SEP_ PragmaContext=_XLX_SEP_ PragmaFunction=clu_XLX_SEP_ PragmaOptions=mode=s_axilite bundle=EN port=lin_en offset=0x50_XLX_SEP_ [-Wdump-hls-pragmas]
#pragma HLS INTERFACE mode=s_axilite bundle=EN port=lin_en offset=0x50
        ^
clu.c:81:9: warning: HLS pragma dump _XLX_SEP_ PragmaIsValid=1_XLX_SEP_ PragmaType=interface_XLX_SEP_ PragmaContext=_XLX_SEP_ PragmaFunction=clu_XLX_SEP_ PragmaOptions=mode=s_axilite bundle=EN port=received_lin offset=0x38_XLX_SEP_ [-Wdump-hls-pragmas]
#pragma HLS INTERFACE mode=s_axilite bundle=EN port=received_lin offset=0x38
        ^
clu.c:84:9: warning: HLS pragma dump _XLX_SEP_ PragmaIsValid=1_XLX_SEP_ PragmaType=interface_XLX_SEP_ PragmaContext=_XLX_SEP_ PragmaFunction=clu_XLX_SEP_ PragmaOptions=s_axilite register port=lin_0_received bundle=EN offset=0x98_XLX_SEP_ [-Wdump-hls-pragmas]
#pragma HLS INTERFACE s_axilite register port=lin_0_received bundle=EN offset=0x98
        ^
clu.c:85:9: warning: HLS pragma dump _XLX_SEP_ PragmaIsValid=1_XLX_SEP_ PragmaType=interface_XLX_SEP_ PragmaContext=_XLX_SEP_ PragmaFunction=clu_XLX_SEP_ PragmaOptions=s_axilite register port=lin_1_received bundle=EN offset=0xa0_XLX_SEP_ [-Wdump-hls-pragmas]
#pragma HLS INTERFACE s_axilite register port=lin_1_received bundle=EN offset=0xa0
        ^
clu.c:86:9: warning: HLS pragma dump _XLX_SEP_ PragmaIsValid=1_XLX_SEP_ PragmaType=interface_XLX_SEP_ PragmaContext=_XLX_SEP_ PragmaFunction=clu_XLX_SEP_ PragmaOptions=s_axilite register port=lin_2_received bundle=EN offset=0xa8_XLX_SEP_ [-Wdump-hls-pragmas]
#pragma HLS INTERFACE s_axilite register port=lin_2_received bundle=EN offset=0xa8
        ^
clu.c:87:9: warning: HLS pragma dump _XLX_SEP_ PragmaIsValid=1_XLX_SEP_ PragmaType=interface_XLX_SEP_ PragmaContext=_XLX_SEP_ PragmaFunction=clu_XLX_SEP_ PragmaOptions=s_axilite register port=lin_3_received bundle=EN offset=0xb0_XLX_SEP_ [-Wdump-hls-pragmas]
#pragma HLS INTERFACE s_axilite register port=lin_3_received bundle=EN offset=0xb0
        ^
clu.c:88:9: warning: HLS pragma dump _XLX_SEP_ PragmaIsValid=1_XLX_SEP_ PragmaType=interface_XLX_SEP_ PragmaContext=_XLX_SEP_ PragmaFunction=clu_XLX_SEP_ PragmaOptions=s_axilite register port=lin_4_received bundle=EN offset=0xb8_XLX_SEP_ [-Wdump-hls-pragmas]
#pragma HLS INTERFACE s_axilite register port=lin_4_received bundle=EN offset=0xb8
        ^
clu.c:89:9: warning: HLS pragma dump _XLX_SEP_ PragmaIsValid=1_XLX_SEP_ PragmaType=interface_XLX_SEP_ PragmaContext=_XLX_SEP_ PragmaFunction=clu_XLX_SEP_ PragmaOptions=s_axilite register port=lin_5_received bundle=EN offset=0xc0_XLX_SEP_ [-Wdump-hls-pragmas]
#pragma HLS INTERFACE s_axilite register port=lin_5_received bundle=EN offset=0xc0
        ^
clu.c:90:9: warning: HLS pragma dump _XLX_SEP_ PragmaIsValid=1_XLX_SEP_ PragmaType=interface_XLX_SEP_ PragmaContext=_XLX_SEP_ PragmaFunction=clu_XLX_SEP_ PragmaOptions=s_axilite register port=lin_6_received bundle=EN offset=0xc8_XLX_SEP_ [-Wdump-hls-pragmas]
#pragma HLS INTERFACE s_axilite register port=lin_6_received bundle=EN offset=0xc8
        ^
clu.c:91:9: warning: HLS pragma dump _XLX_SEP_ PragmaIsValid=1_XLX_SEP_ PragmaType=interface_XLX_SEP_ PragmaContext=_XLX_SEP_ PragmaFunction=clu_XLX_SEP_ PragmaOptions=s_axilite register port=lin_7_received bundle=EN offset=0xd0_XLX_SEP_ [-Wdump-hls-pragmas]
#pragma HLS INTERFACE s_axilite register port=lin_7_received bundle=EN offset=0xd0
        ^
clu.c:92:9: warning: HLS pragma dump _XLX_SEP_ PragmaIsValid=1_XLX_SEP_ PragmaType=interface_XLX_SEP_ PragmaContext=_XLX_SEP_ PragmaFunction=clu_XLX_SEP_ PragmaOptions=s_axilite register port=lin_8_received bundle=EN offset=0xd8_XLX_SEP_ [-Wdump-hls-pragmas]
#pragma HLS INTERFACE s_axilite register port=lin_8_received bundle=EN offset=0xd8
        ^
clu.c:93:9: warning: HLS pragma dump _XLX_SEP_ PragmaIsValid=1_XLX_SEP_ PragmaType=interface_XLX_SEP_ PragmaContext=_XLX_SEP_ PragmaFunction=clu_XLX_SEP_ PragmaOptions=s_axilite register port=lin_9_received bundle=EN offset=0xe0_XLX_SEP_ [-Wdump-hls-pragmas]
#pragma HLS INTERFACE s_axilite register port=lin_9_received bundle=EN offset=0xe0
        ^
clu.c:94:9: warning: HLS pragma dump _XLX_SEP_ PragmaIsValid=1_XLX_SEP_ PragmaType=interface_XLX_SEP_ PragmaContext=_XLX_SEP_ PragmaFunction=clu_XLX_SEP_ PragmaOptions=s_axilite register port=lin_dropped bundle=EN offset=0xe8_XLX_SEP_ [-Wdump-hls-pragmas]
#pragma HLS INTERFACE s_axilite register port=lin_dropped bundle=EN offset=0xe8
        ^
40 warnings generated.
