

================================================================
== Vitis HLS Report for 'clu'
================================================================
* Date:           Thu Dec 22 10:53:21 2022

* Version:        2022.2 (Build 3670227 on Oct 13 2022)
* Project:        clu
* Solution:       solution1 (Vivado IP Flow Target)
* Product family: zynq
* Target device:  xc7z020-clg400-2


================================================================
== Performance Estimates
================================================================
+ Timing: 
    * Summary: 
    +--------+----------+----------+------------+
    |  Clock |  Target  | Estimated| Uncertainty|
    +--------+----------+----------+------------+
    |ap_clk  |  10.00 ns|  8.100 ns|     2.70 ns|
    +--------+----------+----------+------------+

+ Latency: 
    * Summary: 
    +---------+---------+----------+----------+-----+-----+---------+
    |  Latency (cycles) |  Latency (absolute) |  Interval | Pipeline|
    |   min   |   max   |    min   |    max   | min | max |   Type  |
    +---------+---------+----------+----------+-----+-----+---------+
    |        ?|        ?|         ?|         ?|    ?|    ?|       no|
    +---------+---------+----------+----------+-----+-----+---------+

    + Detail: 
        * Instance: 
        N/A

        * Loop: 
        +--------------------+---------+---------+----------+-----------+-----------+------+----------+
        |                    |  Latency (cycles) | Iteration|  Initiation Interval  | Trip |          |
        |      Loop Name     |   min   |   max   |  Latency |  achieved |   target  | Count| Pipelined|
        +--------------------+---------+---------+----------+-----------+-----------+------+----------+
        |- VITIS_LOOP_335_1  |        ?|        ?|         ?|          -|          -|    12|        no|
        |- VITIS_LOOP_375_1  |       20|        ?|     2 ~ ?|          -|          -|    10|        no|
        +--------------------+---------+---------+----------+-----------+-----------+------+----------+

============================================================
+ Verbose Summary: Synthesis Manager
============================================================
InlineROM: 1
ExposeGlobal: 0
============================================================
+ Verbose Summary: CDFG Model
============================================================
IsTopModel: 1
ResetActiveHigh: 1
IsCombinational: 0
IsDatapathOnly: 0
HasWiredReturn: 1
HasMFsm: 0
HasVarLatency: 1
IsPipeline: 0
IsRtlPipelined: 0
IsInstanceOverlapped: 0
IsDontTouch: 0
HasImplIP: 0
IsGatedGlobalClock: 0


============================================================
+ Verbose Summary: Schedule
============================================================
* Number of FSM states : 15
* Pipeline : 0
* Dataflow Pipeline: 0

* FSM state transitions: 
1 --> 15 2 4 
2 --> 3 15 
3 --> 2 
4 --> 5 14 15 
5 --> 6 
6 --> 7 
7 --> 8 
8 --> 9 
9 --> 10 
10 --> 11 
11 --> 12 
12 --> 13 
13 --> 14 
14 --> 4 
15 --> 

* FSM state operations: 

State 1 <SV = 0> <Delay = 1.32>
ST_1 : Operation 16 [1/1] (0.00ns)   --->   "%spectopmodule_ln22 = spectopmodule void @_ssdm_op_SpecTopModule, void @empty_11" [clu.c:22]   --->   Operation 16 'spectopmodule' 'spectopmodule_ln22' <Predicate = true> <Delay = 0.00>
ST_1 : Operation 17 [1/1] (0.00ns)   --->   "%specinterface_ln0 = specinterface void @_ssdm_op_SpecInterface, i32 %can_addr, void @empty_42, i32 0, i32 0, void @empty_43, i32 0, i32 1, void @empty_44, void @empty, void @empty_43, i32 16, i32 16, i32 16, i32 16, void @empty_43, void @empty_43, i32 4294967295, i32 0"   --->   Operation 17 'specinterface' 'specinterface_ln0' <Predicate = true> <Delay = 0.00>
ST_1 : Operation 18 [1/1] (0.00ns)   --->   "%specbitsmap_ln0 = specbitsmap void @_ssdm_op_SpecBitsMap, i32 %can_addr"   --->   Operation 18 'specbitsmap' 'specbitsmap_ln0' <Predicate = true> <Delay = 0.00>
ST_1 : Operation 19 [1/1] (0.00ns)   --->   "%specinterface_ln0 = specinterface void @_ssdm_op_SpecInterface, i32 %uart_addr, void @empty_42, i32 0, i32 0, void @empty_43, i32 0, i32 1, void @empty_0, void @empty, void @empty_43, i32 16, i32 16, i32 16, i32 16, void @empty_43, void @empty_43, i32 4294967295, i32 0"   --->   Operation 19 'specinterface' 'specinterface_ln0' <Predicate = true> <Delay = 0.00>
ST_1 : Operation 20 [1/1] (0.00ns)   --->   "%specbitsmap_ln0 = specbitsmap void @_ssdm_op_SpecBitsMap, i32 %uart_addr"   --->   Operation 20 'specbitsmap' 'specbitsmap_ln0' <Predicate = true> <Delay = 0.00>
ST_1 : Operation 21 [1/1] (0.00ns)   --->   "%specinterface_ln0 = specinterface void @_ssdm_op_SpecInterface, i32 %lin_addr, void @empty_42, i32 0, i32 0, void @empty_43, i32 0, i32 1, void @empty_1, void @empty, void @empty_43, i32 16, i32 16, i32 16, i32 16, void @empty_43, void @empty_43, i32 4294967295, i32 0"   --->   Operation 21 'specinterface' 'specinterface_ln0' <Predicate = true> <Delay = 0.00>
ST_1 : Operation 22 [1/1] (0.00ns)   --->   "%specbitsmap_ln0 = specbitsmap void @_ssdm_op_SpecBitsMap, i32 %lin_addr"   --->   Operation 22 'specbitsmap' 'specbitsmap_ln0' <Predicate = true> <Delay = 0.00>
ST_1 : Operation 23 [1/1] (0.00ns)   --->   "%specinterface_ln0 = specinterface void @_ssdm_op_SpecInterface, i8 %ps_ddr, void @empty_42, i32 0, i32 0, void @empty_43, i32 0, i32 10, void @empty_2, void @empty, void @empty_43, i32 16, i32 16, i32 16, i32 16, void @empty_43, void @empty_43, i32 4294967295, i32 0"   --->   Operation 23 'specinterface' 'specinterface_ln0' <Predicate = true> <Delay = 0.00>
ST_1 : Operation 24 [1/1] (0.00ns)   --->   "%specbitsmap_ln0 = specbitsmap void @_ssdm_op_SpecBitsMap, i8 %ps_ddr"   --->   Operation 24 'specbitsmap' 'specbitsmap_ln0' <Predicate = true> <Delay = 0.00>
ST_1 : Operation 25 [1/1] (0.00ns)   --->   "%specinterface_ln0 = specinterface void @_ssdm_op_SpecInterface, i32 %can_ptr, void @empty_3, i32 0, i32 0, void @empty_43, i32 0, i32 0, void @empty_4, void @empty_5, void @empty_43, i32 0, i32 0, i32 0, i32 0, void @empty_43, void @empty_6, i32 4294967295, i32 0"   --->   Operation 25 'specinterface' 'specinterface_ln0' <Predicate = true> <Delay = 0.00>
ST_1 : Operation 26 [1/1] (0.00ns)   --->   "%specinterface_ln0 = specinterface void @_ssdm_op_SpecInterface, i32 %can_ptr, void @empty_7, i32 0, i32 0, void @empty_43, i32 0, i32 0, void @empty_43, void @empty_43, void @empty_43, i32 0, i32 0, i32 0, i32 0, void @empty_43, void @empty_6, i32 4294967295, i32 0"   --->   Operation 26 'specinterface' 'specinterface_ln0' <Predicate = true> <Delay = 0.00>
ST_1 : Operation 27 [1/1] (0.00ns)   --->   "%specinterface_ln0 = specinterface void @_ssdm_op_SpecInterface, i32 %uart_ptr, void @empty_3, i32 0, i32 0, void @empty_43, i32 0, i32 0, void @empty_4, void @empty_8, void @empty_43, i32 0, i32 0, i32 0, i32 0, void @empty_43, void @empty_6, i32 4294967295, i32 0"   --->   Operation 27 'specinterface' 'specinterface_ln0' <Predicate = true> <Delay = 0.00>
ST_1 : Operation 28 [1/1] (0.00ns)   --->   "%specinterface_ln0 = specinterface void @_ssdm_op_SpecInterface, i32 %uart_ptr, void @empty_7, i32 0, i32 0, void @empty_43, i32 0, i32 0, void @empty_43, void @empty_43, void @empty_43, i32 0, i32 0, i32 0, i32 0, void @empty_43, void @empty_6, i32 4294967295, i32 0"   --->   Operation 28 'specinterface' 'specinterface_ln0' <Predicate = true> <Delay = 0.00>
ST_1 : Operation 29 [1/1] (0.00ns)   --->   "%specinterface_ln0 = specinterface void @_ssdm_op_SpecInterface, i32 %lin_ptr, void @empty_3, i32 0, i32 0, void @empty_43, i32 0, i32 0, void @empty_4, void @empty_34, void @empty_43, i32 0, i32 0, i32 0, i32 0, void @empty_43, void @empty_6, i32 4294967295, i32 0"   --->   Operation 29 'specinterface' 'specinterface_ln0' <Predicate = true> <Delay = 0.00>
ST_1 : Operation 30 [1/1] (0.00ns)   --->   "%specinterface_ln0 = specinterface void @_ssdm_op_SpecInterface, i32 %lin_ptr, void @empty_7, i32 0, i32 0, void @empty_43, i32 0, i32 0, void @empty_43, void @empty_43, void @empty_43, i32 0, i32 0, i32 0, i32 0, void @empty_43, void @empty_6, i32 4294967295, i32 0"   --->   Operation 30 'specinterface' 'specinterface_ln0' <Predicate = true> <Delay = 0.00>
ST_1 : Operation 31 [1/1] (0.00ns)   --->   "%specbitsmap_ln0 = specbitsmap void @_ssdm_op_SpecBitsMap, i32 %can_0_received"   --->   Operation 31 'specbitsmap' 'specbitsmap_ln0' <Predicate = true> <Delay = 0.00>
ST_1 : Operation 32 [1/1] (0.00ns)   --->   "%specinterface_ln0 = specinterface void @_ssdm_op_SpecInterface, i32 %can_0_received, void @empty_3, i32 0, i32 0, void @empty_43, i32 0, i32 0, void @empty_4, void @empty_9, void @empty_43, i32 0, i32 0, i32 0, i32 0, void @empty_43, void @empty_43, i32 4294967295, i32 0"   --->   Operation 32 'specinterface' 'specinterface_ln0' <Predicate = true> <Delay = 0.00>
ST_1 : Operation 33 [1/1] (0.00ns)   --->   "%specinterface_ln0 = specinterface void @_ssdm_op_SpecInterface, i32 %can_0_received, void @empty_7, i32 0, i32 0, void @empty_43, i32 0, i32 0, void @empty_43, void @empty_43, void @empty_43, i32 0, i32 0, i32 0, i32 0, void @empty_43, void @empty_43, i32 4294967295, i32 0"   --->   Operation 33 'specinterface' 'specinterface_ln0' <Predicate = true> <Delay = 0.00>
ST_1 : Operation 34 [1/1] (0.00ns)   --->   "%specbitsmap_ln0 = specbitsmap void @_ssdm_op_SpecBitsMap, i32 %can_1_received"   --->   Operation 34 'specbitsmap' 'specbitsmap_ln0' <Predicate = true> <Delay = 0.00>
ST_1 : Operation 35 [1/1] (0.00ns)   --->   "%specinterface_ln0 = specinterface void @_ssdm_op_SpecInterface, i32 %can_1_received, void @empty_3, i32 0, i32 0, void @empty_43, i32 0, i32 0, void @empty_4, void @empty_10, void @empty_43, i32 0, i32 0, i32 0, i32 0, void @empty_43, void @empty_43, i32 4294967295, i32 0"   --->   Operation 35 'specinterface' 'specinterface_ln0' <Predicate = true> <Delay = 0.00>
ST_1 : Operation 36 [1/1] (0.00ns)   --->   "%specinterface_ln0 = specinterface void @_ssdm_op_SpecInterface, i32 %can_1_received, void @empty_7, i32 0, i32 0, void @empty_43, i32 0, i32 0, void @empty_43, void @empty_43, void @empty_43, i32 0, i32 0, i32 0, i32 0, void @empty_43, void @empty_43, i32 4294967295, i32 0"   --->   Operation 36 'specinterface' 'specinterface_ln0' <Predicate = true> <Delay = 0.00>
ST_1 : Operation 37 [1/1] (0.00ns)   --->   "%specbitsmap_ln0 = specbitsmap void @_ssdm_op_SpecBitsMap, i32 %can_2_received"   --->   Operation 37 'specbitsmap' 'specbitsmap_ln0' <Predicate = true> <Delay = 0.00>
ST_1 : Operation 38 [1/1] (0.00ns)   --->   "%specinterface_ln0 = specinterface void @_ssdm_op_SpecInterface, i32 %can_2_received, void @empty_3, i32 0, i32 0, void @empty_43, i32 0, i32 0, void @empty_4, void @empty_12, void @empty_43, i32 0, i32 0, i32 0, i32 0, void @empty_43, void @empty_43, i32 4294967295, i32 0"   --->   Operation 38 'specinterface' 'specinterface_ln0' <Predicate = true> <Delay = 0.00>
ST_1 : Operation 39 [1/1] (0.00ns)   --->   "%specinterface_ln0 = specinterface void @_ssdm_op_SpecInterface, i32 %can_2_received, void @empty_7, i32 0, i32 0, void @empty_43, i32 0, i32 0, void @empty_43, void @empty_43, void @empty_43, i32 0, i32 0, i32 0, i32 0, void @empty_43, void @empty_43, i32 4294967295, i32 0"   --->   Operation 39 'specinterface' 'specinterface_ln0' <Predicate = true> <Delay = 0.00>
ST_1 : Operation 40 [1/1] (0.00ns)   --->   "%specbitsmap_ln0 = specbitsmap void @_ssdm_op_SpecBitsMap, i32 %can_3_received"   --->   Operation 40 'specbitsmap' 'specbitsmap_ln0' <Predicate = true> <Delay = 0.00>
ST_1 : Operation 41 [1/1] (0.00ns)   --->   "%specinterface_ln0 = specinterface void @_ssdm_op_SpecInterface, i32 %can_3_received, void @empty_3, i32 0, i32 0, void @empty_43, i32 0, i32 0, void @empty_4, void @empty_13, void @empty_43, i32 0, i32 0, i32 0, i32 0, void @empty_43, void @empty_43, i32 4294967295, i32 0"   --->   Operation 41 'specinterface' 'specinterface_ln0' <Predicate = true> <Delay = 0.00>
ST_1 : Operation 42 [1/1] (0.00ns)   --->   "%specinterface_ln0 = specinterface void @_ssdm_op_SpecInterface, i32 %can_3_received, void @empty_7, i32 0, i32 0, void @empty_43, i32 0, i32 0, void @empty_43, void @empty_43, void @empty_43, i32 0, i32 0, i32 0, i32 0, void @empty_43, void @empty_43, i32 4294967295, i32 0"   --->   Operation 42 'specinterface' 'specinterface_ln0' <Predicate = true> <Delay = 0.00>
ST_1 : Operation 43 [1/1] (0.00ns)   --->   "%specbitsmap_ln0 = specbitsmap void @_ssdm_op_SpecBitsMap, i32 %can_dropped"   --->   Operation 43 'specbitsmap' 'specbitsmap_ln0' <Predicate = true> <Delay = 0.00>
ST_1 : Operation 44 [1/1] (0.00ns)   --->   "%specinterface_ln0 = specinterface void @_ssdm_op_SpecInterface, i32 %can_dropped, void @empty_3, i32 0, i32 0, void @empty_43, i32 0, i32 0, void @empty_4, void @empty_14, void @empty_43, i32 0, i32 0, i32 0, i32 0, void @empty_43, void @empty_43, i32 4294967295, i32 0"   --->   Operation 44 'specinterface' 'specinterface_ln0' <Predicate = true> <Delay = 0.00>
ST_1 : Operation 45 [1/1] (0.00ns)   --->   "%specinterface_ln0 = specinterface void @_ssdm_op_SpecInterface, i32 %can_dropped, void @empty_7, i32 0, i32 0, void @empty_43, i32 0, i32 0, void @empty_43, void @empty_43, void @empty_43, i32 0, i32 0, i32 0, i32 0, void @empty_43, void @empty_43, i32 4294967295, i32 0"   --->   Operation 45 'specinterface' 'specinterface_ln0' <Predicate = true> <Delay = 0.00>
ST_1 : Operation 46 [1/1] (0.00ns)   --->   "%specbitsmap_ln0 = specbitsmap void @_ssdm_op_SpecBitsMap, i32 %received_can"   --->   Operation 46 'specbitsmap' 'specbitsmap_ln0' <Predicate = true> <Delay = 0.00>
ST_1 : Operation 47 [1/1] (0.00ns)   --->   "%specinterface_ln0 = specinterface void @_ssdm_op_SpecInterface, i32 %received_can, void @empty_3, i32 0, i32 0, void @empty_43, i32 0, i32 0, void @empty_4, void @empty_15, void @empty_43, i32 0, i32 0, i32 0, i32 0, void @empty_43, void @empty_43, i32 4294967295, i32 0"   --->   Operation 47 'specinterface' 'specinterface_ln0' <Predicate = true> <Delay = 0.00>
ST_1 : Operation 48 [1/1] (0.00ns)   --->   "%specinterface_ln0 = specinterface void @_ssdm_op_SpecInterface, i32 %received_can, void @empty_7, i32 0, i32 0, void @empty_43, i32 0, i32 0, void @empty_43, void @empty_43, void @empty_43, i32 0, i32 0, i32 0, i32 0, void @empty_43, void @empty_43, i32 4294967295, i32 0"   --->   Operation 48 'specinterface' 'specinterface_ln0' <Predicate = true> <Delay = 0.00>
ST_1 : Operation 49 [1/1] (0.00ns)   --->   "%specbitsmap_ln0 = specbitsmap void @_ssdm_op_SpecBitsMap, i32 %received_uart"   --->   Operation 49 'specbitsmap' 'specbitsmap_ln0' <Predicate = true> <Delay = 0.00>
ST_1 : Operation 50 [1/1] (0.00ns)   --->   "%specinterface_ln0 = specinterface void @_ssdm_op_SpecInterface, i32 %received_uart, void @empty_3, i32 0, i32 0, void @empty_43, i32 0, i32 0, void @empty_4, void @empty_16, void @empty_43, i32 0, i32 0, i32 0, i32 0, void @empty_43, void @empty_43, i32 4294967295, i32 0"   --->   Operation 50 'specinterface' 'specinterface_ln0' <Predicate = true> <Delay = 0.00>
ST_1 : Operation 51 [1/1] (0.00ns)   --->   "%specinterface_ln0 = specinterface void @_ssdm_op_SpecInterface, i32 %received_uart, void @empty_7, i32 0, i32 0, void @empty_43, i32 0, i32 0, void @empty_43, void @empty_43, void @empty_43, i32 0, i32 0, i32 0, i32 0, void @empty_43, void @empty_43, i32 4294967295, i32 0"   --->   Operation 51 'specinterface' 'specinterface_ln0' <Predicate = true> <Delay = 0.00>
ST_1 : Operation 52 [1/1] (0.00ns)   --->   "%specbitsmap_ln0 = specbitsmap void @_ssdm_op_SpecBitsMap, i32 %lin_0_received"   --->   Operation 52 'specbitsmap' 'specbitsmap_ln0' <Predicate = true> <Delay = 0.00>
ST_1 : Operation 53 [1/1] (0.00ns)   --->   "%specinterface_ln0 = specinterface void @_ssdm_op_SpecInterface, i32 %lin_0_received, void @empty_3, i32 1, i32 1, void @empty_17, i32 0, i32 0, void @empty_4, void @empty_18, void @empty_43, i32 0, i32 0, i32 0, i32 0, void @empty_43, void @empty_43, i32 4294967295, i32 0"   --->   Operation 53 'specinterface' 'specinterface_ln0' <Predicate = true> <Delay = 0.00>
ST_1 : Operation 54 [1/1] (0.00ns)   --->   "%specinterface_ln0 = specinterface void @_ssdm_op_SpecInterface, i32 %lin_0_received, void @empty_7, i32 1, i32 1, void @empty_43, i32 0, i32 0, void @empty_43, void @empty_43, void @empty_43, i32 0, i32 0, i32 0, i32 0, void @empty_43, void @empty_43, i32 4294967295, i32 0"   --->   Operation 54 'specinterface' 'specinterface_ln0' <Predicate = true> <Delay = 0.00>
ST_1 : Operation 55 [1/1] (0.00ns)   --->   "%specbitsmap_ln0 = specbitsmap void @_ssdm_op_SpecBitsMap, i32 %lin_1_received"   --->   Operation 55 'specbitsmap' 'specbitsmap_ln0' <Predicate = true> <Delay = 0.00>
ST_1 : Operation 56 [1/1] (0.00ns)   --->   "%specinterface_ln0 = specinterface void @_ssdm_op_SpecInterface, i32 %lin_1_received, void @empty_3, i32 1, i32 1, void @empty_17, i32 0, i32 0, void @empty_4, void @empty_19, void @empty_43, i32 0, i32 0, i32 0, i32 0, void @empty_43, void @empty_43, i32 4294967295, i32 0"   --->   Operation 56 'specinterface' 'specinterface_ln0' <Predicate = true> <Delay = 0.00>
ST_1 : Operation 57 [1/1] (0.00ns)   --->   "%specinterface_ln0 = specinterface void @_ssdm_op_SpecInterface, i32 %lin_1_received, void @empty_7, i32 1, i32 1, void @empty_43, i32 0, i32 0, void @empty_43, void @empty_43, void @empty_43, i32 0, i32 0, i32 0, i32 0, void @empty_43, void @empty_43, i32 4294967295, i32 0"   --->   Operation 57 'specinterface' 'specinterface_ln0' <Predicate = true> <Delay = 0.00>
ST_1 : Operation 58 [1/1] (0.00ns)   --->   "%specbitsmap_ln0 = specbitsmap void @_ssdm_op_SpecBitsMap, i32 %lin_2_received"   --->   Operation 58 'specbitsmap' 'specbitsmap_ln0' <Predicate = true> <Delay = 0.00>
ST_1 : Operation 59 [1/1] (0.00ns)   --->   "%specinterface_ln0 = specinterface void @_ssdm_op_SpecInterface, i32 %lin_2_received, void @empty_3, i32 1, i32 1, void @empty_17, i32 0, i32 0, void @empty_4, void @empty_20, void @empty_43, i32 0, i32 0, i32 0, i32 0, void @empty_43, void @empty_43, i32 4294967295, i32 0"   --->   Operation 59 'specinterface' 'specinterface_ln0' <Predicate = true> <Delay = 0.00>
ST_1 : Operation 60 [1/1] (0.00ns)   --->   "%specinterface_ln0 = specinterface void @_ssdm_op_SpecInterface, i32 %lin_2_received, void @empty_7, i32 1, i32 1, void @empty_43, i32 0, i32 0, void @empty_43, void @empty_43, void @empty_43, i32 0, i32 0, i32 0, i32 0, void @empty_43, void @empty_43, i32 4294967295, i32 0"   --->   Operation 60 'specinterface' 'specinterface_ln0' <Predicate = true> <Delay = 0.00>
ST_1 : Operation 61 [1/1] (0.00ns)   --->   "%specbitsmap_ln0 = specbitsmap void @_ssdm_op_SpecBitsMap, i32 %lin_3_received"   --->   Operation 61 'specbitsmap' 'specbitsmap_ln0' <Predicate = true> <Delay = 0.00>
ST_1 : Operation 62 [1/1] (0.00ns)   --->   "%specinterface_ln0 = specinterface void @_ssdm_op_SpecInterface, i32 %lin_3_received, void @empty_3, i32 1, i32 1, void @empty_17, i32 0, i32 0, void @empty_4, void @empty_21, void @empty_43, i32 0, i32 0, i32 0, i32 0, void @empty_43, void @empty_43, i32 4294967295, i32 0"   --->   Operation 62 'specinterface' 'specinterface_ln0' <Predicate = true> <Delay = 0.00>
ST_1 : Operation 63 [1/1] (0.00ns)   --->   "%specinterface_ln0 = specinterface void @_ssdm_op_SpecInterface, i32 %lin_3_received, void @empty_7, i32 1, i32 1, void @empty_43, i32 0, i32 0, void @empty_43, void @empty_43, void @empty_43, i32 0, i32 0, i32 0, i32 0, void @empty_43, void @empty_43, i32 4294967295, i32 0"   --->   Operation 63 'specinterface' 'specinterface_ln0' <Predicate = true> <Delay = 0.00>
ST_1 : Operation 64 [1/1] (0.00ns)   --->   "%specbitsmap_ln0 = specbitsmap void @_ssdm_op_SpecBitsMap, i32 %lin_4_received"   --->   Operation 64 'specbitsmap' 'specbitsmap_ln0' <Predicate = true> <Delay = 0.00>
ST_1 : Operation 65 [1/1] (0.00ns)   --->   "%specinterface_ln0 = specinterface void @_ssdm_op_SpecInterface, i32 %lin_4_received, void @empty_3, i32 1, i32 1, void @empty_17, i32 0, i32 0, void @empty_4, void @empty_22, void @empty_43, i32 0, i32 0, i32 0, i32 0, void @empty_43, void @empty_43, i32 4294967295, i32 0"   --->   Operation 65 'specinterface' 'specinterface_ln0' <Predicate = true> <Delay = 0.00>
ST_1 : Operation 66 [1/1] (0.00ns)   --->   "%specinterface_ln0 = specinterface void @_ssdm_op_SpecInterface, i32 %lin_4_received, void @empty_7, i32 1, i32 1, void @empty_43, i32 0, i32 0, void @empty_43, void @empty_43, void @empty_43, i32 0, i32 0, i32 0, i32 0, void @empty_43, void @empty_43, i32 4294967295, i32 0"   --->   Operation 66 'specinterface' 'specinterface_ln0' <Predicate = true> <Delay = 0.00>
ST_1 : Operation 67 [1/1] (0.00ns)   --->   "%specbitsmap_ln0 = specbitsmap void @_ssdm_op_SpecBitsMap, i32 %lin_5_received"   --->   Operation 67 'specbitsmap' 'specbitsmap_ln0' <Predicate = true> <Delay = 0.00>
ST_1 : Operation 68 [1/1] (0.00ns)   --->   "%specinterface_ln0 = specinterface void @_ssdm_op_SpecInterface, i32 %lin_5_received, void @empty_3, i32 1, i32 1, void @empty_17, i32 0, i32 0, void @empty_4, void @empty_23, void @empty_43, i32 0, i32 0, i32 0, i32 0, void @empty_43, void @empty_43, i32 4294967295, i32 0"   --->   Operation 68 'specinterface' 'specinterface_ln0' <Predicate = true> <Delay = 0.00>
ST_1 : Operation 69 [1/1] (0.00ns)   --->   "%specinterface_ln0 = specinterface void @_ssdm_op_SpecInterface, i32 %lin_5_received, void @empty_7, i32 1, i32 1, void @empty_43, i32 0, i32 0, void @empty_43, void @empty_43, void @empty_43, i32 0, i32 0, i32 0, i32 0, void @empty_43, void @empty_43, i32 4294967295, i32 0"   --->   Operation 69 'specinterface' 'specinterface_ln0' <Predicate = true> <Delay = 0.00>
ST_1 : Operation 70 [1/1] (0.00ns)   --->   "%specbitsmap_ln0 = specbitsmap void @_ssdm_op_SpecBitsMap, i32 %lin_6_received"   --->   Operation 70 'specbitsmap' 'specbitsmap_ln0' <Predicate = true> <Delay = 0.00>
ST_1 : Operation 71 [1/1] (0.00ns)   --->   "%specinterface_ln0 = specinterface void @_ssdm_op_SpecInterface, i32 %lin_6_received, void @empty_3, i32 1, i32 1, void @empty_17, i32 0, i32 0, void @empty_4, void @empty_24, void @empty_43, i32 0, i32 0, i32 0, i32 0, void @empty_43, void @empty_43, i32 4294967295, i32 0"   --->   Operation 71 'specinterface' 'specinterface_ln0' <Predicate = true> <Delay = 0.00>
ST_1 : Operation 72 [1/1] (0.00ns)   --->   "%specinterface_ln0 = specinterface void @_ssdm_op_SpecInterface, i32 %lin_6_received, void @empty_7, i32 1, i32 1, void @empty_43, i32 0, i32 0, void @empty_43, void @empty_43, void @empty_43, i32 0, i32 0, i32 0, i32 0, void @empty_43, void @empty_43, i32 4294967295, i32 0"   --->   Operation 72 'specinterface' 'specinterface_ln0' <Predicate = true> <Delay = 0.00>
ST_1 : Operation 73 [1/1] (0.00ns)   --->   "%specbitsmap_ln0 = specbitsmap void @_ssdm_op_SpecBitsMap, i32 %lin_7_received"   --->   Operation 73 'specbitsmap' 'specbitsmap_ln0' <Predicate = true> <Delay = 0.00>
ST_1 : Operation 74 [1/1] (0.00ns)   --->   "%specinterface_ln0 = specinterface void @_ssdm_op_SpecInterface, i32 %lin_7_received, void @empty_3, i32 1, i32 1, void @empty_17, i32 0, i32 0, void @empty_4, void @empty_25, void @empty_43, i32 0, i32 0, i32 0, i32 0, void @empty_43, void @empty_43, i32 4294967295, i32 0"   --->   Operation 74 'specinterface' 'specinterface_ln0' <Predicate = true> <Delay = 0.00>
ST_1 : Operation 75 [1/1] (0.00ns)   --->   "%specinterface_ln0 = specinterface void @_ssdm_op_SpecInterface, i32 %lin_7_received, void @empty_7, i32 1, i32 1, void @empty_43, i32 0, i32 0, void @empty_43, void @empty_43, void @empty_43, i32 0, i32 0, i32 0, i32 0, void @empty_43, void @empty_43, i32 4294967295, i32 0"   --->   Operation 75 'specinterface' 'specinterface_ln0' <Predicate = true> <Delay = 0.00>
ST_1 : Operation 76 [1/1] (0.00ns)   --->   "%specbitsmap_ln0 = specbitsmap void @_ssdm_op_SpecBitsMap, i32 %lin_8_received"   --->   Operation 76 'specbitsmap' 'specbitsmap_ln0' <Predicate = true> <Delay = 0.00>
ST_1 : Operation 77 [1/1] (0.00ns)   --->   "%specinterface_ln0 = specinterface void @_ssdm_op_SpecInterface, i32 %lin_8_received, void @empty_3, i32 1, i32 1, void @empty_17, i32 0, i32 0, void @empty_4, void @empty_26, void @empty_43, i32 0, i32 0, i32 0, i32 0, void @empty_43, void @empty_43, i32 4294967295, i32 0"   --->   Operation 77 'specinterface' 'specinterface_ln0' <Predicate = true> <Delay = 0.00>
ST_1 : Operation 78 [1/1] (0.00ns)   --->   "%specinterface_ln0 = specinterface void @_ssdm_op_SpecInterface, i32 %lin_8_received, void @empty_7, i32 1, i32 1, void @empty_43, i32 0, i32 0, void @empty_43, void @empty_43, void @empty_43, i32 0, i32 0, i32 0, i32 0, void @empty_43, void @empty_43, i32 4294967295, i32 0"   --->   Operation 78 'specinterface' 'specinterface_ln0' <Predicate = true> <Delay = 0.00>
ST_1 : Operation 79 [1/1] (0.00ns)   --->   "%specbitsmap_ln0 = specbitsmap void @_ssdm_op_SpecBitsMap, i32 %lin_9_received"   --->   Operation 79 'specbitsmap' 'specbitsmap_ln0' <Predicate = true> <Delay = 0.00>
ST_1 : Operation 80 [1/1] (0.00ns)   --->   "%specinterface_ln0 = specinterface void @_ssdm_op_SpecInterface, i32 %lin_9_received, void @empty_3, i32 1, i32 1, void @empty_17, i32 0, i32 0, void @empty_4, void @empty_27, void @empty_43, i32 0, i32 0, i32 0, i32 0, void @empty_43, void @empty_43, i32 4294967295, i32 0"   --->   Operation 80 'specinterface' 'specinterface_ln0' <Predicate = true> <Delay = 0.00>
ST_1 : Operation 81 [1/1] (0.00ns)   --->   "%specinterface_ln0 = specinterface void @_ssdm_op_SpecInterface, i32 %lin_9_received, void @empty_7, i32 1, i32 1, void @empty_43, i32 0, i32 0, void @empty_43, void @empty_43, void @empty_43, i32 0, i32 0, i32 0, i32 0, void @empty_43, void @empty_43, i32 4294967295, i32 0"   --->   Operation 81 'specinterface' 'specinterface_ln0' <Predicate = true> <Delay = 0.00>
ST_1 : Operation 82 [1/1] (0.00ns)   --->   "%specbitsmap_ln0 = specbitsmap void @_ssdm_op_SpecBitsMap, i32 %lin_dropped"   --->   Operation 82 'specbitsmap' 'specbitsmap_ln0' <Predicate = true> <Delay = 0.00>
ST_1 : Operation 83 [1/1] (0.00ns)   --->   "%specinterface_ln0 = specinterface void @_ssdm_op_SpecInterface, i32 %lin_dropped, void @empty_3, i32 1, i32 1, void @empty_17, i32 0, i32 0, void @empty_4, void @empty_28, void @empty_43, i32 0, i32 0, i32 0, i32 0, void @empty_43, void @empty_43, i32 4294967295, i32 0"   --->   Operation 83 'specinterface' 'specinterface_ln0' <Predicate = true> <Delay = 0.00>
ST_1 : Operation 84 [1/1] (0.00ns)   --->   "%specinterface_ln0 = specinterface void @_ssdm_op_SpecInterface, i32 %lin_dropped, void @empty_7, i32 1, i32 1, void @empty_43, i32 0, i32 0, void @empty_43, void @empty_43, void @empty_43, i32 0, i32 0, i32 0, i32 0, void @empty_43, void @empty_43, i32 4294967295, i32 0"   --->   Operation 84 'specinterface' 'specinterface_ln0' <Predicate = true> <Delay = 0.00>
ST_1 : Operation 85 [1/1] (0.00ns)   --->   "%specbitsmap_ln0 = specbitsmap void @_ssdm_op_SpecBitsMap, i32 %received_lin"   --->   Operation 85 'specbitsmap' 'specbitsmap_ln0' <Predicate = true> <Delay = 0.00>
ST_1 : Operation 86 [1/1] (0.00ns)   --->   "%specinterface_ln0 = specinterface void @_ssdm_op_SpecInterface, i32 %received_lin, void @empty_3, i32 0, i32 0, void @empty_43, i32 0, i32 0, void @empty_4, void @empty_29, void @empty_43, i32 0, i32 0, i32 0, i32 0, void @empty_43, void @empty_43, i32 4294967295, i32 0"   --->   Operation 86 'specinterface' 'specinterface_ln0' <Predicate = true> <Delay = 0.00>
ST_1 : Operation 87 [1/1] (0.00ns)   --->   "%specinterface_ln0 = specinterface void @_ssdm_op_SpecInterface, i32 %received_lin, void @empty_7, i32 0, i32 0, void @empty_43, i32 0, i32 0, void @empty_43, void @empty_43, void @empty_43, i32 0, i32 0, i32 0, i32 0, void @empty_43, void @empty_43, i32 4294967295, i32 0"   --->   Operation 87 'specinterface' 'specinterface_ln0' <Predicate = true> <Delay = 0.00>
ST_1 : Operation 88 [1/1] (0.00ns)   --->   "%specbitsmap_ln0 = specbitsmap void @_ssdm_op_SpecBitsMap, i32 %can_en"   --->   Operation 88 'specbitsmap' 'specbitsmap_ln0' <Predicate = true> <Delay = 0.00>
ST_1 : Operation 89 [1/1] (0.00ns)   --->   "%specinterface_ln0 = specinterface void @_ssdm_op_SpecInterface, i32 %can_en, void @empty_3, i32 0, i32 0, void @empty_43, i32 0, i32 0, void @empty_4, void @empty_30, void @empty_43, i32 0, i32 0, i32 0, i32 0, void @empty_43, void @empty_43, i32 4294967295, i32 0"   --->   Operation 89 'specinterface' 'specinterface_ln0' <Predicate = true> <Delay = 0.00>
ST_1 : Operation 90 [1/1] (0.00ns)   --->   "%specinterface_ln0 = specinterface void @_ssdm_op_SpecInterface, i32 %can_en, void @empty_7, i32 0, i32 0, void @empty_43, i32 0, i32 0, void @empty_43, void @empty_43, void @empty_43, i32 0, i32 0, i32 0, i32 0, void @empty_43, void @empty_43, i32 4294967295, i32 0"   --->   Operation 90 'specinterface' 'specinterface_ln0' <Predicate = true> <Delay = 0.00>
ST_1 : Operation 91 [1/1] (0.00ns)   --->   "%specbitsmap_ln0 = specbitsmap void @_ssdm_op_SpecBitsMap, i8 %uart_en"   --->   Operation 91 'specbitsmap' 'specbitsmap_ln0' <Predicate = true> <Delay = 0.00>
ST_1 : Operation 92 [1/1] (0.00ns)   --->   "%specinterface_ln0 = specinterface void @_ssdm_op_SpecInterface, i8 %uart_en, void @empty_3, i32 0, i32 0, void @empty_43, i32 0, i32 0, void @empty_4, void @empty_31, void @empty_43, i32 0, i32 0, i32 0, i32 0, void @empty_43, void @empty_43, i32 4294967295, i32 0"   --->   Operation 92 'specinterface' 'specinterface_ln0' <Predicate = true> <Delay = 0.00>
ST_1 : Operation 93 [1/1] (0.00ns)   --->   "%specinterface_ln0 = specinterface void @_ssdm_op_SpecInterface, i8 %uart_en, void @empty_7, i32 0, i32 0, void @empty_43, i32 0, i32 0, void @empty_43, void @empty_43, void @empty_43, i32 0, i32 0, i32 0, i32 0, void @empty_43, void @empty_43, i32 4294967295, i32 0"   --->   Operation 93 'specinterface' 'specinterface_ln0' <Predicate = true> <Delay = 0.00>
ST_1 : Operation 94 [1/1] (0.00ns)   --->   "%specbitsmap_ln0 = specbitsmap void @_ssdm_op_SpecBitsMap, i32 %lin_en"   --->   Operation 94 'specbitsmap' 'specbitsmap_ln0' <Predicate = true> <Delay = 0.00>
ST_1 : Operation 95 [1/1] (0.00ns)   --->   "%specinterface_ln0 = specinterface void @_ssdm_op_SpecInterface, i32 %lin_en, void @empty_3, i32 0, i32 0, void @empty_43, i32 0, i32 0, void @empty_4, void @empty_32, void @empty_43, i32 0, i32 0, i32 0, i32 0, void @empty_43, void @empty_43, i32 4294967295, i32 0"   --->   Operation 95 'specinterface' 'specinterface_ln0' <Predicate = true> <Delay = 0.00>
ST_1 : Operation 96 [1/1] (0.00ns)   --->   "%specinterface_ln0 = specinterface void @_ssdm_op_SpecInterface, i32 %lin_en, void @empty_7, i32 0, i32 0, void @empty_43, i32 0, i32 0, void @empty_43, void @empty_43, void @empty_43, i32 0, i32 0, i32 0, i32 0, void @empty_43, void @empty_43, i32 4294967295, i32 0"   --->   Operation 96 'specinterface' 'specinterface_ln0' <Predicate = true> <Delay = 0.00>
ST_1 : Operation 97 [1/1] (0.00ns)   --->   "%specinterface_ln0 = specinterface void @_ssdm_op_SpecInterface, i32 %can_ddr, void @empty_3, i32 0, i32 0, void @empty_43, i32 0, i32 0, void @empty_4, void @empty_33, void @empty_43, i32 0, i32 0, i32 0, i32 0, void @empty_43, void @empty_6, i32 4294967295, i32 0"   --->   Operation 97 'specinterface' 'specinterface_ln0' <Predicate = true> <Delay = 0.00>
ST_1 : Operation 98 [1/1] (0.00ns)   --->   "%specinterface_ln0 = specinterface void @_ssdm_op_SpecInterface, i32 %can_ddr, void @empty_7, i32 0, i32 0, void @empty_43, i32 0, i32 0, void @empty_43, void @empty_43, void @empty_43, i32 0, i32 0, i32 0, i32 0, void @empty_43, void @empty_6, i32 4294967295, i32 0"   --->   Operation 98 'specinterface' 'specinterface_ln0' <Predicate = true> <Delay = 0.00>
ST_1 : Operation 99 [1/1] (0.00ns)   --->   "%specinterface_ln0 = specinterface void @_ssdm_op_SpecInterface, i32 %uart_ddr, void @empty_3, i32 0, i32 0, void @empty_43, i32 0, i32 0, void @empty_4, void @empty_36, void @empty_43, i32 0, i32 0, i32 0, i32 0, void @empty_43, void @empty_6, i32 4294967295, i32 0"   --->   Operation 99 'specinterface' 'specinterface_ln0' <Predicate = true> <Delay = 0.00>
ST_1 : Operation 100 [1/1] (0.00ns)   --->   "%specinterface_ln0 = specinterface void @_ssdm_op_SpecInterface, i32 %uart_ddr, void @empty_7, i32 0, i32 0, void @empty_43, i32 0, i32 0, void @empty_43, void @empty_43, void @empty_43, i32 0, i32 0, i32 0, i32 0, void @empty_43, void @empty_6, i32 4294967295, i32 0"   --->   Operation 100 'specinterface' 'specinterface_ln0' <Predicate = true> <Delay = 0.00>
ST_1 : Operation 101 [1/1] (0.00ns)   --->   "%specinterface_ln0 = specinterface void @_ssdm_op_SpecInterface, i32 %lin_ddr, void @empty_3, i32 0, i32 0, void @empty_43, i32 0, i32 0, void @empty_4, void @empty_35, void @empty_43, i32 0, i32 0, i32 0, i32 0, void @empty_43, void @empty_6, i32 4294967295, i32 0"   --->   Operation 101 'specinterface' 'specinterface_ln0' <Predicate = true> <Delay = 0.00>
ST_1 : Operation 102 [1/1] (0.00ns)   --->   "%specinterface_ln0 = specinterface void @_ssdm_op_SpecInterface, i32 %lin_ddr, void @empty_7, i32 0, i32 0, void @empty_43, i32 0, i32 0, void @empty_43, void @empty_43, void @empty_43, i32 0, i32 0, i32 0, i32 0, void @empty_43, void @empty_6, i32 4294967295, i32 0"   --->   Operation 102 'specinterface' 'specinterface_ln0' <Predicate = true> <Delay = 0.00>
ST_1 : Operation 103 [1/1] (0.00ns)   --->   "%specbitsmap_ln0 = specbitsmap void @_ssdm_op_SpecBitsMap, i64 %timestamp"   --->   Operation 103 'specbitsmap' 'specbitsmap_ln0' <Predicate = true> <Delay = 0.00>
ST_1 : Operation 104 [1/1] (0.00ns)   --->   "%specinterface_ln0 = specinterface void @_ssdm_op_SpecInterface, i64 %timestamp, void @empty_7, i32 0, i32 0, void @empty_43, i32 0, i32 0, void @empty_43, void @empty_43, void @empty_43, i32 0, i32 0, i32 0, i32 0, void @empty_43, void @empty_43, i32 4294967295, i32 0"   --->   Operation 104 'specinterface' 'specinterface_ln0' <Predicate = true> <Delay = 0.00>
ST_1 : Operation 105 [1/1] (0.00ns)   --->   "%specinterface_ln0 = specinterface void @_ssdm_op_SpecInterface, i32 0, void @empty_3, i32 0, i32 0, void @empty_43, i32 0, i32 0, void @empty_4, void @empty_43, void @empty_43, i32 0, i32 0, i32 0, i32 0, void @empty_43, void @empty_43, i32 4294967295, i32 0"   --->   Operation 105 'specinterface' 'specinterface_ln0' <Predicate = true> <Delay = 0.00>
ST_1 : Operation 106 [1/1] (0.00ns)   --->   "%timestamp_read = read i64 @_ssdm_op_Read.ap_auto.i64, i64 %timestamp" [clu.c:22]   --->   Operation 106 'read' 'timestamp_read' <Predicate = true> <Delay = 0.00>
ST_1 : Operation 107 [1/1] (1.00ns)   --->   "%lin_ddr_read = read i32 @_ssdm_op_Read.s_axilite.i32, i32 %lin_ddr" [clu.c:22]   --->   Operation 107 'read' 'lin_ddr_read' <Predicate = true> <Delay = 1.00> <CoreInst = "s_axilite">   --->   Core 114 's_axilite' <Latency = 0> <II = 1> <Delay = 1.00> <Adapter> <Opcode : 'read' 'write'>
ST_1 : Operation 108 [1/1] (1.00ns)   --->   "%can_ddr_read = read i32 @_ssdm_op_Read.s_axilite.i32, i32 %can_ddr" [clu.c:22]   --->   Operation 108 'read' 'can_ddr_read' <Predicate = true> <Delay = 1.00> <CoreInst = "s_axilite">   --->   Core 114 's_axilite' <Latency = 0> <II = 1> <Delay = 1.00> <Adapter> <Opcode : 'read' 'write'>
ST_1 : Operation 109 [1/1] (1.00ns)   --->   "%lin_ptr_read = read i32 @_ssdm_op_Read.s_axilite.i32, i32 %lin_ptr" [clu.c:22]   --->   Operation 109 'read' 'lin_ptr_read' <Predicate = true> <Delay = 1.00> <CoreInst = "s_axilite">   --->   Core 114 's_axilite' <Latency = 0> <II = 1> <Delay = 1.00> <Adapter> <Opcode : 'read' 'write'>
ST_1 : Operation 110 [1/1] (1.00ns)   --->   "%can_ptr_read = read i32 @_ssdm_op_Read.s_axilite.i32, i32 %can_ptr" [clu.c:22]   --->   Operation 110 'read' 'can_ptr_read' <Predicate = true> <Delay = 1.00> <CoreInst = "s_axilite">   --->   Core 114 's_axilite' <Latency = 0> <II = 1> <Delay = 1.00> <Adapter> <Opcode : 'read' 'write'>
ST_1 : Operation 111 [1/1] (0.00ns)   --->   "%mode_nr_load = load i2 %mode_nr" [clu.c:97]   --->   Operation 111 'load' 'mode_nr_load' <Predicate = true> <Delay = 0.00>
ST_1 : Operation 112 [1/1] (0.50ns)   --->   "%switch_ln97 = switch i2 %mode_nr_load, void %sw.bb, i2 2, void %sw.bb2, i2 1, void %sw.bb1" [clu.c:97]   --->   Operation 112 'switch' 'switch_ln97' <Predicate = true> <Delay = 0.50>
ST_1 : Operation 113 [1/1] (1.32ns)   --->   "%store_ln105 = store i2 2, i2 %mode_nr" [clu.c:105]   --->   Operation 113 'store' 'store_ln105' <Predicate = (mode_nr_load == 1)> <Delay = 1.32>
ST_1 : Operation 114 [1/1] (0.00ns)   --->   "%br_ln106 = br void %sw.epilog" [clu.c:106]   --->   Operation 114 'br' 'br_ln106' <Predicate = (mode_nr_load == 1)> <Delay = 0.00>
ST_1 : Operation 115 [1/1] (0.00ns)   --->   "%lin_nr = alloca i32 1"   --->   Operation 115 'alloca' 'lin_nr' <Predicate = (mode_nr_load == 2)> <Delay = 0.00>
ST_1 : Operation 116 [1/1] (1.00ns)   --->   "%lin_en_read = read i32 @_ssdm_op_Read.s_axilite.i32P0A, i32 %lin_en"   --->   Operation 116 'read' 'lin_en_read' <Predicate = (mode_nr_load == 2)> <Delay = 1.00> <CoreInst = "s_axilite">   --->   Core 114 's_axilite' <Latency = 0> <II = 1> <Delay = 1.00> <Adapter> <Opcode : 'read' 'write'>
ST_1 : Operation 117 [1/1] (0.00ns)   --->   "%trunc_ln375 = trunc i32 %lin_en_read" [dlin.c:375]   --->   Operation 117 'trunc' 'trunc_ln375' <Predicate = (mode_nr_load == 2)> <Delay = 0.00>
ST_1 : Operation 118 [1/1] (1.29ns)   --->   "%store_ln375 = store i4 0, i4 %lin_nr" [dlin.c:375]   --->   Operation 118 'store' 'store_ln375' <Predicate = (mode_nr_load == 2)> <Delay = 1.29>
ST_1 : Operation 119 [1/1] (0.00ns)   --->   "%br_ln375 = br void %for.inc.i4" [dlin.c:375]   --->   Operation 119 'br' 'br_ln375' <Predicate = (mode_nr_load == 2)> <Delay = 0.00>
ST_1 : Operation 120 [1/1] (0.00ns)   --->   "%jj = alloca i32 1"   --->   Operation 120 'alloca' 'jj' <Predicate = (mode_nr_load != 2 & mode_nr_load != 1)> <Delay = 0.00>
ST_1 : Operation 121 [1/1] (1.00ns)   --->   "%can_en_read = read i32 @_ssdm_op_Read.s_axilite.i32P0A, i32 %can_en"   --->   Operation 121 'read' 'can_en_read' <Predicate = (mode_nr_load != 2 & mode_nr_load != 1)> <Delay = 1.00> <CoreInst = "s_axilite">   --->   Core 114 's_axilite' <Latency = 0> <II = 1> <Delay = 1.00> <Adapter> <Opcode : 'read' 'write'>
ST_1 : Operation 122 [1/1] (0.00ns)   --->   "%trunc_ln335 = trunc i32 %can_en_read" [can.c:335]   --->   Operation 122 'trunc' 'trunc_ln335' <Predicate = (mode_nr_load != 2 & mode_nr_load != 1)> <Delay = 0.00>
ST_1 : Operation 123 [1/1] (1.29ns)   --->   "%store_ln335 = store i4 0, i4 %jj" [can.c:335]   --->   Operation 123 'store' 'store_ln335' <Predicate = (mode_nr_load != 2 & mode_nr_load != 1)> <Delay = 1.29>
ST_1 : Operation 124 [1/1] (0.00ns)   --->   "%br_ln335 = br void %for.inc.i" [can.c:335]   --->   Operation 124 'br' 'br_ln335' <Predicate = (mode_nr_load != 2 & mode_nr_load != 1)> <Delay = 0.00>

State 2 <SV = 1> <Delay = 2.75>
ST_2 : Operation 125 [1/1] (0.00ns)   --->   "%lin_nr_1 = load i4 %lin_nr" [dlin.c:375]   --->   Operation 125 'load' 'lin_nr_1' <Predicate = true> <Delay = 0.00>
ST_2 : Operation 126 [1/1] (0.96ns)   --->   "%icmp_ln375 = icmp_eq  i4 %lin_nr_1, i4 10" [dlin.c:375]   --->   Operation 126 'icmp' 'icmp_ln375' <Predicate = true> <Delay = 0.96> <CoreInst = "Cmp">   --->   Core 9 'Cmp' <Latency = 0> <II = 1> <Delay = 0.96> <FuncUnit> <Opcode : 'icmp'> <InPorts = 2> <OutPorts = 1>
ST_2 : Operation 127 [1/1] (0.00ns)   --->   "%empty_87 = speclooptripcount i32 @_ssdm_op_SpecLoopTripCount, i64 10, i64 10, i64 10"   --->   Operation 127 'speclooptripcount' 'empty_87' <Predicate = true> <Delay = 0.00>
ST_2 : Operation 128 [1/1] (0.99ns)   --->   "%lin_nr_2 = add i4 %lin_nr_1, i4 1" [dlin.c:375]   --->   Operation 128 'add' 'lin_nr_2' <Predicate = true> <Delay = 0.99> <CoreInst = "Adder">   --->   Core 1 'Adder' <Latency = 0> <II = 1> <Delay = 0.99> <FuncUnit> <Opcode : 'add' 'sub'> <InPorts = 2> <OutPorts = 1>
ST_2 : Operation 129 [1/1] (0.00ns)   --->   "%br_ln375 = br i1 %icmp_ln375, void %for.inc.i4.split, void %dlin.exit" [dlin.c:375]   --->   Operation 129 'br' 'br_ln375' <Predicate = true> <Delay = 0.00>
ST_2 : Operation 130 [1/1] (0.00ns)   --->   "%specloopname_ln375 = specloopname void @_ssdm_op_SpecLoopName, void @empty_38" [dlin.c:375]   --->   Operation 130 'specloopname' 'specloopname_ln375' <Predicate = (!icmp_ln375)> <Delay = 0.00>
ST_2 : Operation 131 [1/1] (0.00ns) (grouped into LUT with out node icmp_ln320)   --->   "%zext_ln320 = zext i4 %lin_nr_1" [dlin.c:320]   --->   Operation 131 'zext' 'zext_ln320' <Predicate = (!icmp_ln375)> <Delay = 0.00>
ST_2 : Operation 132 [1/1] (0.00ns) (grouped into LUT with out node icmp_ln320)   --->   "%shl_ln320 = shl i10 1, i10 %zext_ln320" [dlin.c:320]   --->   Operation 132 'shl' 'shl_ln320' <Predicate = (!icmp_ln375)> <Delay = 0.00> <CoreInst = "Shifter">   --->   Core 75 'Shifter' <Latency = 0> <II = 1> <Delay = 1.95> <FuncUnit> <Opcode : 'shl' 'lshr' 'ashr'> <InPorts = 2> <OutPorts = 1>
ST_2 : Operation 133 [1/1] (0.00ns) (grouped into LUT with out node icmp_ln320)   --->   "%and_ln320 = and i10 %trunc_ln375, i10 %shl_ln320" [dlin.c:320]   --->   Operation 133 'and' 'and_ln320' <Predicate = (!icmp_ln375)> <Delay = 0.00> <CoreInst = "LogicGate">   --->   Core 74 'LogicGate' <Latency = 0> <II = 1> <Delay = 0.80> <FuncUnit> <Opcode : 'and' 'or' 'xor'> <InPorts = 2> <OutPorts = 1>
ST_2 : Operation 134 [1/1] (1.95ns) (out node of the LUT)   --->   "%icmp_ln320 = icmp_eq  i10 %and_ln320, i10 0" [dlin.c:320]   --->   Operation 134 'icmp' 'icmp_ln320' <Predicate = (!icmp_ln375)> <Delay = 1.95> <CoreInst = "Cmp">   --->   Core 9 'Cmp' <Latency = 0> <II = 1> <Delay = 1.94> <FuncUnit> <Opcode : 'icmp'> <InPorts = 2> <OutPorts = 1>
ST_2 : Operation 135 [1/1] (0.00ns)   --->   "%br_ln320 = br i1 %icmp_ln320, void %if.then.i.i9, void %dlin_FSM.exit.i" [dlin.c:320]   --->   Operation 135 'br' 'br_ln320' <Predicate = (!icmp_ln375)> <Delay = 0.00>
ST_2 : Operation 136 [1/1] (0.00ns)   --->   "%shl_ln4 = bitconcatenate i16 @_ssdm_op_BitConcatenate.i16.i4.i12, i4 %lin_nr_1, i12 0" [dlin.c:322]   --->   Operation 136 'bitconcatenate' 'shl_ln4' <Predicate = (!icmp_ln375 & !icmp_ln320)> <Delay = 0.00>
ST_2 : Operation 137 [1/1] (0.00ns)   --->   "%zext_ln322 = zext i16 %shl_ln4" [dlin.c:322]   --->   Operation 137 'zext' 'zext_ln322' <Predicate = (!icmp_ln375 & !icmp_ln320)> <Delay = 0.00>
ST_2 : Operation 138 [1/1] (1.89ns)   --->   "%linbase_mod = add i32 %zext_ln322, i32 %lin_ptr_read" [dlin.c:322]   --->   Operation 138 'add' 'linbase_mod' <Predicate = (!icmp_ln375 & !icmp_ln320)> <Delay = 1.89> <CoreInst = "Adder">   --->   Core 1 'Adder' <Latency = 0> <II = 1> <Delay = 1.89> <FuncUnit> <Opcode : 'add' 'sub'> <InPorts = 2> <OutPorts = 1>
ST_2 : Operation 139 [2/2] (0.00ns)   --->   "%call_ln323 = call void @single_lin_process.1, i32 %lin_addr, i32 %linbase_mod, i8 %ps_ddr, i32 %lin_ddr_read, i64 %timestamp_read, i4 %lin_nr_1, i32 %lin_0_received, i32 %lin_1_received, i32 %lin_2_received, i32 %lin_3_received, i32 %lin_4_received, i32 %lin_5_received, i32 %lin_6_received, i32 %lin_7_received, i32 %lin_8_received, i32 %lin_9_received, i32 %lin_dropped, i32 %received_lin, i1 %PLIN_Ctrl_run_state, i6 %PL_Data, i32 %counter_lin_0, i32 %counter_lin_1, i32 %counter_lin_2, i32 %counter_lin_3, i32 %counter_lin_4, i32 %counter_lin_5, i32 %counter_lin_6, i32 %counter_lin_7, i32 %counter_lin_8, i32 %counter_lin_9, i32 %counter_droped, i32 %internal_lin_counter, i16 %dropped_lin_counter" [dlin.c:323]   --->   Operation 139 'call' 'call_ln323' <Predicate = (!icmp_ln375 & !icmp_ln320)> <Delay = 0.00> <CoreType = "Generic">   --->   Core 0 '' <Latency = 0> <II = 1> <Delay = 1.00> <Generic> <Opcode : >
ST_2 : Operation 140 [1/1] (1.32ns)   --->   "%store_ln111 = store i2 0, i2 %mode_nr" [clu.c:111]   --->   Operation 140 'store' 'store_ln111' <Predicate = (icmp_ln375)> <Delay = 1.32>
ST_2 : Operation 141 [1/1] (0.00ns)   --->   "%br_ln112 = br void %sw.epilog" [clu.c:112]   --->   Operation 141 'br' 'br_ln112' <Predicate = (icmp_ln375)> <Delay = 0.00>

State 3 <SV = 2> <Delay = 1.89>
ST_3 : Operation 142 [1/2] (1.89ns)   --->   "%call_ln323 = call void @single_lin_process.1, i32 %lin_addr, i32 %linbase_mod, i8 %ps_ddr, i32 %lin_ddr_read, i64 %timestamp_read, i4 %lin_nr_1, i32 %lin_0_received, i32 %lin_1_received, i32 %lin_2_received, i32 %lin_3_received, i32 %lin_4_received, i32 %lin_5_received, i32 %lin_6_received, i32 %lin_7_received, i32 %lin_8_received, i32 %lin_9_received, i32 %lin_dropped, i32 %received_lin, i1 %PLIN_Ctrl_run_state, i6 %PL_Data, i32 %counter_lin_0, i32 %counter_lin_1, i32 %counter_lin_2, i32 %counter_lin_3, i32 %counter_lin_4, i32 %counter_lin_5, i32 %counter_lin_6, i32 %counter_lin_7, i32 %counter_lin_8, i32 %counter_lin_9, i32 %counter_droped, i32 %internal_lin_counter, i16 %dropped_lin_counter" [dlin.c:323]   --->   Operation 142 'call' 'call_ln323' <Predicate = (!icmp_ln320)> <Delay = 1.89> <CoreType = "Generic">   --->   Core 0 '' <Latency = 0> <II = 1> <Delay = 1.00> <Generic> <Opcode : >
ST_3 : Operation 143 [1/1] (0.00ns)   --->   "%br_ln329 = br void %dlin_FSM.exit.i" [dlin.c:329]   --->   Operation 143 'br' 'br_ln329' <Predicate = (!icmp_ln320)> <Delay = 0.00>
ST_3 : Operation 144 [1/1] (1.29ns)   --->   "%store_ln375 = store i4 %lin_nr_2, i4 %lin_nr" [dlin.c:375]   --->   Operation 144 'store' 'store_ln375' <Predicate = true> <Delay = 1.29>
ST_3 : Operation 145 [1/1] (0.00ns)   --->   "%br_ln375 = br void %for.inc.i4" [dlin.c:375]   --->   Operation 145 'br' 'br_ln375' <Predicate = true> <Delay = 0.00>

State 4 <SV = 1> <Delay = 2.75>
ST_4 : Operation 146 [1/1] (0.00ns)   --->   "%jj_1 = load i4 %jj" [can.c:335]   --->   Operation 146 'load' 'jj_1' <Predicate = true> <Delay = 0.00>
ST_4 : Operation 147 [1/1] (0.96ns)   --->   "%icmp_ln335 = icmp_eq  i4 %jj_1, i4 12" [can.c:335]   --->   Operation 147 'icmp' 'icmp_ln335' <Predicate = true> <Delay = 0.96> <CoreInst = "Cmp">   --->   Core 9 'Cmp' <Latency = 0> <II = 1> <Delay = 0.96> <FuncUnit> <Opcode : 'icmp'> <InPorts = 2> <OutPorts = 1>
ST_4 : Operation 148 [1/1] (0.00ns)   --->   "%empty = speclooptripcount i32 @_ssdm_op_SpecLoopTripCount, i64 12, i64 12, i64 12"   --->   Operation 148 'speclooptripcount' 'empty' <Predicate = true> <Delay = 0.00>
ST_4 : Operation 149 [1/1] (0.99ns)   --->   "%add_ln335 = add i4 %jj_1, i4 1" [can.c:335]   --->   Operation 149 'add' 'add_ln335' <Predicate = true> <Delay = 0.99> <CoreInst = "Adder">   --->   Core 1 'Adder' <Latency = 0> <II = 1> <Delay = 0.99> <FuncUnit> <Opcode : 'add' 'sub'> <InPorts = 2> <OutPorts = 1>
ST_4 : Operation 150 [1/1] (0.00ns)   --->   "%br_ln335 = br i1 %icmp_ln335, void %for.inc.i.split, void %can.exit" [can.c:335]   --->   Operation 150 'br' 'br_ln335' <Predicate = true> <Delay = 0.00>
ST_4 : Operation 151 [1/1] (0.00ns)   --->   "%specloopname_ln335 = specloopname void @_ssdm_op_SpecLoopName, void @empty_37" [can.c:335]   --->   Operation 151 'specloopname' 'specloopname_ln335' <Predicate = (!icmp_ln335)> <Delay = 0.00>
ST_4 : Operation 152 [1/1] (0.00ns) (grouped into LUT with out node icmp_ln299)   --->   "%zext_ln299 = zext i4 %jj_1" [can.c:299]   --->   Operation 152 'zext' 'zext_ln299' <Predicate = (!icmp_ln335)> <Delay = 0.00>
ST_4 : Operation 153 [1/1] (0.00ns) (grouped into LUT with out node icmp_ln299)   --->   "%shl_ln299 = shl i12 1, i12 %zext_ln299" [can.c:299]   --->   Operation 153 'shl' 'shl_ln299' <Predicate = (!icmp_ln335)> <Delay = 0.00> <CoreInst = "Shifter">   --->   Core 75 'Shifter' <Latency = 0> <II = 1> <Delay = 1.95> <FuncUnit> <Opcode : 'shl' 'lshr' 'ashr'> <InPorts = 2> <OutPorts = 1>
ST_4 : Operation 154 [1/1] (0.00ns) (grouped into LUT with out node icmp_ln299)   --->   "%and_ln299 = and i12 %trunc_ln335, i12 %shl_ln299" [can.c:299]   --->   Operation 154 'and' 'and_ln299' <Predicate = (!icmp_ln335)> <Delay = 0.00> <CoreInst = "LogicGate">   --->   Core 74 'LogicGate' <Latency = 0> <II = 1> <Delay = 0.80> <FuncUnit> <Opcode : 'and' 'or' 'xor'> <InPorts = 2> <OutPorts = 1>
ST_4 : Operation 155 [1/1] (1.95ns) (out node of the LUT)   --->   "%icmp_ln299 = icmp_eq  i12 %and_ln299, i12 0" [can.c:299]   --->   Operation 155 'icmp' 'icmp_ln299' <Predicate = (!icmp_ln335)> <Delay = 1.95> <CoreInst = "Cmp">   --->   Core 9 'Cmp' <Latency = 0> <II = 1> <Delay = 1.82> <FuncUnit> <Opcode : 'icmp'> <InPorts = 2> <OutPorts = 1>
ST_4 : Operation 156 [1/1] (0.00ns)   --->   "%br_ln299 = br i1 %icmp_ln299, void %if.then.i.i, void %CanFd_Recv_Sequential.exit.i" [can.c:299]   --->   Operation 156 'br' 'br_ln299' <Predicate = (!icmp_ln335)> <Delay = 0.00>
ST_4 : Operation 157 [1/1] (0.00ns)   --->   "%shl_ln = bitconcatenate i20 @_ssdm_op_BitConcatenate.i20.i4.i16, i4 %jj_1, i16 0" [can.c:301]   --->   Operation 157 'bitconcatenate' 'shl_ln' <Predicate = (!icmp_ln335 & !icmp_ln299)> <Delay = 0.00>
ST_4 : Operation 158 [1/1] (0.00ns)   --->   "%zext_ln301 = zext i20 %shl_ln" [can.c:301]   --->   Operation 158 'zext' 'zext_ln301' <Predicate = (!icmp_ln335 & !icmp_ln299)> <Delay = 0.00>
ST_4 : Operation 159 [1/1] (1.89ns)   --->   "%canaddr_mod = add i32 %zext_ln301, i32 %can_ptr_read" [can.c:301]   --->   Operation 159 'add' 'canaddr_mod' <Predicate = (!icmp_ln335 & !icmp_ln299)> <Delay = 1.89> <CoreInst = "Adder">   --->   Core 1 'Adder' <Latency = 0> <II = 1> <Delay = 1.89> <FuncUnit> <Opcode : 'add' 'sub'> <InPorts = 2> <OutPorts = 1>
ST_4 : Operation 160 [1/1] (0.00ns) (grouped into LUT with out node add_ln302)   --->   "%or_ln302 = or i20 %shl_ln, i20 232" [can.c:302]   --->   Operation 160 'or' 'or_ln302' <Predicate = (!icmp_ln335 & !icmp_ln299)> <Delay = 0.00>
ST_4 : Operation 161 [1/1] (0.00ns) (grouped into LUT with out node add_ln302)   --->   "%zext_ln302 = zext i20 %or_ln302" [can.c:302]   --->   Operation 161 'zext' 'zext_ln302' <Predicate = (!icmp_ln335 & !icmp_ln299)> <Delay = 0.00>
ST_4 : Operation 162 [1/1] (1.89ns) (out node of the LUT)   --->   "%add_ln302 = add i32 %zext_ln302, i32 %can_ptr_read" [can.c:302]   --->   Operation 162 'add' 'add_ln302' <Predicate = (!icmp_ln335 & !icmp_ln299)> <Delay = 1.89> <CoreInst = "Adder">   --->   Core 1 'Adder' <Latency = 0> <II = 1> <Delay = 1.89> <FuncUnit> <Opcode : 'add' 'sub'> <InPorts = 2> <OutPorts = 1>
ST_4 : Operation 163 [1/1] (0.00ns)   --->   "%trunc_ln = partselect i30 @_ssdm_op_PartSelect.i30.i32.i32.i32, i32 %add_ln302, i32 2, i32 31" [can.c:302]   --->   Operation 163 'partselect' 'trunc_ln' <Predicate = (!icmp_ln335 & !icmp_ln299)> <Delay = 0.00>
ST_4 : Operation 164 [1/1] (1.32ns)   --->   "%store_ln101 = store i2 1, i2 %mode_nr" [clu.c:101]   --->   Operation 164 'store' 'store_ln101' <Predicate = (icmp_ln335)> <Delay = 1.32>
ST_4 : Operation 165 [1/1] (0.00ns)   --->   "%br_ln102 = br void %sw.epilog" [clu.c:102]   --->   Operation 165 'br' 'br_ln102' <Predicate = (icmp_ln335)> <Delay = 0.00>

State 5 <SV = 2> <Delay = 7.30>
ST_5 : Operation 166 [1/1] (0.00ns)   --->   "%sext_ln302 = sext i30 %trunc_ln" [can.c:302]   --->   Operation 166 'sext' 'sext_ln302' <Predicate = true> <Delay = 0.00>
ST_5 : Operation 167 [1/1] (0.00ns)   --->   "%can_addr_addr = getelementptr i32 %can_addr, i32 %sext_ln302" [can.c:302]   --->   Operation 167 'getelementptr' 'can_addr_addr' <Predicate = true> <Delay = 0.00>
ST_5 : Operation 168 [7/7] (7.30ns)   --->   "%result_req = readreq i1 @_ssdm_op_ReadReq.m_axi.i32P1A, i32 %can_addr_addr, i32 1" [can.c:302]   --->   Operation 168 'readreq' 'result_req' <Predicate = true> <Delay = 7.30> <CoreInst = "m_axi">   --->   Core 113 'm_axi' <Latency = 0> <II = 1> <Delay = 1.00> <Adapter> <Opcode : 'read' 'write' 'readreq' 'writereq' 'writeresp'>

State 6 <SV = 3> <Delay = 7.30>
ST_6 : Operation 169 [6/7] (7.30ns)   --->   "%result_req = readreq i1 @_ssdm_op_ReadReq.m_axi.i32P1A, i32 %can_addr_addr, i32 1" [can.c:302]   --->   Operation 169 'readreq' 'result_req' <Predicate = true> <Delay = 7.30> <CoreInst = "m_axi">   --->   Core 113 'm_axi' <Latency = 0> <II = 1> <Delay = 1.00> <Adapter> <Opcode : 'read' 'write' 'readreq' 'writereq' 'writeresp'>

State 7 <SV = 4> <Delay = 7.30>
ST_7 : Operation 170 [5/7] (7.30ns)   --->   "%result_req = readreq i1 @_ssdm_op_ReadReq.m_axi.i32P1A, i32 %can_addr_addr, i32 1" [can.c:302]   --->   Operation 170 'readreq' 'result_req' <Predicate = true> <Delay = 7.30> <CoreInst = "m_axi">   --->   Core 113 'm_axi' <Latency = 0> <II = 1> <Delay = 1.00> <Adapter> <Opcode : 'read' 'write' 'readreq' 'writereq' 'writeresp'>

State 8 <SV = 5> <Delay = 7.30>
ST_8 : Operation 171 [4/7] (7.30ns)   --->   "%result_req = readreq i1 @_ssdm_op_ReadReq.m_axi.i32P1A, i32 %can_addr_addr, i32 1" [can.c:302]   --->   Operation 171 'readreq' 'result_req' <Predicate = true> <Delay = 7.30> <CoreInst = "m_axi">   --->   Core 113 'm_axi' <Latency = 0> <II = 1> <Delay = 1.00> <Adapter> <Opcode : 'read' 'write' 'readreq' 'writereq' 'writeresp'>

State 9 <SV = 6> <Delay = 7.30>
ST_9 : Operation 172 [3/7] (7.30ns)   --->   "%result_req = readreq i1 @_ssdm_op_ReadReq.m_axi.i32P1A, i32 %can_addr_addr, i32 1" [can.c:302]   --->   Operation 172 'readreq' 'result_req' <Predicate = true> <Delay = 7.30> <CoreInst = "m_axi">   --->   Core 113 'm_axi' <Latency = 0> <II = 1> <Delay = 1.00> <Adapter> <Opcode : 'read' 'write' 'readreq' 'writereq' 'writeresp'>

State 10 <SV = 7> <Delay = 7.30>
ST_10 : Operation 173 [2/7] (7.30ns)   --->   "%result_req = readreq i1 @_ssdm_op_ReadReq.m_axi.i32P1A, i32 %can_addr_addr, i32 1" [can.c:302]   --->   Operation 173 'readreq' 'result_req' <Predicate = true> <Delay = 7.30> <CoreInst = "m_axi">   --->   Core 113 'm_axi' <Latency = 0> <II = 1> <Delay = 1.00> <Adapter> <Opcode : 'read' 'write' 'readreq' 'writereq' 'writeresp'>

State 11 <SV = 8> <Delay = 7.30>
ST_11 : Operation 174 [1/7] (7.30ns)   --->   "%result_req = readreq i1 @_ssdm_op_ReadReq.m_axi.i32P1A, i32 %can_addr_addr, i32 1" [can.c:302]   --->   Operation 174 'readreq' 'result_req' <Predicate = true> <Delay = 7.30> <CoreInst = "m_axi">   --->   Core 113 'm_axi' <Latency = 0> <II = 1> <Delay = 1.00> <Adapter> <Opcode : 'read' 'write' 'readreq' 'writereq' 'writeresp'>

State 12 <SV = 9> <Delay = 7.30>
ST_12 : Operation 175 [1/1] (7.30ns)   --->   "%result = read i32 @_ssdm_op_Read.m_axi.volatile.i32P1A, i32 %can_addr_addr" [can.c:302]   --->   Operation 175 'read' 'result' <Predicate = true> <Delay = 7.30> <CoreInst = "m_axi">   --->   Core 113 'm_axi' <Latency = 0> <II = 1> <Delay = 1.00> <Adapter> <Opcode : 'read' 'write' 'readreq' 'writereq' 'writeresp'>
ST_12 : Operation 176 [1/1] (0.00ns)   --->   "%trunc_ln302 = trunc i32 %result" [can.c:302]   --->   Operation 176 'trunc' 'trunc_ln302' <Predicate = true> <Delay = 0.00>
ST_12 : Operation 177 [1/1] (0.00ns)   --->   "%tmp_9 = partselect i7 @_ssdm_op_PartSelect.i7.i32.i32.i32, i32 %result, i32 8, i32 14" [can.c:304]   --->   Operation 177 'partselect' 'tmp_9' <Predicate = true> <Delay = 0.00>
ST_12 : Operation 178 [1/1] (0.00ns)   --->   "%tmp_10 = partselect i7 @_ssdm_op_PartSelect.i7.i32.i32.i32, i32 %result, i32 24, i32 30" [can.c:304]   --->   Operation 178 'partselect' 'tmp_10' <Predicate = true> <Delay = 0.00>
ST_12 : Operation 179 [1/1] (0.00ns)   --->   "%tmp = partselect i7 @_ssdm_op_PartSelect.i7.i32.i32.i32, i32 %result, i32 24, i32 30" [can.c:304]   --->   Operation 179 'partselect' 'tmp' <Predicate = true> <Delay = 0.00>
ST_12 : Operation 180 [1/1] (0.00ns)   --->   "%tmp_8 = partselect i7 @_ssdm_op_PartSelect.i7.i32.i32.i32, i32 %result, i32 8, i32 14" [can.c:304]   --->   Operation 180 'partselect' 'tmp_8' <Predicate = true> <Delay = 0.00>

State 13 <SV = 10> <Delay = 6.99>
ST_13 : Operation 181 [1/1] (1.06ns)   --->   "%icmp_ln304 = icmp_ne  i7 %tmp_9, i7 0" [can.c:304]   --->   Operation 181 'icmp' 'icmp_ln304' <Predicate = true> <Delay = 1.06> <CoreInst = "Cmp">   --->   Core 9 'Cmp' <Latency = 0> <II = 1> <Delay = 1.06> <FuncUnit> <Opcode : 'icmp'> <InPorts = 2> <OutPorts = 1>
ST_13 : Operation 182 [1/1] (1.06ns)   --->   "%icmp_ln304_1 = icmp_ne  i7 %tmp_10, i7 0" [can.c:304]   --->   Operation 182 'icmp' 'icmp_ln304_1' <Predicate = true> <Delay = 1.06> <CoreInst = "Cmp">   --->   Core 9 'Cmp' <Latency = 0> <II = 1> <Delay = 1.06> <FuncUnit> <Opcode : 'icmp'> <InPorts = 2> <OutPorts = 1>
ST_13 : Operation 183 [1/1] (0.00ns)   --->   "%and_ln = bitconcatenate i31 @_ssdm_op_BitConcatenate.i31.i7.i9.i7.i8, i7 %tmp, i9 0, i7 %tmp_8, i8 0" [can.c:304]   --->   Operation 183 'bitconcatenate' 'and_ln' <Predicate = true> <Delay = 0.00>
ST_13 : Operation 184 [1/1] (1.96ns)   --->   "%icmp_ln304_2 = icmp_eq  i31 %and_ln, i31 0" [can.c:304]   --->   Operation 184 'icmp' 'icmp_ln304_2' <Predicate = true> <Delay = 1.96> <CoreInst = "Cmp">   --->   Core 9 'Cmp' <Latency = 0> <II = 1> <Delay = 1.96> <FuncUnit> <Opcode : 'icmp'> <InPorts = 2> <OutPorts = 1>
ST_13 : Operation 185 [1/1] (0.00ns)   --->   "%br_ln304 = br i1 %icmp_ln304_2, void %if.then6.i.i, void %if.end17.i.i" [can.c:304]   --->   Operation 185 'br' 'br_ln304' <Predicate = true> <Delay = 0.00>
ST_13 : Operation 186 [1/1] (0.00ns) (grouped into LUT with out node readIndex_2)   --->   "%readIndex = select i1 %icmp_ln304, i6 %trunc_ln302, i6 0" [can.c:306]   --->   Operation 186 'select' 'readIndex' <Predicate = (!icmp_ln304_2)> <Delay = 0.00> <CoreInst = "Sel">   --->   Core 73 'Sel' <Latency = 0> <II = 1> <Delay = 0.97> <FuncUnit> <Opcode : 'select'> <InPorts = 3> <OutPorts = 1>
ST_13 : Operation 187 [1/1] (0.00ns) (grouped into LUT with out node readIndex_2)   --->   "%zext_ln303 = zext i6 %readIndex" [can.c:303]   --->   Operation 187 'zext' 'zext_ln303' <Predicate = (!icmp_ln304_2)> <Delay = 0.00>
ST_13 : Operation 188 [1/1] (0.00ns) (grouped into LUT with out node readIndex_2)   --->   "%tmp_11 = bitselect i1 @_ssdm_op_BitSelect.i1.i32.i32, i32 %result, i32 23" [can.c:311]   --->   Operation 188 'bitselect' 'tmp_11' <Predicate = (!icmp_ln304_2)> <Delay = 0.00>
ST_13 : Operation 189 [1/1] (0.00ns) (grouped into LUT with out node readIndex_2)   --->   "%readIndex_1 = bitconcatenate i8 @_ssdm_op_BitConcatenate.i8.i1.i7, i1 %tmp_11, i7 0" [can.c:311]   --->   Operation 189 'bitconcatenate' 'readIndex_1' <Predicate = (!icmp_ln304_2)> <Delay = 0.00>
ST_13 : Operation 190 [1/1] (0.97ns) (out node of the LUT)   --->   "%readIndex_2 = select i1 %icmp_ln304_1, i8 %readIndex_1, i8 %zext_ln303" [can.c:310]   --->   Operation 190 'select' 'readIndex_2' <Predicate = (!icmp_ln304_2)> <Delay = 0.97> <CoreInst = "Sel">   --->   Core 73 'Sel' <Latency = 0> <II = 1> <Delay = 0.44> <FuncUnit> <Opcode : 'select'> <InPorts = 3> <OutPorts = 1>
ST_13 : Operation 191 [2/2] (4.96ns)   --->   "%call_ln314 = call void @recvFrame_logic.1, i32 %can_addr, i32 %canaddr_mod, i8 %ps_ddr, i32 %can_ddr_read, i8 %readIndex_2, i4 %jj_1, i64 %timestamp_read, i32 %can_0_received, i32 %can_1_received, i32 %can_2_received, i32 %can_3_received, i32 %can_dropped, i32 %received_can, i32 %counter_can_2, i32 %internal_can_counter, i16 %dropped_can_counter" [can.c:314]   --->   Operation 191 'call' 'call_ln314' <Predicate = (!icmp_ln304_2)> <Delay = 4.96> <CoreType = "Generic">   --->   Core 0 '' <Latency = 0> <II = 1> <Delay = 1.00> <Generic> <Opcode : >

State 14 <SV = 11> <Delay = 1.89>
ST_14 : Operation 192 [1/2] (1.89ns)   --->   "%call_ln314 = call void @recvFrame_logic.1, i32 %can_addr, i32 %canaddr_mod, i8 %ps_ddr, i32 %can_ddr_read, i8 %readIndex_2, i4 %jj_1, i64 %timestamp_read, i32 %can_0_received, i32 %can_1_received, i32 %can_2_received, i32 %can_3_received, i32 %can_dropped, i32 %received_can, i32 %counter_can_2, i32 %internal_can_counter, i16 %dropped_can_counter" [can.c:314]   --->   Operation 192 'call' 'call_ln314' <Predicate = (!icmp_ln299 & !icmp_ln304_2)> <Delay = 1.89> <CoreType = "Generic">   --->   Core 0 '' <Latency = 0> <II = 1> <Delay = 1.00> <Generic> <Opcode : >
ST_14 : Operation 193 [1/1] (0.00ns)   --->   "%br_ln316 = br void %if.end17.i.i" [can.c:316]   --->   Operation 193 'br' 'br_ln316' <Predicate = (!icmp_ln299 & !icmp_ln304_2)> <Delay = 0.00>
ST_14 : Operation 194 [1/1] (0.00ns)   --->   "%br_ln317 = br void %CanFd_Recv_Sequential.exit.i" [can.c:317]   --->   Operation 194 'br' 'br_ln317' <Predicate = (!icmp_ln299)> <Delay = 0.00>
ST_14 : Operation 195 [1/1] (1.29ns)   --->   "%store_ln335 = store i4 %add_ln335, i4 %jj" [can.c:335]   --->   Operation 195 'store' 'store_ln335' <Predicate = true> <Delay = 1.29>
ST_14 : Operation 196 [1/1] (0.00ns)   --->   "%br_ln335 = br void %for.inc.i" [can.c:335]   --->   Operation 196 'br' 'br_ln335' <Predicate = true> <Delay = 0.00>

State 15 <SV = 3> <Delay = 0.00>
ST_15 : Operation 197 [1/1] (0.00ns)   --->   "%ret_ln116 = ret" [clu.c:116]   --->   Operation 197 'ret' 'ret_ln116' <Predicate = true> <Delay = 0.00>


============================================================
+ Verbose Summary: Timing violations
============================================================
Target clock period: 10ns, clock uncertainty: 2.7ns.

 <State 1>: 1.33ns
The critical path consists of the following:
	'store' operation ('store_ln105', clu.c:105) of constant 2 on static variable 'mode_nr' [151]  (1.33 ns)

 <State 2>: 2.75ns
The critical path consists of the following:
	'load' operation ('lin_nr', dlin.c:375) on local variable 'EN' [160]  (0 ns)
	'shl' operation ('shl_ln320', dlin.c:320) [168]  (0 ns)
	'and' operation ('and_ln320', dlin.c:320) [169]  (0 ns)
	'icmp' operation ('icmp_ln320', dlin.c:320) [170]  (1.95 ns)
	blocking operation 0.8 ns on control path)

 <State 3>: 1.9ns
The critical path consists of the following:
	'call' operation ('call_ln323', dlin.c:323) to 'single_lin_process.1' [176]  (1.9 ns)

 <State 4>: 2.75ns
The critical path consists of the following:
	'load' operation ('jj', can.c:335) on local variable 'EN' [191]  (0 ns)
	'shl' operation ('shl_ln299', can.c:299) [199]  (0 ns)
	'and' operation ('and_ln299', can.c:299) [200]  (0 ns)
	'icmp' operation ('icmp_ln299', can.c:299) [201]  (1.95 ns)
	blocking operation 0.8 ns on control path)

 <State 5>: 7.3ns
The critical path consists of the following:
	'getelementptr' operation ('can_addr_addr', can.c:302) [212]  (0 ns)
	bus request operation ('result_req', can.c:302) on port 'can_addr' (can.c:302) [213]  (7.3 ns)

 <State 6>: 7.3ns
The critical path consists of the following:
	bus request operation ('result_req', can.c:302) on port 'can_addr' (can.c:302) [213]  (7.3 ns)

 <State 7>: 7.3ns
The critical path consists of the following:
	bus request operation ('result_req', can.c:302) on port 'can_addr' (can.c:302) [213]  (7.3 ns)

 <State 8>: 7.3ns
The critical path consists of the following:
	bus request operation ('result_req', can.c:302) on port 'can_addr' (can.c:302) [213]  (7.3 ns)

 <State 9>: 7.3ns
The critical path consists of the following:
	bus request operation ('result_req', can.c:302) on port 'can_addr' (can.c:302) [213]  (7.3 ns)

 <State 10>: 7.3ns
The critical path consists of the following:
	bus request operation ('result_req', can.c:302) on port 'can_addr' (can.c:302) [213]  (7.3 ns)

 <State 11>: 7.3ns
The critical path consists of the following:
	bus request operation ('result_req', can.c:302) on port 'can_addr' (can.c:302) [213]  (7.3 ns)

 <State 12>: 7.3ns
The critical path consists of the following:
	bus read operation ('result', can.c:302) on port 'can_addr' (can.c:302) [214]  (7.3 ns)

 <State 13>: 7ns
The critical path consists of the following:
	'icmp' operation ('icmp_ln304', can.c:304) [217]  (1.06 ns)
	'select' operation ('readIndex', can.c:306) [226]  (0 ns)
	'select' operation ('readIndex', can.c:310) [230]  (0.972 ns)
	'call' operation ('call_ln314', can.c:314) to 'recvFrame_logic.1' [231]  (4.96 ns)

 <State 14>: 1.9ns
The critical path consists of the following:
	'call' operation ('call_ln314', can.c:314) to 'recvFrame_logic.1' [231]  (1.9 ns)

 <State 15>: 0ns
The critical path consists of the following:


============================================================
+ Verbose Summary: Binding
============================================================
N/A
* FSMD analyzer results:
  - Output states:
 - Input state : 
  - Chain level:
	State 1
	State 2
	State 3
	State 4
	State 5
	State 6
	State 7
	State 8
	State 9
	State 10
	State 11
	State 12
	State 13
	State 14
	State 15


============================================================
+ Verbose Summary: Datapath Resource usage 
============================================================
N/A
