INFO: [SIM 2] *************** CSIM start ***************
INFO: [SIM 4] CSIM will launch GCC as the compiler.
make: 'csim.exe' is up to date.
log_header7e7e7e7e
log_header6400000000000000
log_header80000
log_header0
databuf init66880000
databuf init78563412
databuf initee050201
databuf init66008888
databuf init66008888
databuf init66008888
databuf init66008888
databuf init401
databuf init402
databuf init403
databuf init404
databuf init405
databuf init406
databuf init407
databuf init408
databuf init409
databuf init40a
databuf init40b
databuf init40c
databuf init40d
databuf init40e
databuf init40f
databuf init66008888
databuf init401
databuf init402
databuf init403
databuf init404
databuf init405
databuf init406
databuf init407
databuf init408
databuf init409
databuf init40a
databuf init40b
databuf init40c
databuf init40d
databuf init40e
databuf init40f
databuf init66008888
databuf init401
databuf init402
databuf init403
databuf init404
databuf init405
databuf init406
databuf init407
databuf init408
databuf init409
databuf init40a
databuf init40b
databuf init40c
databuf init40d
databuf init40e
databuf init40f
databuf init66008888
databuf init401
databuf init402
databuf init403
databuf init404
databuf init405
databuf init406
databuf init407
databuf init408
databuf init409
databuf init40a
databuf init40b
databuf init40c
databuf init40d
databuf init40e
databuf init40f
databuf init66008888
databuf init401
databuf init402
databuf init403
databuf init404
databuf init405
databuf init406
databuf init407
databuf init408
databuf init409
databuf init40a
databuf init40b
databuf init40c
databuf init40d
databuf init40e
databuf init40f
databuf init66008888
databuf init401
databuf init402
databuf init403
databuf init404
databuf init405
databuf init406
databuf init407
databuf init408
databuf init409
databuf init40a
databuf init40b
databuf init40c
databuf init40d
databuf init40e
databuf init40f
databuf init66008888
databuf init401
databuf init402
databuf init403
databuf init404
databuf init405
databuf init406
databuf init407
databuf init408
databuf init409
databuf init40a
databuf init40b
databuf init40c
databuf init40d
databuf init40e
databuf init40f
databuf init66008888
databuf init401
databuf init402
databuf init403
databuf init404
databuf init405
databuf init406
databuf init407
databuf init408
databuf init409
databuf init40a
databuf init40b
databuf init40c
databuf init40d
databuf init40e
databuf init40f
databuf init66008888
databuf init401
databuf init402
databuf init403
databuf init404
databuf init405
databuf init406
databuf init407
databuf init408
databuf init409
databuf init40a
databuf init40b
databuf init40c
databuf init40d
databuf init40e
databuf init40f
databuf init66008888
databuf init401
databuf init402
databuf init403
databuf init404
databuf init405
databuf init406
databuf init407
databuf init408
databuf init409
databuf init40a
databuf init40b
databuf init40c
databuf init40d
databuf init40e
databuf init40f
databuf init66008888
databuf init401
databuf init402
databuf init403
databuf init404
databuf init405
databuf init406
databuf init407
databuf init408
databuf init409
databuf init40a
databuf init40b
databuf init40c
databuf init40d
databuf init40e
databuf init40f
databuf init66008888
databuf init401
databuf init402
databuf init403
databuf init404
databuf init405
databuf init406
databuf init407
databuf init408
databuf init409
databuf init40a
databuf init40b
databuf init40c
databuf init40d
databuf init40e
databuf init40f
databuf init66008888
databuf init401
databuf init402
databuf init403
databuf init404
databuf init405
databuf init406
databuf init407
databuf init408
databuf init409
databuf init40a
databuf init40b
databuf init40c
databuf init40d
databuf init40e
databuf init40f
databuf init66008888
databuf init401
databuf init402
databuf init403
databuf init404
databuf init405
databuf init406
databuf init407
databuf init408
databuf init409
databuf init40a
databuf init40b
databuf init40c
databuf init40d
databuf init40e
databuf init40f
databuf init66008888
databuf init401
databuf init402
databuf init403
databuf init404
databuf init405
databuf init406
databuf init407
databuf init408
databuf init409
databuf init40a
databuf init40b
databuf init40c
databuf init40d
databuf init40e
databuf init40f
databuf init66008888
databuf init401
databuf init402
databuf init403
databuf init404
databuf init405
databuf init406
databuf init407
databuf init408
databuf init409
databuf init40a
databuf init40b
databuf init40c
databuf init40d
databuf init40e
databuf init40f
databuf init66008888
databuf init401
databuf init402
databuf init403
databuf init404
databuf init405
databuf init406
databuf init407
databuf init408
databuf init409
databuf init40a
databuf init40b
databuf init40c
databuf init40d
databuf init40e
databuf init40f
databuf init66008888
databuf init401
databuf init402
databuf init403
databuf init404
databuf init405
databuf init406
databuf init407
databuf init408
databuf init409
databuf init40a
databuf init40b
databuf init40c
databuf init40d
databuf init40e
databuf init40f
databuf init66008888
databuf init401
databuf init402
databuf init403
databuf init404
databuf init405
databuf init406
databuf init407
databuf init408
databuf init409
databuf init40a
databuf init40b
databuf init40c
databuf init40d
databuf init40e
databuf init40f
databuf init66008888
databuf init401
databuf init402
databuf init403
databuf init404
databuf init405
databuf init406
databuf init407
databuf init408
databuf init409
databuf init40a
databuf init40b
databuf init40c
databuf init40d
databuf init40e
databuf init40f
databuf init66008888
databuf init401
databuf init402
databuf init403
databuf init404
databuf init405
databuf init406
databuf init407
databuf init408
databuf init409
databuf init40a
databuf init40b
databuf init40c
databuf init40d
databuf init40e
databuf init40f
databuf init66008888
databuf init401
databuf init402
databuf init403
databuf init404
databuf init405
databuf init406
databuf init407
databuf init408
databuf init409
databuf init40a
databuf init40b
databuf init40c
databuf init40d
databuf init40e
databuf init40f
databuf init66008888
databuf init401
databuf init402
databuf init403
databuf init404
databuf init405
databuf init406
databuf init407
databuf init408
databuf init409
tap_ddr7856341266880000
tap_ddr66008888ee050201
tap_ddr6600888866008888
tap_ddr40166008888
tap_ddr40300000402
tap_ddr40500000404
tap_ddr40700000406
tap_ddr40900000408
tap_ddr40b0000040a
tap_ddr40d0000040c
tap_ddr40f0000040e
tap_ddr40166008888
tap_ddr40300000402
tap_ddr40500000404
tap_ddr40700000406
tap_ddr40900000408
tap_ddr40b0000040a
tap_ddr40d0000040c
tap_ddr40f0000040e
tap_ddr40166008888
tap_ddr40300000402
tap_ddr40500000404
tap_ddr40700000406
tap_ddr40900000408
tap_ddr40b0000040a
tap_ddr40d0000040c
tap_ddr40f0000040e
tap_ddr40166008888
tap_ddr40300000402
tap_ddr40500000404
tap_ddr40700000406
tap_ddr40900000408
tap_ddr40b0000040a
tap_ddr40d0000040c
tap_ddr40f0000040e
tap_ddr40166008888
tap_ddr40300000402
tap_ddr40500000404
tap_ddr40700000406
tap_ddr40900000408
tap_ddr40b0000040a
tap_ddr40d0000040c
tap_ddr40f0000040e
tap_ddr40166008888
tap_ddr40300000402
tap_ddr40500000404
tap_ddr40700000406
tap_ddr40900000408
tap_ddr40b0000040a
tap_ddr40d0000040c
tap_ddr40f0000040e
tap_ddr40166008888
tap_ddr40300000402
tap_ddr40500000404
tap_ddr40700000406
tap_ddr40900000408
tap_ddr40b0000040a
tap_ddr40d0000040c
tap_ddr40f0000040e
tap_ddr40166008888
tap_ddr40300000402
tap_ddr40500000404
tap_ddr40700000406
tap_ddr40900000408
tap_ddr40b0000040a
tap_ddr40d0000040c
tap_ddr40f0000040e
tap_ddr40166008888
tap_ddr40300000402
tap_ddr40500000404
tap_ddr40700000406
tap_ddr40900000408
tap_ddr40b0000040a
tap_ddr40d0000040c
tap_ddr40f0000040e
tap_ddr40166008888
tap_ddr40300000402
tap_ddr40500000404
tap_ddr40700000406
tap_ddr40900000408
tap_ddr40b0000040a
tap_ddr40d0000040c
tap_ddr40f0000040e
tap_ddr40166008888
tap_ddr40300000402
tap_ddr40500000404
tap_ddr40700000406
tap_ddr40900000408
tap_ddr40b0000040a
tap_ddr40d0000040c
tap_ddr40f0000040e
tap_ddr40166008888
tap_ddr40300000402
tap_ddr40500000404
tap_ddr40700000406
tap_ddr40900000408
tap_ddr40b0000040a
tap_ddr40d0000040c
tap_ddr40f0000040e
tap_ddr40166008888
tap_ddr40300000402
tap_ddr40500000404
tap_ddr40700000406
tap_ddr40900000408
tap_ddr40b0000040a
tap_ddr40d0000040c
tap_ddr40f0000040e
tap_ddr40166008888
tap_ddr40300000402
tap_ddr40500000404
tap_ddr40700000406
tap_ddr40900000408
tap_ddr40b0000040a
tap_ddr40d0000040c
tap_ddr40f0000040e
tap_ddr40166008888
tap_ddr40300000402
tap_ddr40500000404
tap_ddr40700000406
tap_ddr40900000408
tap_ddr40b0000040a
tap_ddr40d0000040c
tap_ddr40f0000040e
tap_ddr40166008888
tap_ddr40300000402
tap_ddr40500000404
tap_ddr40700000406
tap_ddr40900000408
tap_ddr40b0000040a
tap_ddr40d0000040c
tap_ddr40f0000040e
tap_ddr40166008888
tap_ddr40300000402
tap_ddr40500000404
tap_ddr40700000406
tap_ddr40900000408
tap_ddr40b0000040a
tap_ddr40d0000040c
tap_ddr40f0000040e
tap_ddr40166008888
tap_ddr40300000402
tap_ddr40500000404
tap_ddr40700000406
tap_ddr40900000408
tap_ddr40b0000040a
tap_ddr40d0000040c
tap_ddr40f0000040e
tap_ddr40166008888
tap_ddr40300000402
tap_ddr40500000404
tap_ddr40700000406
tap_ddr40900000408
tap_ddr40b0000040a
tap_ddr40d0000040c
tap_ddr40f0000040e
tap_ddr40166008888
tap_ddr40300000402
tap_ddr40500000404
tap_ddr40700000406
tap_ddr40900000408
tap_ddr40b0000040a
tap_ddr40d0000040c
tap_ddr40f0000040e
tap_ddr40166008888
tap_ddr40300000402
tap_ddr40500000404
tap_ddr40700000406
tap_ddr40900000408
tap_ddr40b0000040a
tap_ddr40d0000040c
tap_ddr40f0000040e
tap_ddr40166008888
tap_ddr40300000402
tap_ddr40500000404
tap_ddr40700000406
tap_ddr40900000408
tap_ddr40b0000040a
tap_ddr40d0000040c
tap_ddr40f0000040e
tap_ddr40166008888
tap_ddr40300000402
tap_ddr40500000404
tap_ddr40700000406
tap_ddr40900000408
tap_ddr40b0000040a
tap_ddr40d0000040c
tap_ddr40f0000040e
tap_ddr40166008888
tap_ddr40300000402
tap_ddr40500000404
tap_ddr40700000406
tap_ddr408
ddr7e7e7e7e
ddr6400000000000000
ddr80000
ddr0
ddr0
ddr0
ddr0
ddr0
ddr0
ddr0
ddr0
ddr0
ddr0
ddr0
ddr0
ddr0
ddr0
ddr0
ddr0
ddr0
ddr0
ddr0
ddr0
ddr0
ddr0
ddr0
ddr0
ddr0
ddr0
ddr0
ddr0
ddr0
ddr0
ddr0
ddr0
ddr0
ddr0
ddr0
ddr0
ddr0
ddr0
ddr0
ddr0
ddr0
ddr0
ddr0
ddr0
ddr0
ddr0
ddr0
ddr0
ddr0
ddr0
ddr0
ddr0
ddr0
ddr0
ddr0
ddr0
ddr0
ddr0
ddr0
ddr0
ddr0
ddr0
ddr0
ddr0
ddr0
ddr0
ddr0
ddr0
ddr0
ddr0
ddr0
ddr0
ddr0
ddr0
ddr0
ddr0
ddr0
ddr0
ddr0
ddr0
ddr0
ddr0
ddr0
ddr0
ddr0
ddr0
ddr0
ddr0
ddr0
ddr0
ddr0
ddr0
ddr0
ddr0
ddr0
ddr0
ddr0
ddr0
ddr0
ddr0
ddr0
ddr0
ddr0
ddr0
ddr0
ddr0
ddr0
ddr0
ddr0
ddr0
ddr0
ddr0
ddr0
ddr0
ddr0
ddr0
ddr0
ddr0
ddr0
ddr0
ddr0
ddr0
ddr0
ddr0
ddr0
ddr0
ddr0
ddr0
ddr0
ddr0
ddr0
ddr0
ddr0
ddr0
ddr0
ddr0
ddr0
ddr0
ddr0
ddr0
ddr0
ddr0
ddr0
ddr0
ddr0
ddr0
ddr0
ddr0
ddr0
ddr0
ddr0
ddr0
ddr0
ddr0
ddr0
ddr0
ddr0
ddr0
ddr0
ddr0
ddr0
ddr0
ddr0
ddr0
ddr0
ddr0
ddr0
ddr0
ddr0
ddr0
ddr0
ddr0
ddr0
ddr0
ddr0
ddr0
ddr0
ddr0
ddr0
ddr0
ddr0
ddr0
ddr0
ddr0
ddr0
ddr0
ddr0
ddr0
ddr0
ddr0
ddr0
ddr0
ddr0
ddr0
ddr0
ddr0
ddr0
ddr0
ddr0
ddr0
ddr0
ddr0
ddr0
ddr0
ddr0
ddr0
ddr0
ddr0
ddr0
ddr0
ddr0
ddr0
ddr0
ddr0
ddr0
ddr0
ddr0
ddr0
ddr0
ddr0
ddr0
ddr0
ddr0
ddr0
ddr0
ddr0
ddr0
ddr0
ddr0
ddr0
ddr0
ddr0
ddr0
ddr0
ddr0
ddr0
ddr0
ddr0
ddr0
ddr0
ddr0
ddr0
ddr0
ddr0
ddr0
ddr0
ddr0
ddr0
ddr0
ddr0
ddr0
ddr0
ddr0
ddr0
ddr0
ddr0
ddr0
ddr0
ddr0
ddr0
ddr0
ddr0
ddr0
ddr0
ddr0
ddr0
ddr0
ddr0
ddr0
ddr0
ddr0
ddr0
ddr0
ddr0
ddr0
ddr0
ddr0
ddr0
ddr0
ddr0
ddr0
ddr0
ddr0
ddr0
ddr0
ddr0
ddr0
ddr0
ddr0
ddr0
ddr0
ddr0
ddr0
ddr0
ddr0
ddr0
ddr0
ddr0
ddr0
ddr0
ddr0
ddr0
ddr0
ddr0
ddr0
ddr0
ddr0
ddr0
ddr0
ddr0
ddr0
ddr0
ddr0
ddr0
ddr0
ddr0
ddr0
ddr0
ddr0
ddr0
ddr0
ddr0
ddr0
ddr0
ddr0
ddr0
ddr0
ddr0
ddr0
ddr0
ddr0
ddr0
ddr0
ddr0
ddr0
ddr0
ddr0
ddr0
ddr0
ddr0
ddr0
ddr0
ddr0
ddr0
ddr0
ddr0
ddr0
ddr0
ddr0
ddr0
ddr0
ddr0
ddr0
ddr0
ddr0
ddr0
ddr0
ddr0
ddr0
ddr0
ddr0
ddr0
ddr0
ddr0
ddr0
ddr0
ddr0
ddr0
ddr0
ddr0
ddr0
ddr0
ddr0
ddr0
ddr0
ddr0
ddr0
ddr0
ddr0
ddr0
ddr0
ddr0
ddr0
ddr0
ddr0
ddr0
ddr0
ddr0
ddr0
ddr0
ddr0
ddr0
ddr0
ddr0
ddr0
ddr0
ddr0
ddr0
ddr0
ddr0
ddr0
ddr0
ddr0
ddr0
ddr0
ddr0
ddr0
ddr0
ddr0
ddr0
ddr0
ddr0
ddr0
ddr0
ddr0
ddr0
ddr0
ddr0
ddr0
ddr0
ddr0
ddr0
ddr0
ddr0
ddr0
ddr0
ddr0
ddr0
ddr0
ddr0
ddr0
ddr0
ddr0
ddr0
ddr0
ddr0
ddr0
ddr0
ddr0
ddr0
ddr0
ddr0
ddr0
ddr0
ddr0
ddr0
ddr0
ddr0
ddr0
ddr0
ddr0
ddr0
ddr0
ddr0
ddr0
ddr0
ddr0
ddr0
ddr0
ddr0
ddr0
ddr0
ddr0
ddr0
ddr0
ddr0
ddr0
ddr0
ddr0
ddr0
ddr0
ddr0
ddr0
ddr0
ddr0
ddr0
ddr0
ddr0
ddr0
ddr0
ddr0
ddr0
ddr0
ddr0
ddr0
ddr0
ddr0
ddr0
ddr0
ddr0
ddr0
ddr0
ddr0
ddr0
ddr0
ddr0
ddr0
ddr0
ddr0
ddr0
ddr0
ddr0
ddr0
ddr0
ddr0
ddr0
ddr0
ddr0
ddr0
ddr0
ddr0
old output**************************

header magic: 7e7e7e7e rxStatus: 0 txStatus: 0 count: 64000000 Frame size: 80000 Rxindex: 0 Txindex: 3000000

index: 0  2010000  98563412  1c000201  66008888  66008888  66008888  66008888  66008888  66008888  66008888  0  0  0  0  0  0  0  0  0  0  0  0  0  0  0  0  0  0  0  0

index: 1  2010000  c8563412  1c000201  66008888  66008888  66008888  66008888  66008888  66008888  66008888  0  0  0  0  0  0  0  0  0  0  0  0  0  0  0  0  0  0  0  0

index: 2  2010000  f8563412  1c000201  66008888  66008888  66008888  66008888  66008888  66008888  66008888  0  0  0  0  0  0  0  0  0  0  0  0  0  0  0  0  0  0  0  0

INFO: [SIM 1] CSim done with 0 errors.
INFO: [SIM 3] *************** CSIM finish ***************
