

================================================================
== Vitis HLS Report for 'write_ddr_1_Pipeline_1'
================================================================
* Date:           Wed Dec 21 16:46:10 2022

* Version:        2022.2 (Build 3670227 on Oct 13 2022)
* Project:        clu
* Solution:       solution1 (Vivado IP Flow Target)
* Product family: zynq
* Target device:  xc7z020-clg400-2


================================================================
== Performance Estimates
================================================================
+ Timing: 
    * Summary: 
    +--------+----------+----------+------------+
    |  Clock |  Target  | Estimated| Uncertainty|
    +--------+----------+----------+------------+
    |ap_clk  |  10.00 ns|  7.300 ns|     2.70 ns|
    +--------+----------+----------+------------+

+ Latency: 
    * Summary: 
    +---------+---------+----------+----------+-----+-----+---------+
    |  Latency (cycles) |  Latency (absolute) |  Interval | Pipeline|
    |   min   |   max   |    min   |    max   | min | max |   Type  |
    +---------+---------+----------+----------+-----+-----+---------+
    |       95|       95|  0.950 us|  0.950 us|   95|   95|       no|
    +---------+---------+----------+----------+-----+-----+---------+

    + Detail: 
        * Instance: 
        N/A

        * Loop: 
        +----------+---------+---------+----------+-----------+-----------+------+----------+
        |          |  Latency (cycles) | Iteration|  Initiation Interval  | Trip |          |
        | Loop Name|   min   |   max   |  Latency |  achieved |   target  | Count| Pipelined|
        +----------+---------+---------+----------+-----------+-----------+------+----------+
        |- Loop 1  |       93|       93|         3|          1|          1|    92|       yes|
        +----------+---------+---------+----------+-----------+-----------+------+----------+

============================================================
+ Verbose Summary: Synthesis Manager
============================================================
InlineROM: 1
ExposeGlobal: 0
============================================================
+ Verbose Summary: CDFG Model
============================================================
IsTopModel: 0
ResetActiveHigh: 1
IsCombinational: 0
IsDatapathOnly: 0
HasWiredReturn: 1
HasMFsm: 2
HasVarLatency: 1
IsPipeline: 0
IsRtlPipelined: 0
IsInstanceOverlapped: 0
IsDontTouch: 0
HasImplIP: 0
IsGatedGlobalClock: 0

+ Individual pipeline summary: 
  * Pipeline-0: initiation interval (II) = 1, depth = 3


============================================================
+ Verbose Summary: Schedule
============================================================
* Number of FSM states : 3
* Pipeline : 1
  Pipeline-0 : II = 1, D = 3, States = { 1 2 3 }
* Dataflow Pipeline: 0

* FSM state transitions: 
1 --> 2 
2 --> 3 
3 --> 

* FSM state operations: 

State 1 <SV = 0> <Delay = 2.61>
ST_1 : Operation 6 [1/1] (0.00ns)   --->   "%loop_index = alloca i32 1"   --->   Operation 6 'alloca' 'loop_index' <Predicate = true> <Delay = 0.00>
ST_1 : Operation 7 [1/1] (0.00ns)   --->   "%specinterface_ln0 = specinterface void @_ssdm_op_SpecInterface, i8 %ps_ddr, void @empty_23, i32 0, i32 0, void @empty_25, i32 0, i32 10, void @empty_2, void @empty, void @empty_25, i32 16, i32 16, i32 16, i32 16, void @empty_25, void @empty_25, i32 4294967295, i32 0"   --->   Operation 7 'specinterface' 'specinterface_ln0' <Predicate = true> <Delay = 0.00>
ST_1 : Operation 8 [1/1] (0.00ns)   --->   "%add_ln126_1_read = read i32 @_ssdm_op_Read.ap_auto.i32, i32 %add_ln126_1"   --->   Operation 8 'read' 'add_ln126_1_read' <Predicate = true> <Delay = 0.00>
ST_1 : Operation 9 [1/1] (1.29ns)   --->   "%store_ln0 = store i7 0, i7 %loop_index"   --->   Operation 9 'store' 'store_ln0' <Predicate = true> <Delay = 1.29>
ST_1 : Operation 10 [1/1] (0.00ns)   --->   "%br_ln0 = br void %load-store-loop"   --->   Operation 10 'br' 'br_ln0' <Predicate = true> <Delay = 0.00>
ST_1 : Operation 11 [1/1] (0.00ns)   --->   "%loop_index_load = load i7 %loop_index"   --->   Operation 11 'load' 'loop_index_load' <Predicate = true> <Delay = 0.00>
ST_1 : Operation 12 [1/1] (0.00ns)   --->   "%ps_ddr_addr = getelementptr i8 %ps_ddr, i32 %add_ln126_1_read" [can.c:126]   --->   Operation 12 'getelementptr' 'ps_ddr_addr' <Predicate = true> <Delay = 0.00>
ST_1 : Operation 13 [1/1] (0.00ns)   --->   "%specpipeline_ln0 = specpipeline void @_ssdm_op_SpecPipeline, i32 4294967295, i32 0, i32 1, i32 0, void @p_str"   --->   Operation 13 'specpipeline' 'specpipeline_ln0' <Predicate = true> <Delay = 0.00>
ST_1 : Operation 14 [1/1] (1.06ns)   --->   "%exitcond55 = icmp_eq  i7 %loop_index_load, i7 92"   --->   Operation 14 'icmp' 'exitcond55' <Predicate = true> <Delay = 1.06> <CoreInst = "Cmp">   --->   Core 9 'Cmp' <Latency = 0> <II = 1> <Delay = 1.06> <FuncUnit> <Opcode : 'icmp'> <InPorts = 2> <OutPorts = 1>
ST_1 : Operation 15 [1/1] (0.00ns)   --->   "%empty = speclooptripcount i32 @_ssdm_op_SpecLoopTripCount, i64 92, i64 92, i64 92"   --->   Operation 15 'speclooptripcount' 'empty' <Predicate = true> <Delay = 0.00>
ST_1 : Operation 16 [1/1] (1.31ns)   --->   "%empty_58 = add i7 %loop_index_load, i7 1"   --->   Operation 16 'add' 'empty_58' <Predicate = true> <Delay = 1.31> <CoreInst = "Adder">   --->   Core 1 'Adder' <Latency = 0> <II = 1> <Delay = 1.31> <FuncUnit> <Opcode : 'add' 'sub'> <InPorts = 2> <OutPorts = 1>
ST_1 : Operation 17 [1/1] (0.00ns)   --->   "%br_ln0 = br i1 %exitcond55, void %load-store-loop.split, void %memcpy-split.exitStub"   --->   Operation 17 'br' 'br_ln0' <Predicate = true> <Delay = 0.00>
ST_1 : Operation 18 [1/1] (0.00ns)   --->   "%loop_index_cast = zext i7 %loop_index_load"   --->   Operation 18 'zext' 'loop_index_cast' <Predicate = (!exitcond55)> <Delay = 0.00>
ST_1 : Operation 19 [1/1] (0.00ns)   --->   "%data_addr = getelementptr i8 %data, i32 0, i32 %loop_index_cast"   --->   Operation 19 'getelementptr' 'data_addr' <Predicate = (!exitcond55)> <Delay = 0.00>
ST_1 : Operation 20 [2/2] (1.75ns)   --->   "%data_load = load i7 %data_addr"   --->   Operation 20 'load' 'data_load' <Predicate = (!exitcond55)> <Delay = 1.75> <CoreInst = "RAM">   --->   Core 82 'RAM' <Latency = 1> <II = 1> <Delay = 1.75> <Storage> <Opcode : 'load' 'store'> <Ports = 2> <Width = 8> <Depth = 92> <RAM>
ST_1 : Operation 21 [1/1] (1.29ns)   --->   "%store_ln0 = store i7 %empty_58, i7 %loop_index"   --->   Operation 21 'store' 'store_ln0' <Predicate = (!exitcond55)> <Delay = 1.29>

State 2 <SV = 1> <Delay = 1.75>
ST_2 : Operation 22 [1/2] (1.75ns)   --->   "%data_load = load i7 %data_addr"   --->   Operation 22 'load' 'data_load' <Predicate = true> <Delay = 1.75> <CoreInst = "RAM">   --->   Core 82 'RAM' <Latency = 1> <II = 1> <Delay = 1.75> <Storage> <Opcode : 'load' 'store'> <Ports = 2> <Width = 8> <Depth = 92> <RAM>
ST_2 : Operation 25 [1/1] (0.00ns)   --->   "%ret_ln0 = ret"   --->   Operation 25 'ret' 'ret_ln0' <Predicate = (exitcond55)> <Delay = 0.00>

State 3 <SV = 2> <Delay = 7.30>
ST_3 : Operation 23 [1/1] (7.30ns)   --->   "%write_ln126 = write void @_ssdm_op_Write.m_axi.p1i8, i8 %ps_ddr_addr, i8 %data_load, i1 1" [can.c:126]   --->   Operation 23 'write' 'write_ln126' <Predicate = true> <Delay = 7.30> <CoreInst = "m_axi">   --->   Core 113 'm_axi' <Latency = 0> <II = 1> <Delay = 1.00> <Adapter> <Opcode : 'read' 'write' 'readreq' 'writereq' 'writeresp'>
ST_3 : Operation 24 [1/1] (0.00ns)   --->   "%br_ln0 = br void %load-store-loop"   --->   Operation 24 'br' 'br_ln0' <Predicate = true> <Delay = 0.00>


============================================================
+ Verbose Summary: Timing violations
============================================================
Target clock period: 10ns, clock uncertainty: 2.7ns.

 <State 1>: 2.61ns
The critical path consists of the following:
	'alloca' operation ('loop_index') [4]  (0 ns)
	'load' operation ('loop_index_load') on local variable 'loop_index' [10]  (0 ns)
	'add' operation ('empty_58') [15]  (1.32 ns)
	'store' operation ('store_ln0') of variable 'empty_58' on local variable 'loop_index' [22]  (1.3 ns)

 <State 2>: 1.75ns
The critical path consists of the following:
	'load' operation ('data_load') on array 'data' [20]  (1.75 ns)

 <State 3>: 7.3ns
The critical path consists of the following:
	bus write operation ('write_ln126', can.c:126) on port 'ps_ddr' (can.c:126) [21]  (7.3 ns)


============================================================
+ Verbose Summary: Binding
============================================================
N/A
* FSMD analyzer results:
  - Output states:
 - Input state : 
  - Chain level:
	State 1
	State 2
	State 3


============================================================
+ Verbose Summary: Datapath Resource usage 
============================================================
N/A
