12/15/22 12:13:39: Running xcd server. This server was NOT built by gradle, but presumably rdi.
12/15/22 12:13:39: Server was asked to start on port: '55512'
12/15/22 12:13:39: Server is using token UUID: 'b533f940-d12c-49c4-b4ff-4accb1176c5b'
12/15/22 12:13:39: SESSION_MGR: creating session with session uuid: '6d04a3e9-ade5-4ab9-8d63-1f78fcd2ec76' and name 'default'
12/15/22 12:13:39: Attempting to start server on port '55512'
12/15/22 12:13:39: Running Dispatch Server
12/15/22 12:13:39: Version 2.2.0
12/15/22 12:13:47: Dispatch Server: Accepted socket connection from client
12/15/22 12:13:47: Starting Socket connection
12/15/22 12:13:47: EXCHANGE_TOKEN received, server token: b533f940-d12c-49c4-b4ff-4accb1176c5b, passed token: b533f940-d12c-49c4-b4ff-4accb1176c5b
12/15/22 12:13:47: SESSION_MGR: creating session with session uuid: '5f646094-7014-4a37-873d-9a65844df984' and name 'vitis_hls'
12/15/22 12:13:47: KERNEL_SVC: creating session with uuid: '5f646094-7014-4a37-873d-9a65844df984' and name 'vitis_hls'
12/15/22 12:13:47: GUIDANCE_SMGR: creating guidance session with uuid: '5f646094-7014-4a37-873d-9a65844df984' and name 'vitis_hls'
12/15/22 12:14:28: STOP_SERVER received, server token: b533f940-d12c-49c4-b4ff-4accb1176c5b, passed token: b533f940-d12c-49c4-b4ff-4accb1176c5b
12/15/22 12:14:28: Socket received request to stop server.
12/15/22 12:14:28: Dispatch Server: do_await_stop
12/15/22 12:14:28: SERVER: destructor for server bound to port 55512
12/15/22 12:14:28: Server exiting with status 0.
12/15/22 12:14:28: Closing log file.
12/15/22 13:06:16: Running xcd server. This server was NOT built by gradle, but presumably rdi.
12/15/22 13:06:16: Server was asked to start on port: '56572'
12/15/22 13:06:16: Server is using token UUID: 'd96d9f29-2b17-4452-9147-80a4ebc4631d'
12/15/22 13:06:16: SESSION_MGR: creating session with session uuid: '6d04a3e9-ade5-4ab9-8d63-1f78fcd2ec76' and name 'default'
12/15/22 13:06:16: Attempting to start server on port '56572'
12/15/22 13:06:16: Running Dispatch Server
12/15/22 13:06:16: Version 2.2.0
12/15/22 13:06:22: Dispatch Server: Accepted socket connection from client
12/15/22 13:06:22: Starting Socket connection
12/15/22 13:06:22: EXCHANGE_TOKEN received, server token: d96d9f29-2b17-4452-9147-80a4ebc4631d, passed token: d96d9f29-2b17-4452-9147-80a4ebc4631d
12/15/22 13:06:22: SESSION_MGR: creating session with session uuid: '042351d7-1f51-4d39-9e4a-c1856d427eda' and name 'vitis_hls'
12/15/22 13:06:22: KERNEL_SVC: creating session with uuid: '042351d7-1f51-4d39-9e4a-c1856d427eda' and name 'vitis_hls'
12/15/22 13:06:22: GUIDANCE_SMGR: creating guidance session with uuid: '042351d7-1f51-4d39-9e4a-c1856d427eda' and name 'vitis_hls'
12/15/22 13:06:47: STOP_SERVER received, server token: d96d9f29-2b17-4452-9147-80a4ebc4631d, passed token: d96d9f29-2b17-4452-9147-80a4ebc4631d
12/15/22 13:06:47: Socket received request to stop server.
12/15/22 13:06:47: Dispatch Server: do_await_stop
12/15/22 13:06:47: SERVER: destructor for server bound to port 56572
12/15/22 13:06:47: Server exiting with status 0.
12/15/22 13:06:47: Closing log file.
