In file included from mac_logger.cpp:1:
In file included from ./mac_logger.h:5:
In file included from D:/Vitis_HLS/2022.2/common/technology/autopilot\ap_int.h:12:
D:/Vitis_HLS/2022.2/common/technology/autopilot\ap_int_ref.h:678:9: warning: HLS pragma dump _XLX_SEP_ PragmaIsValid=1_XLX_SEP_ PragmaType=unroll_XLX_SEP_ PragmaContext=_XLX_SEP_ PragmaFunction=and_reduce_XLX_SEP_ PragmaOptions=_XLX_SEP_ [-Wdump-hls-pragmas]
#pragma HLS unroll
        ^
D:/Vitis_HLS/2022.2/common/technology/autopilot\ap_int_ref.h:692:9: warning: HLS pragma dump _XLX_SEP_ PragmaIsValid=1_XLX_SEP_ PragmaType=unroll_XLX_SEP_ PragmaContext=_XLX_SEP_ PragmaFunction=or_reduce_XLX_SEP_ PragmaOptions=_XLX_SEP_ [-Wdump-hls-pragmas]
#pragma HLS unroll
        ^
D:/Vitis_HLS/2022.2/common/technology/autopilot\ap_int_ref.h:706:9: warning: HLS pragma dump _XLX_SEP_ PragmaIsValid=1_XLX_SEP_ PragmaType=unroll_XLX_SEP_ PragmaContext=_XLX_SEP_ PragmaFunction=xor_reduce_XLX_SEP_ PragmaOptions=_XLX_SEP_ [-Wdump-hls-pragmas]
#pragma HLS unroll
        ^
mac_logger.cpp:29:9: warning: HLS pragma dump _XLX_SEP_ PragmaIsValid=1_XLX_SEP_ PragmaType=pipeline_XLX_SEP_ PragmaContext=_XLX_SEP_ PragmaFunction=rx_ringbuffer_header_XLX_SEP_ PragmaOptions=_XLX_SEP_ [-Wdump-hls-pragmas]
#pragma HLS PIPELINE
        ^
mac_logger.cpp:33:9: warning: HLS pragma dump _XLX_SEP_ PragmaIsValid=1_XLX_SEP_ PragmaType=pipeline_XLX_SEP_ PragmaContext=_XLX_SEP_ PragmaFunction=rx_ringbuffer_header_XLX_SEP_ PragmaOptions=_XLX_SEP_ [-Wdump-hls-pragmas]
#pragma HLS PIPELINE
        ^
mac_logger.cpp:48:9: warning: HLS pragma dump _XLX_SEP_ PragmaIsValid=1_XLX_SEP_ PragmaType=inline_XLX_SEP_ PragmaContext=_XLX_SEP_ PragmaFunction=rx_fifo_XLX_SEP_ PragmaOptions=off_XLX_SEP_ [-Wdump-hls-pragmas]
#pragma HLS inline off
        ^
mac_logger.cpp:92:9: warning: HLS pragma dump _XLX_SEP_ PragmaIsValid=1_XLX_SEP_ PragmaType=pipeline_XLX_SEP_ PragmaContext=_XLX_SEP_ PragmaFunction=rx_fifo_XLX_SEP_ PragmaOptions=_XLX_SEP_ [-Wdump-hls-pragmas]
#pragma HLS PIPELINE
        ^
mac_logger.cpp:189:9: warning: HLS pragma dump _XLX_SEP_ PragmaIsValid=1_XLX_SEP_ PragmaType=inline_XLX_SEP_ PragmaContext=_XLX_SEP_ PragmaFunction=tx_ddr_XLX_SEP_ PragmaOptions=off_XLX_SEP_ [-Wdump-hls-pragmas]
#pragma HLS inline off
        ^
mac_logger.cpp:192:9: warning: HLS pragma dump _XLX_SEP_ PragmaIsValid=1_XLX_SEP_ PragmaType=reset_XLX_SEP_ PragmaContext=_XLX_SEP_ PragmaFunction=tx_ddr_XLX_SEP_ PragmaOptions=variable = counter_vlan100_XLX_SEP_ [-Wdump-hls-pragmas]
#pragma HLS reset variable = counter_vlan100
        ^
mac_logger.cpp:194:9: warning: HLS pragma dump _XLX_SEP_ PragmaIsValid=1_XLX_SEP_ PragmaType=reset_XLX_SEP_ PragmaContext=_XLX_SEP_ PragmaFunction=tx_ddr_XLX_SEP_ PragmaOptions=variable = counter_vlan101_XLX_SEP_ [-Wdump-hls-pragmas]
#pragma HLS reset variable = counter_vlan101
        ^
mac_logger.cpp:196:9: warning: HLS pragma dump _XLX_SEP_ PragmaIsValid=1_XLX_SEP_ PragmaType=reset_XLX_SEP_ PragmaContext=_XLX_SEP_ PragmaFunction=tx_ddr_XLX_SEP_ PragmaOptions=variable = counter_vlan102_XLX_SEP_ [-Wdump-hls-pragmas]
#pragma HLS reset variable = counter_vlan102
        ^
mac_logger.cpp:198:9: warning: HLS pragma dump _XLX_SEP_ PragmaIsValid=1_XLX_SEP_ PragmaType=reset_XLX_SEP_ PragmaContext=_XLX_SEP_ PragmaFunction=tx_ddr_XLX_SEP_ PragmaOptions=variable = counter_vlan103_XLX_SEP_ [-Wdump-hls-pragmas]
#pragma HLS reset variable = counter_vlan103
        ^
mac_logger.cpp:200:9: warning: HLS pragma dump _XLX_SEP_ PragmaIsValid=1_XLX_SEP_ PragmaType=reset_XLX_SEP_ PragmaContext=_XLX_SEP_ PragmaFunction=tx_ddr_XLX_SEP_ PragmaOptions=variable = counter_vlan104_XLX_SEP_ [-Wdump-hls-pragmas]
#pragma HLS reset variable = counter_vlan104
        ^
mac_logger.cpp:202:9: warning: HLS pragma dump _XLX_SEP_ PragmaIsValid=1_XLX_SEP_ PragmaType=reset_XLX_SEP_ PragmaContext=_XLX_SEP_ PragmaFunction=tx_ddr_XLX_SEP_ PragmaOptions=variable = counter_vlan105_XLX_SEP_ [-Wdump-hls-pragmas]
#pragma HLS reset variable = counter_vlan105
        ^
mac_logger.cpp:204:9: warning: HLS pragma dump _XLX_SEP_ PragmaIsValid=1_XLX_SEP_ PragmaType=reset_XLX_SEP_ PragmaContext=_XLX_SEP_ PragmaFunction=tx_ddr_XLX_SEP_ PragmaOptions=variable = counter_vlan106_XLX_SEP_ [-Wdump-hls-pragmas]
#pragma HLS reset variable = counter_vlan106
        ^
mac_logger.cpp:206:9: warning: HLS pragma dump _XLX_SEP_ PragmaIsValid=1_XLX_SEP_ PragmaType=reset_XLX_SEP_ PragmaContext=_XLX_SEP_ PragmaFunction=tx_ddr_XLX_SEP_ PragmaOptions=variable = counter_vlan107_XLX_SEP_ [-Wdump-hls-pragmas]
#pragma HLS reset variable = counter_vlan107
        ^
mac_logger.cpp:208:9: warning: HLS pragma dump _XLX_SEP_ PragmaIsValid=1_XLX_SEP_ PragmaType=reset_XLX_SEP_ PragmaContext=_XLX_SEP_ PragmaFunction=tx_ddr_XLX_SEP_ PragmaOptions=variable = counter_vlan108_XLX_SEP_ [-Wdump-hls-pragmas]
#pragma HLS reset variable = counter_vlan108
        ^
mac_logger.cpp:210:9: warning: HLS pragma dump _XLX_SEP_ PragmaIsValid=1_XLX_SEP_ PragmaType=reset_XLX_SEP_ PragmaContext=_XLX_SEP_ PragmaFunction=tx_ddr_XLX_SEP_ PragmaOptions=variable = counter_vlan109_XLX_SEP_ [-Wdump-hls-pragmas]
#pragma HLS reset variable = counter_vlan109
        ^
mac_logger.cpp:212:9: warning: HLS pragma dump _XLX_SEP_ PragmaIsValid=1_XLX_SEP_ PragmaType=reset_XLX_SEP_ PragmaContext=_XLX_SEP_ PragmaFunction=tx_ddr_XLX_SEP_ PragmaOptions=variable = counter_droped_XLX_SEP_ [-Wdump-hls-pragmas]
#pragma HLS reset variable = counter_droped
        ^
mac_logger.cpp:215:9: warning: HLS pragma dump _XLX_SEP_ PragmaIsValid=1_XLX_SEP_ PragmaType=reset_XLX_SEP_ PragmaContext=_XLX_SEP_ PragmaFunction=tx_ddr_XLX_SEP_ PragmaOptions=variable=last_log_tx_index_XLX_SEP_ [-Wdump-hls-pragmas]
#pragma HLS reset variable=last_log_tx_index
        ^
mac_logger.cpp:217:9: warning: HLS pragma dump _XLX_SEP_ PragmaIsValid=1_XLX_SEP_ PragmaType=reset_XLX_SEP_ PragmaContext=_XLX_SEP_ PragmaFunction=tx_ddr_XLX_SEP_ PragmaOptions=variable=last_tap_tx_index_XLX_SEP_ [-Wdump-hls-pragmas]
#pragma HLS reset variable=last_tap_tx_index
        ^
mac_logger.cpp:472:9: warning: HLS pragma dump _XLX_SEP_ PragmaIsValid=1_XLX_SEP_ PragmaType=pipeline_XLX_SEP_ PragmaContext=_XLX_SEP_ PragmaFunction=tx_ddr_XLX_SEP_ PragmaOptions=_XLX_SEP_ [-Wdump-hls-pragmas]
#pragma HLS PIPELINE
        ^
mac_logger.cpp:513:9: warning: HLS pragma dump _XLX_SEP_ PragmaIsValid=1_XLX_SEP_ PragmaType=pipeline_XLX_SEP_ PragmaContext=_XLX_SEP_ PragmaFunction=tx_ddr_XLX_SEP_ PragmaOptions=II=1_XLX_SEP_ [-Wdump-hls-pragmas]
#pragma HLS PIPELINE II=1
        ^
mac_logger.cpp:514:9: warning: HLS pragma dump _XLX_SEP_ PragmaIsValid=1_XLX_SEP_ PragmaType=loop_tripcount_XLX_SEP_ PragmaContext=_XLX_SEP_ PragmaFunction=tx_ddr_XLX_SEP_ PragmaOptions=min=3 max=420 avg=160_XLX_SEP_ [-Wdump-hls-pragmas]
#pragma HLS LOOP_TRIPCOUNT min=3 max=420 avg=160
        ^
mac_logger.cpp:532:9: warning: HLS pragma dump _XLX_SEP_ PragmaIsValid=1_XLX_SEP_ PragmaType=pipeline_XLX_SEP_ PragmaContext=_XLX_SEP_ PragmaFunction=tx_ddr_XLX_SEP_ PragmaOptions=_XLX_SEP_ [-Wdump-hls-pragmas]
#pragma HLS PIPELINE
        ^
mac_logger.cpp:571:9: warning: HLS pragma dump _XLX_SEP_ PragmaIsValid=1_XLX_SEP_ PragmaType=pipeline_XLX_SEP_ PragmaContext=_XLX_SEP_ PragmaFunction=tx_ddr_XLX_SEP_ PragmaOptions=_XLX_SEP_ [-Wdump-hls-pragmas]
#pragma HLS PIPELINE
        ^
mac_logger.cpp:572:9: warning: HLS pragma dump _XLX_SEP_ PragmaIsValid=1_XLX_SEP_ PragmaType=loop_tripcount_XLX_SEP_ PragmaContext=_XLX_SEP_ PragmaFunction=tx_ddr_XLX_SEP_ PragmaOptions=min=3 max=440 avg=160_XLX_SEP_ [-Wdump-hls-pragmas]
#pragma HLS LOOP_TRIPCOUNT min=3 max=440 avg=160
        ^
D:/maclogger_2022/maclogger/solution1/csynth.tcl:16:9: warning: HLS pragma dump _XLX_SEP_ PragmaIsValid=1_XLX_SEP_ PragmaType=top_XLX_SEP_ PragmaContext=directive_XLX_SEP_ PragmaFunction=mac_logger_XLX_SEP_ PragmaOptions=name=mac_logger_XLX_SEP_ [-Wdump-hls-pragmas]
#pragma HLSDIRECTIVE TOP name=mac_logger
        ^
mac_logger.cpp:630:9: warning: HLS pragma dump _XLX_SEP_ PragmaIsValid=1_XLX_SEP_ PragmaType=interface_XLX_SEP_ PragmaContext=_XLX_SEP_ PragmaFunction=mac_logger_XLX_SEP_ PragmaOptions=m_axi depth=1024*5 port=fifo offset=slave bundle=mac_fifo_XLX_SEP_ [-Wdump-hls-pragmas]
#pragma HLS INTERFACE m_axi depth=1024*5 port=fifo offset=slave bundle=mac_fifo
        ^
mac_logger.cpp:631:9: warning: HLS pragma dump _XLX_SEP_ PragmaIsValid=1_XLX_SEP_ PragmaType=interface_XLX_SEP_ PragmaContext=_XLX_SEP_ PragmaFunction=mac_logger_XLX_SEP_ PragmaOptions=s_axilite port=fifo bundle=axilites_XLX_SEP_ [-Wdump-hls-pragmas]
#pragma HLS INTERFACE s_axilite port=fifo bundle=axilites
        ^
mac_logger.cpp:633:9: warning: HLS pragma dump _XLX_SEP_ PragmaIsValid=1_XLX_SEP_ PragmaType=interface_XLX_SEP_ PragmaContext=_XLX_SEP_ PragmaFunction=mac_logger_XLX_SEP_ PragmaOptions=mode=m_axi bundle=fifo_axi_full depth=1028 max_read_burst_length=16 max_write_burst_length=16 num_read_outstanding=16 num_write_outstanding=16 port=fifo_axi_full offset=slave_XLX_SEP_ [-Wdump-hls-pragmas]
#pragma HLS INTERFACE mode=m_axi bundle=fifo_axi_full depth=1028 max_read_burst_length=16 max_write_burst_length=16 num_read_outstanding=16 num_write_outstanding=16 port=fifo_axi_full offset=slave
        ^
mac_logger.cpp:634:9: warning: HLS pragma dump _XLX_SEP_ PragmaIsValid=1_XLX_SEP_ PragmaType=interface_XLX_SEP_ PragmaContext=_XLX_SEP_ PragmaFunction=mac_logger_XLX_SEP_ PragmaOptions=s_axilite port=fifo_axi_full bundle=axilites offset=0x160_XLX_SEP_ [-Wdump-hls-pragmas]
#pragma HLS INTERFACE s_axilite port=fifo_axi_full bundle=axilites offset=0x160
        ^
mac_logger.cpp:639:9: warning: HLS pragma dump _XLX_SEP_ PragmaIsValid=1_XLX_SEP_ PragmaType=interface_XLX_SEP_ PragmaContext=_XLX_SEP_ PragmaFunction=mac_logger_XLX_SEP_ PragmaOptions=m_axi depth=2048*200/4 port=log_ddr name=ddr offset=slave bundle=ps num_read_outstanding=16 num_write_outstanding=16 max_read_burst_length=16 max_write_burst_length=64 max_widen_bitwidth=64_XLX_SEP_ [-Wdump-hls-pragmas]
#pragma HLS INTERFACE m_axi depth=2048*200/4 port=log_ddr name=ddr offset=slave bundle=ps num_read_outstanding=16 num_write_outstanding=16 max_read_burst_length=16 max_write_burst_length=64 max_widen_bitwidth=64
        ^
mac_logger.cpp:640:9: warning: HLS pragma dump _XLX_SEP_ PragmaIsValid=1_XLX_SEP_ PragmaType=interface_XLX_SEP_ PragmaContext=_XLX_SEP_ PragmaFunction=mac_logger_XLX_SEP_ PragmaOptions=s_axilite port=log_ddr bundle=axilites name=ddr_XLX_SEP_ [-Wdump-hls-pragmas]
#pragma HLS INTERFACE s_axilite port=log_ddr bundle=axilites name=ddr
        ^
mac_logger.cpp:641:9: warning: HLS pragma dump _XLX_SEP_ PragmaIsValid=1_XLX_SEP_ PragmaType=interface_XLX_SEP_ PragmaContext=_XLX_SEP_ PragmaFunction=mac_logger_XLX_SEP_ PragmaOptions=m_axi depth=2048*200/4 port=tap_ddr name=driver offset=slave bundle=ps num_read_outstanding=16 num_write_outstanding=16 max_read_burst_length=16 max_write_burst_length=64 max_widen_bitwidth=64_XLX_SEP_ [-Wdump-hls-pragmas]
#pragma HLS INTERFACE m_axi depth=2048*200/4 port=tap_ddr name=driver offset=slave bundle=ps num_read_outstanding=16 num_write_outstanding=16 max_read_burst_length=16 max_write_burst_length=64 max_widen_bitwidth=64
        ^
mac_logger.cpp:642:9: warning: HLS pragma dump _XLX_SEP_ PragmaIsValid=1_XLX_SEP_ PragmaType=interface_XLX_SEP_ PragmaContext=_XLX_SEP_ PragmaFunction=mac_logger_XLX_SEP_ PragmaOptions=s_axilite port=tap_ddr bundle=axilites name=driver offset=0x150_XLX_SEP_ [-Wdump-hls-pragmas]
#pragma HLS INTERFACE s_axilite port=tap_ddr bundle=axilites name=driver offset=0x150
        ^
mac_logger.cpp:644:9: warning: HLS pragma dump _XLX_SEP_ PragmaIsValid=1_XLX_SEP_ PragmaType=interface_XLX_SEP_ PragmaContext=_XLX_SEP_ PragmaFunction=mac_logger_XLX_SEP_ PragmaOptions=mode=s_axilite port=status offset=0x28 register bundle=axilites_XLX_SEP_ [-Wdump-hls-pragmas]
#pragma HLS INTERFACE mode=s_axilite port=status offset=0x28 register bundle=axilites
        ^
mac_logger.cpp:645:9: warning: HLS pragma dump _XLX_SEP_ PragmaIsValid=1_XLX_SEP_ PragmaType=interface_XLX_SEP_ PragmaContext=_XLX_SEP_ PragmaFunction=mac_logger_XLX_SEP_ PragmaOptions=mode=s_axilite port=writeStatus offset=0x30 register bundle=axilites_XLX_SEP_ [-Wdump-hls-pragmas]
#pragma HLS INTERFACE mode=s_axilite port=writeStatus offset=0x30 register bundle=axilites
        ^
mac_logger.cpp:647:9: warning: HLS pragma dump _XLX_SEP_ PragmaIsValid=1_XLX_SEP_ PragmaType=interface_XLX_SEP_ PragmaContext=_XLX_SEP_ PragmaFunction=mac_logger_XLX_SEP_ PragmaOptions=mode=s_axilite port=logger_vlan_enable_mask offset=0x38 bundle=axilites_XLX_SEP_ [-Wdump-hls-pragmas]
#pragma HLS INTERFACE mode=s_axilite port=logger_vlan_enable_mask offset=0x38 bundle=axilites
        ^
mac_logger.cpp:649:9: warning: HLS pragma dump _XLX_SEP_ PragmaIsValid=1_XLX_SEP_ PragmaType=interface_XLX_SEP_ PragmaContext=_XLX_SEP_ PragmaFunction=mac_logger_XLX_SEP_ PragmaOptions=s_axilite register port=vlan100_received offset=0x40 bundle=axilites_XLX_SEP_ [-Wdump-hls-pragmas]
#pragma HLS INTERFACE s_axilite register port=vlan100_received offset=0x40 bundle=axilites
        ^
mac_logger.cpp:650:9: warning: HLS pragma dump _XLX_SEP_ PragmaIsValid=1_XLX_SEP_ PragmaType=interface_XLX_SEP_ PragmaContext=_XLX_SEP_ PragmaFunction=mac_logger_XLX_SEP_ PragmaOptions=s_axilite register port=vlan101_received offset=0x48 bundle=axilites_XLX_SEP_ [-Wdump-hls-pragmas]
#pragma HLS INTERFACE s_axilite register port=vlan101_received offset=0x48 bundle=axilites
        ^
mac_logger.cpp:651:9: warning: HLS pragma dump _XLX_SEP_ PragmaIsValid=1_XLX_SEP_ PragmaType=interface_XLX_SEP_ PragmaContext=_XLX_SEP_ PragmaFunction=mac_logger_XLX_SEP_ PragmaOptions=s_axilite register port=vlan102_received offset=0x50 bundle=axilites_XLX_SEP_ [-Wdump-hls-pragmas]
#pragma HLS INTERFACE s_axilite register port=vlan102_received offset=0x50 bundle=axilites
        ^
mac_logger.cpp:652:9: warning: HLS pragma dump _XLX_SEP_ PragmaIsValid=1_XLX_SEP_ PragmaType=interface_XLX_SEP_ PragmaContext=_XLX_SEP_ PragmaFunction=mac_logger_XLX_SEP_ PragmaOptions=s_axilite register port=vlan103_received offset=0x58 bundle=axilites_XLX_SEP_ [-Wdump-hls-pragmas]
#pragma HLS INTERFACE s_axilite register port=vlan103_received offset=0x58 bundle=axilites
        ^
mac_logger.cpp:653:9: warning: HLS pragma dump _XLX_SEP_ PragmaIsValid=1_XLX_SEP_ PragmaType=interface_XLX_SEP_ PragmaContext=_XLX_SEP_ PragmaFunction=mac_logger_XLX_SEP_ PragmaOptions=s_axilite register port=vlan104_received offset=0x60 bundle=axilites_XLX_SEP_ [-Wdump-hls-pragmas]
#pragma HLS INTERFACE s_axilite register port=vlan104_received offset=0x60 bundle=axilites
        ^
mac_logger.cpp:654:9: warning: HLS pragma dump _XLX_SEP_ PragmaIsValid=1_XLX_SEP_ PragmaType=interface_XLX_SEP_ PragmaContext=_XLX_SEP_ PragmaFunction=mac_logger_XLX_SEP_ PragmaOptions=s_axilite register port=vlan105_received offset=0x68 bundle=axilites_XLX_SEP_ [-Wdump-hls-pragmas]
#pragma HLS INTERFACE s_axilite register port=vlan105_received offset=0x68 bundle=axilites
        ^
mac_logger.cpp:655:9: warning: HLS pragma dump _XLX_SEP_ PragmaIsValid=1_XLX_SEP_ PragmaType=interface_XLX_SEP_ PragmaContext=_XLX_SEP_ PragmaFunction=mac_logger_XLX_SEP_ PragmaOptions=s_axilite register port=vlan106_received offset=0x70 bundle=axilites_XLX_SEP_ [-Wdump-hls-pragmas]
#pragma HLS INTERFACE s_axilite register port=vlan106_received offset=0x70 bundle=axilites
        ^
mac_logger.cpp:656:9: warning: HLS pragma dump _XLX_SEP_ PragmaIsValid=1_XLX_SEP_ PragmaType=interface_XLX_SEP_ PragmaContext=_XLX_SEP_ PragmaFunction=mac_logger_XLX_SEP_ PragmaOptions=s_axilite register port=vlan107_received offset=0x78 bundle=axilites_XLX_SEP_ [-Wdump-hls-pragmas]
#pragma HLS INTERFACE s_axilite register port=vlan107_received offset=0x78 bundle=axilites
        ^
mac_logger.cpp:657:9: warning: HLS pragma dump _XLX_SEP_ PragmaIsValid=1_XLX_SEP_ PragmaType=interface_XLX_SEP_ PragmaContext=_XLX_SEP_ PragmaFunction=mac_logger_XLX_SEP_ PragmaOptions=s_axilite register port=vlan108_received offset=0x80 bundle=axilites_XLX_SEP_ [-Wdump-hls-pragmas]
#pragma HLS INTERFACE s_axilite register port=vlan108_received offset=0x80 bundle=axilites
        ^
mac_logger.cpp:658:9: warning: HLS pragma dump _XLX_SEP_ PragmaIsValid=1_XLX_SEP_ PragmaType=interface_XLX_SEP_ PragmaContext=_XLX_SEP_ PragmaFunction=mac_logger_XLX_SEP_ PragmaOptions=s_axilite register port=vlan109_received offset=0x88 bundle=axilites_XLX_SEP_ [-Wdump-hls-pragmas]
#pragma HLS INTERFACE s_axilite register port=vlan109_received offset=0x88 bundle=axilites
        ^
mac_logger.cpp:659:9: warning: HLS pragma dump _XLX_SEP_ PragmaIsValid=1_XLX_SEP_ PragmaType=interface_XLX_SEP_ PragmaContext=_XLX_SEP_ PragmaFunction=mac_logger_XLX_SEP_ PragmaOptions=s_axilite register port=droped offset=0x90 bundle=axilites_XLX_SEP_ [-Wdump-hls-pragmas]
#pragma HLS INTERFACE s_axilite register port=droped offset=0x90 bundle=axilites
        ^
mac_logger.cpp:661:9: warning: HLS pragma dump _XLX_SEP_ PragmaIsValid=1_XLX_SEP_ PragmaType=interface_XLX_SEP_ PragmaContext=_XLX_SEP_ PragmaFunction=mac_logger_XLX_SEP_ PragmaOptions=s_axilite port=multicast_recv_enable offset=0x98 bundle=axilites_XLX_SEP_ [-Wdump-hls-pragmas]
#pragma HLS INTERFACE s_axilite port=multicast_recv_enable offset=0x98 bundle=axilites
        ^
mac_logger.cpp:662:9: warning: HLS pragma dump _XLX_SEP_ PragmaIsValid=1_XLX_SEP_ PragmaType=interface_XLX_SEP_ PragmaContext=_XLX_SEP_ PragmaFunction=mac_logger_XLX_SEP_ PragmaOptions=s_axilite port=unicast_filter_enable offset=0xa0 bundle=axilites_XLX_SEP_ [-Wdump-hls-pragmas]
#pragma HLS INTERFACE s_axilite port=unicast_filter_enable offset=0xa0 bundle=axilites
        ^
mac_logger.cpp:663:9: warning: HLS pragma dump _XLX_SEP_ PragmaIsValid=1_XLX_SEP_ PragmaType=interface_XLX_SEP_ PragmaContext=_XLX_SEP_ PragmaFunction=mac_logger_XLX_SEP_ PragmaOptions=s_axilite port=unicast_vlan100_macaddr_lsb offset=0xa8 bundle=axilites_XLX_SEP_ [-Wdump-hls-pragmas]
#pragma HLS INTERFACE s_axilite port=unicast_vlan100_macaddr_lsb offset=0xa8 bundle=axilites
        ^
mac_logger.cpp:664:9: warning: HLS pragma dump _XLX_SEP_ PragmaIsValid=1_XLX_SEP_ PragmaType=interface_XLX_SEP_ PragmaContext=_XLX_SEP_ PragmaFunction=mac_logger_XLX_SEP_ PragmaOptions=s_axilite port=unicast_vlan100_macaddr_msb offset=0xb0 bundle=axilites_XLX_SEP_ [-Wdump-hls-pragmas]
#pragma HLS INTERFACE s_axilite port=unicast_vlan100_macaddr_msb offset=0xb0 bundle=axilites
        ^
mac_logger.cpp:665:9: warning: HLS pragma dump _XLX_SEP_ PragmaIsValid=1_XLX_SEP_ PragmaType=interface_XLX_SEP_ PragmaContext=_XLX_SEP_ PragmaFunction=mac_logger_XLX_SEP_ PragmaOptions=s_axilite port=unicast_vlan101_macaddr_lsb offset=0xb8 bundle=axilites_XLX_SEP_ [-Wdump-hls-pragmas]
#pragma HLS INTERFACE s_axilite port=unicast_vlan101_macaddr_lsb offset=0xb8 bundle=axilites
        ^
mac_logger.cpp:666:9: warning: HLS pragma dump _XLX_SEP_ PragmaIsValid=1_XLX_SEP_ PragmaType=interface_XLX_SEP_ PragmaContext=_XLX_SEP_ PragmaFunction=mac_logger_XLX_SEP_ PragmaOptions=s_axilite port=unicast_vlan101_macaddr_msb offset=0xc0 bundle=axilites_XLX_SEP_ [-Wdump-hls-pragmas]
#pragma HLS INTERFACE s_axilite port=unicast_vlan101_macaddr_msb offset=0xc0 bundle=axilites
        ^
mac_logger.cpp:667:9: warning: HLS pragma dump _XLX_SEP_ PragmaIsValid=1_XLX_SEP_ PragmaType=interface_XLX_SEP_ PragmaContext=_XLX_SEP_ PragmaFunction=mac_logger_XLX_SEP_ PragmaOptions=s_axilite port=unicast_vlan102_macaddr_lsb offset=0xc8 bundle=axilites_XLX_SEP_ [-Wdump-hls-pragmas]
#pragma HLS INTERFACE s_axilite port=unicast_vlan102_macaddr_lsb offset=0xc8 bundle=axilites
        ^
mac_logger.cpp:668:9: warning: HLS pragma dump _XLX_SEP_ PragmaIsValid=1_XLX_SEP_ PragmaType=interface_XLX_SEP_ PragmaContext=_XLX_SEP_ PragmaFunction=mac_logger_XLX_SEP_ PragmaOptions=s_axilite port=unicast_vlan102_macaddr_msb offset=0xd0 bundle=axilites_XLX_SEP_ [-Wdump-hls-pragmas]
#pragma HLS INTERFACE s_axilite port=unicast_vlan102_macaddr_msb offset=0xd0 bundle=axilites
        ^
mac_logger.cpp:669:9: warning: HLS pragma dump _XLX_SEP_ PragmaIsValid=1_XLX_SEP_ PragmaType=interface_XLX_SEP_ PragmaContext=_XLX_SEP_ PragmaFunction=mac_logger_XLX_SEP_ PragmaOptions=s_axilite port=unicast_vlan103_macaddr_lsb offset=0xd8 bundle=axilites_XLX_SEP_ [-Wdump-hls-pragmas]
#pragma HLS INTERFACE s_axilite port=unicast_vlan103_macaddr_lsb offset=0xd8 bundle=axilites
        ^
mac_logger.cpp:670:9: warning: HLS pragma dump _XLX_SEP_ PragmaIsValid=1_XLX_SEP_ PragmaType=interface_XLX_SEP_ PragmaContext=_XLX_SEP_ PragmaFunction=mac_logger_XLX_SEP_ PragmaOptions=s_axilite port=unicast_vlan103_macaddr_msb offset=0xe0 bundle=axilites_XLX_SEP_ [-Wdump-hls-pragmas]
#pragma HLS INTERFACE s_axilite port=unicast_vlan103_macaddr_msb offset=0xe0 bundle=axilites
        ^
mac_logger.cpp:671:9: warning: HLS pragma dump _XLX_SEP_ PragmaIsValid=1_XLX_SEP_ PragmaType=interface_XLX_SEP_ PragmaContext=_XLX_SEP_ PragmaFunction=mac_logger_XLX_SEP_ PragmaOptions=s_axilite port=unicast_vlan104_macaddr_lsb offset=0xe8 bundle=axilites_XLX_SEP_ [-Wdump-hls-pragmas]
#pragma HLS INTERFACE s_axilite port=unicast_vlan104_macaddr_lsb offset=0xe8 bundle=axilites
        ^
mac_logger.cpp:672:9: warning: HLS pragma dump _XLX_SEP_ PragmaIsValid=1_XLX_SEP_ PragmaType=interface_XLX_SEP_ PragmaContext=_XLX_SEP_ PragmaFunction=mac_logger_XLX_SEP_ PragmaOptions=s_axilite port=unicast_vlan104_macaddr_msb offset=0xf0 bundle=axilites_XLX_SEP_ [-Wdump-hls-pragmas]
#pragma HLS INTERFACE s_axilite port=unicast_vlan104_macaddr_msb offset=0xf0 bundle=axilites
        ^
mac_logger.cpp:673:9: warning: HLS pragma dump _XLX_SEP_ PragmaIsValid=1_XLX_SEP_ PragmaType=interface_XLX_SEP_ PragmaContext=_XLX_SEP_ PragmaFunction=mac_logger_XLX_SEP_ PragmaOptions=s_axilite port=unicast_vlan105_macaddr_lsb offset=0xf8 bundle=axilites_XLX_SEP_ [-Wdump-hls-pragmas]
#pragma HLS INTERFACE s_axilite port=unicast_vlan105_macaddr_lsb offset=0xf8 bundle=axilites
        ^
mac_logger.cpp:674:9: warning: HLS pragma dump _XLX_SEP_ PragmaIsValid=1_XLX_SEP_ PragmaType=interface_XLX_SEP_ PragmaContext=_XLX_SEP_ PragmaFunction=mac_logger_XLX_SEP_ PragmaOptions=s_axilite port=unicast_vlan105_macaddr_msb offset=0x100 bundle=axilites_XLX_SEP_ [-Wdump-hls-pragmas]
#pragma HLS INTERFACE s_axilite port=unicast_vlan105_macaddr_msb offset=0x100 bundle=axilites
        ^
mac_logger.cpp:675:9: warning: HLS pragma dump _XLX_SEP_ PragmaIsValid=1_XLX_SEP_ PragmaType=interface_XLX_SEP_ PragmaContext=_XLX_SEP_ PragmaFunction=mac_logger_XLX_SEP_ PragmaOptions=s_axilite port=unicast_vlan106_macaddr_lsb offset=0x108 bundle=axilites_XLX_SEP_ [-Wdump-hls-pragmas]
#pragma HLS INTERFACE s_axilite port=unicast_vlan106_macaddr_lsb offset=0x108 bundle=axilites
        ^
mac_logger.cpp:676:9: warning: HLS pragma dump _XLX_SEP_ PragmaIsValid=1_XLX_SEP_ PragmaType=interface_XLX_SEP_ PragmaContext=_XLX_SEP_ PragmaFunction=mac_logger_XLX_SEP_ PragmaOptions=s_axilite port=unicast_vlan106_macaddr_msb offset=0x110 bundle=axilites_XLX_SEP_ [-Wdump-hls-pragmas]
#pragma HLS INTERFACE s_axilite port=unicast_vlan106_macaddr_msb offset=0x110 bundle=axilites
        ^
mac_logger.cpp:677:9: warning: HLS pragma dump _XLX_SEP_ PragmaIsValid=1_XLX_SEP_ PragmaType=interface_XLX_SEP_ PragmaContext=_XLX_SEP_ PragmaFunction=mac_logger_XLX_SEP_ PragmaOptions=s_axilite port=unicast_vlan107_macaddr_lsb offset=0x118 bundle=axilites_XLX_SEP_ [-Wdump-hls-pragmas]
#pragma HLS INTERFACE s_axilite port=unicast_vlan107_macaddr_lsb offset=0x118 bundle=axilites
        ^
mac_logger.cpp:678:9: warning: HLS pragma dump _XLX_SEP_ PragmaIsValid=1_XLX_SEP_ PragmaType=interface_XLX_SEP_ PragmaContext=_XLX_SEP_ PragmaFunction=mac_logger_XLX_SEP_ PragmaOptions=s_axilite port=unicast_vlan107_macaddr_msb offset=0x120 bundle=axilites_XLX_SEP_ [-Wdump-hls-pragmas]
#pragma HLS INTERFACE s_axilite port=unicast_vlan107_macaddr_msb offset=0x120 bundle=axilites
        ^
mac_logger.cpp:679:9: warning: HLS pragma dump _XLX_SEP_ PragmaIsValid=1_XLX_SEP_ PragmaType=interface_XLX_SEP_ PragmaContext=_XLX_SEP_ PragmaFunction=mac_logger_XLX_SEP_ PragmaOptions=s_axilite port=unicast_vlan108_macaddr_lsb offset=0x128 bundle=axilites_XLX_SEP_ [-Wdump-hls-pragmas]
#pragma HLS INTERFACE s_axilite port=unicast_vlan108_macaddr_lsb offset=0x128 bundle=axilites
        ^
mac_logger.cpp:680:9: warning: HLS pragma dump _XLX_SEP_ PragmaIsValid=1_XLX_SEP_ PragmaType=interface_XLX_SEP_ PragmaContext=_XLX_SEP_ PragmaFunction=mac_logger_XLX_SEP_ PragmaOptions=s_axilite port=unicast_vlan108_macaddr_msb offset=0x130 bundle=axilites_XLX_SEP_ [-Wdump-hls-pragmas]
#pragma HLS INTERFACE s_axilite port=unicast_vlan108_macaddr_msb offset=0x130 bundle=axilites
        ^
mac_logger.cpp:681:9: warning: HLS pragma dump _XLX_SEP_ PragmaIsValid=1_XLX_SEP_ PragmaType=interface_XLX_SEP_ PragmaContext=_XLX_SEP_ PragmaFunction=mac_logger_XLX_SEP_ PragmaOptions=s_axilite port=unicast_vlan109_macaddr_lsb offset=0x138 bundle=axilites_XLX_SEP_ [-Wdump-hls-pragmas]
#pragma HLS INTERFACE s_axilite port=unicast_vlan109_macaddr_lsb offset=0x138 bundle=axilites
        ^
mac_logger.cpp:682:9: warning: HLS pragma dump _XLX_SEP_ PragmaIsValid=1_XLX_SEP_ PragmaType=interface_XLX_SEP_ PragmaContext=_XLX_SEP_ PragmaFunction=mac_logger_XLX_SEP_ PragmaOptions=s_axilite port=unicast_vlan109_macaddr_msb offset=0x140 bundle=axilites_XLX_SEP_ [-Wdump-hls-pragmas]
#pragma HLS INTERFACE s_axilite port=unicast_vlan109_macaddr_msb offset=0x140 bundle=axilites
        ^
mac_logger.cpp:683:9: warning: HLS pragma dump _XLX_SEP_ PragmaIsValid=1_XLX_SEP_ PragmaType=interface_XLX_SEP_ PragmaContext=_XLX_SEP_ PragmaFunction=mac_logger_XLX_SEP_ PragmaOptions=s_axilite port=log_all_mask offset=0x148 bundle=axilites_XLX_SEP_ [-Wdump-hls-pragmas]
#pragma HLS INTERFACE s_axilite port=log_all_mask offset=0x148 bundle=axilites
        ^
mac_logger.cpp:687:9: warning: HLS pragma dump _XLX_SEP_ PragmaIsValid=1_XLX_SEP_ PragmaType=interface_XLX_SEP_ PragmaContext=_XLX_SEP_ PragmaFunction=mac_logger_XLX_SEP_ PragmaOptions=s_axilite port=return bundle=axilites_XLX_SEP_ [-Wdump-hls-pragmas]
#pragma HLS interface s_axilite port=return bundle=axilites
        ^
mac_logger.cpp:688:9: warning: HLS pragma dump _XLX_SEP_ PragmaIsValid=1_XLX_SEP_ PragmaType=interface_XLX_SEP_ PragmaContext=_XLX_SEP_ PragmaFunction=mac_logger_XLX_SEP_ PragmaOptions=mode=ap_ctrl_chain port=return_XLX_SEP_ [-Wdump-hls-pragmas]
#pragma HLS INTERFACE mode=ap_ctrl_chain port=return
        ^
mac_logger.cpp:698:9: warning: HLS pragma dump _XLX_SEP_ PragmaIsValid=1_XLX_SEP_ PragmaType=dataflow_XLX_SEP_ PragmaContext=_XLX_SEP_ PragmaFunction=mac_logger_XLX_SEP_ PragmaOptions=_XLX_SEP_ [-Wdump-hls-pragmas]
#pragma HLS DATAFLOW
        ^
76 warnings generated.
