

================================================================
== Vitis HLS Report for 'mac_logger'
================================================================
* Date:           Thu Nov 10 17:24:50 2022

* Version:        2022.2 (Build 3670227 on Oct 13 2022)
* Project:        maclogger
* Solution:       solution1 (Vivado IP Flow Target)
* Product family: zynquplus
* Target device:  xczu5ev-sfvc784-2-i


================================================================
== Performance Estimates
================================================================
+ Timing: 
    * Summary: 
    +--------+----------+----------+------------+
    |  Clock |  Target  | Estimated| Uncertainty|
    +--------+----------+----------+------------+
    |ap_clk  |  10.00 ns|  7.977 ns|     2.70 ns|
    +--------+----------+----------+------------+

+ Latency: 
    * Summary: 
    +---------+---------+----------+----------+-----+-----+---------+
    |  Latency (cycles) |  Latency (absolute) |  Interval | Pipeline|
    |   min   |   max   |    min   |    max   | min | max |   Type  |
    +---------+---------+----------+----------+-----+-----+---------+
    |        ?|        ?|         ?|         ?|    ?|    ?|       no|
    +---------+---------+----------+----------+-----+-----+---------+

    + Detail: 
        * Instance: 
        N/A

        * Loop: 
        +--------------------+---------+---------+----------+-----------+-----------+-------+----------+
        |                    |  Latency (cycles) | Iteration|  Initiation Interval  |  Trip |          |
        |      Loop Name     |   min   |   max   |  Latency |  achieved |   target  | Count | Pipelined|
        +--------------------+---------+---------+----------+-----------+-----------+-------+----------+
        |- VITIS_LOOP_697_1  |        ?|        ?|         ?|          -|          -|  65535|        no|
        +--------------------+---------+---------+----------+-----------+-----------+-------+----------+

============================================================
+ Verbose Summary: Synthesis Manager
============================================================
InlineROM: 1
ExposeGlobal: 0
============================================================
+ Verbose Summary: CDFG Model
============================================================
IsTopModel: 1
ResetActiveHigh: 1
IsCombinational: 2
IsDatapathOnly: 0
HasWiredReturn: 1
HasMFsm: 0
HasVarLatency: 1
IsPipeline: 0
IsRtlPipelined: 0
IsInstanceOverlapped: 0
IsDontTouch: 0
HasImplIP: 0
IsGatedGlobalClock: 0


============================================================
+ Verbose Summary: Schedule
============================================================
* Number of FSM states : 5
* Pipeline : 0
* Dataflow Pipeline: 1
  DF-Pipeline-0: Size = 3, States = { 2 3 4 }

* FSM state transitions: 
1 --> 2 
2 --> 3 5 
3 --> 4 
4 --> 2 
5 --> 

* FSM state operations: 

State 1 <SV = 0> <Delay = 1.00>
ST_1 : Operation 6 [1/1] (0.00ns)   --->   "%spectopmodule_ln586 = spectopmodule void @_ssdm_op_SpecTopModule, void @empty_23" [mac_logger.cpp:586]   --->   Operation 6 'spectopmodule' 'spectopmodule_ln586' <Predicate = true> <Delay = 0.00>
ST_1 : Operation 7 [1/1] (0.00ns)   --->   "%specinterface_ln586 = specinterface void @_ssdm_op_SpecInterface, i32 0, void @empty_21, i32 0, i32 0, void @empty_34, i32 0, i32 0, void @empty_34, void @empty_34, void @empty_34, i32 0, i32 0, i32 0, i32 0, void @empty_34, void @empty_34, i32 4294967295, i32 0" [mac_logger.cpp:586]   --->   Operation 7 'specinterface' 'specinterface_ln586' <Predicate = true> <Delay = 0.00>
ST_1 : Operation 8 [1/1] (0.00ns)   --->   "%specinterface_ln0 = specinterface void @_ssdm_op_SpecInterface, i32 %mac_fifo, void @empty_18, i32 0, i32 0, void @empty_34, i32 0, i32 5120, void @empty_35, void @empty_38, void @empty_34, i32 16, i32 16, i32 16, i32 16, void @empty_34, void @empty_34, i32 4294967295, i32 0"   --->   Operation 8 'specinterface' 'specinterface_ln0' <Predicate = true> <Delay = 0.00>
ST_1 : Operation 9 [1/1] (0.00ns)   --->   "%specbitsmap_ln0 = specbitsmap void @_ssdm_op_SpecBitsMap, i32 %mac_fifo"   --->   Operation 9 'specbitsmap' 'specbitsmap_ln0' <Predicate = true> <Delay = 0.00>
ST_1 : Operation 10 [1/1] (0.00ns)   --->   "%specinterface_ln0 = specinterface void @_ssdm_op_SpecInterface, i32 %ps, void @empty_18, i32 0, i32 0, void @empty_34, i32 0, i32 102400, void @empty_37, void @empty_38, void @empty_34, i32 16, i32 16, i32 16, i32 64, void @empty_34, void @empty_34, i32 4294967295, i32 0"   --->   Operation 10 'specinterface' 'specinterface_ln0' <Predicate = true> <Delay = 0.00>
ST_1 : Operation 11 [1/1] (0.00ns)   --->   "%specbitsmap_ln0 = specbitsmap void @_ssdm_op_SpecBitsMap, i32 %ps"   --->   Operation 11 'specbitsmap' 'specbitsmap_ln0' <Predicate = true> <Delay = 0.00>
ST_1 : Operation 12 [1/1] (0.00ns)   --->   "%specinterface_ln0 = specinterface void @_ssdm_op_SpecInterface, i32 %fifo_axi_full, void @empty_18, i32 0, i32 0, void @empty_34, i32 0, i32 1028, void @empty_29, void @empty_38, void @empty_34, i32 16, i32 16, i32 16, i32 16, void @empty_34, void @empty_34, i32 4294967295, i32 0"   --->   Operation 12 'specinterface' 'specinterface_ln0' <Predicate = true> <Delay = 0.00>
ST_1 : Operation 13 [1/1] (0.00ns)   --->   "%specbitsmap_ln0 = specbitsmap void @_ssdm_op_SpecBitsMap, i32 %fifo_axi_full"   --->   Operation 13 'specbitsmap' 'specbitsmap_ln0' <Predicate = true> <Delay = 0.00>
ST_1 : Operation 14 [1/1] (0.00ns)   --->   "%specinterface_ln0 = specinterface void @_ssdm_op_SpecInterface, i64 %fifo, void @empty_39, i32 0, i32 0, void @empty_34, i32 0, i32 0, void @empty_40, void @empty_41, void @empty_34, i32 0, i32 0, i32 0, i32 0, void @empty_34, void @empty_42, i32 4294967295, i32 0"   --->   Operation 14 'specinterface' 'specinterface_ln0' <Predicate = true> <Delay = 0.00>
ST_1 : Operation 15 [1/1] (0.00ns)   --->   "%specinterface_ln0 = specinterface void @_ssdm_op_SpecInterface, i64 %fifo, void @empty_43, i32 0, i32 0, void @empty_34, i32 0, i32 0, void @empty_34, void @empty_34, void @empty_34, i32 0, i32 0, i32 0, i32 0, void @empty_34, void @empty_42, i32 4294967295, i32 0"   --->   Operation 15 'specinterface' 'specinterface_ln0' <Predicate = true> <Delay = 0.00>
ST_1 : Operation 16 [1/1] (0.00ns)   --->   "%specinterface_ln0 = specinterface void @_ssdm_op_SpecInterface, i64 %ddr, void @empty_39, i32 0, i32 0, void @empty_34, i32 0, i32 0, void @empty_40, void @empty_44, void @empty_34, i32 0, i32 0, i32 0, i32 0, void @empty_34, void @empty_42, i32 4294967295, i32 0"   --->   Operation 16 'specinterface' 'specinterface_ln0' <Predicate = true> <Delay = 0.00>
ST_1 : Operation 17 [1/1] (0.00ns)   --->   "%specinterface_ln0 = specinterface void @_ssdm_op_SpecInterface, i64 %ddr, void @empty_43, i32 0, i32 0, void @empty_34, i32 0, i32 0, void @empty_34, void @empty_34, void @empty_34, i32 0, i32 0, i32 0, i32 0, void @empty_34, void @empty_42, i32 4294967295, i32 0"   --->   Operation 17 'specinterface' 'specinterface_ln0' <Predicate = true> <Delay = 0.00>
ST_1 : Operation 18 [1/1] (0.00ns)   --->   "%specinterface_ln0 = specinterface void @_ssdm_op_SpecInterface, i64 %driver, void @empty_39, i32 0, i32 0, void @empty_34, i32 0, i32 0, void @empty_40, void @empty_45, void @empty_34, i32 0, i32 0, i32 0, i32 0, void @empty_34, void @empty_42, i32 4294967295, i32 0"   --->   Operation 18 'specinterface' 'specinterface_ln0' <Predicate = true> <Delay = 0.00>
ST_1 : Operation 19 [1/1] (0.00ns)   --->   "%specinterface_ln0 = specinterface void @_ssdm_op_SpecInterface, i64 %driver, void @empty_43, i32 0, i32 0, void @empty_34, i32 0, i32 0, void @empty_34, void @empty_34, void @empty_34, i32 0, i32 0, i32 0, i32 0, void @empty_34, void @empty_42, i32 4294967295, i32 0"   --->   Operation 19 'specinterface' 'specinterface_ln0' <Predicate = true> <Delay = 0.00>
ST_1 : Operation 20 [1/1] (0.00ns)   --->   "%specbitsmap_ln0 = specbitsmap void @_ssdm_op_SpecBitsMap, i32 %status"   --->   Operation 20 'specbitsmap' 'specbitsmap_ln0' <Predicate = true> <Delay = 0.00>
ST_1 : Operation 21 [1/1] (0.00ns)   --->   "%specinterface_ln0 = specinterface void @_ssdm_op_SpecInterface, i32 %status, void @empty_39, i32 1, i32 1, void @empty_20, i32 0, i32 0, void @empty_40, void @empty_47, void @empty_34, i32 0, i32 0, i32 0, i32 0, void @empty_34, void @empty_34, i32 4294967295, i32 0"   --->   Operation 21 'specinterface' 'specinterface_ln0' <Predicate = true> <Delay = 0.00>
ST_1 : Operation 22 [1/1] (0.00ns)   --->   "%specinterface_ln0 = specinterface void @_ssdm_op_SpecInterface, i32 %status, void @empty_43, i32 1, i32 1, void @empty_34, i32 0, i32 0, void @empty_34, void @empty_34, void @empty_34, i32 0, i32 0, i32 0, i32 0, void @empty_34, void @empty_34, i32 4294967295, i32 0"   --->   Operation 22 'specinterface' 'specinterface_ln0' <Predicate = true> <Delay = 0.00>
ST_1 : Operation 23 [1/1] (0.00ns)   --->   "%specbitsmap_ln0 = specbitsmap void @_ssdm_op_SpecBitsMap, i16 %writeStatus"   --->   Operation 23 'specbitsmap' 'specbitsmap_ln0' <Predicate = true> <Delay = 0.00>
ST_1 : Operation 24 [1/1] (0.00ns)   --->   "%specinterface_ln0 = specinterface void @_ssdm_op_SpecInterface, i16 %writeStatus, void @empty_39, i32 1, i32 1, void @empty_20, i32 0, i32 0, void @empty_40, void @empty_48, void @empty_34, i32 0, i32 0, i32 0, i32 0, void @empty_34, void @empty_34, i32 4294967295, i32 0"   --->   Operation 24 'specinterface' 'specinterface_ln0' <Predicate = true> <Delay = 0.00>
ST_1 : Operation 25 [1/1] (0.00ns)   --->   "%specinterface_ln0 = specinterface void @_ssdm_op_SpecInterface, i16 %writeStatus, void @empty_43, i32 1, i32 1, void @empty_34, i32 0, i32 0, void @empty_34, void @empty_34, void @empty_34, i32 0, i32 0, i32 0, i32 0, void @empty_34, void @empty_34, i32 4294967295, i32 0"   --->   Operation 25 'specinterface' 'specinterface_ln0' <Predicate = true> <Delay = 0.00>
ST_1 : Operation 26 [1/1] (0.00ns)   --->   "%specbitsmap_ln0 = specbitsmap void @_ssdm_op_SpecBitsMap, i64 %timestamp"   --->   Operation 26 'specbitsmap' 'specbitsmap_ln0' <Predicate = true> <Delay = 0.00>
ST_1 : Operation 27 [1/1] (0.00ns)   --->   "%specinterface_ln0 = specinterface void @_ssdm_op_SpecInterface, i64 %timestamp, void @empty_43, i32 0, i32 0, void @empty_34, i32 0, i32 0, void @empty_34, void @empty_34, void @empty_34, i32 0, i32 0, i32 0, i32 0, void @empty_34, void @empty_34, i32 4294967295, i32 0"   --->   Operation 27 'specinterface' 'specinterface_ln0' <Predicate = true> <Delay = 0.00>
ST_1 : Operation 28 [1/1] (0.00ns)   --->   "%specbitsmap_ln0 = specbitsmap void @_ssdm_op_SpecBitsMap, i32 %logger_vlan_enable_mask"   --->   Operation 28 'specbitsmap' 'specbitsmap_ln0' <Predicate = true> <Delay = 0.00>
ST_1 : Operation 29 [1/1] (0.00ns)   --->   "%specinterface_ln0 = specinterface void @_ssdm_op_SpecInterface, i32 %logger_vlan_enable_mask, void @empty_39, i32 0, i32 0, void @empty_34, i32 0, i32 0, void @empty_40, void @empty_50, void @empty_34, i32 0, i32 0, i32 0, i32 0, void @empty_34, void @empty_34, i32 4294967295, i32 0"   --->   Operation 29 'specinterface' 'specinterface_ln0' <Predicate = true> <Delay = 0.00>
ST_1 : Operation 30 [1/1] (0.00ns)   --->   "%specinterface_ln0 = specinterface void @_ssdm_op_SpecInterface, i32 %logger_vlan_enable_mask, void @empty_43, i32 0, i32 0, void @empty_34, i32 0, i32 0, void @empty_34, void @empty_34, void @empty_34, i32 0, i32 0, i32 0, i32 0, void @empty_34, void @empty_34, i32 4294967295, i32 0"   --->   Operation 30 'specinterface' 'specinterface_ln0' <Predicate = true> <Delay = 0.00>
ST_1 : Operation 31 [1/1] (0.00ns)   --->   "%specbitsmap_ln0 = specbitsmap void @_ssdm_op_SpecBitsMap, i32 %vlan100_received"   --->   Operation 31 'specbitsmap' 'specbitsmap_ln0' <Predicate = true> <Delay = 0.00>
ST_1 : Operation 32 [1/1] (0.00ns)   --->   "%specinterface_ln0 = specinterface void @_ssdm_op_SpecInterface, i32 %vlan100_received, void @empty_39, i32 1, i32 1, void @empty_20, i32 0, i32 0, void @empty_40, void @empty_51, void @empty_34, i32 0, i32 0, i32 0, i32 0, void @empty_34, void @empty_34, i32 4294967295, i32 0"   --->   Operation 32 'specinterface' 'specinterface_ln0' <Predicate = true> <Delay = 0.00>
ST_1 : Operation 33 [1/1] (0.00ns)   --->   "%specinterface_ln0 = specinterface void @_ssdm_op_SpecInterface, i32 %vlan100_received, void @empty_43, i32 1, i32 1, void @empty_34, i32 0, i32 0, void @empty_34, void @empty_34, void @empty_34, i32 0, i32 0, i32 0, i32 0, void @empty_34, void @empty_34, i32 4294967295, i32 0"   --->   Operation 33 'specinterface' 'specinterface_ln0' <Predicate = true> <Delay = 0.00>
ST_1 : Operation 34 [1/1] (0.00ns)   --->   "%specbitsmap_ln0 = specbitsmap void @_ssdm_op_SpecBitsMap, i32 %vlan101_received"   --->   Operation 34 'specbitsmap' 'specbitsmap_ln0' <Predicate = true> <Delay = 0.00>
ST_1 : Operation 35 [1/1] (0.00ns)   --->   "%specinterface_ln0 = specinterface void @_ssdm_op_SpecInterface, i32 %vlan101_received, void @empty_39, i32 1, i32 1, void @empty_20, i32 0, i32 0, void @empty_40, void @empty_52, void @empty_34, i32 0, i32 0, i32 0, i32 0, void @empty_34, void @empty_34, i32 4294967295, i32 0"   --->   Operation 35 'specinterface' 'specinterface_ln0' <Predicate = true> <Delay = 0.00>
ST_1 : Operation 36 [1/1] (0.00ns)   --->   "%specinterface_ln0 = specinterface void @_ssdm_op_SpecInterface, i32 %vlan101_received, void @empty_43, i32 1, i32 1, void @empty_34, i32 0, i32 0, void @empty_34, void @empty_34, void @empty_34, i32 0, i32 0, i32 0, i32 0, void @empty_34, void @empty_34, i32 4294967295, i32 0"   --->   Operation 36 'specinterface' 'specinterface_ln0' <Predicate = true> <Delay = 0.00>
ST_1 : Operation 37 [1/1] (0.00ns)   --->   "%specbitsmap_ln0 = specbitsmap void @_ssdm_op_SpecBitsMap, i32 %vlan102_received"   --->   Operation 37 'specbitsmap' 'specbitsmap_ln0' <Predicate = true> <Delay = 0.00>
ST_1 : Operation 38 [1/1] (0.00ns)   --->   "%specinterface_ln0 = specinterface void @_ssdm_op_SpecInterface, i32 %vlan102_received, void @empty_39, i32 1, i32 1, void @empty_20, i32 0, i32 0, void @empty_40, void @empty_53, void @empty_34, i32 0, i32 0, i32 0, i32 0, void @empty_34, void @empty_34, i32 4294967295, i32 0"   --->   Operation 38 'specinterface' 'specinterface_ln0' <Predicate = true> <Delay = 0.00>
ST_1 : Operation 39 [1/1] (0.00ns)   --->   "%specinterface_ln0 = specinterface void @_ssdm_op_SpecInterface, i32 %vlan102_received, void @empty_43, i32 1, i32 1, void @empty_34, i32 0, i32 0, void @empty_34, void @empty_34, void @empty_34, i32 0, i32 0, i32 0, i32 0, void @empty_34, void @empty_34, i32 4294967295, i32 0"   --->   Operation 39 'specinterface' 'specinterface_ln0' <Predicate = true> <Delay = 0.00>
ST_1 : Operation 40 [1/1] (0.00ns)   --->   "%specbitsmap_ln0 = specbitsmap void @_ssdm_op_SpecBitsMap, i32 %vlan103_received"   --->   Operation 40 'specbitsmap' 'specbitsmap_ln0' <Predicate = true> <Delay = 0.00>
ST_1 : Operation 41 [1/1] (0.00ns)   --->   "%specinterface_ln0 = specinterface void @_ssdm_op_SpecInterface, i32 %vlan103_received, void @empty_39, i32 1, i32 1, void @empty_20, i32 0, i32 0, void @empty_40, void @empty_54, void @empty_34, i32 0, i32 0, i32 0, i32 0, void @empty_34, void @empty_34, i32 4294967295, i32 0"   --->   Operation 41 'specinterface' 'specinterface_ln0' <Predicate = true> <Delay = 0.00>
ST_1 : Operation 42 [1/1] (0.00ns)   --->   "%specinterface_ln0 = specinterface void @_ssdm_op_SpecInterface, i32 %vlan103_received, void @empty_43, i32 1, i32 1, void @empty_34, i32 0, i32 0, void @empty_34, void @empty_34, void @empty_34, i32 0, i32 0, i32 0, i32 0, void @empty_34, void @empty_34, i32 4294967295, i32 0"   --->   Operation 42 'specinterface' 'specinterface_ln0' <Predicate = true> <Delay = 0.00>
ST_1 : Operation 43 [1/1] (0.00ns)   --->   "%specbitsmap_ln0 = specbitsmap void @_ssdm_op_SpecBitsMap, i32 %vlan104_received"   --->   Operation 43 'specbitsmap' 'specbitsmap_ln0' <Predicate = true> <Delay = 0.00>
ST_1 : Operation 44 [1/1] (0.00ns)   --->   "%specinterface_ln0 = specinterface void @_ssdm_op_SpecInterface, i32 %vlan104_received, void @empty_39, i32 1, i32 1, void @empty_20, i32 0, i32 0, void @empty_40, void @empty_55, void @empty_34, i32 0, i32 0, i32 0, i32 0, void @empty_34, void @empty_34, i32 4294967295, i32 0"   --->   Operation 44 'specinterface' 'specinterface_ln0' <Predicate = true> <Delay = 0.00>
ST_1 : Operation 45 [1/1] (0.00ns)   --->   "%specinterface_ln0 = specinterface void @_ssdm_op_SpecInterface, i32 %vlan104_received, void @empty_43, i32 1, i32 1, void @empty_34, i32 0, i32 0, void @empty_34, void @empty_34, void @empty_34, i32 0, i32 0, i32 0, i32 0, void @empty_34, void @empty_34, i32 4294967295, i32 0"   --->   Operation 45 'specinterface' 'specinterface_ln0' <Predicate = true> <Delay = 0.00>
ST_1 : Operation 46 [1/1] (0.00ns)   --->   "%specbitsmap_ln0 = specbitsmap void @_ssdm_op_SpecBitsMap, i32 %vlan105_received"   --->   Operation 46 'specbitsmap' 'specbitsmap_ln0' <Predicate = true> <Delay = 0.00>
ST_1 : Operation 47 [1/1] (0.00ns)   --->   "%specinterface_ln0 = specinterface void @_ssdm_op_SpecInterface, i32 %vlan105_received, void @empty_39, i32 1, i32 1, void @empty_20, i32 0, i32 0, void @empty_40, void @empty_56, void @empty_34, i32 0, i32 0, i32 0, i32 0, void @empty_34, void @empty_34, i32 4294967295, i32 0"   --->   Operation 47 'specinterface' 'specinterface_ln0' <Predicate = true> <Delay = 0.00>
ST_1 : Operation 48 [1/1] (0.00ns)   --->   "%specinterface_ln0 = specinterface void @_ssdm_op_SpecInterface, i32 %vlan105_received, void @empty_43, i32 1, i32 1, void @empty_34, i32 0, i32 0, void @empty_34, void @empty_34, void @empty_34, i32 0, i32 0, i32 0, i32 0, void @empty_34, void @empty_34, i32 4294967295, i32 0"   --->   Operation 48 'specinterface' 'specinterface_ln0' <Predicate = true> <Delay = 0.00>
ST_1 : Operation 49 [1/1] (0.00ns)   --->   "%specbitsmap_ln0 = specbitsmap void @_ssdm_op_SpecBitsMap, i32 %vlan106_received"   --->   Operation 49 'specbitsmap' 'specbitsmap_ln0' <Predicate = true> <Delay = 0.00>
ST_1 : Operation 50 [1/1] (0.00ns)   --->   "%specinterface_ln0 = specinterface void @_ssdm_op_SpecInterface, i32 %vlan106_received, void @empty_39, i32 1, i32 1, void @empty_20, i32 0, i32 0, void @empty_40, void @empty_57, void @empty_34, i32 0, i32 0, i32 0, i32 0, void @empty_34, void @empty_34, i32 4294967295, i32 0"   --->   Operation 50 'specinterface' 'specinterface_ln0' <Predicate = true> <Delay = 0.00>
ST_1 : Operation 51 [1/1] (0.00ns)   --->   "%specinterface_ln0 = specinterface void @_ssdm_op_SpecInterface, i32 %vlan106_received, void @empty_43, i32 1, i32 1, void @empty_34, i32 0, i32 0, void @empty_34, void @empty_34, void @empty_34, i32 0, i32 0, i32 0, i32 0, void @empty_34, void @empty_34, i32 4294967295, i32 0"   --->   Operation 51 'specinterface' 'specinterface_ln0' <Predicate = true> <Delay = 0.00>
ST_1 : Operation 52 [1/1] (0.00ns)   --->   "%specbitsmap_ln0 = specbitsmap void @_ssdm_op_SpecBitsMap, i32 %vlan107_received"   --->   Operation 52 'specbitsmap' 'specbitsmap_ln0' <Predicate = true> <Delay = 0.00>
ST_1 : Operation 53 [1/1] (0.00ns)   --->   "%specinterface_ln0 = specinterface void @_ssdm_op_SpecInterface, i32 %vlan107_received, void @empty_39, i32 1, i32 1, void @empty_20, i32 0, i32 0, void @empty_40, void @empty_58, void @empty_34, i32 0, i32 0, i32 0, i32 0, void @empty_34, void @empty_34, i32 4294967295, i32 0"   --->   Operation 53 'specinterface' 'specinterface_ln0' <Predicate = true> <Delay = 0.00>
ST_1 : Operation 54 [1/1] (0.00ns)   --->   "%specinterface_ln0 = specinterface void @_ssdm_op_SpecInterface, i32 %vlan107_received, void @empty_43, i32 1, i32 1, void @empty_34, i32 0, i32 0, void @empty_34, void @empty_34, void @empty_34, i32 0, i32 0, i32 0, i32 0, void @empty_34, void @empty_34, i32 4294967295, i32 0"   --->   Operation 54 'specinterface' 'specinterface_ln0' <Predicate = true> <Delay = 0.00>
ST_1 : Operation 55 [1/1] (0.00ns)   --->   "%specbitsmap_ln0 = specbitsmap void @_ssdm_op_SpecBitsMap, i32 %vlan108_received"   --->   Operation 55 'specbitsmap' 'specbitsmap_ln0' <Predicate = true> <Delay = 0.00>
ST_1 : Operation 56 [1/1] (0.00ns)   --->   "%specinterface_ln0 = specinterface void @_ssdm_op_SpecInterface, i32 %vlan108_received, void @empty_39, i32 1, i32 1, void @empty_20, i32 0, i32 0, void @empty_40, void @empty_10, void @empty_34, i32 0, i32 0, i32 0, i32 0, void @empty_34, void @empty_34, i32 4294967295, i32 0"   --->   Operation 56 'specinterface' 'specinterface_ln0' <Predicate = true> <Delay = 0.00>
ST_1 : Operation 57 [1/1] (0.00ns)   --->   "%specinterface_ln0 = specinterface void @_ssdm_op_SpecInterface, i32 %vlan108_received, void @empty_43, i32 1, i32 1, void @empty_34, i32 0, i32 0, void @empty_34, void @empty_34, void @empty_34, i32 0, i32 0, i32 0, i32 0, void @empty_34, void @empty_34, i32 4294967295, i32 0"   --->   Operation 57 'specinterface' 'specinterface_ln0' <Predicate = true> <Delay = 0.00>
ST_1 : Operation 58 [1/1] (0.00ns)   --->   "%specbitsmap_ln0 = specbitsmap void @_ssdm_op_SpecBitsMap, i32 %vlan109_received"   --->   Operation 58 'specbitsmap' 'specbitsmap_ln0' <Predicate = true> <Delay = 0.00>
ST_1 : Operation 59 [1/1] (0.00ns)   --->   "%specinterface_ln0 = specinterface void @_ssdm_op_SpecInterface, i32 %vlan109_received, void @empty_39, i32 1, i32 1, void @empty_20, i32 0, i32 0, void @empty_40, void @empty_59, void @empty_34, i32 0, i32 0, i32 0, i32 0, void @empty_34, void @empty_34, i32 4294967295, i32 0"   --->   Operation 59 'specinterface' 'specinterface_ln0' <Predicate = true> <Delay = 0.00>
ST_1 : Operation 60 [1/1] (0.00ns)   --->   "%specinterface_ln0 = specinterface void @_ssdm_op_SpecInterface, i32 %vlan109_received, void @empty_43, i32 1, i32 1, void @empty_34, i32 0, i32 0, void @empty_34, void @empty_34, void @empty_34, i32 0, i32 0, i32 0, i32 0, void @empty_34, void @empty_34, i32 4294967295, i32 0"   --->   Operation 60 'specinterface' 'specinterface_ln0' <Predicate = true> <Delay = 0.00>
ST_1 : Operation 61 [1/1] (0.00ns)   --->   "%specbitsmap_ln0 = specbitsmap void @_ssdm_op_SpecBitsMap, i32 %droped"   --->   Operation 61 'specbitsmap' 'specbitsmap_ln0' <Predicate = true> <Delay = 0.00>
ST_1 : Operation 62 [1/1] (0.00ns)   --->   "%specinterface_ln0 = specinterface void @_ssdm_op_SpecInterface, i32 %droped, void @empty_39, i32 1, i32 1, void @empty_20, i32 0, i32 0, void @empty_40, void @empty_49, void @empty_34, i32 0, i32 0, i32 0, i32 0, void @empty_34, void @empty_34, i32 4294967295, i32 0"   --->   Operation 62 'specinterface' 'specinterface_ln0' <Predicate = true> <Delay = 0.00>
ST_1 : Operation 63 [1/1] (0.00ns)   --->   "%specinterface_ln0 = specinterface void @_ssdm_op_SpecInterface, i32 %droped, void @empty_43, i32 1, i32 1, void @empty_34, i32 0, i32 0, void @empty_34, void @empty_34, void @empty_34, i32 0, i32 0, i32 0, i32 0, void @empty_34, void @empty_34, i32 4294967295, i32 0"   --->   Operation 63 'specinterface' 'specinterface_ln0' <Predicate = true> <Delay = 0.00>
ST_1 : Operation 64 [1/1] (0.00ns)   --->   "%specbitsmap_ln0 = specbitsmap void @_ssdm_op_SpecBitsMap, i32 %multicast_recv_enable"   --->   Operation 64 'specbitsmap' 'specbitsmap_ln0' <Predicate = true> <Delay = 0.00>
ST_1 : Operation 65 [1/1] (0.00ns)   --->   "%specinterface_ln0 = specinterface void @_ssdm_op_SpecInterface, i32 %multicast_recv_enable, void @empty_39, i32 0, i32 0, void @empty_34, i32 0, i32 0, void @empty_40, void @empty_61, void @empty_34, i32 0, i32 0, i32 0, i32 0, void @empty_34, void @empty_34, i32 4294967295, i32 0"   --->   Operation 65 'specinterface' 'specinterface_ln0' <Predicate = true> <Delay = 0.00>
ST_1 : Operation 66 [1/1] (0.00ns)   --->   "%specinterface_ln0 = specinterface void @_ssdm_op_SpecInterface, i32 %multicast_recv_enable, void @empty_43, i32 0, i32 0, void @empty_34, i32 0, i32 0, void @empty_34, void @empty_34, void @empty_34, i32 0, i32 0, i32 0, i32 0, void @empty_34, void @empty_34, i32 4294967295, i32 0"   --->   Operation 66 'specinterface' 'specinterface_ln0' <Predicate = true> <Delay = 0.00>
ST_1 : Operation 67 [1/1] (0.00ns)   --->   "%specbitsmap_ln0 = specbitsmap void @_ssdm_op_SpecBitsMap, i32 %unicast_filter_enable"   --->   Operation 67 'specbitsmap' 'specbitsmap_ln0' <Predicate = true> <Delay = 0.00>
ST_1 : Operation 68 [1/1] (0.00ns)   --->   "%specinterface_ln0 = specinterface void @_ssdm_op_SpecInterface, i32 %unicast_filter_enable, void @empty_39, i32 0, i32 0, void @empty_34, i32 0, i32 0, void @empty_40, void @empty_62, void @empty_34, i32 0, i32 0, i32 0, i32 0, void @empty_34, void @empty_34, i32 4294967295, i32 0"   --->   Operation 68 'specinterface' 'specinterface_ln0' <Predicate = true> <Delay = 0.00>
ST_1 : Operation 69 [1/1] (0.00ns)   --->   "%specinterface_ln0 = specinterface void @_ssdm_op_SpecInterface, i32 %unicast_filter_enable, void @empty_43, i32 0, i32 0, void @empty_34, i32 0, i32 0, void @empty_34, void @empty_34, void @empty_34, i32 0, i32 0, i32 0, i32 0, void @empty_34, void @empty_34, i32 4294967295, i32 0"   --->   Operation 69 'specinterface' 'specinterface_ln0' <Predicate = true> <Delay = 0.00>
ST_1 : Operation 70 [1/1] (0.00ns)   --->   "%specbitsmap_ln0 = specbitsmap void @_ssdm_op_SpecBitsMap, i32 %unicast_vlan100_macaddr_lsb"   --->   Operation 70 'specbitsmap' 'specbitsmap_ln0' <Predicate = true> <Delay = 0.00>
ST_1 : Operation 71 [1/1] (0.00ns)   --->   "%specinterface_ln0 = specinterface void @_ssdm_op_SpecInterface, i32 %unicast_vlan100_macaddr_lsb, void @empty_39, i32 0, i32 0, void @empty_34, i32 0, i32 0, void @empty_40, void @empty, void @empty_34, i32 0, i32 0, i32 0, i32 0, void @empty_34, void @empty_34, i32 4294967295, i32 0"   --->   Operation 71 'specinterface' 'specinterface_ln0' <Predicate = true> <Delay = 0.00>
ST_1 : Operation 72 [1/1] (0.00ns)   --->   "%specinterface_ln0 = specinterface void @_ssdm_op_SpecInterface, i32 %unicast_vlan100_macaddr_lsb, void @empty_43, i32 0, i32 0, void @empty_34, i32 0, i32 0, void @empty_34, void @empty_34, void @empty_34, i32 0, i32 0, i32 0, i32 0, void @empty_34, void @empty_34, i32 4294967295, i32 0"   --->   Operation 72 'specinterface' 'specinterface_ln0' <Predicate = true> <Delay = 0.00>
ST_1 : Operation 73 [1/1] (0.00ns)   --->   "%specbitsmap_ln0 = specbitsmap void @_ssdm_op_SpecBitsMap, i32 %unicast_vlan100_macaddr_msb"   --->   Operation 73 'specbitsmap' 'specbitsmap_ln0' <Predicate = true> <Delay = 0.00>
ST_1 : Operation 74 [1/1] (0.00ns)   --->   "%specinterface_ln0 = specinterface void @_ssdm_op_SpecInterface, i32 %unicast_vlan100_macaddr_msb, void @empty_39, i32 0, i32 0, void @empty_34, i32 0, i32 0, void @empty_40, void @empty_0, void @empty_34, i32 0, i32 0, i32 0, i32 0, void @empty_34, void @empty_34, i32 4294967295, i32 0"   --->   Operation 74 'specinterface' 'specinterface_ln0' <Predicate = true> <Delay = 0.00>
ST_1 : Operation 75 [1/1] (0.00ns)   --->   "%specinterface_ln0 = specinterface void @_ssdm_op_SpecInterface, i32 %unicast_vlan100_macaddr_msb, void @empty_43, i32 0, i32 0, void @empty_34, i32 0, i32 0, void @empty_34, void @empty_34, void @empty_34, i32 0, i32 0, i32 0, i32 0, void @empty_34, void @empty_34, i32 4294967295, i32 0"   --->   Operation 75 'specinterface' 'specinterface_ln0' <Predicate = true> <Delay = 0.00>
ST_1 : Operation 76 [1/1] (0.00ns)   --->   "%specbitsmap_ln0 = specbitsmap void @_ssdm_op_SpecBitsMap, i32 %unicast_vlan101_macaddr_lsb"   --->   Operation 76 'specbitsmap' 'specbitsmap_ln0' <Predicate = true> <Delay = 0.00>
ST_1 : Operation 77 [1/1] (0.00ns)   --->   "%specinterface_ln0 = specinterface void @_ssdm_op_SpecInterface, i32 %unicast_vlan101_macaddr_lsb, void @empty_39, i32 0, i32 0, void @empty_34, i32 0, i32 0, void @empty_40, void @empty_1, void @empty_34, i32 0, i32 0, i32 0, i32 0, void @empty_34, void @empty_34, i32 4294967295, i32 0"   --->   Operation 77 'specinterface' 'specinterface_ln0' <Predicate = true> <Delay = 0.00>
ST_1 : Operation 78 [1/1] (0.00ns)   --->   "%specinterface_ln0 = specinterface void @_ssdm_op_SpecInterface, i32 %unicast_vlan101_macaddr_lsb, void @empty_43, i32 0, i32 0, void @empty_34, i32 0, i32 0, void @empty_34, void @empty_34, void @empty_34, i32 0, i32 0, i32 0, i32 0, void @empty_34, void @empty_34, i32 4294967295, i32 0"   --->   Operation 78 'specinterface' 'specinterface_ln0' <Predicate = true> <Delay = 0.00>
ST_1 : Operation 79 [1/1] (0.00ns)   --->   "%specbitsmap_ln0 = specbitsmap void @_ssdm_op_SpecBitsMap, i32 %unicast_vlan101_macaddr_msb"   --->   Operation 79 'specbitsmap' 'specbitsmap_ln0' <Predicate = true> <Delay = 0.00>
ST_1 : Operation 80 [1/1] (0.00ns)   --->   "%specinterface_ln0 = specinterface void @_ssdm_op_SpecInterface, i32 %unicast_vlan101_macaddr_msb, void @empty_39, i32 0, i32 0, void @empty_34, i32 0, i32 0, void @empty_40, void @empty_2, void @empty_34, i32 0, i32 0, i32 0, i32 0, void @empty_34, void @empty_34, i32 4294967295, i32 0"   --->   Operation 80 'specinterface' 'specinterface_ln0' <Predicate = true> <Delay = 0.00>
ST_1 : Operation 81 [1/1] (0.00ns)   --->   "%specinterface_ln0 = specinterface void @_ssdm_op_SpecInterface, i32 %unicast_vlan101_macaddr_msb, void @empty_43, i32 0, i32 0, void @empty_34, i32 0, i32 0, void @empty_34, void @empty_34, void @empty_34, i32 0, i32 0, i32 0, i32 0, void @empty_34, void @empty_34, i32 4294967295, i32 0"   --->   Operation 81 'specinterface' 'specinterface_ln0' <Predicate = true> <Delay = 0.00>
ST_1 : Operation 82 [1/1] (0.00ns)   --->   "%specbitsmap_ln0 = specbitsmap void @_ssdm_op_SpecBitsMap, i32 %unicast_vlan102_macaddr_lsb"   --->   Operation 82 'specbitsmap' 'specbitsmap_ln0' <Predicate = true> <Delay = 0.00>
ST_1 : Operation 83 [1/1] (0.00ns)   --->   "%specinterface_ln0 = specinterface void @_ssdm_op_SpecInterface, i32 %unicast_vlan102_macaddr_lsb, void @empty_39, i32 0, i32 0, void @empty_34, i32 0, i32 0, void @empty_40, void @empty_3, void @empty_34, i32 0, i32 0, i32 0, i32 0, void @empty_34, void @empty_34, i32 4294967295, i32 0"   --->   Operation 83 'specinterface' 'specinterface_ln0' <Predicate = true> <Delay = 0.00>
ST_1 : Operation 84 [1/1] (0.00ns)   --->   "%specinterface_ln0 = specinterface void @_ssdm_op_SpecInterface, i32 %unicast_vlan102_macaddr_lsb, void @empty_43, i32 0, i32 0, void @empty_34, i32 0, i32 0, void @empty_34, void @empty_34, void @empty_34, i32 0, i32 0, i32 0, i32 0, void @empty_34, void @empty_34, i32 4294967295, i32 0"   --->   Operation 84 'specinterface' 'specinterface_ln0' <Predicate = true> <Delay = 0.00>
ST_1 : Operation 85 [1/1] (0.00ns)   --->   "%specbitsmap_ln0 = specbitsmap void @_ssdm_op_SpecBitsMap, i32 %unicast_vlan102_macaddr_msb"   --->   Operation 85 'specbitsmap' 'specbitsmap_ln0' <Predicate = true> <Delay = 0.00>
ST_1 : Operation 86 [1/1] (0.00ns)   --->   "%specinterface_ln0 = specinterface void @_ssdm_op_SpecInterface, i32 %unicast_vlan102_macaddr_msb, void @empty_39, i32 0, i32 0, void @empty_34, i32 0, i32 0, void @empty_40, void @empty_4, void @empty_34, i32 0, i32 0, i32 0, i32 0, void @empty_34, void @empty_34, i32 4294967295, i32 0"   --->   Operation 86 'specinterface' 'specinterface_ln0' <Predicate = true> <Delay = 0.00>
ST_1 : Operation 87 [1/1] (0.00ns)   --->   "%specinterface_ln0 = specinterface void @_ssdm_op_SpecInterface, i32 %unicast_vlan102_macaddr_msb, void @empty_43, i32 0, i32 0, void @empty_34, i32 0, i32 0, void @empty_34, void @empty_34, void @empty_34, i32 0, i32 0, i32 0, i32 0, void @empty_34, void @empty_34, i32 4294967295, i32 0"   --->   Operation 87 'specinterface' 'specinterface_ln0' <Predicate = true> <Delay = 0.00>
ST_1 : Operation 88 [1/1] (0.00ns)   --->   "%specbitsmap_ln0 = specbitsmap void @_ssdm_op_SpecBitsMap, i32 %unicast_vlan103_macaddr_lsb"   --->   Operation 88 'specbitsmap' 'specbitsmap_ln0' <Predicate = true> <Delay = 0.00>
ST_1 : Operation 89 [1/1] (0.00ns)   --->   "%specinterface_ln0 = specinterface void @_ssdm_op_SpecInterface, i32 %unicast_vlan103_macaddr_lsb, void @empty_39, i32 0, i32 0, void @empty_34, i32 0, i32 0, void @empty_40, void @empty_5, void @empty_34, i32 0, i32 0, i32 0, i32 0, void @empty_34, void @empty_34, i32 4294967295, i32 0"   --->   Operation 89 'specinterface' 'specinterface_ln0' <Predicate = true> <Delay = 0.00>
ST_1 : Operation 90 [1/1] (0.00ns)   --->   "%specinterface_ln0 = specinterface void @_ssdm_op_SpecInterface, i32 %unicast_vlan103_macaddr_lsb, void @empty_43, i32 0, i32 0, void @empty_34, i32 0, i32 0, void @empty_34, void @empty_34, void @empty_34, i32 0, i32 0, i32 0, i32 0, void @empty_34, void @empty_34, i32 4294967295, i32 0"   --->   Operation 90 'specinterface' 'specinterface_ln0' <Predicate = true> <Delay = 0.00>
ST_1 : Operation 91 [1/1] (0.00ns)   --->   "%specbitsmap_ln0 = specbitsmap void @_ssdm_op_SpecBitsMap, i32 %unicast_vlan103_macaddr_msb"   --->   Operation 91 'specbitsmap' 'specbitsmap_ln0' <Predicate = true> <Delay = 0.00>
ST_1 : Operation 92 [1/1] (0.00ns)   --->   "%specinterface_ln0 = specinterface void @_ssdm_op_SpecInterface, i32 %unicast_vlan103_macaddr_msb, void @empty_39, i32 0, i32 0, void @empty_34, i32 0, i32 0, void @empty_40, void @empty_6, void @empty_34, i32 0, i32 0, i32 0, i32 0, void @empty_34, void @empty_34, i32 4294967295, i32 0"   --->   Operation 92 'specinterface' 'specinterface_ln0' <Predicate = true> <Delay = 0.00>
ST_1 : Operation 93 [1/1] (0.00ns)   --->   "%specinterface_ln0 = specinterface void @_ssdm_op_SpecInterface, i32 %unicast_vlan103_macaddr_msb, void @empty_43, i32 0, i32 0, void @empty_34, i32 0, i32 0, void @empty_34, void @empty_34, void @empty_34, i32 0, i32 0, i32 0, i32 0, void @empty_34, void @empty_34, i32 4294967295, i32 0"   --->   Operation 93 'specinterface' 'specinterface_ln0' <Predicate = true> <Delay = 0.00>
ST_1 : Operation 94 [1/1] (0.00ns)   --->   "%specbitsmap_ln0 = specbitsmap void @_ssdm_op_SpecBitsMap, i32 %unicast_vlan104_macaddr_lsb"   --->   Operation 94 'specbitsmap' 'specbitsmap_ln0' <Predicate = true> <Delay = 0.00>
ST_1 : Operation 95 [1/1] (0.00ns)   --->   "%specinterface_ln0 = specinterface void @_ssdm_op_SpecInterface, i32 %unicast_vlan104_macaddr_lsb, void @empty_39, i32 0, i32 0, void @empty_34, i32 0, i32 0, void @empty_40, void @empty_7, void @empty_34, i32 0, i32 0, i32 0, i32 0, void @empty_34, void @empty_34, i32 4294967295, i32 0"   --->   Operation 95 'specinterface' 'specinterface_ln0' <Predicate = true> <Delay = 0.00>
ST_1 : Operation 96 [1/1] (0.00ns)   --->   "%specinterface_ln0 = specinterface void @_ssdm_op_SpecInterface, i32 %unicast_vlan104_macaddr_lsb, void @empty_43, i32 0, i32 0, void @empty_34, i32 0, i32 0, void @empty_34, void @empty_34, void @empty_34, i32 0, i32 0, i32 0, i32 0, void @empty_34, void @empty_34, i32 4294967295, i32 0"   --->   Operation 96 'specinterface' 'specinterface_ln0' <Predicate = true> <Delay = 0.00>
ST_1 : Operation 97 [1/1] (0.00ns)   --->   "%specbitsmap_ln0 = specbitsmap void @_ssdm_op_SpecBitsMap, i32 %unicast_vlan104_macaddr_msb"   --->   Operation 97 'specbitsmap' 'specbitsmap_ln0' <Predicate = true> <Delay = 0.00>
ST_1 : Operation 98 [1/1] (0.00ns)   --->   "%specinterface_ln0 = specinterface void @_ssdm_op_SpecInterface, i32 %unicast_vlan104_macaddr_msb, void @empty_39, i32 0, i32 0, void @empty_34, i32 0, i32 0, void @empty_40, void @empty_8, void @empty_34, i32 0, i32 0, i32 0, i32 0, void @empty_34, void @empty_34, i32 4294967295, i32 0"   --->   Operation 98 'specinterface' 'specinterface_ln0' <Predicate = true> <Delay = 0.00>
ST_1 : Operation 99 [1/1] (0.00ns)   --->   "%specinterface_ln0 = specinterface void @_ssdm_op_SpecInterface, i32 %unicast_vlan104_macaddr_msb, void @empty_43, i32 0, i32 0, void @empty_34, i32 0, i32 0, void @empty_34, void @empty_34, void @empty_34, i32 0, i32 0, i32 0, i32 0, void @empty_34, void @empty_34, i32 4294967295, i32 0"   --->   Operation 99 'specinterface' 'specinterface_ln0' <Predicate = true> <Delay = 0.00>
ST_1 : Operation 100 [1/1] (0.00ns)   --->   "%specbitsmap_ln0 = specbitsmap void @_ssdm_op_SpecBitsMap, i32 %unicast_vlan105_macaddr_lsb"   --->   Operation 100 'specbitsmap' 'specbitsmap_ln0' <Predicate = true> <Delay = 0.00>
ST_1 : Operation 101 [1/1] (0.00ns)   --->   "%specinterface_ln0 = specinterface void @_ssdm_op_SpecInterface, i32 %unicast_vlan105_macaddr_lsb, void @empty_39, i32 0, i32 0, void @empty_34, i32 0, i32 0, void @empty_40, void @empty_9, void @empty_34, i32 0, i32 0, i32 0, i32 0, void @empty_34, void @empty_34, i32 4294967295, i32 0"   --->   Operation 101 'specinterface' 'specinterface_ln0' <Predicate = true> <Delay = 0.00>
ST_1 : Operation 102 [1/1] (0.00ns)   --->   "%specinterface_ln0 = specinterface void @_ssdm_op_SpecInterface, i32 %unicast_vlan105_macaddr_lsb, void @empty_43, i32 0, i32 0, void @empty_34, i32 0, i32 0, void @empty_34, void @empty_34, void @empty_34, i32 0, i32 0, i32 0, i32 0, void @empty_34, void @empty_34, i32 4294967295, i32 0"   --->   Operation 102 'specinterface' 'specinterface_ln0' <Predicate = true> <Delay = 0.00>
ST_1 : Operation 103 [1/1] (0.00ns)   --->   "%specbitsmap_ln0 = specbitsmap void @_ssdm_op_SpecBitsMap, i32 %unicast_vlan105_macaddr_msb"   --->   Operation 103 'specbitsmap' 'specbitsmap_ln0' <Predicate = true> <Delay = 0.00>
ST_1 : Operation 104 [1/1] (0.00ns)   --->   "%specinterface_ln0 = specinterface void @_ssdm_op_SpecInterface, i32 %unicast_vlan105_macaddr_msb, void @empty_39, i32 0, i32 0, void @empty_34, i32 0, i32 0, void @empty_40, void @empty_46, void @empty_34, i32 0, i32 0, i32 0, i32 0, void @empty_34, void @empty_34, i32 4294967295, i32 0"   --->   Operation 104 'specinterface' 'specinterface_ln0' <Predicate = true> <Delay = 0.00>
ST_1 : Operation 105 [1/1] (0.00ns)   --->   "%specinterface_ln0 = specinterface void @_ssdm_op_SpecInterface, i32 %unicast_vlan105_macaddr_msb, void @empty_43, i32 0, i32 0, void @empty_34, i32 0, i32 0, void @empty_34, void @empty_34, void @empty_34, i32 0, i32 0, i32 0, i32 0, void @empty_34, void @empty_34, i32 4294967295, i32 0"   --->   Operation 105 'specinterface' 'specinterface_ln0' <Predicate = true> <Delay = 0.00>
ST_1 : Operation 106 [1/1] (0.00ns)   --->   "%specbitsmap_ln0 = specbitsmap void @_ssdm_op_SpecBitsMap, i32 %unicast_vlan106_macaddr_lsb"   --->   Operation 106 'specbitsmap' 'specbitsmap_ln0' <Predicate = true> <Delay = 0.00>
ST_1 : Operation 107 [1/1] (0.00ns)   --->   "%specinterface_ln0 = specinterface void @_ssdm_op_SpecInterface, i32 %unicast_vlan106_macaddr_lsb, void @empty_39, i32 0, i32 0, void @empty_34, i32 0, i32 0, void @empty_40, void @empty_33, void @empty_34, i32 0, i32 0, i32 0, i32 0, void @empty_34, void @empty_34, i32 4294967295, i32 0"   --->   Operation 107 'specinterface' 'specinterface_ln0' <Predicate = true> <Delay = 0.00>
ST_1 : Operation 108 [1/1] (0.00ns)   --->   "%specinterface_ln0 = specinterface void @_ssdm_op_SpecInterface, i32 %unicast_vlan106_macaddr_lsb, void @empty_43, i32 0, i32 0, void @empty_34, i32 0, i32 0, void @empty_34, void @empty_34, void @empty_34, i32 0, i32 0, i32 0, i32 0, void @empty_34, void @empty_34, i32 4294967295, i32 0"   --->   Operation 108 'specinterface' 'specinterface_ln0' <Predicate = true> <Delay = 0.00>
ST_1 : Operation 109 [1/1] (0.00ns)   --->   "%specbitsmap_ln0 = specbitsmap void @_ssdm_op_SpecBitsMap, i32 %unicast_vlan106_macaddr_msb"   --->   Operation 109 'specbitsmap' 'specbitsmap_ln0' <Predicate = true> <Delay = 0.00>
ST_1 : Operation 110 [1/1] (0.00ns)   --->   "%specinterface_ln0 = specinterface void @_ssdm_op_SpecInterface, i32 %unicast_vlan106_macaddr_msb, void @empty_39, i32 0, i32 0, void @empty_34, i32 0, i32 0, void @empty_40, void @empty_36, void @empty_34, i32 0, i32 0, i32 0, i32 0, void @empty_34, void @empty_34, i32 4294967295, i32 0"   --->   Operation 110 'specinterface' 'specinterface_ln0' <Predicate = true> <Delay = 0.00>
ST_1 : Operation 111 [1/1] (0.00ns)   --->   "%specinterface_ln0 = specinterface void @_ssdm_op_SpecInterface, i32 %unicast_vlan106_macaddr_msb, void @empty_43, i32 0, i32 0, void @empty_34, i32 0, i32 0, void @empty_34, void @empty_34, void @empty_34, i32 0, i32 0, i32 0, i32 0, void @empty_34, void @empty_34, i32 4294967295, i32 0"   --->   Operation 111 'specinterface' 'specinterface_ln0' <Predicate = true> <Delay = 0.00>
ST_1 : Operation 112 [1/1] (0.00ns)   --->   "%specbitsmap_ln0 = specbitsmap void @_ssdm_op_SpecBitsMap, i32 %unicast_vlan107_macaddr_lsb"   --->   Operation 112 'specbitsmap' 'specbitsmap_ln0' <Predicate = true> <Delay = 0.00>
ST_1 : Operation 113 [1/1] (0.00ns)   --->   "%specinterface_ln0 = specinterface void @_ssdm_op_SpecInterface, i32 %unicast_vlan107_macaddr_lsb, void @empty_39, i32 0, i32 0, void @empty_34, i32 0, i32 0, void @empty_40, void @empty_31, void @empty_34, i32 0, i32 0, i32 0, i32 0, void @empty_34, void @empty_34, i32 4294967295, i32 0"   --->   Operation 113 'specinterface' 'specinterface_ln0' <Predicate = true> <Delay = 0.00>
ST_1 : Operation 114 [1/1] (0.00ns)   --->   "%specinterface_ln0 = specinterface void @_ssdm_op_SpecInterface, i32 %unicast_vlan107_macaddr_lsb, void @empty_43, i32 0, i32 0, void @empty_34, i32 0, i32 0, void @empty_34, void @empty_34, void @empty_34, i32 0, i32 0, i32 0, i32 0, void @empty_34, void @empty_34, i32 4294967295, i32 0"   --->   Operation 114 'specinterface' 'specinterface_ln0' <Predicate = true> <Delay = 0.00>
ST_1 : Operation 115 [1/1] (0.00ns)   --->   "%specbitsmap_ln0 = specbitsmap void @_ssdm_op_SpecBitsMap, i32 %unicast_vlan107_macaddr_msb"   --->   Operation 115 'specbitsmap' 'specbitsmap_ln0' <Predicate = true> <Delay = 0.00>
ST_1 : Operation 116 [1/1] (0.00ns)   --->   "%specinterface_ln0 = specinterface void @_ssdm_op_SpecInterface, i32 %unicast_vlan107_macaddr_msb, void @empty_39, i32 0, i32 0, void @empty_34, i32 0, i32 0, void @empty_40, void @empty_30, void @empty_34, i32 0, i32 0, i32 0, i32 0, void @empty_34, void @empty_34, i32 4294967295, i32 0"   --->   Operation 116 'specinterface' 'specinterface_ln0' <Predicate = true> <Delay = 0.00>
ST_1 : Operation 117 [1/1] (0.00ns)   --->   "%specinterface_ln0 = specinterface void @_ssdm_op_SpecInterface, i32 %unicast_vlan107_macaddr_msb, void @empty_43, i32 0, i32 0, void @empty_34, i32 0, i32 0, void @empty_34, void @empty_34, void @empty_34, i32 0, i32 0, i32 0, i32 0, void @empty_34, void @empty_34, i32 4294967295, i32 0"   --->   Operation 117 'specinterface' 'specinterface_ln0' <Predicate = true> <Delay = 0.00>
ST_1 : Operation 118 [1/1] (0.00ns)   --->   "%specbitsmap_ln0 = specbitsmap void @_ssdm_op_SpecBitsMap, i32 %unicast_vlan108_macaddr_lsb"   --->   Operation 118 'specbitsmap' 'specbitsmap_ln0' <Predicate = true> <Delay = 0.00>
ST_1 : Operation 119 [1/1] (0.00ns)   --->   "%specinterface_ln0 = specinterface void @_ssdm_op_SpecInterface, i32 %unicast_vlan108_macaddr_lsb, void @empty_39, i32 0, i32 0, void @empty_34, i32 0, i32 0, void @empty_40, void @empty_19, void @empty_34, i32 0, i32 0, i32 0, i32 0, void @empty_34, void @empty_34, i32 4294967295, i32 0"   --->   Operation 119 'specinterface' 'specinterface_ln0' <Predicate = true> <Delay = 0.00>
ST_1 : Operation 120 [1/1] (0.00ns)   --->   "%specinterface_ln0 = specinterface void @_ssdm_op_SpecInterface, i32 %unicast_vlan108_macaddr_lsb, void @empty_43, i32 0, i32 0, void @empty_34, i32 0, i32 0, void @empty_34, void @empty_34, void @empty_34, i32 0, i32 0, i32 0, i32 0, void @empty_34, void @empty_34, i32 4294967295, i32 0"   --->   Operation 120 'specinterface' 'specinterface_ln0' <Predicate = true> <Delay = 0.00>
ST_1 : Operation 121 [1/1] (0.00ns)   --->   "%specbitsmap_ln0 = specbitsmap void @_ssdm_op_SpecBitsMap, i32 %unicast_vlan108_macaddr_msb"   --->   Operation 121 'specbitsmap' 'specbitsmap_ln0' <Predicate = true> <Delay = 0.00>
ST_1 : Operation 122 [1/1] (0.00ns)   --->   "%specinterface_ln0 = specinterface void @_ssdm_op_SpecInterface, i32 %unicast_vlan108_macaddr_msb, void @empty_39, i32 0, i32 0, void @empty_34, i32 0, i32 0, void @empty_40, void @empty_28, void @empty_34, i32 0, i32 0, i32 0, i32 0, void @empty_34, void @empty_34, i32 4294967295, i32 0"   --->   Operation 122 'specinterface' 'specinterface_ln0' <Predicate = true> <Delay = 0.00>
ST_1 : Operation 123 [1/1] (0.00ns)   --->   "%specinterface_ln0 = specinterface void @_ssdm_op_SpecInterface, i32 %unicast_vlan108_macaddr_msb, void @empty_43, i32 0, i32 0, void @empty_34, i32 0, i32 0, void @empty_34, void @empty_34, void @empty_34, i32 0, i32 0, i32 0, i32 0, void @empty_34, void @empty_34, i32 4294967295, i32 0"   --->   Operation 123 'specinterface' 'specinterface_ln0' <Predicate = true> <Delay = 0.00>
ST_1 : Operation 124 [1/1] (0.00ns)   --->   "%specbitsmap_ln0 = specbitsmap void @_ssdm_op_SpecBitsMap, i32 %unicast_vlan109_macaddr_lsb"   --->   Operation 124 'specbitsmap' 'specbitsmap_ln0' <Predicate = true> <Delay = 0.00>
ST_1 : Operation 125 [1/1] (0.00ns)   --->   "%specinterface_ln0 = specinterface void @_ssdm_op_SpecInterface, i32 %unicast_vlan109_macaddr_lsb, void @empty_39, i32 0, i32 0, void @empty_34, i32 0, i32 0, void @empty_40, void @empty_27, void @empty_34, i32 0, i32 0, i32 0, i32 0, void @empty_34, void @empty_34, i32 4294967295, i32 0"   --->   Operation 125 'specinterface' 'specinterface_ln0' <Predicate = true> <Delay = 0.00>
ST_1 : Operation 126 [1/1] (0.00ns)   --->   "%specinterface_ln0 = specinterface void @_ssdm_op_SpecInterface, i32 %unicast_vlan109_macaddr_lsb, void @empty_43, i32 0, i32 0, void @empty_34, i32 0, i32 0, void @empty_34, void @empty_34, void @empty_34, i32 0, i32 0, i32 0, i32 0, void @empty_34, void @empty_34, i32 4294967295, i32 0"   --->   Operation 126 'specinterface' 'specinterface_ln0' <Predicate = true> <Delay = 0.00>
ST_1 : Operation 127 [1/1] (0.00ns)   --->   "%specbitsmap_ln0 = specbitsmap void @_ssdm_op_SpecBitsMap, i32 %unicast_vlan109_macaddr_msb"   --->   Operation 127 'specbitsmap' 'specbitsmap_ln0' <Predicate = true> <Delay = 0.00>
ST_1 : Operation 128 [1/1] (0.00ns)   --->   "%specinterface_ln0 = specinterface void @_ssdm_op_SpecInterface, i32 %unicast_vlan109_macaddr_msb, void @empty_39, i32 0, i32 0, void @empty_34, i32 0, i32 0, void @empty_40, void @empty_26, void @empty_34, i32 0, i32 0, i32 0, i32 0, void @empty_34, void @empty_34, i32 4294967295, i32 0"   --->   Operation 128 'specinterface' 'specinterface_ln0' <Predicate = true> <Delay = 0.00>
ST_1 : Operation 129 [1/1] (0.00ns)   --->   "%specinterface_ln0 = specinterface void @_ssdm_op_SpecInterface, i32 %unicast_vlan109_macaddr_msb, void @empty_43, i32 0, i32 0, void @empty_34, i32 0, i32 0, void @empty_34, void @empty_34, void @empty_34, i32 0, i32 0, i32 0, i32 0, void @empty_34, void @empty_34, i32 4294967295, i32 0"   --->   Operation 129 'specinterface' 'specinterface_ln0' <Predicate = true> <Delay = 0.00>
ST_1 : Operation 130 [1/1] (0.00ns)   --->   "%specbitsmap_ln0 = specbitsmap void @_ssdm_op_SpecBitsMap, i32 %log_all_mask"   --->   Operation 130 'specbitsmap' 'specbitsmap_ln0' <Predicate = true> <Delay = 0.00>
ST_1 : Operation 131 [1/1] (0.00ns)   --->   "%specinterface_ln0 = specinterface void @_ssdm_op_SpecInterface, i32 %log_all_mask, void @empty_39, i32 0, i32 0, void @empty_34, i32 0, i32 0, void @empty_40, void @empty_25, void @empty_34, i32 0, i32 0, i32 0, i32 0, void @empty_34, void @empty_34, i32 4294967295, i32 0"   --->   Operation 131 'specinterface' 'specinterface_ln0' <Predicate = true> <Delay = 0.00>
ST_1 : Operation 132 [1/1] (0.00ns)   --->   "%specinterface_ln0 = specinterface void @_ssdm_op_SpecInterface, i32 %log_all_mask, void @empty_43, i32 0, i32 0, void @empty_34, i32 0, i32 0, void @empty_34, void @empty_34, void @empty_34, i32 0, i32 0, i32 0, i32 0, void @empty_34, void @empty_34, i32 4294967295, i32 0"   --->   Operation 132 'specinterface' 'specinterface_ln0' <Predicate = true> <Delay = 0.00>
ST_1 : Operation 133 [1/1] (0.00ns)   --->   "%specinterface_ln0 = specinterface void @_ssdm_op_SpecInterface, i64 %fifo_axi_full_offset, void @empty_39, i32 0, i32 0, void @empty_34, i32 0, i32 0, void @empty_40, void @empty_24, void @empty_34, i32 0, i32 0, i32 0, i32 0, void @empty_34, void @empty_42, i32 4294967295, i32 0"   --->   Operation 133 'specinterface' 'specinterface_ln0' <Predicate = true> <Delay = 0.00>
ST_1 : Operation 134 [1/1] (0.00ns)   --->   "%specinterface_ln0 = specinterface void @_ssdm_op_SpecInterface, i64 %fifo_axi_full_offset, void @empty_43, i32 0, i32 0, void @empty_34, i32 0, i32 0, void @empty_34, void @empty_34, void @empty_34, i32 0, i32 0, i32 0, i32 0, void @empty_34, void @empty_42, i32 4294967295, i32 0"   --->   Operation 134 'specinterface' 'specinterface_ln0' <Predicate = true> <Delay = 0.00>
ST_1 : Operation 135 [1/1] (0.00ns)   --->   "%specinterface_ln0 = specinterface void @_ssdm_op_SpecInterface, i32 0, void @empty_39, i32 0, i32 0, void @empty_34, i32 0, i32 0, void @empty_40, void @empty_34, void @empty_34, i32 0, i32 0, i32 0, i32 0, void @empty_34, void @empty_34, i32 4294967295, i32 0"   --->   Operation 135 'specinterface' 'specinterface_ln0' <Predicate = true> <Delay = 0.00>
ST_1 : Operation 136 [1/1] (1.00ns)   --->   "%fifo_axi_full_offset_read = read i64 @_ssdm_op_Read.s_axilite.i64, i64 %fifo_axi_full_offset" [mac_logger.cpp:586]   --->   Operation 136 'read' 'fifo_axi_full_offset_read' <Predicate = true> <Delay = 1.00> <CoreInst = "s_axilite">   --->   Core 122 's_axilite' <Latency = 0> <II = 1> <Delay = 1.00> <Adapter> <Opcode : 'read' 'write'>
ST_1 : Operation 137 [1/1] (0.00ns)   --->   "%timestamp_read = read i64 @_ssdm_op_Read.ap_auto.i64, i64 %timestamp" [mac_logger.cpp:586]   --->   Operation 137 'read' 'timestamp_read' <Predicate = true> <Delay = 0.00>
ST_1 : Operation 138 [1/1] (1.00ns)   --->   "%driver_read = read i64 @_ssdm_op_Read.s_axilite.i64, i64 %driver" [mac_logger.cpp:586]   --->   Operation 138 'read' 'driver_read' <Predicate = true> <Delay = 1.00> <CoreInst = "s_axilite">   --->   Core 122 's_axilite' <Latency = 0> <II = 1> <Delay = 1.00> <Adapter> <Opcode : 'read' 'write'>
ST_1 : Operation 139 [1/1] (1.00ns)   --->   "%ddr_read = read i64 @_ssdm_op_Read.s_axilite.i64, i64 %ddr" [mac_logger.cpp:586]   --->   Operation 139 'read' 'ddr_read' <Predicate = true> <Delay = 1.00> <CoreInst = "s_axilite">   --->   Core 122 's_axilite' <Latency = 0> <II = 1> <Delay = 1.00> <Adapter> <Opcode : 'read' 'write'>
ST_1 : Operation 140 [1/1] (1.00ns)   --->   "%fifo_read = read i64 @_ssdm_op_Read.s_axilite.i64, i64 %fifo" [mac_logger.cpp:586]   --->   Operation 140 'read' 'fifo_read' <Predicate = true> <Delay = 1.00> <CoreInst = "s_axilite">   --->   Core 122 's_axilite' <Latency = 0> <II = 1> <Delay = 1.00> <Adapter> <Opcode : 'read' 'write'>
ST_1 : Operation 141 [1/1] (0.42ns)   --->   "%br_ln0 = br void %for.cond.i.i"   --->   Operation 141 'br' 'br_ln0' <Predicate = true> <Delay = 0.42>

State 2 <SV = 1> <Delay = 1.10>
ST_2 : Operation 142 [1/1] (0.00ns)   --->   "%i = phi i16 0, void %entry, i16 %i_8, void %for.inc.i.i"   --->   Operation 142 'phi' 'i' <Predicate = true> <Delay = 0.00>
ST_2 : Operation 143 [1/1] (1.10ns)   --->   "%icmp_ln697 = icmp_eq  i16 %i, i16 65535" [mac_logger.cpp:697]   --->   Operation 143 'icmp' 'icmp_ln697' <Predicate = true> <Delay = 1.10> <CoreInst = "Cmp">   --->   Core 9 'Cmp' <Latency = 0> <II = 1> <Delay = 1.10> <FuncUnit> <Opcode : 'icmp'> <InPorts = 2> <OutPorts = 1>
ST_2 : Operation 144 [1/1] (0.00ns)   --->   "%speclooptripcount_ln0 = speclooptripcount void @_ssdm_op_SpecLoopTripCount, i64 65535, i64 65535, i64 65535"   --->   Operation 144 'speclooptripcount' 'speclooptripcount_ln0' <Predicate = true> <Delay = 0.00>
ST_2 : Operation 145 [1/1] (0.00ns)   --->   "%specdataflowpipeline_ln697 = specdataflowpipeline void @_ssdm_op_SpecDataflowPipeline, i32 4294967295, i32 0, void @dataflow_parent_loop_str, i16 %i, i16 65535, i32 0" [mac_logger.cpp:697]   --->   Operation 145 'specdataflowpipeline' 'specdataflowpipeline_ln697' <Predicate = true> <Delay = 0.00>
ST_2 : Operation 146 [1/1] (0.85ns)   --->   "%i_8 = add i16 %i, i16 1" [mac_logger.cpp:697]   --->   Operation 146 'add' 'i_8' <Predicate = true> <Delay = 0.85> <CoreInst = "Adder">   --->   Core 1 'Adder' <Latency = 0> <II = 1> <Delay = 0.85> <FuncUnit> <Opcode : 'add' 'sub'> <InPorts = 2> <OutPorts = 1>
ST_2 : Operation 147 [1/1] (0.00ns)   --->   "%br_ln697 = br i1 %icmp_ln697, void %for.inc.i.i, void %mac_logger_for.cond.i.exit" [mac_logger.cpp:697]   --->   Operation 147 'br' 'br_ln697' <Predicate = true> <Delay = 0.00>

State 3 <SV = 2> <Delay = 7.30>
ST_3 : Operation 148 [2/2] (7.30ns)   --->   "%call_ln709 = call void @dataflow_in_loop_VITIS_LOOP_697_1, i32 %ps, i64 %ddr_read, i64 %driver_read, i32 %mac_fifo, i64 %fifo_read, i32 %fifo_axi_full, i64 %fifo_axi_full_offset_read, i64 %timestamp_read, i32 %logger_vlan_enable_mask, i32 %multicast_recv_enable, i32 %unicast_filter_enable, i32 %unicast_vlan100_macaddr_lsb, i32 %unicast_vlan100_macaddr_msb, i32 %unicast_vlan101_macaddr_lsb, i32 %unicast_vlan101_macaddr_msb, i32 %unicast_vlan102_macaddr_lsb, i32 %unicast_vlan102_macaddr_msb, i32 %unicast_vlan103_macaddr_lsb, i32 %unicast_vlan103_macaddr_msb, i32 %unicast_vlan104_macaddr_lsb, i32 %unicast_vlan104_macaddr_msb, i32 %unicast_vlan105_macaddr_lsb, i32 %unicast_vlan105_macaddr_msb, i32 %unicast_vlan106_macaddr_lsb, i32 %unicast_vlan106_macaddr_msb, i32 %unicast_vlan107_macaddr_lsb, i32 %unicast_vlan107_macaddr_msb, i32 %unicast_vlan108_macaddr_lsb, i32 %unicast_vlan108_macaddr_msb, i32 %unicast_vlan109_macaddr_lsb, i32 %unicast_vlan109_macaddr_msb, i32 %log_all_mask, i32 %vlan100_received, i32 %vlan101_received, i32 %vlan102_received, i32 %vlan103_received, i32 %vlan104_received, i32 %vlan105_received, i32 %vlan106_received, i32 %vlan107_received, i32 %vlan108_received, i32 %vlan109_received, i32 %droped, i32 %counter_vlan100, i32 %counter_vlan101, i32 %counter_vlan102, i32 %counter_vlan103, i32 %counter_vlan104, i32 %counter_vlan105, i32 %counter_vlan106, i32 %counter_vlan107, i32 %counter_vlan108, i32 %counter_vlan109, i32 %counter_droped, i32 %last_log_tx_index, i32 %last_tap_tx_index" [mac_logger.cpp:709]   --->   Operation 148 'call' 'call_ln709' <Predicate = (!icmp_ln697)> <Delay = 7.30> <CoreType = "Generic">   --->   Core 0 '' <Latency = 0> <II = 1> <Delay = 1.00> <Generic> <Opcode : >

State 4 <SV = 3> <Delay = 0.00>
ST_4 : Operation 149 [1/1] (0.00ns)   --->   "%specloopname_ln699 = specloopname void @_ssdm_op_SpecLoopName, void @empty_22" [mac_logger.cpp:699]   --->   Operation 149 'specloopname' 'specloopname_ln699' <Predicate = (!icmp_ln697)> <Delay = 0.00>
ST_4 : Operation 150 [1/2] (0.00ns)   --->   "%call_ln709 = call void @dataflow_in_loop_VITIS_LOOP_697_1, i32 %ps, i64 %ddr_read, i64 %driver_read, i32 %mac_fifo, i64 %fifo_read, i32 %fifo_axi_full, i64 %fifo_axi_full_offset_read, i64 %timestamp_read, i32 %logger_vlan_enable_mask, i32 %multicast_recv_enable, i32 %unicast_filter_enable, i32 %unicast_vlan100_macaddr_lsb, i32 %unicast_vlan100_macaddr_msb, i32 %unicast_vlan101_macaddr_lsb, i32 %unicast_vlan101_macaddr_msb, i32 %unicast_vlan102_macaddr_lsb, i32 %unicast_vlan102_macaddr_msb, i32 %unicast_vlan103_macaddr_lsb, i32 %unicast_vlan103_macaddr_msb, i32 %unicast_vlan104_macaddr_lsb, i32 %unicast_vlan104_macaddr_msb, i32 %unicast_vlan105_macaddr_lsb, i32 %unicast_vlan105_macaddr_msb, i32 %unicast_vlan106_macaddr_lsb, i32 %unicast_vlan106_macaddr_msb, i32 %unicast_vlan107_macaddr_lsb, i32 %unicast_vlan107_macaddr_msb, i32 %unicast_vlan108_macaddr_lsb, i32 %unicast_vlan108_macaddr_msb, i32 %unicast_vlan109_macaddr_lsb, i32 %unicast_vlan109_macaddr_msb, i32 %log_all_mask, i32 %vlan100_received, i32 %vlan101_received, i32 %vlan102_received, i32 %vlan103_received, i32 %vlan104_received, i32 %vlan105_received, i32 %vlan106_received, i32 %vlan107_received, i32 %vlan108_received, i32 %vlan109_received, i32 %droped, i32 %counter_vlan100, i32 %counter_vlan101, i32 %counter_vlan102, i32 %counter_vlan103, i32 %counter_vlan104, i32 %counter_vlan105, i32 %counter_vlan106, i32 %counter_vlan107, i32 %counter_vlan108, i32 %counter_vlan109, i32 %counter_droped, i32 %last_log_tx_index, i32 %last_tap_tx_index" [mac_logger.cpp:709]   --->   Operation 150 'call' 'call_ln709' <Predicate = (!icmp_ln697)> <Delay = 0.00> <CoreType = "Generic">   --->   Core 0 '' <Latency = 0> <II = 1> <Delay = 1.00> <Generic> <Opcode : >
ST_4 : Operation 151 [1/1] (0.00ns)   --->   "%br_ln697 = br void %for.cond.i.i" [mac_logger.cpp:697]   --->   Operation 151 'br' 'br_ln697' <Predicate = (!icmp_ln697)> <Delay = 0.00>

State 5 <SV = 4> <Delay = 0.00>
ST_5 : Operation 152 [1/1] (0.00ns)   --->   "%ret_ln746 = ret" [mac_logger.cpp:746]   --->   Operation 152 'ret' 'ret_ln746' <Predicate = true> <Delay = 0.00>


============================================================
+ Verbose Summary: Timing violations
============================================================
Target clock period: 10ns, clock uncertainty: 2.7ns.

 <State 1>: 1ns
The critical path consists of the following:
	s_axi read operation ('fifo_axi_full', mac_logger.cpp:586) on port 'fifo_axi_full_offset' (mac_logger.cpp:586) [189]  (1 ns)

 <State 2>: 1.1ns
The critical path consists of the following:
	'phi' operation ('i') with incoming values : ('i', mac_logger.cpp:697) [196]  (0 ns)
	'icmp' operation ('icmp_ln697', mac_logger.cpp:697) [197]  (1.1 ns)

 <State 3>: 7.3ns
The critical path consists of the following:
	'call' operation ('call_ln709', mac_logger.cpp:709) to 'dataflow_in_loop_VITIS_LOOP_697_1' [204]  (7.3 ns)

 <State 4>: 0ns
The critical path consists of the following:

 <State 5>: 0ns
The critical path consists of the following:


============================================================
+ Verbose Summary: Binding
============================================================
N/A
* FSMD analyzer results:
  - Output states:
 - Input state : 
  - Chain level:
	State 1
	State 2
	State 3
	State 4
	State 5


============================================================
+ Verbose Summary: Datapath Resource usage 
============================================================
N/A
