D:\maclogger_2022\maclogger\solution1\.autopilot\db\recv_mac_msg.pp.0.cpp:2258:7: warning: Added loop label VITIS_LOOP_1211_1:   [xilinx-label-all-loops]
      for (i = 0; i < __N - 1; ++i) {
      ^~~
      VITIS_LOOP_1211_1: 
D:\maclogger_2022\maclogger\solution1\.autopilot\db\recv_mac_msg.pp.0.cpp:2258:7: note: FIX-IT applied suggested code changes
D:\maclogger_2022\maclogger\solution1\.autopilot\db\recv_mac_msg.pp.0.cpp:3232:5: warning: Added loop label VITIS_LOOP_676_1:   [xilinx-label-all-loops]
    for (unsigned i = low; i != high; ++i) {
    ^~~
    VITIS_LOOP_676_1: 
D:\maclogger_2022\maclogger\solution1\.autopilot\db\recv_mac_msg.pp.0.cpp:3232:5: note: FIX-IT applied suggested code changes
D:\maclogger_2022\maclogger\solution1\.autopilot\db\recv_mac_msg.pp.0.cpp:3246:5: warning: Added loop label VITIS_LOOP_690_1:   [xilinx-label-all-loops]
    for (unsigned i = low; i != high; ++i) {
    ^~~
    VITIS_LOOP_690_1: 
D:\maclogger_2022\maclogger\solution1\.autopilot\db\recv_mac_msg.pp.0.cpp:3246:5: note: FIX-IT applied suggested code changes
D:\maclogger_2022\maclogger\solution1\.autopilot\db\recv_mac_msg.pp.0.cpp:3260:5: warning: Added loop label VITIS_LOOP_704_1:   [xilinx-label-all-loops]
    for (unsigned i = low; i != high; ++i) {
    ^~~
    VITIS_LOOP_704_1: 
D:\maclogger_2022\maclogger\solution1\.autopilot\db\recv_mac_msg.pp.0.cpp:3260:5: note: FIX-IT applied suggested code changes
D:\maclogger_2022\maclogger\solution1\.autopilot\db\recv_mac_msg.pp.0.cpp:4871:7: warning: Added loop label VITIS_LOOP_1245_1:   [xilinx-label-all-loops]
      for (i = 0; i < __N - 1; ++i) {
      ^~~
      VITIS_LOOP_1245_1: 
D:\maclogger_2022\maclogger\solution1\.autopilot\db\recv_mac_msg.pp.0.cpp:4871:7: note: FIX-IT applied suggested code changes
